2.500002e+02
2.500002e+02
2.500002e+02
2.500002e+02
2.500002e+02
2.500002e+02
2.500002e+02
2.500002e+02
2.500002e+02
2.500002e+02
2.500002e+02
2.500002e+02
2.500002e+02
2.500002e+02
2.500002e+02
2.500002e+02
2.500002e+02
2.500002e+02
2.500002e+02
2.500002e+02
2.500002e+02
2.500002e+02
2.500002e+02
2.500002e+02
2.500002e+02
2.500002e+02
2.500002e+02
2.500002e+02
2.500002e+02
2.500002e+02
2.500002e+02
2.500002e+02
2.500002e+02
2.500002e+02
2.500002e+02
2.500002e+02
2.500002e+02
2.500002e+02
2.500002e+02
2.500002e+02
2.500002e+02
2.500002e+02
2.500002e+02
2.500002e+02
2.500002e+02
2.500002e+02
2.500002e+02
2.500002e+02
2.500002e+02
2.500002e+02
2.500002e+02
2.500002e+02
2.500002e+02
2.500002e+02
2.500002e+02
2.500002e+02
2.500002e+02
2.500002e+02
2.500002e+02
2.500002e+02
2.500002e+02
2.500003e+02
2.500003e+02
2.500003e+02
2.500003e+02
2.500003e+02
2.500003e+02
2.500003e+02
2.500003e+02
2.500003e+02
2.500003e+02
2.500003e+02
2.500003e+02
2.500003e+02
2.500003e+02
2.500003e+02
2.500003e+02
2.500003e+02
2.500003e+02
2.500003e+02
2.500003e+02
2.500003e+02
2.500003e+02
2.500003e+02
2.500003e+02
2.500003e+02
2.500003e+02
2.500003e+02
2.500003e+02
2.500003e+02
2.500003e+02
2.500003e+02
2.500003e+02
2.500004e+02
2.500004e+02
2.500004e+02
2.500004e+02
2.500004e+02
2.500004e+02
2.500004e+02
2.500004e+02
2.500004e+02
2.500004e+02
2.500004e+02
2.500004e+02
2.500004e+02
2.500004e+02
2.500004e+02
2.500004e+02
2.500004e+02
2.500004e+02
2.500004e+02
2.500004e+02
2.500004e+02
2.500004e+02
2.500004e+02
2.500004e+02
2.500004e+02
2.500004e+02
2.500004e+02
2.500005e+02
2.500005e+02
2.500005e+02
2.500005e+02
2.500005e+02
2.500005e+02
2.500005e+02
2.500005e+02
2.500005e+02
2.500005e+02
2.500005e+02
2.500005e+02
2.500005e+02
2.500005e+02
2.500005e+02
2.500005e+02
2.500005e+02
2.500005e+02
2.500005e+02
2.500005e+02
2.500006e+02
2.500006e+02
2.500006e+02
2.500006e+02
2.500006e+02
2.500006e+02
2.500006e+02
2.500006e+02
2.500006e+02
2.500006e+02
2.500006e+02
2.500006e+02
2.500006e+02
2.500006e+02
2.500006e+02
2.500006e+02
2.500006e+02
2.500006e+02
2.500006e+02
2.500006e+02
2.500006e+02
2.500006e+02
2.500006e+02
2.500006e+02
2.500006e+02
2.500007e+02
2.500007e+02
2.500007e+02
2.500007e+02
2.500007e+02
2.500007e+02
2.500007e+02
2.500007e+02
2.500007e+02
2.500007e+02
2.500007e+02
2.500007e+02
2.500007e+02
2.500007e+02
2.500007e+02
2.500007e+02
2.500007e+02
2.500007e+02
2.500007e+02
2.500007e+02
2.500007e+02
2.500007e+02
2.500008e+02
2.500008e+02
2.500008e+02
2.500008e+02
2.500008e+02
2.500008e+02
2.500008e+02
2.500008e+02
2.500008e+02
2.500008e+02
2.500008e+02
2.500008e+02
2.500008e+02
2.500008e+02
2.500008e+02
2.500008e+02
2.500008e+02
2.500008e+02
2.500008e+02
2.500008e+02
2.500008e+02
2.500008e+02
2.500008e+02
2.500008e+02
2.500008e+02
2.500008e+02
2.500008e+02
2.500009e+02
2.500009e+02
2.500009e+02
2.500009e+02
2.500009e+02
2.500009e+02
2.500009e+02
2.500009e+02
2.500009e+02
2.500009e+02
2.500009e+02
2.500009e+02
2.500009e+02
2.500009e+02
2.500009e+02
2.500009e+02
2.500009e+02
2.500009e+02
2.500009e+02
2.500009e+02
2.500009e+02
2.500009e+02
2.500009e+02
2.500009e+02
2.500009e+02
2.500009e+02
2.500009e+02
2.500009e+02
2.500009e+02
2.500009e+02
2.500009e+02
2.500009e+02
2.500009e+02
2.500009e+02
2.500009e+02
2.500010e+02
2.500010e+02
2.500010e+02
2.500010e+02
2.500010e+02
2.500010e+02
2.500010e+02
2.500010e+02
2.500010e+02
2.500010e+02
2.500010e+02
2.500010e+02
2.500010e+02
2.500010e+02
2.500010e+02
2.500010e+02
2.500010e+02
2.500010e+02
2.500010e+02
2.500010e+02
2.500010e+02
2.500010e+02
2.500010e+02
2.500010e+02
2.500010e+02
2.500010e+02
2.500010e+02
2.500010e+02
2.500010e+02
2.500010e+02
2.500010e+02
2.500010e+02
2.500010e+02
2.500010e+02
2.500010e+02
2.500010e+02
2.500010e+02
2.500010e+02
2.500010e+02
2.500010e+02
2.500010e+02
2.500010e+02
2.500010e+02
2.500010e+02
2.500010e+02
2.500010e+02
2.500010e+02
2.500010e+02
2.500010e+02
2.500010e+02
2.500010e+02
2.500010e+02
2.500010e+02
2.500010e+02
2.500010e+02
2.500010e+02
2.500010e+02
2.500010e+02
2.500010e+02
2.500010e+02
2.500010e+02
2.500010e+02
2.500010e+02
2.500010e+02
2.500010e+02
2.500010e+02
2.500010e+02
2.500010e+02
2.500010e+02
2.500010e+02
2.500010e+02
2.500010e+02
2.500010e+02
2.500010e+02
2.500010e+02
2.500011e+02
2.500011e+02
2.500011e+02
2.500011e+02
2.500011e+02
2.500011e+02
2.500011e+02
2.500011e+02
2.500011e+02
2.500011e+02
2.500010e+02
2.500010e+02
2.500010e+02
2.500010e+02
2.500010e+02
2.500010e+02
2.500009e+02
2.500009e+02
2.500009e+02
2.500009e+02
2.500008e+02
2.500008e+02
2.500008e+02
2.500008e+02
2.500008e+02
2.500008e+02
2.500007e+02
2.500007e+02
2.500007e+02
2.500007e+02
2.500007e+02
2.500008e+02
2.500008e+02
2.500008e+02
2.500008e+02
2.500008e+02
2.500009e+02
2.500009e+02
2.500010e+02
2.500010e+02
2.500011e+02
2.500011e+02
2.500012e+02
2.500012e+02
2.500012e+02
2.500013e+02
2.500013e+02
2.500014e+02
2.500014e+02
2.500014e+02
2.500015e+02
2.500015e+02
2.500015e+02
2.500015e+02
2.500014e+02
2.500014e+02
2.500014e+02
2.500013e+02
2.500012e+02
2.500012e+02
2.500011e+02
2.500010e+02
2.500009e+02
2.500007e+02
2.500006e+02
2.500005e+02
2.500003e+02
2.500002e+02
2.500000e+02
2.499999e+02
2.499998e+02
2.499996e+02
2.499995e+02
2.499994e+02
2.499993e+02
2.499992e+02
2.499992e+02
2.499991e+02
2.499991e+02
2.499991e+02
2.499991e+02
2.499992e+02
2.499993e+02
2.499994e+02
2.499995e+02
2.499997e+02
2.499999e+02
2.500001e+02
2.500004e+02
2.500007e+02
2.500010e+02
2.500013e+02
2.500017e+02
2.500020e+02
2.500024e+02
2.500028e+02
2.500032e+02
2.500036e+02
2.500040e+02
2.500043e+02
2.500047e+02
2.500051e+02
2.500054e+02
2.500057e+02
2.500059e+02
2.500062e+02
2.500063e+02
2.500065e+02
2.500065e+02
2.500066e+02
2.500065e+02
2.500064e+02
2.500063e+02
2.500061e+02
2.500058e+02
2.500055e+02
2.500051e+02
2.500046e+02
2.500041e+02
2.500036e+02
2.500030e+02
2.500024e+02
2.500018e+02
2.500012e+02
2.500006e+02
2.500000e+02
2.499994e+02
2.499989e+02
2.499985e+02
2.499981e+02
2.499979e+02
2.499978e+02
2.499978e+02
2.499981e+02
2.499985e+02
2.499992e+02
2.500002e+02
2.500014e+02
2.500030e+02
2.500049e+02
2.500072e+02
2.500100e+02
2.500132e+02
2.500168e+02
2.500210e+02
2.500258e+02
2.500312e+02
2.500371e+02
2.500438e+02
2.500512e+02
2.500592e+02
2.500681e+02
2.500778e+02
2.500883e+02
2.500997e+02
2.501120e+02
2.501253e+02
2.501395e+02
2.501548e+02
2.501711e+02
2.501884e+02
2.502069e+02
2.502265e+02
2.502473e+02
2.502693e+02
2.502925e+02
2.503169e+02
2.503426e+02
2.503696e+02
2.503979e+02
2.504275e+02
2.504585e+02
2.504909e+02
2.505246e+02
2.505598e+02
2.505963e+02
2.506343e+02
2.506738e+02
2.507147e+02
2.507571e+02
2.508009e+02
2.508462e+02
2.508931e+02
2.509414e+02
2.509912e+02
2.510425e+02
2.510953e+02
2.511497e+02
2.512055e+02
2.512629e+02
2.513217e+02
2.513821e+02
2.514439e+02
2.515073e+02
2.515721e+02
2.516385e+02
2.517063e+02
2.517756e+02
2.518463e+02
2.519186e+02
2.519922e+02
2.520673e+02
2.521439e+02
2.522218e+02
2.523012e+02
2.523819e+02
2.524641e+02
2.525476e+02
2.526325e+02
2.527187e+02
2.528063e+02
2.528952e+02
2.529854e+02
2.530768e+02
2.531696e+02
2.532636e+02
2.533589e+02
2.534554e+02
2.535531e+02
2.536520e+02
2.537522e+02
2.538534e+02
2.539558e+02
2.540594e+02
2.541641e+02
2.542699e+02
2.543768e+02
2.544847e+02
2.545937e+02
2.547037e+02
2.548148e+02
2.549269e+02
2.550399e+02
2.551539e+02
2.552689e+02
2.553848e+02
2.555017e+02
2.556194e+02
2.557380e+02
2.558576e+02
2.559779e+02
2.560991e+02
2.562212e+02
2.563440e+02
2.564677e+02
2.565921e+02
2.567173e+02
2.568432e+02
2.569699e+02
2.570973e+02
2.572254e+02
2.573542e+02
2.574837e+02
2.576138e+02
2.577446e+02
2.578760e+02
2.580079e+02
2.581405e+02
2.582737e+02
2.584074e+02
2.585417e+02
2.586765e+02
2.588118e+02
2.589475e+02
2.590838e+02
2.592205e+02
2.593576e+02
2.594952e+02
2.596332e+02
2.597715e+02
2.599102e+02
2.600493e+02
2.601887e+02
2.603284e+02
2.604684e+02
2.606088e+02
2.607493e+02
2.608902e+02
2.610313e+02
2.611726e+02
2.613141e+02
2.614559e+02
2.615978e+02
2.617399e+02
2.618822e+02
2.620246e+02
2.621672e+02
2.623099e+02
2.624527e+02
2.625956e+02
2.627387e+02
2.628818e+02
2.630249e+02
2.631681e+02
2.633114e+02
2.634547e+02
2.635980e+02
2.637413e+02
2.638845e+02
2.640277e+02
2.641708e+02
2.643138e+02
2.644567e+02
2.645994e+02
2.647420e+02
2.648843e+02
2.650264e+02
2.651682e+02
2.653097e+02
2.654509e+02
2.655917e+02
2.657321e+02
2.658721e+02
2.660115e+02
2.661505e+02
2.662889e+02
2.664267e+02
2.665639e+02
2.667005e+02
2.668363e+02
2.669715e+02
2.671060e+02
2.672396e+02
2.673726e+02
2.675047e+02
2.676360e+02
2.677665e+02
2.678962e+02
2.680250e+02
2.681530e+02
2.682801e+02
2.684064e+02
2.685319e+02
2.686565e+02
2.687802e+02
2.689032e+02
2.690252e+02
2.691465e+02
2.692669e+02
2.693864e+02
2.695051e+02
2.696229e+02
2.697399e+02
2.698559e+02
2.699711e+02
2.700852e+02
2.701984e+02
2.703106e+02
2.704216e+02
2.705315e+02
2.706402e+02
2.707476e+02
2.708537e+02
2.709583e+02
2.710614e+02
2.711629e+02
2.712627e+02
2.713607e+02
2.714568e+02
2.715509e+02
2.716429e+02
2.717327e+02
2.718203e+02
2.719055e+02
2.719883e+02
2.720686e+02
2.721464e+02
2.722216e+02
2.722942e+02
2.723642e+02
2.724317e+02
2.724965e+02
2.725588e+02
2.726187e+02
2.726761e+02
2.727313e+02
2.727843e+02
2.728352e+02
2.728842e+02
2.729315e+02
2.729773e+02
2.730216e+02
2.730649e+02
2.731071e+02
2.731487e+02
2.731896e+02
2.732303e+02
2.732709e+02
2.733115e+02
2.733525e+02
2.733939e+02
2.734359e+02
2.734786e+02
2.735222e+02
2.735667e+02
2.736122e+02
2.736588e+02
2.737063e+02
2.737548e+02
2.738041e+02
2.738542e+02
2.739048e+02
2.739558e+02
2.740070e+02
2.740580e+02
2.741085e+02
2.741583e+02
2.742070e+02
2.742541e+02
2.742992e+02
2.743420e+02
2.743820e+02
2.744188e+02
2.744520e+02
2.744811e+02
2.745057e+02
2.745256e+02
2.745403e+02
2.745495e+02
2.745531e+02
2.745508e+02
2.745425e+02
2.745281e+02
2.745076e+02
2.744812e+02
2.744489e+02
2.744109e+02
2.743677e+02
2.743196e+02
2.742670e+02
2.742106e+02
2.741510e+02
2.740888e+02
2.740250e+02
2.739602e+02
2.738956e+02
2.738319e+02
2.737702e+02
2.737117e+02
2.736572e+02
2.736080e+02
2.735651e+02
2.735295e+02
2.735025e+02
2.734849e+02
2.734778e+02
2.734821e+02
2.734987e+02
2.735284e+02
2.735717e+02
2.736295e+02
2.737020e+02
2.737896e+02
2.738925e+02
2.740107e+02
2.741441e+02
2.742924e+02
2.744551e+02
2.746314e+02
2.748205e+02
2.750212e+02
2.752322e+02
2.754521e+02
2.756790e+02
2.759109e+02
2.761459e+02
2.763815e+02
2.766152e+02
2.768445e+02
2.770666e+02
2.772786e+02
2.774776e+02
2.776607e+02
2.778249e+02
2.779673e+02
2.780852e+02
2.781757e+02
2.782364e+02
2.782649e+02
2.782592e+02
2.782174e+02
2.781380e+02
2.780198e+02
2.778620e+02
2.776641e+02
2.774260e+02
2.771478e+02
2.768303e+02
2.764744e+02
2.760813e+02
2.756529e+02
2.751909e+02
2.746976e+02
2.741755e+02
2.736270e+02
2.730550e+02
2.724624e+02
2.718520e+02
2.712268e+02
2.705898e+02
2.699439e+02
2.692919e+02
2.686365e+02
2.679805e+02
2.673262e+02
2.666759e+02
2.660319e+02
2.653959e+02
2.647699e+02
2.641552e+02
2.635534e+02
2.629657e+02
2.623930e+02
2.618361e+02
2.612958e+02
2.607726e+02
2.602668e+02
2.597788e+02
2.593086e+02
2.588563e+02
2.584217e+02
2.580048e+02
2.576053e+02
2.572230e+02
2.568573e+02
2.565081e+02
2.561748e+02
2.558569e+02
2.555541e+02
2.552657e+02
2.549913e+02
2.547303e+02
2.544823e+02
2.542467e+02
2.540229e+02
2.538105e+02
2.536090e+02
2.534179e+02
2.532366e+02
2.530648e+02
2.529020e+02
2.527477e+02
2.526015e+02
2.524630e+02
2.523319e+02
2.522077e+02
2.520901e+02
2.519788e+02
2.518733e+02
2.517736e+02
2.516791e+02
2.515896e+02
2.515050e+02
2.514249e+02
2.513490e+02
2.512772e+02
2.512092e+02
2.511449e+02
2.510839e+02
2.510263e+02
2.509717e+02
2.509200e+02
2.508711e+02
2.508247e+02
2.507808e+02
2.507393e+02
2.507000e+02
2.506627e+02
2.506274e+02
2.505940e+02
2.505624e+02
2.505324e+02
2.505040e+02
2.504772e+02
2.504517e+02
2.504276e+02
2.504047e+02
2.503831e+02
2.503626e+02
2.503432e+02
2.503248e+02
2.503074e+02
2.502909e+02
2.502753e+02
2.502605e+02
2.502465e+02
2.502332e+02
2.502206e+02
2.502087e+02
2.501974e+02
2.501868e+02
2.501766e+02
2.501671e+02
2.501580e+02
2.501494e+02
2.501413e+02
2.501336e+02
2.501263e+02
2.501194e+02
2.501128e+02
2.501066e+02
2.501008e+02
2.500953e+02
2.500900e+02
2.500851e+02
2.500804e+02
2.500759e+02
2.500717e+02
2.500677e+02
2.500640e+02
2.500604e+02
2.500571e+02
2.500539e+02
2.500509e+02
2.500481e+02
2.500454e+02
2.500428e+02
2.500404e+02
2.500382e+02
2.500360e+02
2.500340e+02
2.500321e+02
2.500303e+02
2.500286e+02
2.500270e+02
2.500255e+02
2.500241e+02
2.500227e+02
2.500214e+02
2.500202e+02
2.500191e+02
2.500180e+02
2.500170e+02
2.500161e+02
2.500152e+02
2.500143e+02
2.500135e+02
2.500128e+02
2.500121e+02
2.500114e+02
2.500108e+02
2.500102e+02
2.500097e+02
2.500091e+02
2.500086e+02
2.500082e+02
2.500078e+02
2.500074e+02
2.500070e+02
2.500066e+02
2.500063e+02
2.500060e+02
2.500057e+02
2.500054e+02
2.500052e+02
2.500049e+02
2.500047e+02
2.500045e+02
2.500043e+02
2.500041e+02
2.500040e+02
2.500038e+02
2.500037e+02
2.500036e+02
2.500035e+02
2.500034e+02
2.500033e+02
2.500032e+02
2.500031e+02
2.500030e+02
2.500030e+02
2.500029e+02
2.500029e+02
2.500029e+02
2.500029e+02
2.500029e+02
