2.500000e+02
2.500000e+02
2.500000e+02
2.500000e+02
2.500000e+02
2.500000e+02
2.500000e+02
2.500000e+02
2.500000e+02
2.500000e+02
2.500000e+02
2.500000e+02
2.500000e+02
2.500000e+02
2.500000e+02
2.500000e+02
2.500000e+02
2.500000e+02
2.500000e+02
2.500000e+02
2.500000e+02
2.500000e+02
2.500000e+02
2.500000e+02
2.500000e+02
2.500000e+02
2.500000e+02
2.500000e+02
2.500000e+02
2.500000e+02
2.500000e+02
2.500000e+02
2.500000e+02
2.500000e+02
2.500000e+02
2.500000e+02
2.500000e+02
2.500000e+02
2.500000e+02
2.500000e+02
2.500000e+02
2.500000e+02
2.500000e+02
2.500000e+02
2.500000e+02
2.500000e+02
2.500000e+02
2.500000e+02
2.500000e+02
2.500000e+02
2.500000e+02
2.500000e+02
2.500000e+02
2.500000e+02
2.500000e+02
2.500000e+02
2.500000e+02
2.500000e+02
2.500000e+02
2.500000e+02
2.500000e+02
2.500000e+02
2.500000e+02
2.500000e+02
2.500000e+02
2.500000e+02
2.500000e+02
2.500000e+02
2.500000e+02
2.500000e+02
2.500000e+02
2.500000e+02
2.500000e+02
2.500000e+02
2.500000e+02
2.500000e+02
2.500000e+02
2.500000e+02
2.500000e+02
2.500000e+02
2.500000e+02
2.500000e+02
2.500000e+02
2.500000e+02
2.500000e+02
2.500000e+02
2.500000e+02
2.500000e+02
2.500000e+02
2.500000e+02
2.500000e+02
2.500000e+02
2.500000e+02
2.500000e+02
2.500000e+02
2.500000e+02
2.500000e+02
2.500000e+02
2.500000e+02
2.500000e+02
2.500000e+02
2.500000e+02
2.500000e+02
2.500000e+02
2.500000e+02
2.500000e+02
2.500000e+02
2.500000e+02
2.500000e+02
2.500000e+02
2.500000e+02
2.500000e+02
2.500000e+02
2.500000e+02
2.500000e+02
2.500000e+02
2.500000e+02
2.500000e+02
2.500000e+02
2.500000e+02
2.500000e+02
2.500000e+02
2.500000e+02
2.500000e+02
2.500000e+02
2.500000e+02
2.500000e+02
2.500000e+02
2.500000e+02
2.500000e+02
2.500000e+02
2.500000e+02
2.500000e+02
2.500000e+02
2.500000e+02
2.500000e+02
2.500000e+02
2.500000e+02
2.500000e+02
2.500000e+02
2.500000e+02
2.500000e+02
2.500000e+02
2.500000e+02
2.500000e+02
2.500000e+02
2.500000e+02
2.500000e+02
2.500000e+02
2.500000e+02
2.500000e+02
2.500000e+02
2.500000e+02
2.500000e+02
2.500000e+02
2.500000e+02
2.500000e+02
2.500000e+02
2.500000e+02
2.500000e+02
2.500000e+02
2.500000e+02
2.500000e+02
2.500000e+02
2.500000e+02
2.500000e+02
2.500000e+02
2.500000e+02
2.500000e+02
2.500000e+02
2.500000e+02
2.500000e+02
2.500000e+02
2.500000e+02
2.500000e+02
2.500000e+02
2.500000e+02
2.500000e+02
2.500000e+02
2.500000e+02
2.500000e+02
2.500000e+02
2.500000e+02
2.500000e+02
2.500000e+02
2.500000e+02
2.500000e+02
2.500000e+02
2.500000e+02
2.500000e+02
2.500000e+02
2.500000e+02
2.500000e+02
2.500000e+02
2.500000e+02
2.500000e+02
2.500000e+02
2.500000e+02
2.500000e+02
2.500000e+02
2.500000e+02
2.500000e+02
2.500000e+02
2.500000e+02
2.500000e+02
2.500000e+02
2.500000e+02
2.500000e+02
2.500000e+02
2.500000e+02
2.500000e+02
2.500000e+02
2.500000e+02
2.500000e+02
2.500000e+02
2.500000e+02
2.500000e+02
2.500000e+02
2.500000e+02
2.500000e+02
2.500000e+02
2.500000e+02
2.500000e+02
2.500000e+02
2.500000e+02
2.500000e+02
2.500000e+02
2.500000e+02
2.500000e+02
2.500000e+02
2.500000e+02
2.500000e+02
2.500000e+02
2.500000e+02
2.500000e+02
2.500000e+02
2.500000e+02
2.500000e+02
2.500000e+02
2.500000e+02
2.500000e+02
2.500000e+02
2.500000e+02
2.500000e+02
2.500000e+02
2.500000e+02
2.500000e+02
2.500000e+02
2.500000e+02
2.500000e+02
2.500000e+02
2.500000e+02
2.500000e+02
2.500000e+02
2.500000e+02
2.500000e+02
2.500000e+02
2.500000e+02
2.500000e+02
2.500000e+02
2.500000e+02
2.500000e+02
2.500000e+02
2.500000e+02
2.500000e+02
2.500000e+02
2.500000e+02
2.500000e+02
2.500000e+02
2.500000e+02
2.500000e+02
2.500000e+02
2.500000e+02
2.500000e+02
2.500001e+02
2.500001e+02
2.500000e+02
2.500000e+02
2.500000e+02
2.500000e+02
2.500000e+02
2.500000e+02
2.500000e+02
2.500000e+02
2.500000e+02
2.500000e+02
2.500000e+02
2.500000e+02
2.500001e+02
2.500001e+02
2.500001e+02
2.500001e+02
2.500001e+02
2.500001e+02
2.500000e+02
2.500000e+02
2.500000e+02
2.500000e+02
2.499999e+02
2.499999e+02
2.499999e+02
2.499999e+02
2.500000e+02
2.500000e+02
2.500000e+02
2.500001e+02
2.500001e+02
2.500001e+02
2.500001e+02
2.500001e+02
2.500001e+02
2.500001e+02
2.500001e+02
2.500000e+02
2.499999e+02
2.499999e+02
2.499999e+02
2.499998e+02
2.499998e+02
2.499999e+02
2.499999e+02
2.500000e+02
2.500000e+02
2.500001e+02
2.500002e+02
2.500002e+02
2.500003e+02
2.500003e+02
2.500003e+02
2.500002e+02
2.500001e+02
2.500000e+02
2.499999e+02
2.499998e+02
2.499998e+02
2.499997e+02
2.499997e+02
2.499997e+02
2.499997e+02
2.499998e+02
2.499999e+02
2.500000e+02
2.500001e+02
2.500002e+02
2.500004e+02
2.500004e+02
2.500005e+02
2.500005e+02
2.500005e+02
2.500004e+02
2.500003e+02
2.500001e+02
2.499999e+02
2.499998e+02
2.499996e+02
2.499995e+02
2.499994e+02
2.499993e+02
2.499993e+02
2.499994e+02
2.499995e+02
2.499997e+02
2.499999e+02
2.500002e+02
2.500004e+02
2.500006e+02
2.500009e+02
2.500010e+02
2.500011e+02
2.500011e+02
2.500010e+02
2.500008e+02
2.500005e+02
2.500002e+02
2.499998e+02
2.499995e+02
2.499991e+02
2.499988e+02
2.499985e+02
2.499984e+02
2.499984e+02
2.499985e+02
2.499987e+02
2.499991e+02
2.499995e+02
2.500000e+02
2.500006e+02
2.500011e+02
2.500017e+02
2.500021e+02
2.500024e+02
2.500025e+02
2.500024e+02
2.500022e+02
2.500018e+02
2.500013e+02
2.500006e+02
2.499998e+02
2.499990e+02
2.499983e+02
2.499976e+02
2.499970e+02
2.499966e+02
2.499965e+02
2.499965e+02
2.499968e+02
2.499973e+02
2.499980e+02
2.499988e+02
2.499998e+02
2.500008e+02
2.500018e+02
2.500028e+02
2.500036e+02
2.500042e+02
2.500047e+02
2.500048e+02
2.500047e+02
2.500044e+02
2.500038e+02
2.500029e+02
2.500019e+02
2.500007e+02
2.499995e+02
2.499982e+02
2.499969e+02
2.499958e+02
2.499948e+02
2.499940e+02
2.499935e+02
2.499933e+02
2.499934e+02
2.499937e+02
2.499944e+02
2.499954e+02
2.499966e+02
2.499981e+02
2.499997e+02
2.500014e+02
2.500032e+02
2.500049e+02
2.500065e+02
2.500079e+02
2.500091e+02
2.500100e+02
2.500105e+02
2.500106e+02
2.500102e+02
2.500094e+02
2.500081e+02
2.500064e+02
2.500044e+02
2.500019e+02
2.499993e+02
2.499964e+02
2.499935e+02
2.499907e+02
2.499881e+02
2.499858e+02
2.499839e+02
2.499825e+02
2.499818e+02
2.499817e+02
2.499824e+02
2.499839e+02
2.499861e+02
2.499890e+02
2.499925e+02
2.499966e+02
2.500010e+02
2.500057e+02
2.500104e+02
2.500150e+02
2.500193e+02
2.500231e+02
2.500263e+02
2.500286e+02
2.500300e+02
2.500303e+02
2.500296e+02
2.500278e+02
2.500249e+02
2.500209e+02
2.500161e+02
2.500105e+02
2.500042e+02
2.499976e+02
2.499908e+02
2.499840e+02
2.499775e+02
2.499715e+02
2.499661e+02
2.499617e+02
2.499583e+02
2.499561e+02
2.499551e+02
2.499554e+02
2.499571e+02
2.499601e+02
2.499642e+02
2.499695e+02
2.499757e+02
2.499828e+02
2.499904e+02
2.499985e+02
2.500068e+02
2.500150e+02
2.500231e+02
2.500307e+02
2.500377e+02
2.500440e+02
2.500493e+02
2.500537e+02
2.500569e+02
2.500590e+02
2.500599e+02
2.500595e+02
2.500580e+02
2.500553e+02
2.500516e+02
2.500468e+02
2.500412e+02
2.500347e+02
2.500275e+02
2.500196e+02
2.500113e+02
2.500026e+02
2.499936e+02
2.499845e+02
2.499753e+02
2.499662e+02
2.499572e+02
2.499485e+02
2.499402e+02
2.499324e+02
2.499252e+02
2.499187e+02
2.499131e+02
2.499083e+02
2.499046e+02
2.499020e+02
2.499006e+02
2.499006e+02
2.499021e+02
2.499050e+02
2.499095e+02
2.499156e+02
2.499234e+02
2.499328e+02
2.499439e+02
2.499565e+02
2.499706e+02
2.499862e+02
2.500030e+02
2.500208e+02
2.500396e+02
2.500590e+02
2.500788e+02
2.500986e+02
2.501183e+02
2.501375e+02
2.501558e+02
2.501729e+02
2.501886e+02
2.502023e+02
2.502140e+02
2.502232e+02
2.502297e+02
2.502333e+02
2.502337e+02
2.502309e+02
2.502248e+02
2.502152e+02
2.502022e+02
2.501858e+02
2.501662e+02
2.501435e+02
2.501179e+02
2.500896e+02
2.500591e+02
2.500264e+02
2.499922e+02
2.499567e+02
2.499203e+02
2.498835e+02
2.498468e+02
2.498104e+02
2.497750e+02
2.497408e+02
2.497083e+02
2.496779e+02
2.496499e+02
2.496246e+02
2.496023e+02
2.495833e+02
2.495677e+02
2.495557e+02
2.495475e+02
2.495431e+02
2.495425e+02
2.495458e+02
2.495528e+02
2.495635e+02
2.495779e+02
2.495956e+02
2.496165e+02
2.496405e+02
2.496673e+02
2.496966e+02
2.497281e+02
2.497617e+02
2.497969e+02
2.498335e+02
2.498713e+02
2.499099e+02
2.499490e+02
2.499885e+02
2.500280e+02
2.500674e+02
2.501064e+02
2.501449e+02
2.501827e+02
2.502197e+02
2.502558e+02
2.502910e+02
2.503251e+02
2.503582e+02
2.503904e+02
2.504215e+02
2.504518e+02
2.504813e+02
2.505101e+02
2.505383e+02
2.505662e+02
2.505937e+02
2.506212e+02
2.506488e+02
2.506766e+02
2.507050e+02
2.507339e+02
2.507637e+02
2.507944e+02
2.508263e+02
2.508596e+02
2.508943e+02
2.509305e+02
2.509685e+02
2.510082e+02
2.510497e+02
2.510932e+02
2.511386e+02
2.511859e+02
2.512351e+02
2.512863e+02
2.513392e+02
2.513938e+02
2.514501e+02
2.515078e+02
2.515669e+02
2.516272e+02
2.516884e+02
2.517504e+02
2.518130e+02
2.518759e+02
2.519389e+02
2.520017e+02
2.520640e+02
2.521256e+02
2.521863e+02
2.522457e+02
2.523035e+02
2.523595e+02
2.524134e+02
2.524650e+02
2.525140e+02
2.525602e+02
2.526033e+02
2.526431e+02
2.526795e+02
2.527122e+02
2.527412e+02
2.527662e+02
2.527871e+02
2.528040e+02
2.528167e+02
2.528251e+02
2.528293e+02
2.528293e+02
2.528250e+02
2.528166e+02
2.528041e+02
2.527875e+02
2.527671e+02
2.527430e+02
2.527152e+02
2.526839e+02
2.526494e+02
2.526118e+02
2.525712e+02
2.525280e+02
2.524822e+02
2.524342e+02
2.523841e+02
2.523321e+02
2.522785e+02
2.522234e+02
2.521671e+02
2.521098e+02
2.520516e+02
2.519929e+02
2.519337e+02
2.518742e+02
2.518146e+02
2.517551e+02
2.516959e+02
2.516370e+02
2.515786e+02
2.515208e+02
2.514638e+02
2.514076e+02
2.513523e+02
2.512981e+02
2.512449e+02
2.511929e+02
2.511421e+02
2.510926e+02
2.510444e+02
2.509975e+02
2.509520e+02
2.509078e+02
2.508651e+02
2.508238e+02
2.507838e+02
2.507453e+02
2.507082e+02
2.506725e+02
2.506381e+02
2.506051e+02
2.505734e+02
2.505431e+02
2.505140e+02
2.504861e+02
2.504595e+02
2.504341e+02
2.504099e+02
2.503867e+02
2.503647e+02
2.503437e+02
2.503238e+02
2.503048e+02
2.502868e+02
2.502697e+02
2.502535e+02
2.502382e+02
2.502236e+02
2.502098e+02
2.501968e+02
2.501845e+02
2.501729e+02
2.501619e+02
2.501516e+02
2.501418e+02
2.501326e+02
2.501240e+02
2.501158e+02
2.501082e+02
2.501010e+02
2.500942e+02
2.500879e+02
2.500819e+02
2.500763e+02
2.500711e+02
2.500662e+02
2.500616e+02
2.500573e+02
2.500533e+02
2.500495e+02
2.500460e+02
2.500427e+02
2.500397e+02
2.500368e+02
2.500341e+02
2.500316e+02
2.500293e+02
2.500272e+02
2.500252e+02
2.500233e+02
2.500216e+02
2.500199e+02
2.500184e+02
2.500170e+02
2.500157e+02
2.500145e+02
2.500134e+02
2.500124e+02
2.500114e+02
2.500105e+02
2.500097e+02
2.500090e+02
2.500083e+02
2.500076e+02
2.500070e+02
2.500064e+02
2.500059e+02
2.500055e+02
2.500050e+02
2.500046e+02
2.500042e+02
2.500039e+02
2.500036e+02
2.500033e+02
2.500030e+02
2.500028e+02
2.500025e+02
2.500023e+02
2.500021e+02
2.500020e+02
2.500018e+02
2.500016e+02
2.500015e+02
2.500014e+02
2.500013e+02
2.500012e+02
2.500011e+02
2.500010e+02
2.500009e+02
2.500008e+02
2.500007e+02
2.500007e+02
2.500006e+02
2.500006e+02
2.500005e+02
2.500005e+02
2.500004e+02
2.500004e+02
2.500004e+02
2.500003e+02
2.500003e+02
2.500003e+02
2.500003e+02
2.500002e+02
2.500002e+02
2.500002e+02
2.500002e+02
2.500002e+02
2.500002e+02
2.500001e+02
2.500001e+02
2.500001e+02
2.500001e+02
2.500001e+02
2.500001e+02
2.500001e+02
2.500001e+02
2.500001e+02
2.500001e+02
2.500001e+02
2.500001e+02
2.500001e+02
2.500001e+02
2.500001e+02
2.500000e+02
2.500000e+02
2.500000e+02
2.500000e+02
2.500000e+02
2.500000e+02
2.500000e+02
2.500000e+02
2.500000e+02
2.500000e+02
2.500000e+02
2.500000e+02
2.500000e+02
2.500000e+02
2.500000e+02
2.500000e+02
2.500000e+02
2.500000e+02
2.500000e+02
2.500000e+02
2.500000e+02
2.500000e+02
2.500000e+02
2.500000e+02
2.500000e+02
2.500000e+02
2.500000e+02
2.500000e+02
2.500000e+02
2.500000e+02
2.500000e+02
2.500000e+02
2.500000e+02
2.500000e+02
2.500000e+02
2.500000e+02
2.500000e+02
2.500000e+02
2.500000e+02
2.500000e+02
2.500000e+02
2.500000e+02
2.500000e+02
2.500000e+02
2.500000e+02
2.500000e+02
2.500000e+02
2.500000e+02
2.500000e+02
2.500000e+02
2.500000e+02
2.500000e+02
2.500000e+02
2.500000e+02
2.500000e+02
2.500000e+02
2.500000e+02
2.500000e+02
2.500000e+02
2.500000e+02
2.500000e+02
2.500000e+02
2.500000e+02
2.500000e+02
2.500000e+02
2.500000e+02
2.500000e+02
2.500000e+02
2.500000e+02
2.500000e+02
2.500000e+02
2.500000e+02
2.500000e+02
2.500000e+02
2.500000e+02
2.500000e+02
2.500000e+02
2.500000e+02
2.500000e+02
2.500000e+02
2.500000e+02
2.500000e+02
2.500000e+02
2.500000e+02
2.500000e+02
2.500000e+02
2.500000e+02
2.500000e+02
2.500000e+02
2.500000e+02
2.500000e+02
2.500000e+02
2.500000e+02
2.500000e+02
2.500000e+02
2.500000e+02
2.500000e+02
2.500000e+02
2.500000e+02
2.500000e+02
2.500000e+02
2.500000e+02
2.500000e+02
2.500000e+02
2.500000e+02
2.500000e+02
2.500000e+02
2.500000e+02
2.500000e+02
2.500000e+02
2.500000e+02
2.500000e+02
2.500000e+02
2.500000e+02
2.500000e+02
2.500000e+02
2.500000e+02
2.500000e+02
2.500000e+02
2.500000e+02
2.500000e+02
2.500000e+02
2.500000e+02
2.500000e+02
2.500000e+02
2.500000e+02
2.500000e+02
2.500000e+02
2.500000e+02
2.500000e+02
2.500000e+02
2.500000e+02
2.500000e+02
2.500000e+02
2.500000e+02
2.500000e+02
2.500000e+02
2.500000e+02
2.500000e+02
