2.500011e+02
2.500011e+02
2.500011e+02
2.500011e+02
2.500011e+02
2.500011e+02
2.500011e+02
2.500011e+02
2.500011e+02
2.500011e+02
2.500011e+02
2.500011e+02
2.500011e+02
2.500011e+02
2.500011e+02
2.500011e+02
2.500011e+02
2.500011e+02
2.500011e+02
2.500011e+02
2.500011e+02
2.500011e+02
2.500011e+02
2.500011e+02
2.500011e+02
2.500011e+02
2.500011e+02
2.500011e+02
2.500011e+02
2.500011e+02
2.500011e+02
2.500011e+02
2.500011e+02
2.500011e+02
2.500011e+02
2.500011e+02
2.500011e+02
2.500011e+02
2.500011e+02
2.500011e+02
2.500011e+02
2.500011e+02
2.500011e+02
2.500011e+02
2.500011e+02
2.500011e+02
2.500011e+02
2.500011e+02
2.500011e+02
2.500011e+02
2.500011e+02
2.500011e+02
2.500011e+02
2.500011e+02
2.500011e+02
2.500011e+02
2.500011e+02
2.500011e+02
2.500011e+02
2.500011e+02
2.500011e+02
2.500011e+02
2.500011e+02
2.500011e+02
2.500011e+02
2.500011e+02
2.500011e+02
2.500011e+02
2.500011e+02
2.500011e+02
2.500011e+02
2.500011e+02
2.500011e+02
2.500011e+02
2.500011e+02
2.500011e+02
2.500011e+02
2.500011e+02
2.500011e+02
2.500011e+02
2.500011e+02
2.500011e+02
2.500011e+02
2.500011e+02
2.500011e+02
2.500011e+02
2.500011e+02
2.500011e+02
2.500011e+02
2.500011e+02
2.500011e+02
2.500011e+02
2.500011e+02
2.500011e+02
2.500011e+02
2.500011e+02
2.500011e+02
2.500011e+02
2.500011e+02
2.500011e+02
2.500011e+02
2.500011e+02
2.500011e+02
2.500011e+02
2.500011e+02
2.500011e+02
2.500011e+02
2.500011e+02
2.500011e+02
2.500011e+02
2.500011e+02
2.500011e+02
2.500011e+02
2.500011e+02
2.500011e+02
2.500011e+02
2.500011e+02
2.500011e+02
2.500011e+02
2.500011e+02
2.500011e+02
2.500011e+02
2.500011e+02
2.500011e+02
2.500011e+02
2.500011e+02
2.500011e+02
2.500011e+02
2.500011e+02
2.500011e+02
2.500011e+02
2.500011e+02
2.500011e+02
2.500011e+02
2.500011e+02
2.500011e+02
2.500011e+02
2.500011e+02
2.500011e+02
2.500011e+02
2.500011e+02
2.500011e+02
2.500011e+02
2.500011e+02
2.500011e+02
2.500011e+02
2.500011e+02
2.500011e+02
2.500011e+02
2.500011e+02
2.500011e+02
2.500011e+02
2.500011e+02
2.500011e+02
2.500011e+02
2.500011e+02
2.500011e+02
2.500011e+02
2.500011e+02
2.500011e+02
2.500011e+02
2.500011e+02
2.500011e+02
2.500011e+02
2.500011e+02
2.500011e+02
2.500011e+02
2.500011e+02
2.500011e+02
2.500011e+02
2.500011e+02
2.500011e+02
2.500011e+02
2.500011e+02
2.500011e+02
2.500011e+02
2.500011e+02
2.500011e+02
2.500011e+02
2.500011e+02
2.500011e+02
2.500011e+02
2.500011e+02
2.500011e+02
2.500011e+02
2.500011e+02
2.500011e+02
2.500011e+02
2.500011e+02
2.500011e+02
2.500011e+02
2.500011e+02
2.500011e+02
2.500011e+02
2.500011e+02
2.500011e+02
2.500011e+02
2.500011e+02
2.500011e+02
2.500011e+02
2.500011e+02
2.500011e+02
2.500011e+02
2.500011e+02
2.500011e+02
2.500011e+02
2.500011e+02
2.500011e+02
2.500011e+02
2.500011e+02
2.500011e+02
2.500011e+02
2.500011e+02
2.500011e+02
2.500011e+02
2.500011e+02
2.500011e+02
2.500011e+02
2.500011e+02
2.500011e+02
2.500011e+02
2.500011e+02
2.500011e+02
2.500011e+02
2.500011e+02
2.500011e+02
2.500011e+02
2.500011e+02
2.500011e+02
2.500011e+02
2.500011e+02
2.500011e+02
2.500011e+02
2.500011e+02
2.500011e+02
2.500011e+02
2.500011e+02
2.500011e+02
2.500011e+02
2.500012e+02
2.500012e+02
2.500012e+02
2.500011e+02
2.500011e+02
2.500011e+02
2.500011e+02
2.500011e+02
2.500010e+02
2.500011e+02
2.500011e+02
2.500011e+02
2.500011e+02
2.500012e+02
2.500012e+02
2.500012e+02
2.500012e+02
2.500012e+02
2.500011e+02
2.500011e+02
2.500011e+02
2.500010e+02
2.500010e+02
2.500010e+02
2.500010e+02
2.500011e+02
2.500011e+02
2.500011e+02
2.500012e+02
2.500012e+02
2.500012e+02
2.500012e+02
2.500012e+02
2.500012e+02
2.500011e+02
2.500011e+02
2.500011e+02
2.500010e+02
2.500010e+02
2.500010e+02
2.500010e+02
2.500010e+02
2.500010e+02
2.500011e+02
2.500011e+02
2.500012e+02
2.500012e+02
2.500013e+02
2.500013e+02
2.500013e+02
2.500013e+02
2.500012e+02
2.500011e+02
2.500010e+02
2.500009e+02
2.500009e+02
2.500008e+02
2.500008e+02
2.500008e+02
2.500009e+02
2.500010e+02
2.500011e+02
2.500012e+02
2.500013e+02
2.500014e+02
2.500015e+02
2.500015e+02
2.500015e+02
2.500014e+02
2.500013e+02
2.500011e+02
2.500009e+02
2.500008e+02
2.500006e+02
2.500005e+02
2.500005e+02
2.500005e+02
2.500006e+02
2.500008e+02
2.500010e+02
2.500012e+02
2.500014e+02
2.500016e+02
2.500018e+02
2.500018e+02
2.500018e+02
2.500018e+02
2.500016e+02
2.500014e+02
2.500011e+02
2.500008e+02
2.500005e+02
2.500003e+02
2.500001e+02
2.500000e+02
2.499999e+02
2.500000e+02
2.500003e+02
2.500006e+02
2.500009e+02
2.500014e+02
2.500018e+02
2.500022e+02
2.500025e+02
2.500027e+02
2.500027e+02
2.500026e+02
2.500024e+02
2.500019e+02
2.500014e+02
2.500008e+02
2.500002e+02
2.499996e+02
2.499991e+02
2.499987e+02
2.499986e+02
2.499986e+02
2.499989e+02
2.499994e+02
2.500001e+02
2.500009e+02
2.500018e+02
2.500027e+02
2.500035e+02
2.500041e+02
2.500045e+02
2.500046e+02
2.500045e+02
2.500040e+02
2.500033e+02
2.500023e+02
2.500012e+02
2.500000e+02
2.499988e+02
2.499978e+02
2.499969e+02
2.499963e+02
2.499960e+02
2.499961e+02
2.499966e+02
2.499974e+02
2.499986e+02
2.499999e+02
2.500015e+02
2.500030e+02
2.500045e+02
2.500059e+02
2.500070e+02
2.500077e+02
2.500080e+02
2.500079e+02
2.500073e+02
2.500063e+02
2.500049e+02
2.500031e+02
2.500011e+02
2.499990e+02
2.499968e+02
2.499948e+02
2.499931e+02
2.499917e+02
2.499908e+02
2.499905e+02
2.499908e+02
2.499917e+02
2.499933e+02
2.499954e+02
2.499980e+02
2.500010e+02
2.500043e+02
2.500075e+02
2.500106e+02
2.500133e+02
2.500155e+02
2.500171e+02
2.500178e+02
2.500175e+02
2.500163e+02
2.500141e+02
2.500111e+02
2.500072e+02
2.500027e+02
2.499979e+02
2.499928e+02
2.499880e+02
2.499835e+02
2.499797e+02
2.499768e+02
2.499751e+02
2.499747e+02
2.499756e+02
2.499780e+02
2.499817e+02
2.499866e+02
2.499925e+02
2.499992e+02
2.500063e+02
2.500136e+02
2.500205e+02
2.500269e+02
2.500322e+02
2.500363e+02
2.500389e+02
2.500399e+02
2.500390e+02
2.500363e+02
2.500319e+02
2.500260e+02
2.500187e+02
2.500103e+02
2.500012e+02
2.499918e+02
2.499825e+02
2.499736e+02
2.499655e+02
2.499586e+02
2.499532e+02
2.499495e+02
2.499476e+02
2.499477e+02
2.499498e+02
2.499538e+02
2.499597e+02
2.499672e+02
2.499762e+02
2.499862e+02
2.499971e+02
2.500084e+02
2.500199e+02
2.500311e+02
2.500417e+02
2.500515e+02
2.500600e+02
2.500670e+02
2.500724e+02
2.500758e+02
2.500772e+02
2.500764e+02
2.500734e+02
2.500682e+02
2.500609e+02
2.500516e+02
2.500403e+02
2.500274e+02
2.500131e+02
2.499977e+02
2.499815e+02
2.499648e+02
2.499482e+02
2.499321e+02
2.499168e+02
2.499029e+02
2.498908e+02
2.498809e+02
2.498736e+02
2.498693e+02
2.498683e+02
2.498708e+02
2.498770e+02
2.498869e+02
2.499005e+02
2.499176e+02
2.499380e+02
2.499614e+02
2.499872e+02
2.500150e+02
2.500441e+02
2.500737e+02
2.501032e+02
2.501317e+02
2.501585e+02
2.501826e+02
2.502035e+02
2.502203e+02
2.502325e+02
2.502394e+02
2.502408e+02
2.502364e+02
2.502260e+02
2.502098e+02
2.501878e+02
2.501604e+02
2.501281e+02
2.500916e+02
2.500517e+02
2.500090e+02
2.499646e+02
2.499194e+02
2.498745e+02
2.498308e+02
2.497894e+02
2.497510e+02
2.497167e+02
2.496872e+02
2.496631e+02
2.496450e+02
2.496334e+02
2.496284e+02
2.496303e+02
2.496390e+02
2.496545e+02
2.496763e+02
2.497042e+02
2.497376e+02
2.497760e+02
2.498185e+02
2.498646e+02
2.499133e+02
2.499639e+02
2.500155e+02
2.500673e+02
2.501185e+02
2.501683e+02
2.502160e+02
2.502611e+02
2.503029e+02
2.503410e+02
2.503749e+02
2.504044e+02
2.504292e+02
2.504493e+02
2.504646e+02
2.504751e+02
2.504810e+02
2.504823e+02
2.504792e+02
2.504720e+02
2.504609e+02
2.504462e+02
2.504281e+02
2.504069e+02
2.503828e+02
2.503559e+02
2.503266e+02
2.502949e+02
2.502609e+02
2.502247e+02
2.501865e+02
2.501461e+02
2.501037e+02
2.500593e+02
2.500127e+02
2.499641e+02
2.499134e+02
2.498607e+02
2.498058e+02
2.497490e+02
2.496903e+02
2.496298e+02
2.495677e+02
2.495043e+02
2.494396e+02
2.493741e+02
2.493082e+02
2.492422e+02
2.491765e+02
2.491117e+02
2.490483e+02
2.489868e+02
2.489278e+02
2.488719e+02
2.488198e+02
2.487719e+02
2.487291e+02
2.486918e+02
2.486608e+02
2.486365e+02
2.486195e+02
2.486105e+02
2.486098e+02
2.486181e+02
2.486356e+02
2.486628e+02
2.486999e+02
2.487474e+02
2.488053e+02
2.488739e+02
2.489533e+02
2.490434e+02
2.491442e+02
2.492557e+02
2.493777e+02
2.495098e+02
2.496519e+02
2.498035e+02
2.499641e+02
2.501332e+02
2.503102e+02
2.504944e+02
2.506852e+02
2.508817e+02
2.510831e+02
2.512885e+02
2.514969e+02
2.517074e+02
2.519189e+02
2.521304e+02
2.523408e+02
2.525491e+02
2.527542e+02
2.529551e+02
2.531509e+02
2.533404e+02
2.535229e+02
2.536975e+02
2.538635e+02
2.540201e+02
2.541670e+02
2.543036e+02
2.544297e+02
2.545450e+02
2.546495e+02
2.547433e+02
2.548266e+02
2.548997e+02
2.549632e+02
2.550176e+02
2.550636e+02
2.551020e+02
2.551339e+02
2.551601e+02
2.551818e+02
2.552002e+02
2.552163e+02
2.552316e+02
2.552472e+02
2.552644e+02
2.552846e+02
2.553091e+02
2.553390e+02
2.553758e+02
2.554205e+02
2.554745e+02
2.555388e+02
2.556147e+02
2.557030e+02
2.558047e+02
2.559209e+02
2.560523e+02
2.561996e+02
2.563635e+02
2.565444e+02
2.567429e+02
2.569593e+02
2.571936e+02
2.574458e+02
2.577159e+02
2.580035e+02
2.583081e+02
2.586289e+02
2.589650e+02
2.593152e+02
2.596781e+02
2.600520e+02
2.604350e+02
2.608248e+02
2.612191e+02
2.616150e+02
2.620096e+02
2.623997e+02
2.627821e+02
2.631531e+02
2.635091e+02
2.638464e+02
2.641614e+02
2.644506e+02
2.647103e+02
2.649373e+02
2.651286e+02
2.652817e+02
2.653945e+02
2.654649e+02
2.654918e+02
2.654748e+02
2.654136e+02
2.653085e+02
2.651606e+02
2.649715e+02
2.647430e+02
2.644777e+02
2.641781e+02
2.638473e+02
2.634888e+02
2.631058e+02
2.627020e+02
2.622810e+02
2.618462e+02
2.614011e+02
2.609490e+02
2.604931e+02
2.600362e+02
2.595810e+02
2.591299e+02
2.586850e+02
2.582483e+02
2.578214e+02
2.574057e+02
2.570022e+02
2.566120e+02
2.562358e+02
2.558739e+02
2.555269e+02
2.551949e+02
2.548779e+02
2.545759e+02
2.542888e+02
2.540163e+02
2.537581e+02
2.535138e+02
2.532830e+02
2.530652e+02
2.528600e+02
2.526669e+02
2.524854e+02
2.523148e+02
2.521549e+02
2.520049e+02
2.518644e+02
2.517329e+02
2.516100e+02
2.514951e+02
2.513878e+02
2.512877e+02
2.511943e+02
2.511072e+02
2.510261e+02
2.509506e+02
2.508803e+02
2.508150e+02
2.507542e+02
2.506977e+02
2.506452e+02
2.505965e+02
2.505513e+02
2.505093e+02
2.504704e+02
2.504344e+02
2.504009e+02
2.503700e+02
2.503413e+02
2.503147e+02
2.502902e+02
2.502674e+02
2.502464e+02
2.502270e+02
2.502090e+02
2.501924e+02
2.501771e+02
2.501630e+02
2.501499e+02
2.501379e+02
2.501267e+02
2.501165e+02
2.501070e+02
2.500983e+02
2.500903e+02
2.500829e+02
2.500761e+02
2.500698e+02
2.500641e+02
2.500588e+02
2.500539e+02
2.500494e+02
2.500453e+02
2.500415e+02
2.500380e+02
2.500348e+02
2.500319e+02
2.500292e+02
2.500267e+02
2.500244e+02
2.500223e+02
2.500204e+02
2.500187e+02
2.500171e+02
2.500156e+02
2.500143e+02
2.500130e+02
2.500119e+02
2.500109e+02
2.500099e+02
2.500091e+02
2.500083e+02
2.500075e+02
2.500069e+02
2.500063e+02
2.500057e+02
2.500052e+02
2.500048e+02
2.500043e+02
2.500040e+02
2.500036e+02
2.500033e+02
2.500030e+02
2.500027e+02
2.500025e+02
2.500023e+02
2.500021e+02
2.500019e+02
2.500017e+02
2.500016e+02
2.500014e+02
2.500013e+02
2.500012e+02
2.500011e+02
2.500010e+02
2.500009e+02
2.500008e+02
2.500008e+02
2.500007e+02
2.500007e+02
2.500006e+02
2.500006e+02
2.500005e+02
2.500005e+02
2.500004e+02
2.500004e+02
2.500004e+02
2.500003e+02
2.500003e+02
2.500003e+02
2.500003e+02
2.500003e+02
2.500002e+02
2.500002e+02
2.500002e+02
2.500002e+02
2.500002e+02
2.500002e+02
2.500002e+02
2.500002e+02
2.500002e+02
2.500002e+02
2.500002e+02
2.500002e+02
2.500001e+02
2.500001e+02
2.500001e+02
2.500001e+02
2.500001e+02
2.500001e+02
2.500001e+02
2.500001e+02
2.500001e+02
2.500001e+02
2.500001e+02
2.500001e+02
2.500001e+02
2.500001e+02
2.500001e+02
2.500001e+02
2.500001e+02
2.500001e+02
2.500001e+02
2.500001e+02
2.500001e+02
2.500001e+02
2.500001e+02
2.500001e+02
2.500001e+02
2.500001e+02
2.500001e+02
2.500001e+02
2.500001e+02
2.500001e+02
2.500001e+02
2.500001e+02
2.500001e+02
2.500001e+02
2.500001e+02
2.500001e+02
2.500001e+02
2.500001e+02
2.500001e+02
2.500001e+02
2.500001e+02
2.500001e+02
2.500001e+02
2.500001e+02
2.500001e+02
2.500001e+02
2.500001e+02
2.500001e+02
2.500001e+02
2.500001e+02
2.500001e+02
2.500001e+02
2.500001e+02
2.500001e+02
2.500001e+02
2.500001e+02
2.500001e+02
2.500001e+02
2.500001e+02
2.500001e+02
2.500001e+02
2.500001e+02
2.500001e+02
2.500001e+02
2.500001e+02
2.500001e+02
2.500001e+02
2.500001e+02
2.500001e+02
2.500001e+02
2.500001e+02
2.500001e+02
2.500001e+02
2.500001e+02
2.500001e+02
2.500001e+02
2.500001e+02
2.500001e+02
2.500001e+02
2.500001e+02
2.500001e+02
2.500001e+02
2.500001e+02
2.500001e+02
2.500001e+02
2.500001e+02
2.500001e+02
2.500001e+02
2.500001e+02
2.500001e+02
2.500001e+02
2.500001e+02
2.500001e+02
2.500001e+02
2.500001e+02
2.500001e+02
2.500001e+02
2.500001e+02
2.500001e+02
2.500001e+02
2.500001e+02
2.500001e+02
2.500001e+02
2.500001e+02
2.500001e+02
2.500001e+02
2.500001e+02
2.500001e+02
2.500001e+02
2.500001e+02
2.500001e+02
2.500001e+02
2.500001e+02
2.500001e+02
2.500001e+02
2.500001e+02
2.500001e+02
2.500001e+02
2.500001e+02
2.500001e+02
2.500001e+02
2.500001e+02
2.500001e+02
2.500001e+02
2.500001e+02
2.500001e+02
