2.500043e+02
2.500043e+02
2.500043e+02
2.500043e+02
2.500043e+02
2.500043e+02
2.500043e+02
2.500043e+02
2.500043e+02
2.500043e+02
2.500043e+02
2.500043e+02
2.500043e+02
2.500043e+02
2.500043e+02
2.500043e+02
2.500044e+02
2.500044e+02
2.500043e+02
2.500043e+02
2.500043e+02
2.500044e+02
2.500044e+02
2.500043e+02
2.500043e+02
2.500043e+02
2.500043e+02
2.500043e+02
2.500043e+02
2.500043e+02
2.500044e+02
2.500044e+02
2.500044e+02
2.500043e+02
2.500043e+02
2.500043e+02
2.500043e+02
2.500044e+02
2.500044e+02
2.500043e+02
2.500042e+02
2.500042e+02
2.500042e+02
2.500042e+02
2.500043e+02
2.500044e+02
2.500045e+02
2.500045e+02
2.500045e+02
2.500044e+02
2.500043e+02
2.500043e+02
2.500043e+02
2.500043e+02
2.500043e+02
2.500043e+02
2.500044e+02
2.500044e+02
2.500043e+02
2.500043e+02
2.500043e+02
2.500043e+02
2.500044e+02
2.500045e+02
2.500045e+02
2.500045e+02
2.500045e+02
2.500045e+02
2.500044e+02
2.500043e+02
2.500042e+02
2.500041e+02
2.500041e+02
2.500042e+02
2.500043e+02
2.500044e+02
2.500045e+02
2.500045e+02
2.500046e+02
2.500046e+02
2.500045e+02
2.500045e+02
2.500044e+02
2.500043e+02
2.500043e+02
2.500043e+02
2.500043e+02
2.500043e+02
2.500043e+02
2.500043e+02
2.500043e+02
2.500042e+02
2.500042e+02
2.500042e+02
2.500043e+02
2.500043e+02
2.500045e+02
2.500046e+02
2.500047e+02
2.500048e+02
2.500049e+02
2.500048e+02
2.500047e+02
2.500046e+02
2.500044e+02
2.500042e+02
2.500040e+02
2.500039e+02
2.500038e+02
2.500038e+02
2.500040e+02
2.500041e+02
2.500044e+02
2.500046e+02
2.500048e+02
2.500050e+02
2.500051e+02
2.500051e+02
2.500051e+02
2.500049e+02
2.500048e+02
2.500046e+02
2.500044e+02
2.500042e+02
2.500040e+02
2.500039e+02
2.500038e+02
2.500037e+02
2.500038e+02
2.500039e+02
2.500040e+02
2.500042e+02
2.500044e+02
2.500046e+02
2.500049e+02
2.500051e+02
2.500053e+02
2.500054e+02
2.500054e+02
2.500054e+02
2.500053e+02
2.500051e+02
2.500048e+02
2.500045e+02
2.500042e+02
2.500038e+02
2.500035e+02
2.500033e+02
2.500031e+02
2.500031e+02
2.500032e+02
2.500034e+02
2.500038e+02
2.500042e+02
2.500047e+02
2.500052e+02
2.500056e+02
2.500060e+02
2.500063e+02
2.500065e+02
2.500064e+02
2.500062e+02
2.500059e+02
2.500054e+02
2.500048e+02
2.500042e+02
2.500035e+02
2.500029e+02
2.500025e+02
2.500021e+02
2.500020e+02
2.500020e+02
2.500023e+02
2.500027e+02
2.500033e+02
2.500040e+02
2.500048e+02
2.500057e+02
2.500064e+02
2.500071e+02
2.500076e+02
2.500079e+02
2.500079e+02
2.500077e+02
2.500073e+02
2.500066e+02
2.500057e+02
2.500048e+02
2.500037e+02
2.500027e+02
2.500018e+02
2.500011e+02
2.500005e+02
2.500003e+02
2.500003e+02
2.500006e+02
2.500013e+02
2.500022e+02
2.500033e+02
2.500045e+02
2.500058e+02
2.500071e+02
2.500082e+02
2.500091e+02
2.500098e+02
2.500101e+02
2.500100e+02
2.500096e+02
2.500089e+02
2.500078e+02
2.500065e+02
2.500050e+02
2.500035e+02
2.500020e+02
2.500006e+02
2.499994e+02
2.499985e+02
2.499980e+02
2.499979e+02
2.499981e+02
2.499988e+02
2.499998e+02
2.500012e+02
2.500027e+02
2.500045e+02
2.500063e+02
2.500080e+02
2.500096e+02
2.500110e+02
2.500120e+02
2.500127e+02
2.500129e+02
2.500127e+02
2.500120e+02
2.500110e+02
2.500095e+02
2.500078e+02
2.500059e+02
2.500038e+02
2.500017e+02
2.499996e+02
2.499978e+02
2.499962e+02
2.499950e+02
2.499942e+02
2.499940e+02
2.499942e+02
2.499950e+02
2.499963e+02
2.499980e+02
2.500002e+02
2.500027e+02
2.500054e+02
2.500082e+02
2.500110e+02
2.500136e+02
2.500159e+02
2.500178e+02
2.500191e+02
2.500198e+02
2.500198e+02
2.500190e+02
2.500174e+02
2.500152e+02
2.500123e+02
2.500089e+02
2.500050e+02
2.500010e+02
2.499969e+02
2.499929e+02
2.499894e+02
2.499863e+02
2.499841e+02
2.499827e+02
2.499823e+02
2.499830e+02
2.499848e+02
2.499876e+02
2.499915e+02
2.499961e+02
2.500014e+02
2.500072e+02
2.500130e+02
2.500188e+02
2.500241e+02
2.500288e+02
2.500325e+02
2.500351e+02
2.500363e+02
2.500361e+02
2.500344e+02
2.500313e+02
2.500267e+02
2.500210e+02
2.500143e+02
2.500069e+02
2.499991e+02
2.499912e+02
2.499837e+02
2.499768e+02
2.499710e+02
2.499665e+02
2.499635e+02
2.499622e+02
2.499628e+02
2.499652e+02
2.499694e+02
2.499753e+02
2.499826e+02
2.499911e+02
2.500004e+02
2.500101e+02
2.500198e+02
2.500291e+02
2.500377e+02
2.500451e+02
2.500510e+02
2.500551e+02
2.500573e+02
2.500574e+02
2.500554e+02
2.500513e+02
2.500453e+02
2.500376e+02
2.500285e+02
2.500183e+02
2.500074e+02
2.499963e+02
2.499853e+02
2.499749e+02
2.499654e+02
2.499573e+02
2.499508e+02
2.499462e+02
2.499436e+02
2.499432e+02
2.499450e+02
2.499488e+02
2.499546e+02
2.499622e+02
2.499713e+02
2.499816e+02
2.499927e+02
2.500042e+02
2.500159e+02
2.500272e+02
2.500378e+02
2.500475e+02
2.500558e+02
2.500626e+02
2.500676e+02
2.500708e+02
2.500720e+02
2.500712e+02
2.500685e+02
2.500639e+02
2.500576e+02
2.500499e+02
2.500408e+02
2.500308e+02
2.500200e+02
2.500087e+02
2.499973e+02
2.499859e+02
2.499750e+02
2.499647e+02
2.499553e+02
2.499471e+02
2.499401e+02
2.499345e+02
2.499306e+02
2.499283e+02
2.499277e+02
2.499289e+02
2.499319e+02
2.499365e+02
2.499428e+02
2.499507e+02
2.499599e+02
2.499705e+02
2.499821e+02
2.499946e+02
2.500077e+02
2.500213e+02
2.500350e+02
2.500486e+02
2.500617e+02
2.500742e+02
2.500856e+02
2.500957e+02
2.501042e+02
2.501108e+02
2.501154e+02
2.501176e+02
2.501174e+02
2.501146e+02
2.501091e+02
2.501009e+02
2.500900e+02
2.500767e+02
2.500610e+02
2.500431e+02
2.500234e+02
2.500023e+02
2.499802e+02
2.499575e+02
2.499347e+02
2.499124e+02
2.498911e+02
2.498715e+02
2.498539e+02
2.498390e+02
2.498273e+02
2.498191e+02
2.498148e+02
2.498147e+02
2.498191e+02
2.498279e+02
2.498413e+02
2.498590e+02
2.498810e+02
2.499068e+02
2.499359e+02
2.499680e+02
2.500023e+02
2.500381e+02
2.500747e+02
2.501113e+02
2.501470e+02
2.501810e+02
2.502124e+02
2.502404e+02
2.502643e+02
2.502833e+02
2.502970e+02
2.503047e+02
2.503062e+02
2.503011e+02
2.502894e+02
2.502712e+02
2.502466e+02
2.502161e+02
2.501800e+02
2.501390e+02
2.500938e+02
2.500453e+02
2.499944e+02
2.499422e+02
2.498896e+02
2.498377e+02
2.497877e+02
2.497406e+02
2.496973e+02
2.496588e+02
2.496261e+02
2.495999e+02
2.495808e+02
2.495693e+02
2.495658e+02
2.495706e+02
2.495836e+02
2.496049e+02
2.496341e+02
2.496709e+02
2.497146e+02
2.497646e+02
2.498201e+02
2.498801e+02
2.499437e+02
2.500096e+02
2.500768e+02
2.501440e+02
2.502101e+02
2.502738e+02
2.503341e+02
2.503897e+02
2.504398e+02
2.504834e+02
2.505196e+02
2.505478e+02
2.505674e+02
2.505780e+02
2.505795e+02
2.505718e+02
2.505548e+02
2.505290e+02
2.504946e+02
2.504523e+02
2.504026e+02
2.503464e+02
2.502845e+02
2.502179e+02
2.501477e+02
2.500748e+02
2.500005e+02
2.499258e+02
2.498518e+02
2.497796e+02
2.497102e+02
2.496445e+02
2.495835e+02
2.495280e+02
2.494785e+02
2.494359e+02
2.494005e+02
2.493727e+02
2.493528e+02
2.493410e+02
2.493372e+02
2.493415e+02
2.493537e+02
2.493734e+02
2.494003e+02
2.494340e+02
2.494740e+02
2.495196e+02
2.495702e+02
2.496252e+02
2.496837e+02
2.497451e+02
2.498087e+02
2.498736e+02
2.499392e+02
2.500047e+02
2.500694e+02
2.501327e+02
2.501940e+02
2.502528e+02
2.503085e+02
2.503607e+02
2.504091e+02
2.504534e+02
2.504933e+02
2.505287e+02
2.505595e+02
2.505856e+02
2.506071e+02
2.506239e+02
2.506364e+02
2.506445e+02
2.506486e+02
2.506488e+02
2.506453e+02
2.506385e+02
2.506287e+02
2.506160e+02
2.506007e+02
2.505831e+02
2.505635e+02
2.505421e+02
2.505190e+02
2.504944e+02
2.504685e+02
2.504415e+02
2.504132e+02
2.503840e+02
2.503536e+02
2.503222e+02
2.502897e+02
2.502560e+02
2.502211e+02
2.501848e+02
2.501472e+02
2.501079e+02
2.500669e+02
2.500242e+02
2.499794e+02
2.499327e+02
2.498837e+02
2.498325e+02
2.497790e+02
2.497231e+02
2.496649e+02
2.496042e+02
2.495412e+02
2.494759e+02
2.494085e+02
2.493390e+02
2.492677e+02
2.491947e+02
2.491203e+02
2.490447e+02
2.489683e+02
2.488914e+02
2.488143e+02
2.487374e+02
2.486612e+02
2.485859e+02
2.485121e+02
2.484403e+02
2.483708e+02
2.483042e+02
2.482409e+02
2.481814e+02
2.481263e+02
2.480758e+02
2.480306e+02
2.479912e+02
2.479578e+02
2.479311e+02
2.479114e+02
2.478992e+02
2.478949e+02
2.478989e+02
2.479115e+02
2.479331e+02
2.479641e+02
2.480048e+02
2.480555e+02
2.481165e+02
2.481880e+02
2.482703e+02
2.483636e+02
2.484681e+02
2.485840e+02
2.487114e+02
2.488504e+02
2.490012e+02
2.491637e+02
2.493380e+02
2.495240e+02
2.497218e+02
2.499312e+02
2.501521e+02
2.503843e+02
2.506275e+02
2.508816e+02
2.511462e+02
2.514209e+02
2.517053e+02
2.519989e+02
2.523011e+02
2.526114e+02
2.529290e+02
2.532531e+02
2.535830e+02
2.539178e+02
2.542566e+02
2.545982e+02
2.549417e+02
2.552859e+02
2.556296e+02
2.559717e+02
2.563107e+02
2.566456e+02
2.569748e+02
2.572972e+02
2.576113e+02
2.579159e+02
2.582097e+02
2.584915e+02
2.587599e+02
2.590140e+02
2.592527e+02
2.594749e+02
2.596798e+02
2.598668e+02
2.600351e+02
2.601843e+02
2.603141e+02
2.604242e+02
2.605146e+02
2.605855e+02
2.606370e+02
2.606697e+02
2.606840e+02
2.606808e+02
2.606609e+02
2.606252e+02
2.605749e+02
2.605113e+02
2.604357e+02
2.603495e+02
2.602542e+02
2.601513e+02
2.600427e+02
2.599298e+02
2.598145e+02
2.596985e+02
2.595836e+02
2.594716e+02
2.593642e+02
2.592632e+02
2.591705e+02
2.590878e+02
2.590168e+02
2.589594e+02
2.589172e+02
2.588919e+02
2.588852e+02
2.588988e+02
2.589343e+02
2.589933e+02
2.590775e+02
2.591884e+02
2.593275e+02
2.594964e+02
2.596965e+02
2.599293e+02
2.601960e+02
2.604980e+02
2.608363e+02
2.612122e+02
2.616266e+02
2.620802e+02
2.625735e+02
2.631070e+02
2.636806e+02
2.642943e+02
2.649474e+02
2.656391e+02
2.663679e+02
2.671319e+02
2.679288e+02
2.687558e+02
2.696093e+02
2.704852e+02
2.713787e+02
2.722845e+02
2.731967e+02
2.741087e+02
2.750133e+02
2.759031e+02
2.767699e+02
2.776057e+02
2.784019e+02
2.791503e+02
2.798423e+02
2.804698e+02
2.810252e+02
2.815016e+02
2.818926e+02
2.821928e+02
2.823977e+02
2.825043e+02
2.825106e+02
2.824159e+02
2.822205e+02
2.819262e+02
2.815364e+02
2.810550e+02
2.804872e+02
2.798392e+02
2.791179e+02
2.783308e+02
2.774858e+02
2.765914e+02
2.756558e+02
2.746875e+02
2.736947e+02
2.726854e+02
2.716671e+02
2.706470e+02
2.696316e+02
2.686267e+02
2.676377e+02
2.666692e+02
2.657251e+02
2.648088e+02
2.639230e+02
2.630700e+02
2.622513e+02
2.614681e+02
2.607210e+02
2.600104e+02
2.593362e+02
2.586981e+02
2.580955e+02
2.575275e+02
2.569933e+02
2.564916e+02
2.560213e+02
2.555811e+02
2.551695e+02
2.547854e+02
2.544272e+02
2.540935e+02
2.537831e+02
2.534946e+02
2.532266e+02
2.529779e+02
2.527474e+02
2.525337e+02
2.523359e+02
2.521528e+02
2.519834e+02
2.518269e+02
2.516823e+02
2.515487e+02
2.514253e+02
2.513115e+02
2.512065e+02
2.511097e+02
2.510204e+02
2.509382e+02
2.508624e+02
2.507926e+02
2.507283e+02
2.506691e+02
2.506146e+02
2.505645e+02
2.505184e+02
2.504760e+02
2.504370e+02
2.504011e+02
2.503681e+02
2.503378e+02
2.503099e+02
2.502843e+02
2.502608e+02
2.502392e+02
2.502193e+02
2.502011e+02
2.501843e+02
2.501690e+02
2.501549e+02
2.501419e+02
2.501300e+02
2.501191e+02
2.501091e+02
2.501000e+02
2.500915e+02
2.500838e+02
2.500767e+02
2.500703e+02
2.500643e+02
2.500589e+02
2.500539e+02
2.500493e+02
2.500451e+02
2.500412e+02
2.500377e+02
2.500345e+02
2.500315e+02
2.500288e+02
2.500264e+02
2.500241e+02
2.500220e+02
2.500201e+02
2.500184e+02
2.500168e+02
2.500154e+02
2.500141e+02
2.500128e+02
2.500117e+02
2.500107e+02
2.500098e+02
2.500090e+02
2.500082e+02
2.500075e+02
2.500068e+02
2.500062e+02
2.500057e+02
2.500052e+02
2.500048e+02
2.500044e+02
2.500040e+02
2.500037e+02
2.500033e+02
2.500031e+02
2.500028e+02
2.500026e+02
2.500024e+02
2.500022e+02
2.500020e+02
2.500018e+02
2.500017e+02
2.500016e+02
2.500014e+02
2.500013e+02
2.500012e+02
2.500011e+02
2.500011e+02
2.500010e+02
2.500009e+02
2.500009e+02
2.500008e+02
2.500007e+02
2.500007e+02
2.500007e+02
2.500006e+02
2.500006e+02
2.500006e+02
2.500005e+02
2.500005e+02
2.500005e+02
2.500005e+02
2.500004e+02
2.500004e+02
2.500004e+02
2.500004e+02
2.500004e+02
2.500004e+02
2.500004e+02
2.500004e+02
2.500004e+02
2.500004e+02
2.500003e+02
2.500003e+02
2.500003e+02
2.500003e+02
2.500003e+02
2.500003e+02
2.500003e+02
2.500003e+02
2.500003e+02
2.500003e+02
2.500003e+02
2.500003e+02
2.500003e+02
2.500003e+02
2.500003e+02
2.500003e+02
2.500003e+02
2.500003e+02
2.500003e+02
2.500003e+02
2.500003e+02
2.500003e+02
2.500003e+02
2.500003e+02
2.500003e+02
2.500003e+02
2.500003e+02
2.500003e+02
2.500003e+02
2.500003e+02
2.500003e+02
2.500003e+02
2.500003e+02
2.500003e+02
2.500003e+02
2.500003e+02
2.500003e+02
2.500003e+02
2.500003e+02
2.500003e+02
2.500003e+02
2.500003e+02
2.500003e+02
2.500003e+02
2.500003e+02
2.500003e+02
2.500004e+02
2.500004e+02
2.500004e+02
2.500004e+02
2.500004e+02
2.500004e+02
2.500004e+02
2.500004e+02
2.500004e+02
2.500004e+02
2.500004e+02
2.500004e+02
2.500004e+02
2.500004e+02
2.500004e+02
2.500004e+02
2.500004e+02
2.500004e+02
2.500004e+02
2.500004e+02
2.500004e+02
2.500004e+02
2.500004e+02
2.500004e+02
2.500004e+02
2.500004e+02
2.500004e+02
2.500004e+02
2.500004e+02
2.500004e+02
2.500004e+02
2.500004e+02
2.500004e+02
2.500004e+02
2.500004e+02
2.500004e+02
2.500004e+02
2.500004e+02
2.500004e+02
2.500004e+02
2.500004e+02
2.500004e+02
2.500004e+02
2.500004e+02
2.500004e+02
2.500004e+02
2.500004e+02
2.500004e+02
2.500004e+02
2.500004e+02
2.500004e+02
2.500004e+02
2.500004e+02
2.500004e+02
2.500004e+02
2.500004e+02
2.500004e+02
