2.497879e+02
2.497878e+02
2.497873e+02
2.497867e+02
2.497860e+02
2.497853e+02
2.497848e+02
2.497843e+02
2.497837e+02
2.497831e+02
2.497825e+02
2.497820e+02
2.497816e+02
2.497814e+02
2.497816e+02
2.497821e+02
2.497830e+02
2.497841e+02
2.497853e+02
2.497863e+02
2.497870e+02
2.497874e+02
2.497873e+02
2.497867e+02
2.497858e+02
2.497848e+02
2.497838e+02
2.497827e+02
2.497816e+02
2.497808e+02
2.497802e+02
2.497798e+02
2.497801e+02
2.497808e+02
2.497818e+02
2.497830e+02
2.497841e+02
2.497854e+02
2.497865e+02
2.497874e+02
2.497880e+02
2.497884e+02
2.497883e+02
2.497880e+02
2.497877e+02
2.497875e+02
2.497872e+02
2.497871e+02
2.497870e+02
2.497869e+02
2.497867e+02
2.497865e+02
2.497862e+02
2.497856e+02
2.497850e+02
2.497843e+02
2.497836e+02
2.497831e+02
2.497827e+02
2.497824e+02
2.497825e+02
2.497830e+02
2.497839e+02
2.497852e+02
2.497865e+02
2.497877e+02
2.497886e+02
2.497891e+02
2.497893e+02
2.497890e+02
2.497884e+02
2.497873e+02
2.497859e+02
2.497843e+02
2.497833e+02
2.497828e+02
2.497828e+02
2.497829e+02
2.497830e+02
2.497831e+02
2.497833e+02
2.497838e+02
2.497846e+02
2.497858e+02
2.497869e+02
2.497880e+02
2.497890e+02
2.497898e+02
2.497905e+02
2.497908e+02
2.497910e+02
2.497907e+02
2.497902e+02
2.497896e+02
2.497892e+02
2.497888e+02
2.497884e+02
2.497880e+02
2.497875e+02
2.497874e+02
2.497874e+02
2.497877e+02
2.497879e+02
2.497880e+02
2.497878e+02
2.497875e+02
2.497874e+02
2.497876e+02
2.497881e+02
2.497888e+02
2.497894e+02
2.497901e+02
2.497906e+02
2.497912e+02
2.497916e+02
2.497920e+02
2.497922e+02
2.497918e+02
2.497911e+02
2.497902e+02
2.497891e+02
2.497884e+02
2.497879e+02
2.497878e+02
2.497880e+02
2.497880e+02
2.497882e+02
2.497884e+02
2.497889e+02
2.497896e+02
2.497907e+02
2.497919e+02
2.497930e+02
2.497937e+02
2.497943e+02
2.497944e+02
2.497944e+02
2.497941e+02
2.497941e+02
2.497939e+02
2.497941e+02
2.497942e+02
2.497942e+02
2.497944e+02
2.497943e+02
2.497945e+02
2.497946e+02
2.497948e+02
2.497946e+02
2.497944e+02
2.497939e+02
2.497936e+02
2.497934e+02
2.497935e+02
2.497940e+02
2.497948e+02
2.497957e+02
2.497967e+02
2.497975e+02
2.497983e+02
2.497987e+02
2.497991e+02
2.497989e+02
2.497985e+02
2.497976e+02
2.497966e+02
2.497957e+02
2.497952e+02
2.497952e+02
2.497958e+02
2.497966e+02
2.497974e+02
2.497980e+02
2.497982e+02
2.497983e+02
2.497983e+02
2.497981e+02
2.497983e+02
2.497983e+02
2.497989e+02
2.497995e+02
2.498004e+02
2.498011e+02
2.498020e+02
2.498025e+02
2.498030e+02
2.498034e+02
2.498039e+02
2.498042e+02
2.498046e+02
2.498048e+02
2.498050e+02
2.498048e+02
2.498045e+02
2.498039e+02
2.498039e+02
2.498039e+02
2.498044e+02
2.498049e+02
2.498056e+02
2.498062e+02
2.498067e+02
2.498073e+02
2.498076e+02
2.498080e+02
2.498080e+02
2.498081e+02
2.498079e+02
2.498078e+02
2.498077e+02
2.498076e+02
2.498078e+02
2.498079e+02
2.498082e+02
2.498087e+02
2.498095e+02
2.498103e+02
2.498111e+02
2.498117e+02
2.498119e+02
2.498121e+02
2.498122e+02
2.498122e+02
2.498124e+02
2.498124e+02
2.498126e+02
2.498126e+02
2.498128e+02
2.498133e+02
2.498140e+02
2.498152e+02
2.498165e+02
2.498178e+02
2.498189e+02
2.498195e+02
2.498201e+02
2.498204e+02
2.498208e+02
2.498210e+02
2.498211e+02
2.498210e+02
2.498208e+02
2.498207e+02
2.498207e+02
2.498210e+02
2.498214e+02
2.498222e+02
2.498235e+02
2.498247e+02
2.498260e+02
2.498267e+02
2.498270e+02
2.498268e+02
2.498263e+02
2.498259e+02
2.498257e+02
2.498257e+02
2.498260e+02
2.498266e+02
2.498273e+02
2.498282e+02
2.498292e+02
2.498302e+02
2.498309e+02
2.498312e+02
2.498313e+02
2.498314e+02
2.498317e+02
2.498323e+02
2.498332e+02
2.498344e+02
2.498355e+02
2.498364e+02
2.498371e+02
2.498375e+02
2.498378e+02
2.498380e+02
2.498384e+02
2.498387e+02
2.498393e+02
2.498398e+02
2.498403e+02
2.498409e+02
2.498412e+02
2.498416e+02
2.498421e+02
2.498426e+02
2.498435e+02
2.498446e+02
2.498464e+02
2.498486e+02
2.498512e+02
2.498536e+02
2.498553e+02
2.498563e+02
2.498560e+02
2.498551e+02
2.498536e+02
2.498520e+02
2.498505e+02
2.498492e+02
2.498483e+02
2.498480e+02
2.498483e+02
2.498495e+02
2.498512e+02
2.498540e+02
2.498571e+02
2.498609e+02
2.498647e+02
2.498677e+02
2.498703e+02
2.498715e+02
2.498722e+02
2.498721e+02
2.498713e+02
2.498705e+02
2.498693e+02
2.498682e+02
2.498670e+02
2.498655e+02
2.498645e+02
2.498632e+02
2.498627e+02
2.498626e+02
2.498633e+02
2.498650e+02
2.498669e+02
2.498700e+02
2.498732e+02
2.498770e+02
2.498810e+02
2.498848e+02
2.498886e+02
2.498921e+02
2.498952e+02
2.498979e+02
2.498993e+02
2.499001e+02
2.498989e+02
2.498967e+02
2.498930e+02
2.498884e+02
2.498839e+02
2.498791e+02
2.498750e+02
2.498716e+02
2.498694e+02
2.498687e+02
2.498697e+02
2.498725e+02
2.498773e+02
2.498837e+02
2.498917e+02
2.499003e+02
2.499091e+02
2.499175e+02
2.499250e+02
2.499313e+02
2.499357e+02
2.499386e+02
2.499394e+02
2.499385e+02
2.499355e+02
2.499305e+02
2.499238e+02
2.499154e+02
2.499062e+02
2.498969e+02
2.498879e+02
2.498804e+02
2.498743e+02
2.498699e+02
2.498677e+02
2.498676e+02
2.498701e+02
2.498754e+02
2.498837e+02
2.498947e+02
2.499080e+02
2.499229e+02
2.499385e+02
2.499539e+02
2.499686e+02
2.499814e+02
2.499921e+02
2.499998e+02
2.500045e+02
2.500051e+02
2.500017e+02
2.499941e+02
2.499823e+02
2.499676e+02
2.499501e+02
2.499316e+02
2.499124e+02
2.498939e+02
2.498767e+02
2.498616e+02
2.498497e+02
2.498413e+02
2.498373e+02
2.498381e+02
2.498439e+02
2.498550e+02
2.498708e+02
2.498910e+02
2.499146e+02
2.499405e+02
2.499680e+02
2.499955e+02
2.500226e+02
2.500477e+02
2.500700e+02
2.500887e+02
2.501020e+02
2.501100e+02
2.501113e+02
2.501063e+02
2.500950e+02
2.500773e+02
2.500546e+02
2.500268e+02
2.499959e+02
2.499620e+02
2.499272e+02
2.498923e+02
2.498586e+02
2.498279e+02
2.498008e+02
2.497791e+02
2.497635e+02
2.497550e+02
2.497540e+02
2.497606e+02
2.497748e+02
2.497964e+02
2.498251e+02
2.498605e+02
2.499014e+02
2.499465e+02
2.499942e+02
2.500429e+02
2.500908e+02
2.501365e+02
2.501783e+02
2.502147e+02
2.502447e+02
2.502672e+02
2.502815e+02
2.502870e+02
2.502831e+02
2.502702e+02
2.502483e+02
2.502183e+02
2.501807e+02
2.501364e+02
2.500864e+02
2.500319e+02
2.499742e+02
2.499148e+02
2.498552e+02
2.497971e+02
2.497422e+02
2.496920e+02
2.496482e+02
2.496120e+02
2.495846e+02
2.495666e+02
2.495587e+02
2.495614e+02
2.495750e+02
2.495998e+02
2.496356e+02
2.496820e+02
2.497379e+02
2.498021e+02
2.498734e+02
2.499502e+02
2.500310e+02
2.501141e+02
2.501979e+02
2.502801e+02
2.503591e+02
2.504326e+02
2.504986e+02
2.505550e+02
2.506003e+02
2.506330e+02
2.506520e+02
2.506569e+02
2.506475e+02
2.506240e+02
2.505867e+02
2.505364e+02
2.504740e+02
2.504006e+02
2.503178e+02
2.502271e+02
2.501304e+02
2.500299e+02
2.499274e+02
2.498250e+02
2.497246e+02
2.496278e+02
2.495365e+02
2.494518e+02
2.493755e+02
2.493090e+02
2.492531e+02
2.492087e+02
2.491758e+02
2.491549e+02
2.491456e+02
2.491486e+02
2.491638e+02
2.491908e+02
2.492296e+02
2.492796e+02
2.493404e+02
2.494114e+02
2.494916e+02
2.495800e+02
2.496757e+02
2.497776e+02
2.498846e+02
2.499959e+02
2.501104e+02
2.502268e+02
2.503439e+02
2.504605e+02
2.505750e+02
2.506865e+02
2.507934e+02
2.508951e+02
2.509895e+02
2.510765e+02
2.511539e+02
2.512209e+02
2.512762e+02
2.513185e+02
2.513472e+02
2.513610e+02
2.513603e+02
2.513441e+02
2.513125e+02
2.512655e+02
2.512029e+02
2.511257e+02
2.510341e+02
2.509295e+02
2.508124e+02
2.506843e+02
2.505461e+02
2.503991e+02
2.502448e+02
2.500844e+02
2.499197e+02
2.497521e+02
2.495837e+02
2.494161e+02
2.492509e+02
2.490898e+02
2.489342e+02
2.487849e+02
2.486434e+02
2.485102e+02
2.483866e+02
2.482729e+02
2.481701e+02
2.480781e+02
2.479977e+02
2.479287e+02
2.478714e+02
2.478260e+02
2.477923e+02
2.477706e+02
2.477603e+02
2.477614e+02
2.477732e+02
2.477952e+02
2.478267e+02
2.478672e+02
2.479162e+02
2.479729e+02
2.480370e+02
2.481075e+02
2.481841e+02
2.482657e+02
2.483522e+02
2.484428e+02
2.485374e+02
2.486352e+02
2.487361e+02
2.488395e+02
2.489450e+02
2.490525e+02
2.491612e+02
2.492710e+02
2.493815e+02
2.494928e+02
2.496050e+02
2.497180e+02
2.498322e+02
2.499476e+02
2.500647e+02
2.501836e+02
2.503047e+02
2.504284e+02
2.505549e+02
2.506844e+02
2.508173e+02
2.509537e+02
2.510942e+02
2.512388e+02
2.513882e+02
2.515424e+02
2.517021e+02
2.518676e+02
2.520396e+02
2.522184e+02
2.524043e+02
2.525973e+02
2.527973e+02
2.530044e+02
2.532185e+02
2.534399e+02
2.536688e+02
2.539051e+02
2.541488e+02
2.543999e+02
2.546579e+02
2.549229e+02
2.551942e+02
2.554718e+02
2.557552e+02
2.560442e+02
2.563382e+02
2.566366e+02
2.569388e+02
2.572439e+02
2.575512e+02
2.578598e+02
2.581691e+02
2.584781e+02
2.587864e+02
2.590931e+02
2.593976e+02
2.596990e+02
2.599966e+02
2.602895e+02
2.605769e+02
2.608582e+02
2.611324e+02
2.613991e+02
2.616575e+02
2.619073e+02
2.621481e+02
2.623799e+02
2.626023e+02
2.628154e+02
2.630190e+02
2.632135e+02
2.633989e+02
2.635754e+02
2.637435e+02
2.639033e+02
2.640554e+02
2.642004e+02
2.643391e+02
2.644721e+02
2.646003e+02
2.647244e+02
2.648454e+02
2.649644e+02
2.650825e+02
2.652006e+02
2.653200e+02
2.654416e+02
2.655664e+02
2.656954e+02
2.658296e+02
2.659697e+02
2.661172e+02
2.662728e+02
2.664379e+02
2.666132e+02
2.667997e+02
2.669982e+02
2.672096e+02
2.674347e+02
2.676746e+02
2.679299e+02
2.682016e+02
2.684904e+02
2.687971e+02
2.691220e+02
2.694659e+02
2.698293e+02
2.702123e+02
2.706158e+02
2.710397e+02
2.714846e+02
2.719502e+02
2.724368e+02
2.729441e+02
2.734715e+02
2.740186e+02
2.745846e+02
2.751690e+02
2.757702e+02
2.763869e+02
2.770172e+02
2.776593e+02
2.783101e+02
2.789671e+02
2.796268e+02
2.802868e+02
2.809434e+02
2.815931e+02
2.822321e+02
2.828559e+02
2.834609e+02
2.840417e+02
2.845947e+02
2.851148e+02
2.855986e+02
2.860418e+02
2.864413e+02
2.867932e+02
2.870947e+02
2.873438e+02
2.875387e+02
2.876790e+02
2.877636e+02
2.877934e+02
2.877701e+02
2.876947e+02
2.875696e+02
2.873970e+02
2.871812e+02
2.869243e+02
2.866313e+02
2.863058e+02
2.859533e+02
2.855776e+02
2.851836e+02
2.847749e+02
2.843564e+02
2.839322e+02
2.835068e+02
2.830840e+02
2.826677e+02
2.822610e+02
2.818675e+02
2.814890e+02
2.811292e+02
2.807893e+02
2.804727e+02
2.801809e+02
2.799168e+02
2.796825e+02
2.794794e+02
2.793095e+02
2.791739e+02
2.790759e+02
2.790161e+02
2.789985e+02
2.790242e+02
2.790973e+02
2.792192e+02
2.793925e+02
2.796203e+02
2.799064e+02
2.802559e+02
2.806727e+02
2.811625e+02
2.817297e+02
2.823808e+02
2.831217e+02
2.839598e+02
2.849016e+02
2.859550e+02
2.871276e+02
2.884276e+02
2.898619e+02
2.914367e+02
2.931570e+02
2.950277e+02
2.970514e+02
2.992293e+02
3.015572e+02
3.040285e+02
3.066309e+02
3.093481e+02
3.121549e+02
3.150198e+02
3.179046e+02
3.207683e+02
3.235591e+02
3.262245e+02
3.287020e+02
3.309324e+02
3.328595e+02
3.344332e+02
3.356048e+02
3.363334e+02
3.365998e+02
3.363960e+02
3.357205e+02
3.345842e+02
3.330215e+02
3.310706e+02
3.287816e+02
3.262080e+02
3.234128e+02
3.204554e+02
3.173959e+02
3.142903e+02
3.111911e+02
3.081400e+02
3.051762e+02
3.023265e+02
2.996139e+02
2.970519e+02
2.946527e+02
2.924178e+02
2.903505e+02
2.884455e+02
2.867008e+02
2.851076e+02
2.836597e+02
2.823458e+02
2.811587e+02
2.800869e+02
2.791226e+02
2.782563e+02
2.774833e+02
2.767946e+02
2.761844e+02
2.756447e+02
2.751716e+02
2.747594e+02
2.744058e+02
2.741062e+02
2.738585e+02
2.736615e+02
2.735122e+02
2.734123e+02
2.733610e+02
2.733616e+02
2.734127e+02
2.735206e+02
2.736870e+02
2.739191e+02
2.742218e+02
2.746022e+02
2.750690e+02
2.756326e+02
2.763085e+02
2.771097e+02
2.780550e+02
2.791620e+02
2.804575e+02
2.819693e+02
2.837326e+02
2.857808e+02
2.881517e+02
2.908912e+02
2.940514e+02
2.976884e+02
3.018539e+02
3.066004e+02
3.119727e+02
3.180157e+02
3.247572e+02
3.321977e+02
3.402949e+02
3.489687e+02
3.580981e+02
3.675018e+02
3.769698e+02
3.862098e+02
3.949203e+02
4.028103e+02
4.095958e+02
4.150068e+02
4.188058e+02
4.208281e+02
4.209954e+02
4.192798e+02
4.156999e+02
4.103743e+02
4.035005e+02
3.953226e+02
3.861294e+02
3.762451e+02
3.660011e+02
3.557283e+02
3.456886e+02
3.361190e+02
3.271846e+02
3.189907e+02
3.115878e+02
3.049907e+02
2.991699e+02
2.940822e+02
2.896600e+02
2.858387e+02
2.825459e+02
2.797179e+02
2.772911e+02
2.752113e+02
2.734284e+02
2.719011e+02
2.705930e+02
2.694722e+02
2.685116e+02
2.676881e+02
2.669815e+02
2.663761e+02
2.658577e+02
2.654157e+02
2.650381e+02
2.647176e+02
2.644462e+02
2.642214e+02
2.640369e+02
2.638899e+02
2.637751e+02
2.636909e+02
2.636372e+02
2.636142e+02
2.636244e+02
2.636645e+02
2.637396e+02
2.638467e+02
2.639976e+02
2.641924e+02
2.644425e+02
2.647484e+02
2.651221e+02
2.655730e+02
2.661190e+02
2.667786e+02
2.675682e+02
2.685109e+02
2.696321e+02
2.709753e+02
2.725824e+02
2.745102e+02
2.768150e+02
2.795712e+02
2.828706e+02
2.868283e+02
2.915747e+02
2.972558e+02
3.040247e+02
3.120572e+02
3.215329e+02
3.326223e+02
3.454388e+02
3.600267e+02
3.762925e+02
3.940703e+02
4.129540e+02
4.324587e+02
4.520229e+02
4.708777e+02
4.884373e+02
5.041384e+02
5.174558e+02
5.280612e+02
5.356327e+02
5.399625e+02
5.409809e+02
5.386164e+02
5.328537e+02
5.237657e+02
5.115212e+02
4.963707e+02
4.786890e+02
4.590174e+02
4.380467e+02
4.165477e+02
3.953560e+02
3.751379e+02
3.565149e+02
3.398519e+02
3.253164e+02
3.129246e+02
3.025741e+02
2.940827e+02
2.872287e+02
2.817898e+02
2.775646e+02
2.743832e+02
2.721108e+02
2.706484e+02
2.699324e+02
