8.068944e+00 8.099955e+00 5.100040e+00
8.068940e+00 8.099950e+00 5.100040e+00
8.068934e+00 8.099941e+00 5.100040e+00
8.068925e+00 8.099928e+00 5.100040e+00
8.068914e+00 8.099911e+00 5.100040e+00
8.068900e+00 8.099891e+00 5.100040e+00
8.068883e+00 8.099867e+00 5.100040e+00
8.068864e+00 8.099840e+00 5.100040e+00
8.068843e+00 8.099808e+00 5.100040e+00
8.068819e+00 8.099773e+00 5.100040e+00
8.068792e+00 8.099735e+00 5.100040e+00
8.068763e+00 8.099693e+00 5.100040e+00
8.068731e+00 8.099647e+00 5.100040e+00
8.068697e+00 8.099597e+00 5.100040e+00
8.068661e+00 8.099544e+00 5.100040e+00
8.068621e+00 8.099487e+00 5.100040e+00
8.068580e+00 8.099427e+00 5.100040e+00
8.068535e+00 8.099363e+00 5.100040e+00
8.068489e+00 8.099295e+00 5.100040e+00
8.068440e+00 8.099224e+00 5.100040e+00
8.068388e+00 8.099149e+00 5.100040e+00
8.068334e+00 8.099070e+00 5.100040e+00
8.068277e+00 8.098988e+00 5.100040e+00
8.068218e+00 8.098902e+00 5.100040e+00
8.068156e+00 8.098813e+00 5.100040e+00
8.068092e+00 8.098720e+00 5.100040e+00
8.068026e+00 8.098624e+00 5.100040e+00
8.067957e+00 8.098524e+00 5.100040e+00
8.067885e+00 8.098420e+00 5.100040e+00
8.067811e+00 8.098313e+00 5.100040e+00
8.067735e+00 8.098202e+00 5.100040e+00
8.067656e+00 8.098088e+00 5.100040e+00
8.067575e+00 8.097970e+00 5.100040e+00
8.067491e+00 8.097849e+00 5.100040e+00
8.067405e+00 8.097724e+00 5.100040e+00
8.067316e+00 8.097595e+00 5.100040e+00
8.067225e+00 8.097463e+00 5.100040e+00
8.067132e+00 8.097328e+00 5.100040e+00
8.067036e+00 8.097189e+00 5.100040e+00
8.066938e+00 8.097046e+00 5.100040e+00
8.066837e+00 8.096900e+00 5.100040e+00
8.066734e+00 8.096751e+00 5.100040e+00
8.066628e+00 8.096598e+00 5.100040e+00
8.066520e+00 8.096441e+00 5.100040e+00
8.066410e+00 8.096281e+00 5.100040e+00
8.066297e+00 8.096118e+00 5.100040e+00
8.066182e+00 8.095951e+00 5.100040e+00
8.066064e+00 8.095781e+00 5.100040e+00
8.065944e+00 8.095607e+00 5.100040e+00
8.065822e+00 8.095429e+00 5.100040e+00
8.065697e+00 8.095248e+00 5.100040e+00
8.065570e+00 8.095064e+00 5.100040e+00
8.065440e+00 8.094876e+00 5.100040e+00
8.065308e+00 8.094685e+00 5.100040e+00
8.065174e+00 8.094490e+00 5.100040e+00
8.065037e+00 8.094292e+00 5.100040e+00
8.064898e+00 8.094090e+00 5.100040e+00
8.064757e+00 8.093885e+00 5.100040e+00
8.064613e+00 8.093677e+00 5.100040e+00
8.064467e+00 8.093465e+00 5.100040e+00
8.064318e+00 8.093250e+00 5.100040e+00
8.064167e+00 8.093031e+00 5.100040e+00
8.064014e+00 8.092809e+00 5.100040e+00
8.063858e+00 8.092583e+00 5.100040e+00
8.063700e+00 8.092354e+00 5.100040e+00
8.063540e+00 8.092122e+00 5.100040e+00
8.063377e+00 8.091886e+00 5.100040e+00
8.063212e+00 8.091647e+00 5.100040e+00
8.063045e+00 8.091404e+00 5.100040e+00
8.062875e+00 8.091158e+00 5.100040e+00
8.062703e+00 8.090909e+00 5.100040e+00
8.062529e+00 8.090656e+00 5.100040e+00
8.062353e+00 8.090400e+00 5.100040e+00
8.062174e+00 8.090141e+00 5.100040e+00
8.061992e+00 8.089878e+00 5.100040e+00
8.061809e+00 8.089612e+00 5.100040e+00
8.061623e+00 8.089343e+00 5.100040e+00
8.061435e+00 8.089070e+00 5.100040e+00
8.061245e+00 8.088794e+00 5.100040e+00
8.061052e+00 8.088515e+00 5.100040e+00
8.060858e+00 8.088233e+00 5.100040e+00
8.060661e+00 8.087947e+00 5.100040e+00
8.060461e+00 8.087658e+00 5.100040e+00
8.060260e+00 8.087366e+00 5.100040e+00
8.060056e+00 8.087071e+00 5.100040e+00
8.059850e+00 8.086772e+00 5.100040e+00
8.059642e+00 8.086470e+00 5.100040e+00
8.059432e+00 8.086166e+00 5.100040e+00
8.059219e+00 8.085857e+00 5.100040e+00
8.059005e+00 8.085546e+00 5.100040e+00
8.058788e+00 8.085232e+00 5.100040e+00
8.058569e+00 8.084915e+00 5.100040e+00
8.058348e+00 8.084594e+00 5.100040e+00
8.058124e+00 8.084270e+00 5.100040e+00
8.057899e+00 8.083944e+00 5.100040e+00
8.057672e+00 8.083614e+00 5.100040e+00
8.057442e+00 8.083281e+00 5.100040e+00
8.057210e+00 8.082945e+00 5.100040e+00
8.056977e+00 8.082606e+00 5.100040e+00
8.056741e+00 8.082264e+00 5.100040e+00
8.056503e+00 8.081920e+00 5.100040e+00
8.056263e+00 8.081572e+00 5.100040e+00
8.056021e+00 8.081221e+00 5.100040e+00
8.055777e+00 8.080867e+00 5.100040e+00
8.055531e+00 8.080511e+00 5.100040e+00
8.055283e+00 8.080151e+00 5.100040e+00
8.055033e+00 8.079789e+00 5.100040e+00
8.054781e+00 8.079423e+00 5.100040e+00
8.054527e+00 8.079055e+00 5.100040e+00
8.054271e+00 8.078684e+00 5.100040e+00
8.054014e+00 8.078310e+00 5.100040e+00
8.053754e+00 8.077933e+00 5.100040e+00
8.053492e+00 8.077554e+00 5.100040e+00
8.053228e+00 8.077171e+00 5.100040e+00
8.052963e+00 8.076786e+00 5.100040e+00
8.052695e+00 8.076398e+00 5.100040e+00
8.052425e+00 8.076008e+00 5.100040e+00
8.052154e+00 8.075614e+00 5.100040e+00
8.051881e+00 8.075218e+00 5.100040e+00
8.051606e+00 8.074819e+00 5.100040e+00
8.051329e+00 8.074417e+00 5.100040e+00
8.051050e+00 8.074013e+00 5.100040e+00
8.050769e+00 8.073606e+00 5.100040e+00
8.050486e+00 8.073196e+00 5.100040e+00
8.050202e+00 8.072783e+00 5.100040e+00
8.049915e+00 8.072368e+00 5.100040e+00
8.049627e+00 8.071950e+00 5.100040e+00
8.049337e+00 8.071530e+00 5.100040e+00
8.049045e+00 8.071107e+00 5.100040e+00
8.048752e+00 8.070681e+00 5.100040e+00
8.048456e+00 8.070253e+00 5.100040e+00
8.048159e+00 8.069822e+00 5.100040e+00
8.047860e+00 8.069389e+00 5.100040e+00
8.047560e+00 8.068952e+00 5.100040e+00
8.047257e+00 8.068514e+00 5.100040e+00
8.046953e+00 8.068073e+00 5.100040e+00
8.046647e+00 8.067629e+00 5.100040e+00
8.046339e+00 8.067183e+00 5.100040e+00
8.046030e+00 8.066734e+00 5.100040e+00
8.045719e+00 8.066283e+00 5.100040e+00
8.045406e+00 8.065830e+00 5.100040e+00
8.045091e+00 8.065373e+00 5.100040e+00
8.044775e+00 8.064915e+00 5.100040e+00
8.044457e+00 8.064454e+00 5.100040e+00
8.044138e+00 8.063991e+00 5.100040e+00
8.043816e+00 8.063525e+00 5.100040e+00
8.043494e+00 8.063057e+00 5.100040e+00
8.043169e+00 8.062586e+00 5.100040e+00
8.042843e+00 8.062114e+00 5.100040e+00
8.042516e+00 8.061638e+00 5.100040e+00
8.042186e+00 8.061161e+00 5.100040e+00
8.041855e+00 8.060681e+00 5.100040e+00
8.041523e+00 8.060199e+00 5.100040e+00
8.041189e+00 8.059715e+00 5.100040e+00
8.040854e+00 8.059229e+00 5.100040e+00
8.040517e+00 8.058740e+00 5.100040e+00
8.040178e+00 8.058249e+00 5.100040e+00
8.039838e+00 8.057756e+00 5.100040e+00
8.039497e+00 8.057261e+00 5.100040e+00
8.039154e+00 8.056764e+00 5.100040e+00
8.038810e+00 8.056264e+00 5.100040e+00
8.038464e+00 8.055763e+00 5.100040e+00
8.038117e+00 8.055259e+00 5.100040e+00
8.037768e+00 8.054754e+00 5.100040e+00
8.037418e+00 8.054246e+00 5.100040e+00
8.037066e+00 8.053737e+00 5.100040e+00
8.036714e+00 8.053225e+00 5.100040e+00
8.036360e+00 8.052712e+00 5.100040e+00
8.036004e+00 8.052196e+00 5.100040e+00
8.035647e+00 8.051679e+00 5.100040e+00
8.035289e+00 8.051159e+00 5.100040e+00
8.034930e+00 8.050638e+00 5.100040e+00
8.034569e+00 8.050115e+00 5.100040e+00
8.034207e+00 8.049590e+00 5.100040e+00
8.033844e+00 8.049064e+00 5.100040e+00
8.033480e+00 8.048535e+00 5.100040e+00
8.033114e+00 8.048005e+00 5.100040e+00
8.032747e+00 8.047473e+00 5.100040e+00
8.032379e+00 8.046940e+00 5.100040e+00
8.032010e+00 8.046404e+00 5.100040e+00
8.031640e+00 8.045867e+00 5.100040e+00
8.031268e+00 8.045328e+00 5.100040e+00
8.030896e+00 8.044788e+00 5.100040e+00
8.030522e+00 8.044246e+00 5.100040e+00
8.030147e+00 8.043702e+00 5.100040e+00
8.029771e+00 8.043157e+00 5.100040e+00
8.029394e+00 8.042610e+00 5.100040e+00
8.029016e+00 8.042062e+00 5.100040e+00
8.028637e+00 8.041512e+00 5.100040e+00
8.028256e+00 8.040960e+00 5.100040e+00
8.027875e+00 8.040407e+00 5.100040e+00
8.027493e+00 8.039853e+00 5.100040e+00
8.027109e+00 8.039297e+00 5.100040e+00
8.026725e+00 8.038740e+00 5.100040e+00
8.026340e+00 8.038181e+00 5.100040e+00
8.025953e+00 8.037621e+00 5.100040e+00
8.025566e+00 8.037059e+00 5.100040e+00
8.025178e+00 8.036496e+00 5.100040e+00
8.024789e+00 8.035932e+00 5.100040e+00
8.024399e+00 8.035366e+00 5.100040e+00
8.024008e+00 8.034799e+00 5.100040e+00
8.023616e+00 8.034231e+00 5.100040e+00
8.023223e+00 8.033661e+00 5.100040e+00
8.022829e+00 8.033090e+00 5.100040e+00
8.022435e+00 8.032518e+00 5.100040e+00
8.022039e+00 8.031945e+00 5.100040e+00
8.021643e+00 8.031370e+00 5.100040e+00
8.021246e+00 8.030794e+00 5.100040e+00
8.020848e+00 8.030217e+00 5.100040e+00
8.020449e+00 8.029639e+00 5.100040e+00
8.020050e+00 8.029060e+00 5.100040e+00
8.019650e+00 8.028479e+00 5.100040e+00
8.019249e+00 8.027898e+00 5.100040e+00
8.018847e+00 8.027315e+00 5.100040e+00
8.018444e+00 8.026731e+00 5.100040e+00
8.018041e+00 8.026146e+00 5.100040e+00
8.017637e+00 8.025561e+00 5.100040e+00
8.017232e+00 8.024974e+00 5.100040e+00
8.016827e+00 8.024386e+00 5.100040e+00
8.016421e+00 8.023797e+00 5.100040e+00
8.016014e+00 8.023207e+00 5.100040e+00
8.015607e+00 8.022617e+00 5.100040e+00
8.015199e+00 8.022025e+00 5.100040e+00
8.014791e+00 8.021433e+00 5.100040e+00
8.014382e+00 8.020839e+00 5.100040e+00
8.013972e+00 8.020245e+00 5.100040e+00
8.013562e+00 8.019650e+00 5.100040e+00
8.013151e+00 8.019054e+00 5.100040e+00
8.012739e+00 8.018458e+00 5.100040e+00
8.012328e+00 8.017861e+00 5.100040e+00
8.011915e+00 8.017263e+00 5.100040e+00
8.011503e+00 8.016664e+00 5.100040e+00
8.011089e+00 8.016065e+00 5.100040e+00
8.010676e+00 8.015465e+00 5.100040e+00
8.010261e+00 8.014864e+00 5.100040e+00
8.009847e+00 8.014263e+00 5.100040e+00
8.009432e+00 8.013661e+00 5.100040e+00
8.009017e+00 8.013059e+00 5.100040e+00
8.008601e+00 8.012456e+00 5.100040e+00
8.008185e+00 8.011853e+00 5.100040e+00
8.007768e+00 8.011249e+00 5.100040e+00
8.007352e+00 8.010645e+00 5.100040e+00
8.006935e+00 8.010040e+00 5.100040e+00
8.006518e+00 8.009435e+00 5.100040e+00
8.006100e+00 8.008830e+00 5.100040e+00
8.005682e+00 8.008224e+00 5.100040e+00
8.005264e+00 8.007618e+00 5.100040e+00
8.004846e+00 8.007011e+00 5.100040e+00
8.004428e+00 8.006405e+00 5.100040e+00
8.004009e+00 8.005798e+00 5.100040e+00
8.003591e+00 8.005191e+00 5.100040e+00
8.003172e+00 8.004583e+00 5.100040e+00
8.002753e+00 8.003976e+00 5.100040e+00
8.002334e+00 8.003368e+00 5.100040e+00
8.001914e+00 8.002760e+00 5.100040e+00
8.001495e+00 8.002152e+00 5.100040e+00
8.001076e+00 8.001544e+00 5.100040e+00
8.000656e+00 8.000935e+00 5.100040e+00
8.000237e+00 8.000327e+00 5.100040e+00
7.999817e+00 7.999719e+00 5.100040e+00
7.999398e+00 7.999111e+00 5.100040e+00
7.998978e+00 7.998502e+00 5.100040e+00
7.998559e+00 7.997894e+00 5.100040e+00
7.998139e+00 7.997286e+00 5.100040e+00
7.997720e+00 7.996677e+00 5.100040e+00
7.997300e+00 7.996069e+00 5.100040e+00
7.996881e+00 7.995461e+00 5.100040e+00
7.996462e+00 7.994853e+00 5.100040e+00
7.996043e+00 7.994246e+00 5.100040e+00
7.995624e+00 7.993638e+00 5.100040e+00
7.995205e+00 7.993031e+00 5.100040e+00
7.994786e+00 7.992423e+00 5.100040e+00
7.994367e+00 7.991816e+00 5.100040e+00
7.993949e+00 7.991209e+00 5.100040e+00
7.993530e+00 7.990603e+00 5.100040e+00
7.993112e+00 7.989997e+00 5.100040e+00
7.992694e+00 7.989391e+00 5.100040e+00
7.992277e+00 7.988785e+00 5.100040e+00
7.991859e+00 7.988180e+00 5.100040e+00
7.991442e+00 7.987575e+00 5.100040e+00
7.991025e+00 7.986970e+00 5.100040e+00
7.990608e+00 7.986366e+00 5.100040e+00
7.990192e+00 7.985762e+00 5.100040e+00
7.989775e+00 7.985158e+00 5.100040e+00
7.989360e+00 7.984555e+00 5.100040e+00
7.988944e+00 7.983953e+00 5.100040e+00
7.988529e+00 7.983351e+00 5.100040e+00
7.988114e+00 7.982749e+00 5.100040e+00
7.987699e+00 7.982148e+00 5.100040e+00
7.987285e+00 7.981548e+00 5.100040e+00
7.986871e+00 7.980948e+00 5.100040e+00
7.986458e+00 7.980349e+00 5.100040e+00
7.986045e+00 7.979750e+00 5.100040e+00
7.985633e+00 7.979152e+00 5.100040e+00
7.985221e+00 7.978555e+00 5.100040e+00
7.984809e+00 7.977958e+00 5.100040e+00
7.984398e+00 7.977362e+00 5.100040e+00
7.983987e+00 7.976767e+00 5.100040e+00
7.983577e+00 7.976172e+00 5.100040e+00
7.983168e+00 7.975578e+00 5.100040e+00
7.982759e+00 7.974985e+00 5.100040e+00
7.982350e+00 7.974393e+00 5.100040e+00
7.981942e+00 7.973802e+00 5.100040e+00
7.981535e+00 7.973211e+00 5.100040e+00
7.981128e+00 7.972622e+00 5.100040e+00
7.980722e+00 7.972033e+00 5.100040e+00
7.980317e+00 7.971446e+00 5.100040e+00
7.979912e+00 7.970859e+00 5.100040e+00
7.979508e+00 7.970273e+00 5.100040e+00
7.979105e+00 7.969688e+00 5.100040e+00
7.978702e+00 7.969105e+00 5.100040e+00
7.978300e+00 7.968522e+00 5.100040e+00
7.977899e+00 7.967940e+00 5.100040e+00
7.977498e+00 7.967360e+00 5.100040e+00
7.977099e+00 7.966781e+00 5.100040e+00
7.976700e+00 7.966202e+00 5.100040e+00
7.976302e+00 7.965625e+00 5.100040e+00
7.975904e+00 7.965050e+00 5.100040e+00
7.975508e+00 7.964475e+00 5.100040e+00
7.975113e+00 7.963902e+00 5.100040e+00
7.974718e+00 7.963330e+00 5.100040e+00
7.974324e+00 7.962759e+00 5.100040e+00
7.973931e+00 7.962189e+00 5.100040e+00
7.973539e+00 7.961621e+00 5.100040e+00
7.973148e+00 7.961054e+00 5.100040e+00
7.972758e+00 7.960489e+00 5.100040e+00
7.972369e+00 7.959925e+00 5.100040e+00
7.971981e+00 7.959362e+00 5.100040e+00
7.971593e+00 7.958801e+00 5.100040e+00
7.971207e+00 7.958241e+00 5.100040e+00
7.970822e+00 7.957683e+00 5.100040e+00
7.970438e+00 7.957126e+00 5.100040e+00
7.970055e+00 7.956571e+00 5.100040e+00
7.969673e+00 7.956017e+00 5.100040e+00
7.969292e+00 7.955465e+00 5.100040e+00
7.968912e+00 7.954914e+00 5.100040e+00
7.968533e+00 7.954365e+00 5.100040e+00
7.968155e+00 7.953818e+00 5.100040e+00
7.967778e+00 7.953272e+00 5.100040e+00
7.967403e+00 7.952728e+00 5.100040e+00
7.967028e+00 7.952185e+00 5.100040e+00
7.966655e+00 7.951644e+00 5.100040e+00
7.966283e+00 7.951105e+00 5.100040e+00
7.965912e+00 7.950568e+00 5.100040e+00
7.965542e+00 7.950032e+00 5.100040e+00
7.965174e+00 7.949498e+00 5.100040e+00
7.964806e+00 7.948965e+00 5.100040e+00
7.964440e+00 7.948435e+00 5.100040e+00
7.964075e+00 7.947906e+00 5.100040e+00
7.963712e+00 7.947379e+00 5.100040e+00
7.963349e+00 7.946854e+00 5.100040e+00
7.962988e+00 7.946331e+00 5.100040e+00
7.962628e+00 7.945809e+00 5.100040e+00
7.962270e+00 7.945290e+00 5.100040e+00
7.961912e+00 7.944772e+00 5.100040e+00
7.961556e+00 7.944256e+00 5.100040e+00
7.961202e+00 7.943742e+00 5.100040e+00
7.960848e+00 7.943230e+00 5.100040e+00
7.960496e+00 7.942720e+00 5.100040e+00
7.960146e+00 7.942212e+00 5.100040e+00
7.959796e+00 7.941706e+00 5.100040e+00
7.959448e+00 7.941202e+00 5.100040e+00
7.959102e+00 7.940700e+00 5.100040e+00
7.958757e+00 7.940200e+00 5.100040e+00
7.958413e+00 7.939702e+00 5.100040e+00
7.958070e+00 7.939206e+00 5.100040e+00
7.957730e+00 7.938712e+00 5.100040e+00
7.957390e+00 7.938220e+00 5.100040e+00
7.957052e+00 7.937730e+00 5.100040e+00
7.956716e+00 7.937243e+00 5.100040e+00
7.956381e+00 7.936758e+00 5.100040e+00
7.956047e+00 7.936275e+00 5.100040e+00
7.955715e+00 7.935794e+00 5.100040e+00
7.955385e+00 7.935315e+00 5.100040e+00
7.955056e+00 7.934839e+00 5.100040e+00
7.954728e+00 7.934364e+00 5.100040e+00
7.954403e+00 7.933893e+00 5.100040e+00
7.954078e+00 7.933423e+00 5.100040e+00
7.953756e+00 7.932956e+00 5.100040e+00
7.953435e+00 7.932491e+00 5.100040e+00
7.953115e+00 7.932028e+00 5.100040e+00
7.952798e+00 7.931568e+00 5.100040e+00
7.952482e+00 7.931110e+00 5.100040e+00
7.952167e+00 7.930655e+00 5.100040e+00
7.951854e+00 7.930202e+00 5.100040e+00
7.951543e+00 7.929751e+00 5.100040e+00
7.951234e+00 7.929303e+00 5.100040e+00
7.950926e+00 7.928858e+00 5.100040e+00
7.950620e+00 7.928415e+00 5.100040e+00
7.950316e+00 7.927974e+00 5.100040e+00
7.950014e+00 7.927536e+00 5.100040e+00
7.949713e+00 7.927101e+00 5.100040e+00
7.949414e+00 7.926668e+00 5.100040e+00
7.949117e+00 7.926238e+00 5.100040e+00
7.948822e+00 7.925810e+00 5.100040e+00
7.948529e+00 7.925386e+00 5.100040e+00
7.948237e+00 7.924963e+00 5.100040e+00
7.947947e+00 7.924544e+00 5.100040e+00
7.947659e+00 7.924127e+00 5.100040e+00
7.947373e+00 7.923712e+00 5.100040e+00
7.947089e+00 7.923301e+00 5.100040e+00
7.946806e+00 7.922892e+00 5.100040e+00
7.946526e+00 7.922486e+00 5.100040e+00
7.946247e+00 7.922083e+00 5.100040e+00
7.945971e+00 7.921682e+00 5.100040e+00
7.945696e+00 7.921284e+00 5.100040e+00
7.945423e+00 7.920889e+00 5.100040e+00
7.945152e+00 7.920497e+00 5.100040e+00
7.944883e+00 7.920108e+00 5.100040e+00
7.944616e+00 7.919721e+00 5.100040e+00
7.944351e+00 7.919337e+00 5.100040e+00
7.944088e+00 7.918957e+00 5.100040e+00
7.943827e+00 7.918579e+00 5.100040e+00
7.943568e+00 7.918203e+00 5.100040e+00
7.943311e+00 7.917831e+00 5.100040e+00
7.943055e+00 7.917462e+00 5.100040e+00
7.942802e+00 7.917095e+00 5.100040e+00
7.942551e+00 7.916732e+00 5.100040e+00
7.942302e+00 7.916371e+00 5.100040e+00
7.942055e+00 7.916013e+00 5.100040e+00
7.941810e+00 7.915659e+00 5.100040e+00
7.941567e+00 7.915307e+00 5.100040e+00
7.941326e+00 7.914958e+00 5.100040e+00
7.941087e+00 7.914612e+00 5.100040e+00
7.940850e+00 7.914269e+00 5.100040e+00
7.940615e+00 7.913930e+00 5.100040e+00
7.940382e+00 7.913593e+00 5.100040e+00
7.940151e+00 7.913259e+00 5.100040e+00
7.939923e+00 7.912928e+00 5.100040e+00
7.939696e+00 7.912600e+00 5.100040e+00
7.939472e+00 7.912276e+00 5.100040e+00
7.939250e+00 7.911954e+00 5.100040e+00
7.939029e+00 7.911635e+00 5.100040e+00
7.938811e+00 7.911320e+00 5.100040e+00
7.938595e+00 7.911007e+00 5.100040e+00
7.938382e+00 7.910698e+00 5.100040e+00
7.938170e+00 7.910392e+00 5.100040e+00
7.937960e+00 7.910089e+00 5.100040e+00
7.937753e+00 7.909789e+00 5.100040e+00
7.937548e+00 7.909492e+00 5.100040e+00
7.937345e+00 7.909198e+00 5.100040e+00
7.937144e+00 7.908908e+00 5.100040e+00
7.936945e+00 7.908620e+00 5.100040e+00
7.936749e+00 7.908336e+00 5.100040e+00
7.936555e+00 7.908055e+00 5.100040e+00
7.936363e+00 7.907777e+00 5.100040e+00
7.936173e+00 7.907503e+00 5.100040e+00
7.935985e+00 7.907232e+00 5.100040e+00
7.935800e+00 7.906963e+00 5.100040e+00
7.935617e+00 7.906699e+00 5.100040e+00
7.935436e+00 7.906437e+00 5.100040e+00
7.935257e+00 7.906179e+00 5.100040e+00
7.935081e+00 7.905924e+00 5.100040e+00
7.934907e+00 7.905673e+00 5.100040e+00
7.934735e+00 7.905424e+00 5.100040e+00
7.934566e+00 7.905179e+00 5.100040e+00
7.934399e+00 7.904938e+00 5.100040e+00
7.934234e+00 7.904700e+00 5.100040e+00
7.934072e+00 7.904465e+00 5.100040e+00
7.933912e+00 7.904233e+00 5.100040e+00
7.933754e+00 7.904005e+00 5.100040e+00
7.933598e+00 7.903780e+00 5.100040e+00
7.933445e+00 7.903559e+00 5.100040e+00
7.933294e+00 7.903341e+00 5.100040e+00
7.933146e+00 7.903127e+00 5.100040e+00
7.933000e+00 7.902916e+00 5.100040e+00
7.932857e+00 7.902708e+00 5.100040e+00
7.932715e+00 7.902504e+00 5.100040e+00
7.932576e+00 7.902304e+00 5.100040e+00
7.932440e+00 7.902106e+00 5.100040e+00
7.932306e+00 7.901913e+00 5.100040e+00
7.932174e+00 7.901723e+00 5.100040e+00
7.932045e+00 7.901536e+00 5.100040e+00
7.931918e+00 7.901353e+00 5.100040e+00
7.931794e+00 7.901173e+00 5.100040e+00
7.931672e+00 7.900997e+00 5.100040e+00
7.931553e+00 7.900824e+00 5.100040e+00
7.931436e+00 7.900655e+00 5.100040e+00
7.931321e+00 7.900490e+00 5.100040e+00
7.931209e+00 7.900328e+00 5.100040e+00
7.931099e+00 7.900169e+00 5.100040e+00
7.930992e+00 7.900014e+00 5.100040e+00
7.930887e+00 7.899863e+00 5.100040e+00
7.930784e+00 7.899715e+00 5.100040e+00
7.930684e+00 7.899570e+00 5.100040e+00
7.930587e+00 7.899430e+00 5.100040e+00
7.930492e+00 7.899293e+00 5.100040e+00
7.930399e+00 7.899159e+00 5.100040e+00
7.930309e+00 7.899029e+00 5.100040e+00
7.930221e+00 7.898902e+00 5.100040e+00
7.930136e+00 7.898779e+00 5.100040e+00
7.930053e+00 7.898660e+00 5.100040e+00
7.929973e+00 7.898544e+00 5.100040e+00
7.929895e+00 7.898432e+00 5.100040e+00
7.929820e+00 7.898323e+00 5.100040e+00
7.929747e+00 7.898218e+00 5.100040e+00
7.929676e+00 7.898116e+00 5.100040e+00
7.929608e+00 7.898018e+00 5.100040e+00
7.929543e+00 7.897924e+00 5.100040e+00
7.929480e+00 7.897833e+00 5.100040e+00
7.929419e+00 7.897746e+00 5.100040e+00
7.929361e+00 7.897662e+00 5.100040e+00
7.929305e+00 7.897582e+00 5.100040e+00
7.929252e+00 7.897506e+00 5.100040e+00
7.929202e+00 7.897433e+00 5.100040e+00
7.929153e+00 7.897363e+00 5.100040e+00
7.929108e+00 7.897298e+00 5.100040e+00
7.929064e+00 7.897235e+00 5.100040e+00
7.929024e+00 7.897177e+00 5.100040e+00
7.928985e+00 7.897122e+00 5.100040e+00
7.928949e+00 7.897070e+00 5.100040e+00
7.928916e+00 7.897023e+00 5.100040e+00
7.928885e+00 7.896979e+00 5.100040e+00
7.928857e+00 7.896938e+00 5.100040e+00
7.928831e+00 7.896901e+00 5.100040e+00
7.928808e+00 7.896868e+00 5.100040e+00
7.928787e+00 7.896838e+00 5.100040e+00
7.928768e+00 7.896812e+00 5.100040e+00
7.928752e+00 7.896789e+00 5.100040e+00
7.928739e+00 7.896770e+00 5.100040e+00
7.928728e+00 7.896755e+00 5.100040e+00
7.928720e+00 7.896743e+00 5.100040e+00
7.928714e+00 7.896735e+00 5.100040e+00
7.928710e+00 7.896731e+00 5.100040e+00
7.928710e+00 7.896730e+00 5.100040e+00
7.928711e+00 7.896733e+00 5.100040e+00
7.928715e+00 7.896739e+00 5.100040e+00
7.928722e+00 7.896750e+00 5.100040e+00
7.928731e+00 7.896763e+00 5.100040e+00
7.928743e+00 7.896781e+00 5.100040e+00
7.928757e+00 7.896802e+00 5.100040e+00
7.928774e+00 7.896827e+00 5.100040e+00
7.928793e+00 7.896855e+00 5.100040e+00
7.928815e+00 7.896887e+00 5.100040e+00
7.928839e+00 7.896923e+00 5.100040e+00
7.928866e+00 7.896962e+00 5.100040e+00
7.928896e+00 7.897005e+00 5.100040e+00
7.928928e+00 7.897052e+00 5.100040e+00
7.928962e+00 7.897102e+00 5.100040e+00
7.928999e+00 7.897156e+00 5.100040e+00
7.929039e+00 7.897214e+00 5.100040e+00
7.929081e+00 7.897275e+00 5.100040e+00
7.929125e+00 7.897340e+00 5.100040e+00
7.929172e+00 7.897409e+00 5.100040e+00
7.929222e+00 7.897481e+00 5.100040e+00
7.929274e+00 7.897557e+00 5.100040e+00
7.929329e+00 7.897637e+00 5.100040e+00
7.929386e+00 7.897720e+00 5.100040e+00
7.929446e+00 7.897807e+00 5.100040e+00
7.929508e+00 7.897897e+00 5.100040e+00
7.929573e+00 7.897992e+00 5.100040e+00
7.929640e+00 7.898089e+00 5.100040e+00
7.929710e+00 7.898191e+00 5.100040e+00
7.929782e+00 7.898296e+00 5.100040e+00
7.929857e+00 7.898404e+00 5.100040e+00
7.929934e+00 7.898516e+00 5.100040e+00
7.930014e+00 7.898632e+00 5.100040e+00
7.930096e+00 7.898752e+00 5.100040e+00
7.930180e+00 7.898875e+00 5.100040e+00
7.930267e+00 7.899001e+00 5.100040e+00
7.930357e+00 7.899131e+00 5.100040e+00
7.930449e+00 7.899265e+00 5.100040e+00
7.930544e+00 7.899402e+00 5.100040e+00
7.930641e+00 7.899543e+00 5.100040e+00
7.930740e+00 7.899687e+00 5.100040e+00
7.930842e+00 7.899835e+00 5.100040e+00
7.930946e+00 7.899986e+00 5.100040e+00
7.931053e+00 7.900141e+00 5.100040e+00
7.931162e+00 7.900300e+00 5.100040e+00
7.931274e+00 7.900462e+00 5.100040e+00
7.931388e+00 7.900627e+00 5.100040e+00
7.931504e+00 7.900796e+00 5.100040e+00
7.931623e+00 7.900968e+00 5.100040e+00
7.931744e+00 7.901144e+00 5.100040e+00
7.931868e+00 7.901323e+00 5.100040e+00
7.931993e+00 7.901506e+00 5.100040e+00
7.932122e+00 7.901692e+00 5.100040e+00
7.932253e+00 7.901882e+00 5.100040e+00
7.932386e+00 7.902075e+00 5.100040e+00
7.932521e+00 7.902271e+00 5.100040e+00
7.932659e+00 7.902471e+00 5.100040e+00
7.932799e+00 7.902674e+00 5.100040e+00
7.932941e+00 7.902881e+00 5.100040e+00
7.933086e+00 7.903091e+00 5.100040e+00
7.933234e+00 7.903304e+00 5.100040e+00
7.933383e+00 7.903521e+00 5.100040e+00
7.933535e+00 7.903741e+00 5.100040e+00
7.933689e+00 7.903965e+00 5.100040e+00
7.933846e+00 7.904192e+00 5.100040e+00
7.934004e+00 7.904422e+00 5.100040e+00
7.934165e+00 7.904656e+00 5.100040e+00
7.934329e+00 7.904892e+00 5.100040e+00
7.934495e+00 7.905133e+00 5.100040e+00
7.934663e+00 7.905376e+00 5.100040e+00
7.934833e+00 7.905623e+00 5.100040e+00
7.935006e+00 7.905873e+00 5.100040e+00
7.935180e+00 7.906127e+00 5.100040e+00
7.935358e+00 7.906384e+00 5.100040e+00
7.935537e+00 7.906644e+00 5.100040e+00
7.935719e+00 7.906907e+00 5.100040e+00
7.935903e+00 7.907174e+00 5.100040e+00
7.936089e+00 7.907444e+00 5.100040e+00
7.936278e+00 7.907717e+00 5.100040e+00
7.936468e+00 7.907994e+00 5.100040e+00
7.936661e+00 7.908273e+00 5.100040e+00
7.936857e+00 7.908556e+00 5.100040e+00
7.937054e+00 7.908843e+00 5.100040e+00
7.937254e+00 7.909132e+00 5.100040e+00
7.937456e+00 7.909425e+00 5.100040e+00
7.937660e+00 7.909721e+00 5.100040e+00
7.937867e+00 7.910020e+00 5.100040e+00
7.938075e+00 7.910322e+00 5.100040e+00
7.938286e+00 7.910628e+00 5.100040e+00
7.938499e+00 7.910936e+00 5.100040e+00
7.938714e+00 7.911248e+00 5.100040e+00
7.938932e+00 7.911563e+00 5.100040e+00
7.939151e+00 7.911881e+00 5.100040e+00
7.939373e+00 7.912202e+00 5.100040e+00
7.939597e+00 7.912527e+00 5.100040e+00
7.939823e+00 7.912854e+00 5.100040e+00
7.940051e+00 7.913185e+00 5.100040e+00
7.940281e+00 7.913518e+00 5.100040e+00
7.940514e+00 7.913855e+00 5.100040e+00
7.940748e+00 7.914195e+00 5.100040e+00
7.940985e+00 7.914538e+00 5.100040e+00
7.941224e+00 7.914884e+00 5.100040e+00
7.941465e+00 7.915233e+00 5.100040e+00
7.941708e+00 7.915584e+00 5.100040e+00
7.941952e+00 7.915939e+00 5.100040e+00
7.942200e+00 7.916297e+00 5.100040e+00
7.942449e+00 7.916658e+00 5.100040e+00
7.942700e+00 7.917022e+00 5.100040e+00
7.942953e+00 7.917388e+00 5.100040e+00
7.943208e+00 7.917758e+00 5.100040e+00
7.943465e+00 7.918131e+00 5.100040e+00
7.943724e+00 7.918506e+00 5.100040e+00
7.943985e+00 7.918884e+00 5.100040e+00
7.944249e+00 7.919265e+00 5.100040e+00
7.944514e+00 7.919649e+00 5.100040e+00
7.944781e+00 7.920036e+00 5.100040e+00
7.945049e+00 7.920425e+00 5.100040e+00
7.945320e+00 7.920818e+00 5.100040e+00
7.945593e+00 7.921213e+00 5.100040e+00
7.945868e+00 7.921610e+00 5.100040e+00
7.946144e+00 7.922011e+00 5.100040e+00
7.946423e+00 7.922414e+00 5.100040e+00
7.946703e+00 7.922820e+00 5.100040e+00
7.946985e+00 7.923229e+00 5.100040e+00
7.947269e+00 7.923640e+00 5.100040e+00
7.947555e+00 7.924054e+00 5.100040e+00
7.947842e+00 7.924471e+00 5.100040e+00
7.948132e+00 7.924890e+00 5.100040e+00
7.948423e+00 7.925312e+00 5.100040e+00
7.948716e+00 7.925736e+00 5.100040e+00
7.949011e+00 7.926163e+00 5.100040e+00
7.949307e+00 7.926592e+00 5.100040e+00
7.949606e+00 7.927024e+00 5.100040e+00
7.949906e+00 7.927459e+00 5.100040e+00
7.950208e+00 7.927896e+00 5.100040e+00
7.950511e+00 7.928336e+00 5.100040e+00
7.950816e+00 7.928778e+00 5.100040e+00
7.951123e+00 7.929222e+00 5.100040e+00
7.951432e+00 7.929669e+00 5.100040e+00
7.951742e+00 7.930119e+00 5.100040e+00
7.952054e+00 7.930571e+00 5.100040e+00
7.952368e+00 7.931025e+00 5.100040e+00
7.952683e+00 7.931482e+00 5.100040e+00
7.953000e+00 7.931941e+00 5.100040e+00
7.953319e+00 7.932402e+00 5.100040e+00
7.953639e+00 7.932866e+00 5.100040e+00
7.953961e+00 7.933332e+00 5.100040e+00
7.954285e+00 7.933801e+00 5.100040e+00
7.954610e+00 7.934272e+00 5.100040e+00
7.954936e+00 7.934745e+00 5.100040e+00
7.955265e+00 7.935220e+00 5.100040e+00
7.955595e+00 7.935698e+00 5.100040e+00
7.955926e+00 7.936178e+00 5.100040e+00
7.956259e+00 7.936660e+00 5.100040e+00
7.956593e+00 7.937144e+00 5.100040e+00
7.956930e+00 7.937631e+00 5.100040e+00
7.957267e+00 7.938120e+00 5.100040e+00
7.957606e+00 7.938611e+00 5.100040e+00
7.957947e+00 7.939104e+00 5.100040e+00
7.958289e+00 7.939599e+00 5.100040e+00
7.958632e+00 7.940097e+00 5.100040e+00
7.958977e+00 7.940596e+00 5.100040e+00
7.959324e+00 7.941098e+00 5.100040e+00
7.959672e+00 7.941602e+00 5.100040e+00
7.960021e+00 7.942108e+00 5.100040e+00
7.960372e+00 7.942615e+00 5.100040e+00
7.960724e+00 7.943125e+00 5.100040e+00
7.961077e+00 7.943637e+00 5.100040e+00
7.961432e+00 7.944151e+00 5.100040e+00
7.961789e+00 7.944667e+00 5.100040e+00
7.962146e+00 7.945185e+00 5.100040e+00
7.962505e+00 7.945705e+00 5.100040e+00
7.962866e+00 7.946227e+00 5.100040e+00
7.963227e+00 7.946750e+00 5.100040e+00
7.963590e+00 7.947276e+00 5.100040e+00
7.963954e+00 7.947803e+00 5.100040e+00
7.964320e+00 7.948332e+00 5.100040e+00
7.964687e+00 7.948863e+00 5.100040e+00
7.965054e+00 7.949396e+00 5.100040e+00
7.965424e+00 7.949931e+00 5.100040e+00
7.965794e+00 7.950467e+00 5.100040e+00
7.966166e+00 7.951005e+00 5.100040e+00
7.966538e+00 7.951545e+00 5.100040e+00
7.966912e+00 7.952086e+00 5.100040e+00
7.967287e+00 7.952630e+00 5.100040e+00
7.967664e+00 7.953174e+00 5.100040e+00
7.968041e+00 7.953721e+00 5.100040e+00
7.968419e+00 7.954269e+00 5.100040e+00
7.968799e+00 7.954818e+00 5.100040e+00
7.969180e+00 7.955369e+00 5.100040e+00
7.969561e+00 7.955922e+00 5.100040e+00
7.969944e+00 7.956476e+00 5.100040e+00
7.970328e+00 7.957032e+00 5.100040e+00
7.970712e+00 7.957589e+00 5.100040e+00
7.971098e+00 7.958147e+00 5.100040e+00
7.971485e+00 7.958707e+00 5.100040e+00
7.971872e+00 7.959268e+00 5.100040e+00
7.972261e+00 7.959831e+00 5.100040e+00
7.972651e+00 7.960395e+00 5.100040e+00
7.973041e+00 7.960961e+00 5.100040e+00
7.973432e+00 7.961527e+00 5.100040e+00
7.973825e+00 7.962095e+00 5.100040e+00
7.974218e+00 7.962665e+00 5.100040e+00
7.974612e+00 7.963235e+00 5.100040e+00
7.975007e+00 7.963807e+00 5.100040e+00
7.975402e+00 7.964380e+00 5.100040e+00
7.975799e+00 7.964954e+00 5.100040e+00
7.976196e+00 7.965529e+00 5.100040e+00
7.976594e+00 7.966106e+00 5.100040e+00
7.976993e+00 7.966683e+00 5.100040e+00
7.977393e+00 7.967262e+00 5.100040e+00
7.977794e+00 7.967842e+00 5.100040e+00
7.978195e+00 7.968423e+00 5.100040e+00
7.978597e+00 7.969004e+00 5.100040e+00
7.978999e+00 7.969587e+00 5.100040e+00
7.979403e+00 7.970171e+00 5.100040e+00
7.979807e+00 7.970756e+00 5.100040e+00
7.980211e+00 7.971342e+00 5.100040e+00
7.980617e+00 7.971929e+00 5.100040e+00
7.981023e+00 7.972517e+00 5.100040e+00
7.981429e+00 7.973106e+00 5.100040e+00
7.981837e+00 7.973696e+00 5.100040e+00
7.982245e+00 7.974286e+00 5.100040e+00
7.982653e+00 7.974878e+00 5.100040e+00
7.983062e+00 7.975470e+00 5.100040e+00
7.983472e+00 7.976063e+00 5.100040e+00
7.983882e+00 7.976657e+00 5.100040e+00
7.984293e+00 7.977252e+00 5.100040e+00
7.984704e+00 7.977848e+00 5.100040e+00
7.985116e+00 7.978444e+00 5.100040e+00
7.985529e+00 7.979041e+00 5.100040e+00
7.985942e+00 7.979639e+00 5.100040e+00
7.986355e+00 7.980238e+00 5.100040e+00
7.986769e+00 7.980837e+00 5.100040e+00
7.987183e+00 7.981437e+00 5.100040e+00
7.987598e+00 7.982037e+00 5.100040e+00
7.988013e+00 7.982638e+00 5.100040e+00
7.988429e+00 7.983240e+00 5.100040e+00
7.988845e+00 7.983842e+00 5.100040e+00
7.989261e+00 7.984445e+00 5.100040e+00
7.989678e+00 7.985048e+00 5.100040e+00
7.990095e+00 7.985652e+00 5.100040e+00
7.990512e+00 7.986257e+00 5.100040e+00
7.990930e+00 7.986862e+00 5.100040e+00
7.991348e+00 7.987467e+00 5.100040e+00
7.991767e+00 7.988073e+00 5.100040e+00
7.992185e+00 7.988679e+00 5.100040e+00
7.992604e+00 7.989285e+00 5.100040e+00
7.993023e+00 7.989892e+00 5.100040e+00
7.993443e+00 7.990499e+00 5.100040e+00
7.993862e+00 7.991107e+00 5.100040e+00
7.994282e+00 7.991715e+00 5.100040e+00
7.994702e+00 7.992323e+00 5.100040e+00
7.995122e+00 7.992931e+00 5.100040e+00
7.995543e+00 7.993539e+00 5.100040e+00
7.995963e+00 7.994148e+00 5.100040e+00
7.996384e+00 7.994757e+00 5.100040e+00
7.996804e+00 7.995366e+00 5.100040e+00
7.997225e+00 7.995975e+00 5.100040e+00
7.997646e+00 7.996584e+00 5.100040e+00
7.998066e+00 7.997193e+00 5.100040e+00
7.998487e+00 7.997802e+00 5.100040e+00
7.998908e+00 7.998411e+00 5.100040e+00
7.999329e+00 7.999020e+00 5.100040e+00
7.999750e+00 7.999630e+00 5.100040e+00
8.000170e+00 8.000239e+00 5.100040e+00
8.000591e+00 8.000848e+00 5.100040e+00
8.001012e+00 8.001457e+00 5.100040e+00
8.001432e+00 8.002065e+00 5.100040e+00
8.001853e+00 8.002674e+00 5.100040e+00
8.002273e+00 8.003282e+00 5.100040e+00
8.002693e+00 8.003891e+00 5.100040e+00
8.003113e+00 8.004499e+00 5.100040e+00
8.003533e+00 8.005106e+00 5.100040e+00
8.003952e+00 8.005714e+00 5.100040e+00
8.004372e+00 8.006321e+00 5.100040e+00
8.004791e+00 8.006928e+00 5.100040e+00
8.005210e+00 8.007534e+00 5.100040e+00
8.005629e+00 8.008140e+00 5.100040e+00
8.006047e+00 8.008746e+00 5.100040e+00
8.006465e+00 8.009352e+00 5.100040e+00
8.006883e+00 8.009957e+00 5.100040e+00
8.007301e+00 8.010561e+00 5.100040e+00
8.007718e+00 8.011165e+00 5.100040e+00
8.008135e+00 8.011769e+00 5.100040e+00
8.008552e+00 8.012372e+00 5.100040e+00
8.008968e+00 8.012975e+00 5.100040e+00
8.009384e+00 8.013577e+00 5.100040e+00
8.009800e+00 8.014178e+00 5.100040e+00
8.010215e+00 8.014779e+00 5.100040e+00
8.010630e+00 8.015379e+00 5.100040e+00
8.011044e+00 8.015979e+00 5.100040e+00
8.011458e+00 8.016578e+00 5.100040e+00
8.011871e+00 8.017177e+00 5.100040e+00
8.012284e+00 8.017774e+00 5.100040e+00
8.012697e+00 8.018371e+00 5.100040e+00
8.013109e+00 8.018968e+00 5.100040e+00
8.013520e+00 8.019563e+00 5.100040e+00
8.013931e+00 8.020158e+00 5.100040e+00
8.014342e+00 8.020752e+00 5.100040e+00
8.014752e+00 8.021346e+00 5.100040e+00
8.015161e+00 8.021938e+00 5.100040e+00
8.015570e+00 8.022530e+00 5.100040e+00
8.015978e+00 8.023121e+00 5.100040e+00
8.016386e+00 8.023711e+00 5.100040e+00
8.016793e+00 8.024300e+00 5.100040e+00
8.017199e+00 8.024889e+00 5.100040e+00
8.017605e+00 8.025476e+00 5.100040e+00
8.018010e+00 8.026062e+00 5.100040e+00
8.018415e+00 8.026648e+00 5.100040e+00
8.018819e+00 8.027232e+00 5.100040e+00
8.019222e+00 8.027816e+00 5.100040e+00
8.019624e+00 8.028398e+00 5.100040e+00
8.020026e+00 8.028980e+00 5.100040e+00
8.020427e+00 8.029560e+00 5.100040e+00
8.020827e+00 8.030140e+00 5.100040e+00
8.021227e+00 8.030718e+00 5.100040e+00
8.021625e+00 8.031295e+00 5.100040e+00
8.022023e+00 8.031871e+00 5.100040e+00
8.022421e+00 8.032446e+00 5.100040e+00
8.022817e+00 8.033019e+00 5.100040e+00
8.023212e+00 8.033591e+00 5.100040e+00
8.023607e+00 8.034163e+00 5.100040e+00
8.024001e+00 8.034732e+00 5.100040e+00
8.024394e+00 8.035301e+00 5.100040e+00
8.024786e+00 8.035868e+00 5.100040e+00
8.025177e+00 8.036434e+00 5.100040e+00
8.025567e+00 8.036999e+00 5.100040e+00
8.025956e+00 8.037562e+00 5.100040e+00
8.026344e+00 8.038124e+00 5.100040e+00
8.026731e+00 8.038684e+00 5.100040e+00
8.027117e+00 8.039243e+00 5.100040e+00
8.027503e+00 8.039800e+00 5.100040e+00
8.027887e+00 8.040356e+00 5.100040e+00
8.028270e+00 8.040911e+00 5.100040e+00
8.028652e+00 8.041464e+00 5.100040e+00
8.029033e+00 8.042015e+00 5.100040e+00
8.029413e+00 8.042565e+00 5.100040e+00
8.029792e+00 8.043113e+00 5.100040e+00
8.030169e+00 8.043660e+00 5.100040e+00
8.030546e+00 8.044205e+00 5.100040e+00
8.030921e+00 8.044748e+00 5.100040e+00
8.031296e+00 8.045289e+00 5.100040e+00
8.031669e+00 8.045829e+00 5.100040e+00
8.032041e+00 8.046367e+00 5.100040e+00
8.032411e+00 8.046904e+00 5.100040e+00
8.032781e+00 8.047438e+00 5.100040e+00
8.033149e+00 8.047971e+00 5.100040e+00
8.033516e+00 8.048502e+00 5.100040e+00
8.033882e+00 8.049031e+00 5.100040e+00
8.034246e+00 8.049559e+00 5.100040e+00
8.034609e+00 8.050084e+00 5.100040e+00
8.034971e+00 8.050608e+00 5.100040e+00
8.035332e+00 8.051129e+00 5.100040e+00
8.035691e+00 8.051649e+00 5.100040e+00
8.036049e+00 8.052167e+00 5.100040e+00
8.036405e+00 8.052683e+00 5.100040e+00
8.036760e+00 8.053197e+00 5.100040e+00
8.037114e+00 8.053709e+00 5.100040e+00
8.037467e+00 8.054219e+00 5.100040e+00
8.037818e+00 8.054727e+00 5.100040e+00
8.038168e+00 8.055233e+00 5.100040e+00
8.038516e+00 8.055736e+00 5.100040e+00
8.038863e+00 8.056238e+00 5.100040e+00
8.039208e+00 8.056738e+00 5.100040e+00
8.039552e+00 8.057236e+00 5.100040e+00
8.039895e+00 8.057731e+00 5.100040e+00
8.040236e+00 8.058225e+00 5.100040e+00
8.040575e+00 8.058716e+00 5.100040e+00
8.040913e+00 8.059205e+00 5.100040e+00
8.041250e+00 8.059692e+00 5.100040e+00
8.041585e+00 8.060177e+00 5.100040e+00
8.041919e+00 8.060660e+00 5.100040e+00
8.042251e+00 8.061140e+00 5.100040e+00
8.042581e+00 8.061618e+00 5.100040e+00
8.042910e+00 8.062094e+00 5.100040e+00
8.043238e+00 8.062568e+00 5.100040e+00
8.043564e+00 8.063039e+00 5.100040e+00
8.043888e+00 8.063508e+00 5.100040e+00
8.044211e+00 8.063975e+00 5.100040e+00
8.044532e+00 8.064440e+00 5.100040e+00
8.044851e+00 8.064902e+00 5.100040e+00
8.045169e+00 8.065362e+00 5.100040e+00
8.045485e+00 8.065819e+00 5.100040e+00
8.045800e+00 8.066275e+00 5.100040e+00
8.046113e+00 8.066727e+00 5.100040e+00
8.046424e+00 8.067178e+00 5.100040e+00
8.046734e+00 8.067625e+00 5.100040e+00
8.047042e+00 8.068071e+00 5.100040e+00
8.047348e+00 8.068514e+00 5.100040e+00
8.047653e+00 8.068954e+00 5.100040e+00
8.047955e+00 8.069392e+00 5.100040e+00
8.048257e+00 8.069828e+00 5.100040e+00
8.048556e+00 8.070261e+00 5.100040e+00
8.048853e+00 8.070691e+00 5.100040e+00
8.049149e+00 8.071119e+00 5.100040e+00
8.049443e+00 8.071544e+00 5.100040e+00
8.049735e+00 8.071967e+00 5.100040e+00
8.050026e+00 8.072387e+00 5.100040e+00
8.050314e+00 8.072804e+00 5.100040e+00
8.050601e+00 8.073219e+00 5.100040e+00
8.050886e+00 8.073631e+00 5.100040e+00
8.051169e+00 8.074041e+00 5.100040e+00
8.051450e+00 8.074447e+00 5.100040e+00
8.051729e+00 8.074851e+00 5.100040e+00
8.052007e+00 8.075252e+00 5.100040e+00
8.052282e+00 8.075651e+00 5.100040e+00
8.052556e+00 8.076047e+00 5.100040e+00
8.052828e+00 8.076439e+00 5.100040e+00
8.053097e+00 8.076830e+00 5.100040e+00
8.053365e+00 8.077217e+00 5.100040e+00
8.053631e+00 8.077601e+00 5.100040e+00
8.053895e+00 8.077983e+00 5.100040e+00
8.054156e+00 8.078361e+00 5.100040e+00
8.054416e+00 8.078737e+00 5.100040e+00
8.054674e+00 8.079110e+00 5.100040e+00
8.054930e+00 8.079480e+00 5.100040e+00
8.055184e+00 8.079847e+00 5.100040e+00
8.055435e+00 8.080211e+00 5.100040e+00
8.055685e+00 8.080572e+00 5.100040e+00
8.055933e+00 8.080930e+00 5.100040e+00
8.056178e+00 8.081285e+00 5.100040e+00
8.056422e+00 8.081638e+00 5.100040e+00
8.056663e+00 8.081987e+00 5.100040e+00
8.056903e+00 8.082333e+00 5.100040e+00
8.057140e+00 8.082676e+00 5.100040e+00
8.057375e+00 8.083016e+00 5.100040e+00
8.057608e+00 8.083353e+00 5.100040e+00
8.057839e+00 8.083687e+00 5.100040e+00
8.058068e+00 8.084018e+00 5.100040e+00
8.058295e+00 8.084345e+00 5.100040e+00
8.058519e+00 8.084670e+00 5.100040e+00
8.058741e+00 8.084992e+00 5.100040e+00
8.058962e+00 8.085310e+00 5.100040e+00
8.059180e+00 8.085626e+00 5.100040e+00
8.059396e+00 8.085938e+00 5.100040e+00
8.059610e+00 8.086247e+00 5.100040e+00
8.059821e+00 8.086553e+00 5.100040e+00
8.060031e+00 8.086856e+00 5.100040e+00
8.060238e+00 8.087155e+00 5.100040e+00
8.060443e+00 8.087452e+00 5.100040e+00
8.060646e+00 8.087745e+00 5.100040e+00
8.060846e+00 8.088035e+00 5.100040e+00
8.061045e+00 8.088322e+00 5.100040e+00
8.061241e+00 8.088606e+00 5.100040e+00
8.061435e+00 8.088886e+00 5.100040e+00
8.061627e+00 8.089163e+00 5.100040e+00
8.061816e+00 8.089437e+00 5.100040e+00
8.062004e+00 8.089708e+00 5.100040e+00
8.062189e+00 8.089976e+00 5.100040e+00
8.062372e+00 8.090240e+00 5.100040e+00
8.062552e+00 8.090501e+00 5.100040e+00
8.062731e+00 8.090759e+00 5.100040e+00
8.062907e+00 8.091014e+00 5.100040e+00
8.063080e+00 8.091265e+00 5.100040e+00
8.063252e+00 8.091513e+00 5.100040e+00
8.063421e+00 8.091758e+00 5.100040e+00
8.063588e+00 8.091999e+00 5.100040e+00
8.063753e+00 8.092237e+00 5.100040e+00
8.063915e+00 8.092472e+00 5.100040e+00
8.064075e+00 8.092703e+00 5.100040e+00
8.064233e+00 8.092931e+00 5.100040e+00
8.064389e+00 8.093156e+00 5.100040e+00
8.064542e+00 8.093377e+00 5.100040e+00
8.064693e+00 8.093595e+00 5.100040e+00
8.064841e+00 8.093810e+00 5.100040e+00
8.064987e+00 8.094021e+00 5.100040e+00
8.065131e+00 8.094229e+00 5.100040e+00
8.065272e+00 8.094433e+00 5.100040e+00
8.065412e+00 8.094634e+00 5.100040e+00
8.065548e+00 8.094832e+00 5.100040e+00
8.065683e+00 8.095026e+00 5.100040e+00
8.065815e+00 8.095217e+00 5.100040e+00
8.065944e+00 8.095404e+00 5.100040e+00
8.066071e+00 8.095588e+00 5.100040e+00
8.066196e+00 8.095768e+00 5.100040e+00
8.066318e+00 8.095945e+00 5.100040e+00
8.066438e+00 8.096118e+00 5.100040e+00
8.066556e+00 8.096288e+00 5.100040e+00
8.066671e+00 8.096454e+00 5.100040e+00
8.066783e+00 8.096617e+00 5.100040e+00
8.066894e+00 8.096776e+00 5.100040e+00
8.067001e+00 8.096932e+00 5.100040e+00
8.067107e+00 8.097084e+00 5.100040e+00
8.067209e+00 8.097233e+00 5.100040e+00
8.067310e+00 8.097378e+00 5.100040e+00
8.067408e+00 8.097520e+00 5.100040e+00
8.067503e+00 8.097657e+00 5.100040e+00
8.067596e+00 8.097792e+00 5.100040e+00
8.067687e+00 8.097923e+00 5.100040e+00
8.067775e+00 8.098050e+00 5.100040e+00
8.067860e+00 8.098173e+00 5.100040e+00
8.067943e+00 8.098293e+00 5.100040e+00
8.068024e+00 8.098410e+00 5.100040e+00
8.068102e+00 8.098522e+00 5.100040e+00
8.068177e+00 8.098631e+00 5.100040e+00
8.068251e+00 8.098737e+00 5.100040e+00
8.068321e+00 8.098839e+00 5.100040e+00
8.068389e+00 8.098937e+00 5.100040e+00
8.068455e+00 8.099032e+00 5.100040e+00
8.068518e+00 8.099123e+00 5.100040e+00
8.068578e+00 8.099210e+00 5.100040e+00
8.068636e+00 8.099294e+00 5.100040e+00
8.068692e+00 8.099374e+00 5.100040e+00
8.068745e+00 8.099451e+00 5.100040e+00
8.068795e+00 8.099524e+00 5.100040e+00
8.068843e+00 8.099593e+00 5.100040e+00
8.068889e+00 8.099659e+00 5.100040e+00
8.068932e+00 8.099721e+00 5.100040e+00
8.068972e+00 8.099779e+00 5.100040e+00
8.069010e+00 8.099834e+00 5.100040e+00
8.069046e+00 8.099885e+00 5.100040e+00
8.069079e+00 8.099933e+00 5.100040e+00
8.069109e+00 8.099976e+00 5.100040e+00
8.069137e+00 8.100017e+00 5.100040e+00
8.069162e+00 8.100053e+00 5.100040e+00
8.069185e+00 8.100086e+00 5.100040e+00
8.069206e+00 8.100116e+00 5.100040e+00
8.069224e+00 8.100142e+00 5.100040e+00
8.069239e+00 8.100164e+00 5.100040e+00
8.069252e+00 8.100182e+00 5.100040e+00
8.069263e+00 8.100197e+00 5.100040e+00
8.069271e+00 8.100209e+00 5.100040e+00
8.069276e+00 8.100217e+00 5.100040e+00
8.069279e+00 8.100221e+00 5.100040e+00
8.069279e+00 8.100221e+00 5.100040e+00
8.069277e+00 8.100218e+00 5.100040e+00
8.069273e+00 8.100212e+00 5.100040e+00
8.069266e+00 8.100201e+00 5.100040e+00
8.069256e+00 8.100187e+00 5.100040e+00
8.069244e+00 8.100170e+00 5.100040e+00
8.069230e+00 8.100149e+00 5.100040e+00
8.069213e+00 8.100124e+00 5.100040e+00
8.069193e+00 8.100096e+00 5.100040e+00
8.069171e+00 8.100064e+00 5.100040e+00
8.069147e+00 8.100028e+00 5.100040e+00
8.069120e+00 8.099989e+00 5.100040e+00
8.069090e+00 8.099947e+00 5.100040e+00
8.069058e+00 8.099900e+00 5.100040e+00
8.069024e+00 8.099850e+00 5.100040e+00
8.068987e+00 8.099797e+00 5.100040e+00
8.068947e+00 8.099740e+00 5.100040e+00
8.068905e+00 8.099679e+00 5.100040e+00
8.068861e+00 8.099615e+00 5.100040e+00
8.068814e+00 8.099547e+00 5.100040e+00
8.068764e+00 8.099475e+00 5.100040e+00
8.068712e+00 8.099400e+00 5.100040e+00
8.068658e+00 8.099321e+00 5.100040e+00
8.068601e+00 8.099239e+00 5.100040e+00
8.068542e+00 8.099153e+00 5.100040e+00
8.068480e+00 8.099063e+00 5.100040e+00
8.068415e+00 8.098970e+00 5.100040e+00
8.068348e+00 8.098873e+00 5.100040e+00
8.068279e+00 8.098773e+00 5.100040e+00
8.068207e+00 8.098669e+00 5.100040e+00
8.068133e+00 8.098561e+00 5.100040e+00
8.068056e+00 8.098450e+00 5.100040e+00
8.067976e+00 8.098335e+00 5.100040e+00
8.067895e+00 8.098216e+00 5.100040e+00
8.067810e+00 8.098094e+00 5.100040e+00
8.067723e+00 8.097969e+00 5.100040e+00
8.067634e+00 8.097839e+00 5.100040e+00
8.067542e+00 8.097707e+00 5.100040e+00
8.067448e+00 8.097570e+00 5.100040e+00
8.067351e+00 8.097430e+00 5.100040e+00
8.067252e+00 8.097287e+00 5.100040e+00
8.067150e+00 8.097140e+00 5.100040e+00
8.067046e+00 8.096989e+00 5.100040e+00
8.066939e+00 8.096835e+00 5.100040e+00
8.066830e+00 8.096677e+00 5.100040e+00
8.066719e+00 8.096516e+00 5.100040e+00
8.066605e+00 8.096351e+00 5.100040e+00
8.066488e+00 8.096183e+00 5.100040e+00
8.066370e+00 8.096011e+00 5.100040e+00
8.066248e+00 8.095835e+00 5.100040e+00
8.066125e+00 8.095656e+00 5.100040e+00
8.065999e+00 8.095474e+00 5.100040e+00
8.065870e+00 8.095288e+00 5.100040e+00
8.065739e+00 8.095099e+00 5.100040e+00
8.065606e+00 8.094906e+00 5.100040e+00
8.065470e+00 8.094710e+00 5.100040e+00
8.065332e+00 8.094510e+00 5.100040e+00
8.065192e+00 8.094307e+00 5.100040e+00
8.065049e+00 8.094100e+00 5.100040e+00
8.064904e+00 8.093890e+00 5.100040e+00
8.064756e+00 8.093677e+00 5.100040e+00
8.064606e+00 8.093460e+00 5.100040e+00
8.064454e+00 8.093240e+00 5.100040e+00
8.064299e+00 8.093016e+00 5.100040e+00
8.064142e+00 8.092789e+00 5.100040e+00
8.063983e+00 8.092559e+00 5.100040e+00
8.063822e+00 8.092325e+00 5.100040e+00
8.063658e+00 8.092088e+00 5.100040e+00
8.063492e+00 8.091848e+00 5.100040e+00
8.063323e+00 8.091605e+00 5.100040e+00
8.063152e+00 8.091358e+00 5.100040e+00
8.062979e+00 8.091108e+00 5.100040e+00
8.062804e+00 8.090854e+00 5.100040e+00
8.062627e+00 8.090597e+00 5.100040e+00
8.062447e+00 8.090337e+00 5.100040e+00
8.062265e+00 8.090074e+00 5.100040e+00
8.062081e+00 8.089808e+00 5.100040e+00
8.061894e+00 8.089538e+00 5.100040e+00
8.061705e+00 8.089265e+00 5.100040e+00
8.061514e+00 8.088989e+00 5.100040e+00
8.061321e+00 8.088710e+00 5.100040e+00
8.061126e+00 8.088427e+00 5.100040e+00
8.060928e+00 8.088141e+00 5.100040e+00
8.060728e+00 8.087852e+00 5.100040e+00
8.060526e+00 8.087560e+00 5.100040e+00
8.060322e+00 8.087265e+00 5.100040e+00
8.060116e+00 8.086967e+00 5.100040e+00
8.059907e+00 8.086665e+00 5.100040e+00
8.059697e+00 8.086361e+00 5.100040e+00
8.059484e+00 8.086053e+00 5.100040e+00
8.059269e+00 8.085742e+00 5.100040e+00
8.059052e+00 8.085428e+00 5.100040e+00
8.058832e+00 8.085111e+00 5.100040e+00
8.058611e+00 8.084791e+00 5.100040e+00
8.058387e+00 8.084468e+00 5.100040e+00
8.058162e+00 8.084141e+00 5.100040e+00
8.057934e+00 8.083812e+00 5.100040e+00
8.057704e+00 8.083479e+00 5.100040e+00
8.057472e+00 8.083144e+00 5.100040e+00
8.057238e+00 8.082805e+00 5.100040e+00
8.057002e+00 8.082464e+00 5.100040e+00
8.056763e+00 8.082119e+00 5.100040e+00
8.056523e+00 8.081772e+00 5.100040e+00
8.056281e+00 8.081421e+00 5.100040e+00
8.056036e+00 8.081068e+00 5.100040e+00
8.055790e+00 8.080711e+00 5.100040e+00
8.055541e+00 8.080352e+00 5.100040e+00
8.055290e+00 8.079989e+00 5.100040e+00
8.055038e+00 8.079624e+00 5.100040e+00
8.054783e+00 8.079255e+00 5.100040e+00
8.054526e+00 8.078884e+00 5.100040e+00
8.054267e+00 8.078510e+00 5.100040e+00
8.054007e+00 8.078133e+00 5.100040e+00
8.053744e+00 8.077753e+00 5.100040e+00
8.053479e+00 8.077370e+00 5.100040e+00
8.053212e+00 8.076985e+00 5.100040e+00
8.052944e+00 8.076596e+00 5.100040e+00
8.052673e+00 8.076205e+00 5.100040e+00
8.052401e+00 8.075811e+00 5.100040e+00
8.052126e+00 8.075414e+00 5.100040e+00
8.051850e+00 8.075014e+00 5.100040e+00
8.051572e+00 8.074612e+00 5.100040e+00
8.051291e+00 8.074207e+00 5.100040e+00
8.051009e+00 8.073799e+00 5.100040e+00
8.050725e+00 8.073388e+00 5.100040e+00
8.050440e+00 8.072975e+00 5.100040e+00
8.050152e+00 8.072559e+00 5.100040e+00
8.049863e+00 8.072141e+00 5.100040e+00
8.049571e+00 8.071719e+00 5.100040e+00
8.049278e+00 8.071296e+00 5.100040e+00
8.048983e+00 8.070869e+00 5.100040e+00
8.048687e+00 8.070440e+00 5.100040e+00
8.048388e+00 8.070008e+00 5.100040e+00
8.048088e+00 8.069574e+00 5.100040e+00
8.047786e+00 8.069138e+00 5.100040e+00
8.047482e+00 8.068698e+00 5.100040e+00
8.047177e+00 8.068257e+00 5.100040e+00
8.046870e+00 8.067813e+00 5.100040e+00
8.046561e+00 8.067366e+00 5.100040e+00
8.046250e+00 8.066917e+00 5.100040e+00
8.045938e+00 8.066466e+00 5.100040e+00
8.045624e+00 8.066012e+00 5.100040e+00
8.045309e+00 8.065555e+00 5.100040e+00
8.044992e+00 8.065097e+00 5.100040e+00
8.044673e+00 8.064636e+00 5.100040e+00
8.044352e+00 8.064173e+00 5.100040e+00
8.044030e+00 8.063707e+00 5.100040e+00
8.043707e+00 8.063239e+00 5.100040e+00
8.043382e+00 8.062769e+00 5.100040e+00
8.043055e+00 8.062297e+00 5.100040e+00
8.042727e+00 8.061822e+00 5.100040e+00
8.042397e+00 8.061345e+00 5.100040e+00
8.042066e+00 8.060866e+00 5.100040e+00
8.041733e+00 8.060385e+00 5.100040e+00
8.041399e+00 8.059901e+00 5.100040e+00
8.041063e+00 8.059416e+00 5.100040e+00
8.040725e+00 8.058928e+00 5.100040e+00
8.040387e+00 8.058438e+00 5.100040e+00
8.040046e+00 8.057946e+00 5.100040e+00
8.039705e+00 8.057452e+00 5.100040e+00
8.039362e+00 8.056956e+00 5.100040e+00
8.039017e+00 8.056457e+00 5.100040e+00
8.038671e+00 8.055957e+00 5.100040e+00
8.038324e+00 8.055455e+00 5.100040e+00
8.037975e+00 8.054950e+00 5.100040e+00
8.037625e+00 8.054444e+00 5.100040e+00
8.037273e+00 8.053936e+00 5.100040e+00
8.036920e+00 8.053425e+00 5.100040e+00
8.036566e+00 8.052913e+00 5.100040e+00
8.036210e+00 8.052399e+00 5.100040e+00
8.035854e+00 8.051883e+00 5.100040e+00
8.035495e+00 8.051365e+00 5.100040e+00
8.035136e+00 8.050845e+00 5.100040e+00
8.034775e+00 8.050323e+00 5.100040e+00
8.034413e+00 8.049799e+00 5.100040e+00
8.034049e+00 8.049273e+00 5.100040e+00
8.033685e+00 8.048746e+00 5.100040e+00
8.033319e+00 8.048217e+00 5.100040e+00
8.032952e+00 8.047686e+00 5.100040e+00
8.032583e+00 8.047153e+00 5.100040e+00
8.032213e+00 8.046619e+00 5.100040e+00
8.031843e+00 8.046082e+00 5.100040e+00
8.031471e+00 8.045544e+00 5.100040e+00
8.031097e+00 8.045005e+00 5.100040e+00
8.030723e+00 8.044463e+00 5.100040e+00
8.030348e+00 8.043920e+00 5.100040e+00
8.029971e+00 8.043375e+00 5.100040e+00
8.029593e+00 8.042829e+00 5.100040e+00
8.029214e+00 8.042281e+00 5.100040e+00
8.028834e+00 8.041732e+00 5.100040e+00
8.028453e+00 8.041181e+00 5.100040e+00
8.028071e+00 8.040628e+00 5.100040e+00
8.027688e+00 8.040074e+00 5.100040e+00
8.027304e+00 8.039518e+00 5.100040e+00
8.026918e+00 8.038961e+00 5.100040e+00
8.026532e+00 8.038402e+00 5.100040e+00
8.026145e+00 8.037842e+00 5.100040e+00
8.025757e+00 8.037281e+00 5.100040e+00
8.025367e+00 8.036718e+00 5.100040e+00
8.024977e+00 8.036154e+00 5.100040e+00
8.024586e+00 8.035588e+00 5.100040e+00
8.024194e+00 8.035021e+00 5.100040e+00
8.023801e+00 8.034453e+00 5.100040e+00
8.023408e+00 8.033884e+00 5.100040e+00
8.023013e+00 8.033313e+00 5.100040e+00
8.022617e+00 8.032741e+00 5.100040e+00
8.022221e+00 8.032168e+00 5.100040e+00
8.021824e+00 8.031593e+00 5.100040e+00
8.021426e+00 8.031018e+00 5.100040e+00
8.021027e+00 8.030441e+00 5.100040e+00
8.020628e+00 8.029864e+00 5.100040e+00
8.020228e+00 8.029285e+00 5.100040e+00
8.019827e+00 8.028705e+00 5.100040e+00
8.019425e+00 8.028124e+00 5.100040e+00
8.019023e+00 8.027542e+00 5.100040e+00
8.018619e+00 8.026959e+00 5.100040e+00
8.018216e+00 8.026375e+00 5.100040e+00
8.017811e+00 8.025790e+00 5.100040e+00
8.017406e+00 8.025204e+00 5.100040e+00
8.017000e+00 8.024617e+00 5.100040e+00
8.016594e+00 8.024030e+00 5.100040e+00
8.016187e+00 8.023441e+00 5.100040e+00
8.015780e+00 8.022852e+00 5.100040e+00
8.015372e+00 8.022262e+00 5.100040e+00
8.014963e+00 8.021671e+00 5.100040e+00
8.014554e+00 8.021079e+00 5.100040e+00
8.014144e+00 8.020486e+00 5.100040e+00
8.013734e+00 8.019893e+00 5.100040e+00
8.013323e+00 8.019299e+00 5.100040e+00
8.012912e+00 8.018704e+00 5.100040e+00
8.012500e+00 8.018109e+00 5.100040e+00
8.012088e+00 8.017513e+00 5.100040e+00
8.011675e+00 8.016916e+00 5.100040e+00
8.011262e+00 8.016319e+00 5.100040e+00
8.010849e+00 8.015721e+00 5.100040e+00
8.010435e+00 8.015122e+00 5.100040e+00
8.010021e+00 8.014523e+00 5.100040e+00
8.009606e+00 8.013924e+00 5.100040e+00
8.009191e+00 8.013323e+00 5.100040e+00
8.008776e+00 8.012723e+00 5.100040e+00
8.008360e+00 8.012122e+00 5.100040e+00
8.007944e+00 8.011520e+00 5.100040e+00
8.007528e+00 8.010918e+00 5.100040e+00
8.007111e+00 8.010315e+00 5.100040e+00
8.006694e+00 8.009712e+00 5.100040e+00
8.006277e+00 8.009109e+00 5.100040e+00
8.005859e+00 8.008505e+00 5.100040e+00
8.005442e+00 8.007901e+00 5.100040e+00
8.005024e+00 8.007297e+00 5.100040e+00
8.004606e+00 8.006692e+00 5.100040e+00
8.004187e+00 8.006087e+00 5.100040e+00
8.003769e+00 8.005481e+00 5.100040e+00
8.003350e+00 8.004876e+00 5.100040e+00
8.002931e+00 8.004270e+00 5.100040e+00
8.002512e+00 8.003664e+00 5.100040e+00
8.002093e+00 8.003057e+00 5.100040e+00
8.001673e+00 8.002451e+00 5.100040e+00
8.001254e+00 8.001844e+00 5.100040e+00
8.000834e+00 8.001238e+00 5.100040e+00
8.000415e+00 8.000631e+00 5.100040e+00
7.999995e+00 8.000024e+00 5.100040e+00
7.999575e+00 7.999417e+00 5.100040e+00
7.999155e+00 7.998810e+00 5.100040e+00
7.998735e+00 7.998202e+00 5.100040e+00
7.998316e+00 7.997595e+00 5.100040e+00
7.997896e+00 7.996988e+00 5.100040e+00
7.997476e+00 7.996381e+00 5.100040e+00
7.997056e+00 7.995774e+00 5.100040e+00
7.996637e+00 7.995167e+00 5.100040e+00
7.996217e+00 7.994561e+00 5.100040e+00
7.995798e+00 7.993954e+00 5.100040e+00
7.995378e+00 7.993347e+00 5.100040e+00
7.994959e+00 7.992741e+00 5.100040e+00
7.994540e+00 7.992135e+00 5.100040e+00
7.994121e+00 7.991529e+00 5.100040e+00
7.993702e+00 7.990924e+00 5.100040e+00
7.993284e+00 7.990318e+00 5.100040e+00
7.992866e+00 7.989713e+00 5.100040e+00
7.992448e+00 7.989109e+00 5.100040e+00
7.992030e+00 7.988505e+00 5.100040e+00
7.991612e+00 7.987901e+00 5.100040e+00
7.991195e+00 7.987297e+00 5.100040e+00
7.990778e+00 7.986694e+00 5.100040e+00
7.990361e+00 7.986092e+00 5.100040e+00
7.989945e+00 7.985490e+00 5.100040e+00
7.989529e+00 7.984888e+00 5.100040e+00
7.989113e+00 7.984287e+00 5.100040e+00
7.988698e+00 7.983686e+00 5.100040e+00
7.988283e+00 7.983087e+00 5.100040e+00
7.987869e+00 7.982487e+00 5.100040e+00
7.987455e+00 7.981889e+00 5.100040e+00
7.987041e+00 7.981290e+00 5.100040e+00
7.986628e+00 7.980693e+00 5.100040e+00
7.986215e+00 7.980096e+00 5.100040e+00
7.985803e+00 7.979500e+00 5.100040e+00
7.985392e+00 7.978905e+00 5.100040e+00
7.984981e+00 7.978311e+00 5.100040e+00
7.984570e+00 7.977717e+00 5.100040e+00
7.984160e+00 7.977124e+00 5.100040e+00
7.983750e+00 7.976532e+00 5.100040e+00
7.983342e+00 7.975940e+00 5.100040e+00
7.982933e+00 7.975350e+00 5.100040e+00
7.982526e+00 7.974760e+00 5.100040e+00
7.982118e+00 7.974172e+00 5.100040e+00
7.981712e+00 7.973584e+00 5.100040e+00
7.981306e+00 7.972997e+00 5.100040e+00
7.980901e+00 7.972411e+00 5.100040e+00
7.980497e+00 7.971826e+00 5.100040e+00
7.980093e+00 7.971242e+00 5.100040e+00
7.979690e+00 7.970659e+00 5.100040e+00
7.979287e+00 7.970078e+00 5.100040e+00
7.978886e+00 7.969497e+00 5.100040e+00
7.978485e+00 7.968917e+00 5.100040e+00
7.978084e+00 7.968338e+00 5.100040e+00
7.977685e+00 7.967761e+00 5.100040e+00
7.977286e+00 7.967184e+00 5.100040e+00
7.976888e+00 7.966609e+00 5.100040e+00
7.976491e+00 7.966034e+00 5.100040e+00
7.976095e+00 7.965461e+00 5.100040e+00
7.975699e+00 7.964889e+00 5.100040e+00
7.975305e+00 7.964319e+00 5.100040e+00
7.974911e+00 7.963749e+00 5.100040e+00
7.974518e+00 7.963181e+00 5.100040e+00
7.974126e+00 7.962614e+00 5.100040e+00
7.973735e+00 7.962048e+00 5.100040e+00
7.973344e+00 7.961484e+00 5.100040e+00
7.972955e+00 7.960921e+00 5.100040e+00
7.972566e+00 7.960359e+00 5.100040e+00
7.972179e+00 7.959799e+00 5.100040e+00
7.971792e+00 7.959240e+00 5.100040e+00
7.971407e+00 7.958682e+00 5.100040e+00
7.971022e+00 7.958126e+00 5.100040e+00
7.970638e+00 7.957571e+00 5.100040e+00
7.970256e+00 7.957018e+00 5.100040e+00
7.969874e+00 7.956466e+00 5.100040e+00
7.969494e+00 7.955916e+00 5.100040e+00
7.969114e+00 7.955367e+00 5.100040e+00
7.968735e+00 7.954820e+00 5.100040e+00
7.968358e+00 7.954274e+00 5.100040e+00
7.967982e+00 7.953730e+00 5.100040e+00
7.967607e+00 7.953187e+00 5.100040e+00
7.967232e+00 7.952647e+00 5.100040e+00
7.966859e+00 7.952107e+00 5.100040e+00
7.966488e+00 7.951570e+00 5.100040e+00
7.966117e+00 7.951034e+00 5.100040e+00
7.965748e+00 7.950500e+00 5.100040e+00
7.965379e+00 7.949967e+00 5.100040e+00
7.965012e+00 7.949436e+00 5.100040e+00
7.964646e+00 7.948908e+00 5.100040e+00
7.964282e+00 7.948380e+00 5.100040e+00
7.963918e+00 7.947855e+00 5.100040e+00
7.963556e+00 7.947332e+00 5.100040e+00
7.963196e+00 7.946810e+00 5.100040e+00
7.962836e+00 7.946290e+00 5.100040e+00
7.962478e+00 7.945772e+00 5.100040e+00
7.962121e+00 7.945256e+00 5.100040e+00
7.961766e+00 7.944743e+00 5.100040e+00
7.961412e+00 7.944231e+00 5.100040e+00
7.961059e+00 7.943721e+00 5.100040e+00
7.960707e+00 7.943213e+00 5.100040e+00
7.960358e+00 7.942707e+00 5.100040e+00
7.960009e+00 7.942203e+00 5.100040e+00
7.959662e+00 7.941701e+00 5.100040e+00
7.959316e+00 7.941201e+00 5.100040e+00
7.958972e+00 7.940703e+00 5.100040e+00
7.958629e+00 7.940208e+00 5.100040e+00
7.958288e+00 7.939714e+00 5.100040e+00
7.957948e+00 7.939223e+00 5.100040e+00
7.957610e+00 7.938734e+00 5.100040e+00
7.957273e+00 7.938247e+00 5.100040e+00
7.956938e+00 7.937763e+00 5.100040e+00
7.956604e+00 7.937280e+00 5.100040e+00
7.956272e+00 7.936800e+00 5.100040e+00
7.955941e+00 7.936322e+00 5.100040e+00
7.955612e+00 7.935846e+00 5.100040e+00
7.955285e+00 7.935373e+00 5.100040e+00
7.954959e+00 7.934902e+00 5.100040e+00
7.954635e+00 7.934433e+00 5.100040e+00
7.954312e+00 7.933967e+00 5.100040e+00
7.953991e+00 7.933503e+00 5.100040e+00
7.953672e+00 7.933041e+00 5.100040e+00
7.953354e+00 7.932582e+00 5.100040e+00
7.953038e+00 7.932125e+00 5.100040e+00
7.952724e+00 7.931670e+00 5.100040e+00
7.952411e+00 7.931218e+00 5.100040e+00
7.952100e+00 7.930768e+00 5.100040e+00
7.951791e+00 7.930321e+00 5.100040e+00
7.951483e+00 7.929876e+00 5.100040e+00
7.951177e+00 7.929434e+00 5.100040e+00
7.950873e+00 7.928994e+00 5.100040e+00
7.950570e+00 7.928557e+00 5.100040e+00
7.950270e+00 7.928122e+00 5.100040e+00
7.949971e+00 7.927690e+00 5.100040e+00
7.949673e+00 7.927260e+00 5.100040e+00
7.949378e+00 7.926833e+00 5.100040e+00
7.949084e+00 7.926408e+00 5.100040e+00
7.948792e+00 7.925986e+00 5.100040e+00
7.948502e+00 7.925567e+00 5.100040e+00
7.948214e+00 7.925150e+00 5.100040e+00
7.947927e+00 7.924736e+00 5.100040e+00
7.947643e+00 7.924324e+00 5.100040e+00
7.947360e+00 7.923915e+00 5.100040e+00
7.947079e+00 7.923509e+00 5.100040e+00
7.946799e+00 7.923105e+00 5.100040e+00
7.946522e+00 7.922704e+00 5.100040e+00
7.946247e+00 7.922306e+00 5.100040e+00
7.945973e+00 7.921911e+00 5.100040e+00
7.945701e+00 7.921518e+00 5.100040e+00
7.945432e+00 7.921128e+00 5.100040e+00
7.945164e+00 7.920741e+00 5.100040e+00
7.944898e+00 7.920356e+00 5.100040e+00
7.944634e+00 7.919975e+00 5.100040e+00
7.944372e+00 7.919596e+00 5.100040e+00
7.944112e+00 7.919220e+00 5.100040e+00
7.943853e+00 7.918847e+00 5.100040e+00
7.943597e+00 7.918476e+00 5.100040e+00
7.943343e+00 7.918109e+00 5.100040e+00
7.943091e+00 7.917744e+00 5.100040e+00
7.942841e+00 7.917383e+00 5.100040e+00
7.942593e+00 7.917024e+00 5.100040e+00
7.942347e+00 7.916668e+00 5.100040e+00
7.942102e+00 7.916315e+00 5.100040e+00
7.941860e+00 7.915965e+00 5.100040e+00
7.941621e+00 7.915619e+00 5.100040e+00
7.941383e+00 7.915275e+00 5.100040e+00
7.941147e+00 7.914934e+00 5.100040e+00
7.940913e+00 7.914596e+00 5.100040e+00
7.940682e+00 7.914261e+00 5.100040e+00
7.940452e+00 7.913929e+00 5.100040e+00
7.940225e+00 7.913601e+00 5.100040e+00
7.939999e+00 7.913275e+00 5.100040e+00
7.939776e+00 7.912953e+00 5.100040e+00
7.939555e+00 7.912633e+00 5.100040e+00
7.939337e+00 7.912317e+00 5.100040e+00
7.939120e+00 7.912004e+00 5.100040e+00
7.938906e+00 7.911694e+00 5.100040e+00
7.938693e+00 7.911387e+00 5.100040e+00
7.938483e+00 7.911083e+00 5.100040e+00
7.938276e+00 7.910783e+00 5.100040e+00
7.938070e+00 7.910486e+00 5.100040e+00
7.937867e+00 7.910192e+00 5.100040e+00
7.937665e+00 7.909901e+00 5.100040e+00
7.937466e+00 7.909613e+00 5.100040e+00
7.937270e+00 7.909329e+00 5.100040e+00
7.937075e+00 7.909048e+00 5.100040e+00
7.936883e+00 7.908770e+00 5.100040e+00
7.936693e+00 7.908495e+00 5.100040e+00
7.936506e+00 7.908224e+00 5.100040e+00
7.936320e+00 7.907956e+00 5.100040e+00
7.936137e+00 7.907691e+00 5.100040e+00
7.935956e+00 7.907429e+00 5.100040e+00
7.935778e+00 7.907171e+00 5.100040e+00
7.935601e+00 7.906916e+00 5.100040e+00
7.935427e+00 7.906665e+00 5.100040e+00
7.935256e+00 7.906417e+00 5.100040e+00
7.935086e+00 7.906172e+00 5.100040e+00
7.934919e+00 7.905930e+00 5.100040e+00
7.934755e+00 7.905692e+00 5.100040e+00
7.934592e+00 7.905457e+00 5.100040e+00
7.934432e+00 7.905225e+00 5.100040e+00
7.934274e+00 7.904997e+00 5.100040e+00
7.934119e+00 7.904772e+00 5.100040e+00
7.933966e+00 7.904551e+00 5.100040e+00
7.933815e+00 7.904333e+00 5.100040e+00
7.933666e+00 7.904118e+00 5.100040e+00
7.933520e+00 7.903907e+00 5.100040e+00
7.933377e+00 7.903699e+00 5.100040e+00
7.933235e+00 7.903495e+00 5.100040e+00
7.933096e+00 7.903293e+00 5.100040e+00
7.932959e+00 7.903096e+00 5.100040e+00
7.932825e+00 7.902901e+00 5.100040e+00
7.932693e+00 7.902711e+00 5.100040e+00
7.932564e+00 7.902523e+00 5.100040e+00
7.932436e+00 7.902339e+00 5.100040e+00
7.932312e+00 7.902159e+00 5.100040e+00
7.932189e+00 7.901981e+00 5.100040e+00
7.932069e+00 7.901808e+00 5.100040e+00
7.931951e+00 7.901638e+00 5.100040e+00
7.931836e+00 7.901471e+00 5.100040e+00
7.931723e+00 7.901307e+00 5.100040e+00
7.931613e+00 7.901148e+00 5.100040e+00
7.931505e+00 7.900991e+00 5.100040e+00
7.931399e+00 7.900838e+00 5.100040e+00
7.931296e+00 7.900689e+00 5.100040e+00
7.931195e+00 7.900543e+00 5.100040e+00
7.931097e+00 7.900401e+00 5.100040e+00
7.931001e+00 7.900262e+00 5.100040e+00
7.930907e+00 7.900127e+00 5.100040e+00
7.930816e+00 7.899995e+00 5.100040e+00
7.930728e+00 7.899867e+00 5.100040e+00
7.930642e+00 7.899742e+00 5.100040e+00
7.930558e+00 7.899621e+00 5.100040e+00
7.930477e+00 7.899503e+00 5.100040e+00
7.930398e+00 7.899389e+00 5.100040e+00
7.930322e+00 7.899279e+00 5.100040e+00
7.930248e+00 7.899172e+00 5.100040e+00
7.930176e+00 7.899069e+00 5.100040e+00
7.930108e+00 7.898969e+00 5.100040e+00
7.930041e+00 7.898873e+00 5.100040e+00
7.929978e+00 7.898781e+00 5.100040e+00
7.929916e+00 7.898692e+00 5.100040e+00
7.929857e+00 7.898606e+00 5.100040e+00
7.929801e+00 7.898525e+00 5.100040e+00
7.929747e+00 7.898447e+00 5.100040e+00
7.929696e+00 7.898372e+00 5.100040e+00
7.929647e+00 7.898302e+00 5.100040e+00
7.929601e+00 7.898235e+00 5.100040e+00
7.929557e+00 7.898171e+00 5.100040e+00
7.929516e+00 7.898111e+00 5.100040e+00
7.929477e+00 7.898055e+00 5.100040e+00
7.929441e+00 7.898003e+00 5.100040e+00
7.929408e+00 7.897954e+00 5.100040e+00
7.929376e+00 7.897909e+00 5.100040e+00
7.929348e+00 7.897867e+00 5.100040e+00
7.929322e+00 7.897829e+00 5.100040e+00
7.929298e+00 7.897795e+00 5.100040e+00
7.929277e+00 7.897764e+00 5.100040e+00
7.929259e+00 7.897737e+00 5.100040e+00
7.929243e+00 7.897714e+00 5.100040e+00
7.929230e+00 7.897695e+00 5.100040e+00
7.929219e+00 7.897679e+00 5.100040e+00
7.929211e+00 7.897666e+00 5.100040e+00
7.929205e+00 7.897658e+00 5.100040e+00
7.929202e+00 7.897653e+00 5.100040e+00
7.929201e+00 7.897651e+00 5.100040e+00
7.929203e+00 7.897654e+00 5.100040e+00
7.929207e+00 7.897660e+00 5.100040e+00
7.929214e+00 7.897669e+00 5.100040e+00
7.929224e+00 7.897683e+00 5.100040e+00
7.929236e+00 7.897700e+00 5.100040e+00
7.929250e+00 7.897720e+00 5.100040e+00
7.929267e+00 7.897744e+00 5.100040e+00
7.929287e+00 7.897772e+00 5.100040e+00
7.929309e+00 7.897804e+00 5.100040e+00
7.929333e+00 7.897839e+00 5.100040e+00
7.929361e+00 7.897878e+00 5.100040e+00
7.929390e+00 7.897920e+00 5.100040e+00
7.929422e+00 7.897966e+00 5.100040e+00
7.929457e+00 7.898015e+00 5.100040e+00
7.929494e+00 7.898068e+00 5.100040e+00
7.929533e+00 7.898125e+00 5.100040e+00
7.929575e+00 7.898186e+00 5.100040e+00
7.929620e+00 7.898249e+00 5.100040e+00
7.929667e+00 7.898317e+00 5.100040e+00
7.929717e+00 7.898388e+00 5.100040e+00
7.929769e+00 7.898463e+00 5.100040e+00
7.929823e+00 7.898541e+00 5.100040e+00
7.929880e+00 7.898623e+00 5.100040e+00
7.929939e+00 7.898708e+00 5.100040e+00
7.930001e+00 7.898797e+00 5.100040e+00
7.930066e+00 7.898890e+00 5.100040e+00
7.930133e+00 7.898986e+00 5.100040e+00
7.930202e+00 7.899086e+00 5.100040e+00
7.930274e+00 7.899189e+00 5.100040e+00
7.930348e+00 7.899296e+00 5.100040e+00
7.930425e+00 7.899406e+00 5.100040e+00
7.930504e+00 7.899520e+00 5.100040e+00
7.930585e+00 7.899637e+00 5.100040e+00
7.930669e+00 7.899758e+00 5.100040e+00
7.930756e+00 7.899883e+00 5.100040e+00
7.930845e+00 7.900011e+00 5.100040e+00
7.930936e+00 7.900143e+00 5.100040e+00
7.931030e+00 7.900278e+00 5.100040e+00
7.931127e+00 7.900416e+00 5.100040e+00
7.931225e+00 7.900559e+00 5.100040e+00
7.931327e+00 7.900704e+00 5.100040e+00
7.931430e+00 7.900854e+00 5.100040e+00
7.931536e+00 7.901007e+00 5.100040e+00
7.931645e+00 7.901163e+00 5.100040e+00
7.931756e+00 7.901323e+00 5.100040e+00
7.931869e+00 7.901486e+00 5.100040e+00
7.931985e+00 7.901653e+00 5.100040e+00
7.932104e+00 7.901823e+00 5.100040e+00
7.932224e+00 7.901997e+00 5.100040e+00
7.932348e+00 7.902175e+00 5.100040e+00
7.932473e+00 7.902356e+00 5.100040e+00
7.932601e+00 7.902540e+00 5.100040e+00
7.932732e+00 7.902728e+00 5.100040e+00
7.932864e+00 7.902919e+00 5.100040e+00
7.933000e+00 7.903114e+00 5.100040e+00
7.933137e+00 7.903312e+00 5.100040e+00
7.933277e+00 7.903514e+00 5.100040e+00
7.933420e+00 7.903719e+00 5.100040e+00
7.933565e+00 7.903928e+00 5.100040e+00
7.933712e+00 7.904140e+00 5.100040e+00
7.933861e+00 7.904356e+00 5.100040e+00
7.934013e+00 7.904575e+00 5.100040e+00
7.934168e+00 7.904797e+00 5.100040e+00
7.934325e+00 7.905023e+00 5.100040e+00
7.934484e+00 7.905252e+00 5.100040e+00
7.934645e+00 7.905485e+00 5.100040e+00
7.934809e+00 7.905721e+00 5.100040e+00
7.934975e+00 7.905960e+00 5.100040e+00
7.935143e+00 7.906203e+00 5.100040e+00
7.935314e+00 7.906449e+00 5.100040e+00
7.935487e+00 7.906698e+00 5.100040e+00
7.935663e+00 7.906951e+00 5.100040e+00
7.935840e+00 7.907207e+00 5.100040e+00
7.936020e+00 7.907467e+00 5.100040e+00
7.936203e+00 7.907730e+00 5.100040e+00
7.936387e+00 7.907996e+00 5.100040e+00
7.936574e+00 7.908265e+00 5.100040e+00
7.936763e+00 7.908537e+00 5.100040e+00
7.936955e+00 7.908813e+00 5.100040e+00
7.937148e+00 7.909092e+00 5.100040e+00
7.937344e+00 7.909375e+00 5.100040e+00
7.937542e+00 7.909660e+00 5.100040e+00
7.937742e+00 7.909949e+00 5.100040e+00
7.937945e+00 7.910241e+00 5.100040e+00
7.938149e+00 7.910536e+00 5.100040e+00
7.938356e+00 7.910834e+00 5.100040e+00
7.938565e+00 7.911135e+00 5.100040e+00
7.938777e+00 7.911440e+00 5.100040e+00
7.938990e+00 7.911747e+00 5.100040e+00
7.939205e+00 7.912058e+00 5.100040e+00
7.939423e+00 7.912372e+00 5.100040e+00
7.939643e+00 7.912689e+00 5.100040e+00
7.939865e+00 7.913009e+00 5.100040e+00
7.940089e+00 7.913332e+00 5.100040e+00
7.940315e+00 7.913658e+00 5.100040e+00
7.940543e+00 7.913987e+00 5.100040e+00
7.940774e+00 7.914319e+00 5.100040e+00
7.941006e+00 7.914654e+00 5.100040e+00
7.941241e+00 7.914993e+00 5.100040e+00
7.941477e+00 7.915334e+00 5.100040e+00
7.941716e+00 7.915678e+00 5.100040e+00
7.941957e+00 7.916025e+00 5.100040e+00
7.942200e+00 7.916375e+00 5.100040e+00
7.942444e+00 7.916728e+00 5.100040e+00
7.942691e+00 7.917084e+00 5.100040e+00
7.942940e+00 7.917443e+00 5.100040e+00
7.943191e+00 7.917805e+00 5.100040e+00
7.943444e+00 7.918170e+00 5.100040e+00
7.943699e+00 7.918537e+00 5.100040e+00
7.943956e+00 7.918908e+00 5.100040e+00
7.944214e+00 7.919281e+00 5.100040e+00
7.944475e+00 7.919657e+00 5.100040e+00
7.944738e+00 7.920036e+00 5.100040e+00
7.945003e+00 7.920418e+00 5.100040e+00
7.945269e+00 7.920803e+00 5.100040e+00
7.945538e+00 7.921190e+00 5.100040e+00
7.945809e+00 7.921580e+00 5.100040e+00
7.946081e+00 7.921974e+00 5.100040e+00
7.946356e+00 7.922369e+00 5.100040e+00
7.946632e+00 7.922768e+00 5.100040e+00
7.946910e+00 7.923170e+00 5.100040e+00
7.947191e+00 7.923574e+00 5.100040e+00
7.947473e+00 7.923981e+00 5.100040e+00
7.947757e+00 7.924390e+00 5.100040e+00
7.948043e+00 7.924802e+00 5.100040e+00
7.948330e+00 7.925217e+00 5.100040e+00
7.948620e+00 7.925635e+00 5.100040e+00
7.948911e+00 7.926055e+00 5.100040e+00
7.949204e+00 7.926478e+00 5.100040e+00
7.949499e+00 7.926904e+00 5.100040e+00
7.949796e+00 7.927332e+00 5.100040e+00
7.950095e+00 7.927763e+00 5.100040e+00
7.950395e+00 7.928197e+00 5.100040e+00
7.950698e+00 7.928633e+00 5.100040e+00
7.951002e+00 7.929071e+00 5.100040e+00
7.951308e+00 7.929513e+00 5.100040e+00
7.951615e+00 7.929956e+00 5.100040e+00
7.951924e+00 7.930403e+00 5.100040e+00
7.952235e+00 7.930851e+00 5.100040e+00
7.952548e+00 7.931302e+00 5.100040e+00
7.952863e+00 7.931756e+00 5.100040e+00
7.953179e+00 7.932212e+00 5.100040e+00
7.953497e+00 7.932671e+00 5.100040e+00
7.953816e+00 7.933132e+00 5.100040e+00
7.954137e+00 7.933595e+00 5.100040e+00
7.954460e+00 7.934061e+00 5.100040e+00
7.954784e+00 7.934529e+00 5.100040e+00
7.955110e+00 7.934999e+00 5.100040e+00
7.955438e+00 7.935472e+00 5.100040e+00
7.955767e+00 7.935947e+00 5.100040e+00
7.956098e+00 7.936424e+00 5.100040e+00
7.956430e+00 7.936904e+00 5.100040e+00
7.956764e+00 7.937385e+00 5.100040e+00
7.957099e+00 7.937869e+00 5.100040e+00
7.957436e+00 7.938355e+00 5.100040e+00
7.957775e+00 7.938844e+00 5.100040e+00
7.958115e+00 7.939334e+00 5.100040e+00
7.958456e+00 7.939827e+00 5.100040e+00
7.958799e+00 7.940322e+00 5.100040e+00
7.959143e+00 7.940818e+00 5.100040e+00
7.959489e+00 7.941317e+00 5.100040e+00
7.959836e+00 7.941818e+00 5.100040e+00
7.960184e+00 7.942321e+00 5.100040e+00
7.960534e+00 7.942826e+00 5.100040e+00
7.960886e+00 7.943333e+00 5.100040e+00
7.961238e+00 7.943842e+00 5.100040e+00
7.961592e+00 7.944353e+00 5.100040e+00
7.961948e+00 7.944866e+00 5.100040e+00
7.962304e+00 7.945381e+00 5.100040e+00
7.962662e+00 7.945898e+00 5.100040e+00
7.963022e+00 7.946416e+00 5.100040e+00
7.963382e+00 7.946937e+00 5.100040e+00
7.963744e+00 7.947459e+00 5.100040e+00
7.964107e+00 7.947983e+00 5.100040e+00
7.964472e+00 7.948509e+00 5.100040e+00
7.964837e+00 7.949037e+00 5.100040e+00
7.965204e+00 7.949566e+00 5.100040e+00
7.965572e+00 7.950098e+00 5.100040e+00
7.965942e+00 7.950631e+00 5.100040e+00
7.966312e+00 7.951165e+00 5.100040e+00
7.966684e+00 7.951702e+00 5.100040e+00
7.967056e+00 7.952240e+00 5.100040e+00
7.967430e+00 7.952780e+00 5.100040e+00
7.967806e+00 7.953321e+00 5.100040e+00
7.968182e+00 7.953865e+00 5.100040e+00
7.968559e+00 7.954409e+00 5.100040e+00
7.968938e+00 7.954956e+00 5.100040e+00
7.969317e+00 7.955504e+00 5.100040e+00
7.969698e+00 7.956053e+00 5.100040e+00
7.970080e+00 7.956604e+00 5.100040e+00
7.970462e+00 7.957157e+00 5.100040e+00
7.970846e+00 7.957711e+00 5.100040e+00
7.971231e+00 7.958267e+00 5.100040e+00
7.971617e+00 7.958824e+00 5.100040e+00
7.972004e+00 7.959382e+00 5.100040e+00
7.972392e+00 7.959942e+00 5.100040e+00
7.972781e+00 7.960504e+00 5.100040e+00
7.973171e+00 7.961067e+00 5.100040e+00
7.973562e+00 7.961631e+00 5.100040e+00
7.973953e+00 7.962197e+00 5.100040e+00
7.974346e+00 7.962764e+00 5.100040e+00
7.974740e+00 7.963332e+00 5.100040e+00
7.975134e+00 7.963902e+00 5.100040e+00
7.975530e+00 7.964473e+00 5.100040e+00
7.975926e+00 7.965045e+00 5.100040e+00
7.976324e+00 7.965619e+00 5.100040e+00
7.976722e+00 7.966194e+00 5.100040e+00
7.977121e+00 7.966770e+00 5.100040e+00
7.977520e+00 7.967347e+00 5.100040e+00
7.977921e+00 7.967925e+00 5.100040e+00
7.978322e+00 7.968505e+00 5.100040e+00
7.978724e+00 7.969086e+00 5.100040e+00
7.979127e+00 7.969667e+00 5.100040e+00
7.979531e+00 7.970250e+00 5.100040e+00
7.979935e+00 7.970834e+00 5.100040e+00
7.980341e+00 7.971419e+00 5.100040e+00
7.980746e+00 7.972005e+00 5.100040e+00
7.981153e+00 7.972592e+00 5.100040e+00
7.981560e+00 7.973180e+00 5.100040e+00
7.981968e+00 7.973769e+00 5.100040e+00
7.982376e+00 7.974359e+00 5.100040e+00
7.982786e+00 7.974950e+00 5.100040e+00
7.983195e+00 7.975542e+00 5.100040e+00
7.983606e+00 7.976134e+00 5.100040e+00
7.984016e+00 7.976728e+00 5.100040e+00
7.984428e+00 7.977322e+00 5.100040e+00
7.984840e+00 7.977917e+00 5.100040e+00
7.985252e+00 7.978512e+00 5.100040e+00
7.985665e+00 7.979109e+00 5.100040e+00
7.986079e+00 7.979706e+00 5.100040e+00
7.986493e+00 7.980304e+00 5.100040e+00
7.986907e+00 7.980902e+00 5.100040e+00
7.987322e+00 7.981501e+00 5.100040e+00
7.987737e+00 7.982101e+00 5.100040e+00
7.988153e+00 7.982702e+00 5.100040e+00
7.988569e+00 7.983303e+00 5.100040e+00
7.988985e+00 7.983904e+00 5.100040e+00
7.989402e+00 7.984506e+00 5.100040e+00
7.989819e+00 7.985109e+00 5.100040e+00
7.990237e+00 7.985712e+00 5.100040e+00
7.990655e+00 7.986315e+00 5.100040e+00
7.991073e+00 7.986919e+00 5.100040e+00
7.991491e+00 7.987523e+00 5.100040e+00
7.991910e+00 7.988128e+00 5.100040e+00
7.992329e+00 7.988733e+00 5.100040e+00
7.992748e+00 7.989338e+00 5.100040e+00
7.993167e+00 7.989944e+00 5.100040e+00
7.993587e+00 7.990550e+00 5.100040e+00
7.994006e+00 7.991157e+00 5.100040e+00
7.994426e+00 7.991763e+00 5.100040e+00
7.994846e+00 7.992370e+00 5.100040e+00
7.995267e+00 7.992977e+00 5.100040e+00
7.995687e+00 7.993585e+00 5.100040e+00
7.996108e+00 7.994192e+00 5.100040e+00
7.996528e+00 7.994800e+00 5.100040e+00
7.996949e+00 7.995408e+00 5.100040e+00
7.997370e+00 7.996016e+00 5.100040e+00
7.997791e+00 7.996624e+00 5.100040e+00
7.998212e+00 7.997232e+00 5.100040e+00
7.998633e+00 7.997840e+00 5.100040e+00
7.999054e+00 7.998448e+00 5.100040e+00
7.999475e+00 7.999057e+00 5.100040e+00
7.999896e+00 7.999665e+00 5.100040e+00
8.000317e+00 8.000273e+00 5.100040e+00
8.000738e+00 8.000882e+00 5.100040e+00
8.001160e+00 8.001490e+00 5.100040e+00
8.001581e+00 8.002098e+00 5.100040e+00
8.002001e+00 8.002707e+00 5.100040e+00
8.002422e+00 8.003315e+00 5.100040e+00
8.002843e+00 8.003923e+00 5.100040e+00
8.003264e+00 8.004530e+00 5.100040e+00
8.003684e+00 8.005138e+00 5.100040e+00
8.004105e+00 8.005745e+00 5.100040e+00
8.004525e+00 8.006353e+00 5.100040e+00
8.004945e+00 8.006960e+00 5.100040e+00
8.005365e+00 8.007567e+00 5.100040e+00
8.005785e+00 8.008173e+00 5.100040e+00
8.006205e+00 8.008780e+00 5.100040e+00
8.006624e+00 8.009385e+00 5.100040e+00
8.007043e+00 8.009991e+00 5.100040e+00
8.007462e+00 8.010596e+00 5.100040e+00
8.007881e+00 8.011201e+00 5.100040e+00
8.008299e+00 8.011806e+00 5.100040e+00
8.008717e+00 8.012410e+00 5.100040e+00
8.009135e+00 8.013014e+00 5.100040e+00
8.009553e+00 8.013617e+00 5.100040e+00
8.009970e+00 8.014220e+00 5.100040e+00
8.010387e+00 8.014822e+00 5.100040e+00
8.010803e+00 8.015424e+00 5.100040e+00
8.011219e+00 8.016025e+00 5.100040e+00
8.011635e+00 8.016625e+00 5.100040e+00
8.012050e+00 8.017225e+00 5.100040e+00
8.012464e+00 8.017825e+00 5.100040e+00
8.012879e+00 8.018423e+00 5.100040e+00
8.013293e+00 8.019021e+00 5.100040e+00
8.013706e+00 8.019619e+00 5.100040e+00
8.014119e+00 8.020215e+00 5.100040e+00
8.014531e+00 8.020811e+00 5.100040e+00
8.014943e+00 8.021406e+00 5.100040e+00
8.015354e+00 8.022000e+00 5.100040e+00
8.015765e+00 8.022594e+00 5.100040e+00
8.016175e+00 8.023187e+00 5.100040e+00
8.016584e+00 8.023778e+00 5.100040e+00
8.016993e+00 8.024369e+00 5.100040e+00
8.017401e+00 8.024959e+00 5.100040e+00
8.017809e+00 8.025548e+00 5.100040e+00
8.018216e+00 8.026136e+00 5.100040e+00
8.018622e+00 8.026723e+00 5.100040e+00
8.019027e+00 8.027309e+00 5.100040e+00
8.019432e+00 8.027894e+00 5.100040e+00
8.019836e+00 8.028478e+00 5.100040e+00
8.020240e+00 8.029061e+00 5.100040e+00
8.020642e+00 8.029643e+00 5.100040e+00
8.021044e+00 8.030224e+00 5.100040e+00
8.021445e+00 8.030803e+00 5.100040e+00
8.021845e+00 8.031382e+00 5.100040e+00
8.022244e+00 8.031959e+00 5.100040e+00
8.022643e+00 8.032535e+00 5.100040e+00
8.023041e+00 8.033110e+00 5.100040e+00
8.023437e+00 8.033683e+00 5.100040e+00
8.023833e+00 8.034256e+00 5.100040e+00
8.024229e+00 8.034827e+00 5.100040e+00
8.024623e+00 8.035397e+00 5.100040e+00
8.025016e+00 8.035965e+00 5.100040e+00
8.025408e+00 8.036532e+00 5.100040e+00
8.025800e+00 8.037098e+00 5.100040e+00
8.026190e+00 8.037662e+00 5.100040e+00
8.026580e+00 8.038225e+00 5.100040e+00
8.026968e+00 8.038787e+00 5.100040e+00
8.027356e+00 8.039347e+00 5.100040e+00
8.027742e+00 8.039906e+00 5.100040e+00
8.028128e+00 8.040463e+00 5.100040e+00
8.028512e+00 8.041019e+00 5.100040e+00
8.028896e+00 8.041574e+00 5.100040e+00
8.029278e+00 8.042126e+00 5.100040e+00
8.029660e+00 8.042678e+00 5.100040e+00
8.030040e+00 8.043227e+00 5.100040e+00
8.030419e+00 8.043776e+00 5.100040e+00
8.030797e+00 8.044322e+00 5.100040e+00
8.031174e+00 8.044867e+00 5.100040e+00
8.031550e+00 8.045411e+00 5.100040e+00
8.031925e+00 8.045953e+00 5.100040e+00
8.032299e+00 8.046493e+00 5.100040e+00
8.032671e+00 8.047031e+00 5.100040e+00
8.033043e+00 8.047568e+00 5.100040e+00
8.033413e+00 8.048103e+00 5.100040e+00
8.033782e+00 8.048637e+00 5.100040e+00
8.034149e+00 8.049169e+00 5.100040e+00
8.034516e+00 8.049699e+00 5.100040e+00
8.034881e+00 8.050227e+00 5.100040e+00
8.035245e+00 8.050753e+00 5.100040e+00
8.035608e+00 8.051278e+00 5.100040e+00
8.035970e+00 8.051801e+00 5.100040e+00
8.036330e+00 8.052321e+00 5.100040e+00
8.036689e+00 8.052840e+00 5.100040e+00
8.037047e+00 8.053358e+00 5.100040e+00
8.037403e+00 8.053873e+00 5.100040e+00
8.037758e+00 8.054386e+00 5.100040e+00
8.038112e+00 8.054898e+00 5.100040e+00
8.038464e+00 8.055407e+00 5.100040e+00
8.038815e+00 8.055915e+00 5.100040e+00
8.039165e+00 8.056420e+00 5.100040e+00
8.039513e+00 8.056924e+00 5.100040e+00
8.039860e+00 8.057425e+00 5.100040e+00
8.040205e+00 8.057924e+00 5.100040e+00
8.040549e+00 8.058422e+00 5.100040e+00
8.040891e+00 8.058917e+00 5.100040e+00
8.041232e+00 8.059410e+00 5.100040e+00
8.041571e+00 8.059901e+00 5.100040e+00
8.041909e+00 8.060389e+00 5.100040e+00
8.042246e+00 8.060876e+00 5.100040e+00
8.042581e+00 8.061360e+00 5.100040e+00
8.042914e+00 8.061842e+00 5.100040e+00
8.043246e+00 8.062322e+00 5.100040e+00
8.043576e+00 8.062800e+00 5.100040e+00
8.043905e+00 8.063275e+00 5.100040e+00
8.044232e+00 8.063748e+00 5.100040e+00
8.044557e+00 8.064219e+00 5.100040e+00
8.044881e+00 8.064687e+00 5.100040e+00
8.045203e+00 8.065153e+00 5.100040e+00
8.045524e+00 8.065616e+00 5.100040e+00
8.045842e+00 8.066078e+00 5.100040e+00
8.046160e+00 8.066536e+00 5.100040e+00
8.046475e+00 8.066993e+00 5.100040e+00
8.046789e+00 8.067447e+00 5.100040e+00
8.047101e+00 8.067898e+00 5.100040e+00
8.047411e+00 8.068347e+00 5.100040e+00
8.047720e+00 8.068793e+00 5.100040e+00
8.048027e+00 8.069237e+00 5.100040e+00
8.048332e+00 8.069679e+00 5.100040e+00
8.048635e+00 8.070117e+00 5.100040e+00
8.048937e+00 8.070554e+00 5.100040e+00
8.049237e+00 8.070987e+00 5.100040e+00
8.049535e+00 8.071419e+00 5.100040e+00
8.049831e+00 8.071847e+00 5.100040e+00
8.050125e+00 8.072273e+00 5.100040e+00
8.050418e+00 8.072696e+00 5.100040e+00
8.050709e+00 8.073117e+00 5.100040e+00
8.050998e+00 8.073535e+00 5.100040e+00
8.051285e+00 8.073950e+00 5.100040e+00
8.051570e+00 8.074363e+00 5.100040e+00
8.051853e+00 8.074773e+00 5.100040e+00
8.052135e+00 8.075180e+00 5.100040e+00
8.052414e+00 8.075584e+00 5.100040e+00
8.052692e+00 8.075986e+00 5.100040e+00
8.052968e+00 8.076385e+00 5.100040e+00
8.053241e+00 8.076781e+00 5.100040e+00
8.053513e+00 8.077175e+00 5.100040e+00
8.053783e+00 8.077566e+00 5.100040e+00
8.054051e+00 8.077954e+00 5.100040e+00
8.054318e+00 8.078339e+00 5.100040e+00
8.054582e+00 8.078721e+00 5.100040e+00
8.054844e+00 8.079101e+00 5.100040e+00
8.055104e+00 8.079477e+00 5.100040e+00
8.055363e+00 8.079851e+00 5.100040e+00
8.055619e+00 8.080222e+00 5.100040e+00
8.055873e+00 8.080590e+00 5.100040e+00
8.056126e+00 8.080956e+00 5.100040e+00
8.056376e+00 8.081318e+00 5.100040e+00
8.056624e+00 8.081677e+00 5.100040e+00
8.056871e+00 8.082034e+00 5.100040e+00
8.057115e+00 8.082388e+00 5.100040e+00
8.057357e+00 8.082738e+00 5.100040e+00
8.057597e+00 8.083086e+00 5.100040e+00
8.057836e+00 8.083431e+00 5.100040e+00
8.058072e+00 8.083773e+00 5.100040e+00