Warning in ReadProperties...interp set to PEROT for use with quad or hybrid grid.
8.068944e+00 8.099955e+00
8.068925e+00 8.099927e+00
8.068893e+00 8.099880e+00
8.068849e+00 8.099816e+00
8.068794e+00 8.099735e+00
8.068729e+00 8.099640e+00
8.068655e+00 8.099532e+00
8.068573e+00 8.099412e+00
8.068484e+00 8.099284e+00
8.068390e+00 8.099147e+00
8.068292e+00 8.099005e+00
8.068191e+00 8.098858e+00
8.068088e+00 8.098709e+00
8.067984e+00 8.098557e+00
8.067879e+00 8.098406e+00
8.067774e+00 8.098253e+00
8.067669e+00 8.098101e+00
8.067564e+00 8.097949e+00
8.067458e+00 8.097796e+00
8.067352e+00 8.097642e+00
8.067243e+00 8.097486e+00
8.067132e+00 8.097325e+00
8.067018e+00 8.097160e+00
8.066898e+00 8.096987e+00
8.066773e+00 8.096806e+00
8.066640e+00 8.096614e+00
8.066498e+00 8.096409e+00
8.066347e+00 8.096191e+00
8.066185e+00 8.095957e+00
8.066012e+00 8.095707e+00
8.065827e+00 8.095439e+00
8.065629e+00 8.095153e+00
8.065418e+00 8.094848e+00
8.065195e+00 8.094525e+00
8.064960e+00 8.094184e+00
8.064713e+00 8.093825e+00
8.064456e+00 8.093451e+00
8.064188e+00 8.093062e+00
8.063911e+00 8.092660e+00
8.063626e+00 8.092247e+00
8.063336e+00 8.091825e+00
8.063039e+00 8.091395e+00
8.062739e+00 8.090960e+00
8.062436e+00 8.090520e+00
8.062131e+00 8.090079e+00
8.061826e+00 8.089636e+00
8.061520e+00 8.089193e+00
8.061214e+00 8.088750e+00
8.060909e+00 8.088308e+00
8.060605e+00 8.087868e+00
8.060301e+00 8.087427e+00
8.059997e+00 8.086986e+00
8.059692e+00 8.086545e+00
8.059385e+00 8.086100e+00
8.059076e+00 8.085652e+00
8.058762e+00 8.085199e+00
8.058444e+00 8.084738e+00
8.058120e+00 8.084269e+00
8.057788e+00 8.083788e+00
8.057448e+00 8.083296e+00
8.057098e+00 8.082789e+00
8.056738e+00 8.082268e+00
8.056367e+00 8.081731e+00
8.055985e+00 8.081177e+00
8.055591e+00 8.080606e+00
8.055185e+00 8.080018e+00
8.054768e+00 8.079413e+00
8.054340e+00 8.078792e+00
8.053902e+00 8.078156e+00
8.053454e+00 8.077507e+00
8.052999e+00 8.076846e+00
8.052536e+00 8.076175e+00
8.052067e+00 8.075495e+00
8.051595e+00 8.074809e+00
8.051118e+00 8.074118e+00
8.050640e+00 8.073424e+00
8.050161e+00 8.072729e+00
8.049682e+00 8.072035e+00
8.049203e+00 8.071341e+00
8.048726e+00 8.070650e+00
8.048250e+00 8.069960e+00
8.047777e+00 8.069274e+00
8.047305e+00 8.068590e+00
8.046834e+00 8.067907e+00
8.046363e+00 8.067226e+00
8.045893e+00 8.066544e+00
8.045421e+00 8.065860e+00
8.044948e+00 8.065174e+00
8.044471e+00 8.064482e+00
8.043989e+00 8.063784e+00
8.043502e+00 8.063078e+00
8.043008e+00 8.062362e+00
8.042506e+00 8.061635e+00
8.041996e+00 8.060895e+00
8.041476e+00 8.060141e+00
8.040946e+00 8.059373e+00
8.040406e+00 8.058590e+00
8.039856e+00 8.057793e+00
8.039296e+00 8.056980e+00
8.038726e+00 8.056154e+00
8.038148e+00 8.055315e+00
8.037561e+00 8.054464e+00
8.036968e+00 8.053603e+00
8.036368e+00 8.052733e+00
8.035764e+00 8.051857e+00
8.035157e+00 8.050976e+00
8.034548e+00 8.050091e+00
8.033937e+00 8.049206e+00
8.033328e+00 8.048321e+00
8.032719e+00 8.047439e+00
8.032112e+00 8.046559e+00
8.031509e+00 8.045684e+00
8.030908e+00 8.044813e+00
8.030311e+00 8.043948e+00
8.029717e+00 8.043087e+00
8.029126e+00 8.042230e+00
8.028538e+00 8.041377e+00
8.027951e+00 8.040526e+00
8.027366e+00 8.039677e+00
8.026780e+00 8.038827e+00
8.026193e+00 8.037976e+00
8.025603e+00 8.037121e+00
8.025010e+00 8.036260e+00
8.024412e+00 8.035393e+00
8.023808e+00 8.034518e+00
8.023198e+00 8.033633e+00
8.022581e+00 8.032737e+00
8.021955e+00 8.031830e+00
8.021321e+00 8.030911e+00
8.020679e+00 8.029980e+00
8.020029e+00 8.029037e+00
8.019371e+00 8.028082e+00
8.018705e+00 8.027117e+00
8.018033e+00 8.026142e+00
8.017356e+00 8.025160e+00
8.016675e+00 8.024171e+00
8.015990e+00 8.023177e+00
8.015303e+00 8.022181e+00
8.014616e+00 8.021185e+00
8.013930e+00 8.020189e+00
8.013246e+00 8.019196e+00
8.012564e+00 8.018207e+00
8.011886e+00 8.017224e+00
8.011213e+00 8.016248e+00
8.010545e+00 8.015279e+00
8.009881e+00 8.014318e+00
8.009224e+00 8.013364e+00
8.008571e+00 8.012417e+00
8.007923e+00 8.011477e+00
8.007278e+00 8.010543e+00
8.006637e+00 8.009613e+00
8.005998e+00 8.008686e+00
8.005360e+00 8.007761e+00
8.004722e+00 8.006835e+00
8.004082e+00 8.005907e+00
8.003441e+00 8.004977e+00
8.002795e+00 8.004041e+00
8.002146e+00 8.003098e+00
8.001491e+00 8.002149e+00
8.000831e+00 8.001191e+00
8.000164e+00 8.000224e+00
7.999491e+00 7.999248e+00
7.998812e+00 7.998263e+00
7.998127e+00 7.997270e+00
7.997436e+00 7.996269e+00
7.996741e+00 7.995261e+00
7.996042e+00 7.994247e+00
7.995341e+00 7.993230e+00
7.994638e+00 7.992211e+00
7.993935e+00 7.991192e+00
7.993233e+00 7.990174e+00
7.992534e+00 7.989159e+00
7.991838e+00 7.988150e+00
7.991147e+00 7.987147e+00
7.990461e+00 7.986153e+00
7.989781e+00 7.985168e+00
7.989109e+00 7.984193e+00
7.988443e+00 7.983228e+00
7.987785e+00 7.982274e+00
7.987134e+00 7.981330e+00
7.986490e+00 7.980396e+00
7.985852e+00 7.979471e+00
7.985219e+00 7.978554e+00
7.984590e+00 7.977643e+00
7.983966e+00 7.976736e+00
7.983343e+00 7.975833e+00
7.982721e+00 7.974932e+00
7.982100e+00 7.974030e+00
7.981477e+00 7.973127e+00
7.980853e+00 7.972221e+00
7.980225e+00 7.971311e+00
7.979594e+00 7.970396e+00
7.978959e+00 7.969475e+00
7.978319e+00 7.968548e+00
7.977676e+00 7.967615e+00
7.977028e+00 7.966677e+00
7.976377e+00 7.965733e+00
7.975723e+00 7.964785e+00
7.975067e+00 7.963835e+00
7.974411e+00 7.962883e+00
7.973754e+00 7.961931e+00
7.973099e+00 7.960982e+00
7.972446e+00 7.960036e+00
7.971798e+00 7.959096e+00
7.971155e+00 7.958164e+00
7.970518e+00 7.957241e+00
7.969888e+00 7.956328e+00
7.969266e+00 7.955427e+00
7.968653e+00 7.954539e+00
7.968049e+00 7.953663e+00
7.967454e+00 7.952801e+00
7.966868e+00 7.951952e+00
7.966291e+00 7.951116e+00
7.965722e+00 7.950292e+00
7.965161e+00 7.949478e+00
7.964606e+00 7.948674e+00
7.964057e+00 7.947878e+00
7.963513e+00 7.947089e+00
7.962972e+00 7.946304e+00
7.962433e+00 7.945523e+00
7.961895e+00 7.944743e+00
7.961357e+00 7.943963e+00
7.960819e+00 7.943182e+00
7.960279e+00 7.942399e+00
7.959737e+00 7.941614e+00
7.959192e+00 7.940825e+00
7.958646e+00 7.940033e+00
7.958097e+00 7.939237e+00
7.957546e+00 7.938439e+00
7.956994e+00 7.937640e+00
7.956441e+00 7.936839e+00
7.955889e+00 7.936040e+00
7.955339e+00 7.935243e+00
7.954792e+00 7.934450e+00
7.954248e+00 7.933663e+00
7.953710e+00 7.932884e+00
7.953179e+00 7.932114e+00
7.952655e+00 7.931356e+00
7.952140e+00 7.930609e+00
7.951634e+00 7.929877e+00
7.951138e+00 7.929159e+00
7.950653e+00 7.928456e+00
7.950179e+00 7.927769e+00
7.949716e+00 7.927098e+00
7.949263e+00 7.926442e+00
7.948820e+00 7.925800e+00
7.948386e+00 7.925171e+00
7.947961e+00 7.924555e+00
7.947543e+00 7.923950e+00
7.947132e+00 7.923354e+00
7.946726e+00 7.922765e+00
7.946324e+00 7.922183e+00
7.945926e+00 7.921604e+00
7.945529e+00 7.921029e+00
7.945133e+00 7.920455e+00
7.944737e+00 7.919881e+00
7.944341e+00 7.919307e+00
7.943944e+00 7.918732e+00
7.943547e+00 7.918156e+00
7.943148e+00 7.917578e+00
7.942749e+00 7.917001e+00
7.942350e+00 7.916423e+00
7.941952e+00 7.915846e+00
7.941555e+00 7.915272e+00
7.941161e+00 7.914702e+00
7.940771e+00 7.914137e+00
7.940386e+00 7.913580e+00
7.940007e+00 7.913032e+00
7.939636e+00 7.912494e+00
7.939273e+00 7.911969e+00
7.938920e+00 7.911458e+00
7.938578e+00 7.910962e+00
7.938246e+00 7.910482e+00
7.937926e+00 7.910019e+00
7.937619e+00 7.909573e+00
7.937323e+00 7.909144e+00
7.937039e+00 7.908732e+00
7.936766e+00 7.908337e+00
7.936504e+00 7.907957e+00
7.936252e+00 7.907591e+00
7.936008e+00 7.907238e+00
7.935773e+00 7.906897e+00
7.935544e+00 7.906565e+00
7.935321e+00 7.906241e+00
7.935102e+00 7.905923e+00
7.934887e+00 7.905610e+00
7.934673e+00 7.905301e+00
7.934462e+00 7.904993e+00
7.934251e+00 7.904687e+00
7.934040e+00 7.904382e+00
7.933829e+00 7.904076e+00
7.933619e+00 7.903771e+00
7.933409e+00 7.903467e+00
7.933200e+00 7.903164e+00
7.932992e+00 7.902863e+00
7.932786e+00 7.902565e+00
7.932583e+00 7.902272e+00
7.932385e+00 7.901985e+00
7.932192e+00 7.901707e+00
7.932006e+00 7.901438e+00
7.931828e+00 7.901180e+00
7.931659e+00 7.900935e+00
7.931500e+00 7.900705e+00
7.931352e+00 7.900490e+00
7.931216e+00 7.900293e+00
7.931091e+00 7.900112e+00
7.930980e+00 7.899950e+00
7.930880e+00 7.899806e+00
7.930794e+00 7.899680e+00
7.930719e+00 7.899571e+00
7.930655e+00 7.899479e+00
7.930603e+00 7.899402e+00
7.930560e+00 7.899339e+00
7.930526e+00 7.899289e+00
7.930499e+00 7.899249e+00
7.930479e+00 7.899219e+00
7.930464e+00 7.899196e+00
7.930452e+00 7.899179e+00
7.930444e+00 7.899167e+00
7.930438e+00 7.899158e+00
7.930434e+00 7.899150e+00
7.930430e+00 7.899145e+00
7.930427e+00 7.899139e+00
7.930424e+00 7.899135e+00
7.930422e+00 7.899132e+00
7.930421e+00 7.899130e+00
7.930421e+00 7.899130e+00
7.930424e+00 7.899134e+00
7.930430e+00 7.899143e+00
7.930439e+00 7.899157e+00
7.930455e+00 7.899180e+00
7.930476e+00 7.899211e+00
7.930506e+00 7.899254e+00
7.930544e+00 7.899310e+00
7.930592e+00 7.899379e+00
7.930651e+00 7.899464e+00
7.930721e+00 7.899566e+00
7.930803e+00 7.899685e+00
7.930898e+00 7.899822e+00
7.931006e+00 7.899977e+00
7.931125e+00 7.900150e+00
7.931257e+00 7.900340e+00
7.931401e+00 7.900548e+00
7.931555e+00 7.900770e+00
7.931720e+00 7.901007e+00
7.931893e+00 7.901257e+00
7.932074e+00 7.901519e+00
7.932261e+00 7.901789e+00
7.932454e+00 7.902068e+00
7.932651e+00 7.902352e+00
7.932851e+00 7.902642e+00
7.933053e+00 7.902934e+00
7.933257e+00 7.903228e+00
7.933461e+00 7.903524e+00
7.933666e+00 7.903820e+00
7.933871e+00 7.904116e+00
7.934076e+00 7.904413e+00
7.934282e+00 7.904711e+00
7.934488e+00 7.905010e+00
7.934696e+00 7.905312e+00
7.934907e+00 7.905618e+00
7.935121e+00 7.905928e+00
7.935340e+00 7.906246e+00
7.935564e+00 7.906571e+00
7.935796e+00 7.906907e+00
7.936035e+00 7.907254e+00
7.936283e+00 7.907614e+00
7.936541e+00 7.907988e+00
7.936810e+00 7.908378e+00
7.937090e+00 7.908784e+00
7.937382e+00 7.909206e+00
7.937686e+00 7.909646e+00
7.938002e+00 7.910103e+00
7.938329e+00 7.910577e+00
7.938667e+00 7.911067e+00
7.939016e+00 7.911571e+00
7.939374e+00 7.912090e+00
7.939740e+00 7.912620e+00
7.940114e+00 7.913161e+00
7.940494e+00 7.913711e+00
7.940879e+00 7.914269e+00
7.941267e+00 7.914832e+00
7.941659e+00 7.915398e+00
7.942051e+00 7.915967e+00
7.942445e+00 7.916537e+00
7.942838e+00 7.917108e+00
7.943232e+00 7.917678e+00
7.943624e+00 7.918247e+00
7.944016e+00 7.918815e+00
7.944407e+00 7.919382e+00
7.944798e+00 7.919949e+00
7.945190e+00 7.920517e+00
7.945583e+00 7.921087e+00
7.945978e+00 7.921660e+00
7.946376e+00 7.922238e+00
7.946778e+00 7.922823e+00
7.947186e+00 7.923415e+00
7.947601e+00 7.924016e+00
7.948023e+00 7.924629e+00
7.948453e+00 7.925254e+00
7.948893e+00 7.925892e+00
7.949343e+00 7.926545e+00
7.949804e+00 7.927213e+00
7.950275e+00 7.927896e+00
7.950756e+00 7.928594e+00
7.951248e+00 7.929307e+00
7.951750e+00 7.930035e+00
7.952261e+00 7.930776e+00
7.952781e+00 7.931530e+00
7.953308e+00 7.932294e+00
7.953842e+00 7.933068e+00
7.954380e+00 7.933849e+00
7.954923e+00 7.934636e+00
7.955468e+00 7.935427e+00
7.956015e+00 7.936220e+00
7.956563e+00 7.937014e+00
7.957110e+00 7.937808e+00
7.957656e+00 7.938600e+00
7.958200e+00 7.939390e+00
7.958743e+00 7.940177e+00
7.959283e+00 7.940961e+00
7.959821e+00 7.941742e+00
7.960357e+00 7.942520e+00
7.960893e+00 7.943297e+00
7.961427e+00 7.944074e+00
7.961963e+00 7.944851e+00
7.962499e+00 7.945630e+00
7.963038e+00 7.946412e+00
7.963581e+00 7.947200e+00
7.964128e+00 7.947995e+00
7.964681e+00 7.948797e+00
7.965241e+00 7.949610e+00
7.965808e+00 7.950433e+00
7.966383e+00 7.951268e+00
7.966967e+00 7.952116e+00
7.967560e+00 7.952976e+00
7.968162e+00 7.953850e+00
7.968773e+00 7.954736e+00
7.969392e+00 7.955634e+00
7.970019e+00 7.956543e+00
7.970653e+00 7.957463e+00
7.971293e+00 7.958391e+00
7.971938e+00 7.959327e+00
7.972586e+00 7.960268e+00
7.973238e+00 7.961213e+00
7.973890e+00 7.962160e+00
7.974543e+00 7.963108e+00
7.975195e+00 7.964054e+00
7.975845e+00 7.964997e+00
7.976493e+00 7.965937e+00
7.977137e+00 7.966872e+00
7.977777e+00 7.967801e+00
7.978414e+00 7.968725e+00
7.979047e+00 7.969643e+00
7.979676e+00 7.970556e+00
7.980302e+00 7.971464e+00
7.980925e+00 7.972369e+00
7.981547e+00 7.973271e+00
7.982168e+00 7.974173e+00
7.982789e+00 7.975074e+00
7.983412e+00 7.975978e+00
7.984037e+00 7.976885e+00
7.984666e+00 7.977797e+00
7.985299e+00 7.978716e+00
7.985937e+00 7.979642e+00
7.986582e+00 7.980578e+00
7.987233e+00 7.981522e+00
7.987891e+00 7.982477e+00
7.988556e+00 7.983442e+00
7.989228e+00 7.984416e+00
7.989907e+00 7.985401e+00
7.990591e+00 7.986393e+00
7.991281e+00 7.987394e+00
7.991975e+00 7.988401e+00
7.992673e+00 7.989412e+00
7.993372e+00 7.990427e+00
7.994073e+00 7.991443e+00
7.994774e+00 7.992459e+00
7.995473e+00 7.993473e+00
7.996169e+00 7.994483e+00
7.996862e+00 7.995488e+00
7.997550e+00 7.996487e+00
7.998234e+00 7.997478e+00
7.998912e+00 7.998461e+00
7.999584e+00 7.999435e+00
8.000250e+00 8.000401e+00
8.000910e+00 8.001359e+00
8.001565e+00 8.002309e+00
8.002216e+00 8.003252e+00
8.002862e+00 8.004189e+00
8.003506e+00 8.005122e+00
8.004147e+00 8.006052e+00
8.004788e+00 8.006980e+00
8.005428e+00 8.007909e+00
8.006070e+00 8.008839e+00
8.006714e+00 8.009773e+00
8.007361e+00 8.010710e+00
8.008012e+00 8.011654e+00
8.008667e+00 8.012603e+00
8.009327e+00 8.013560e+00
8.009992e+00 8.014523e+00
8.010662e+00 8.015494e+00
8.011336e+00 8.016471e+00
8.012015e+00 8.017454e+00
8.012697e+00 8.018443e+00
8.013381e+00 8.019434e+00
8.014067e+00 8.020429e+00
8.014754e+00 8.021424e+00
8.015440e+00 8.022418e+00
8.016124e+00 8.023409e+00
8.016805e+00 8.024396e+00
8.017481e+00 8.025376e+00
8.018153e+00 8.026349e+00
8.018818e+00 8.027313e+00
8.019476e+00 8.028267e+00
8.020127e+00 8.029210e+00
8.020770e+00 8.030142e+00
8.021406e+00 8.031062e+00
8.022033e+00 8.031971e+00
8.022653e+00 8.032869e+00
8.023267e+00 8.033757e+00
8.023874e+00 8.034636e+00
8.024475e+00 8.035507e+00
8.025073e+00 8.036372e+00
8.025667e+00 8.037232e+00
8.026259e+00 8.038089e+00
8.026850e+00 8.038945e+00
8.027441e+00 8.039800e+00
8.028032e+00 8.040656e+00
8.028625e+00 8.041515e+00
8.029221e+00 8.042376e+00
8.029819e+00 8.043242e+00
8.030420e+00 8.044112e+00
8.031024e+00 8.044987e+00
8.031630e+00 8.045865e+00
8.032239e+00 8.046747e+00
8.032850e+00 8.047631e+00
8.033462e+00 8.048517e+00
8.034073e+00 8.049402e+00
8.034684e+00 8.050286e+00
8.035292e+00 8.051167e+00
8.035897e+00 8.052043e+00
8.036497e+00 8.052912e+00
8.037091e+00 8.053773e+00
8.037679e+00 8.054623e+00
8.038259e+00 8.055463e+00
8.038830e+00 8.056290e+00
8.039392e+00 8.057104e+00
8.039945e+00 8.057904e+00
8.040488e+00 8.058690e+00
8.041021e+00 8.059462e+00
8.041545e+00 8.060220e+00
8.042061e+00 8.060966e+00
8.042568e+00 8.061699e+00
8.043068e+00 8.062422e+00
8.043561e+00 8.063135e+00
8.044049e+00 8.063841e+00
8.044533e+00 8.064541e+00
8.045013e+00 8.065235e+00
8.045492e+00 8.065927e+00
8.045969e+00 8.066617e+00
8.046446e+00 8.067307e+00
8.046923e+00 8.067997e+00
8.047401e+00 8.068689e+00
8.047880e+00 8.069382e+00
8.048360e+00 8.070077e+00
8.048842e+00 8.070774e+00
8.049324e+00 8.071473e+00
8.049807e+00 8.072171e+00
8.050289e+00 8.072869e+00
8.050770e+00 8.073565e+00
8.051248e+00 8.074258e+00
8.051723e+00 8.074946e+00
8.052193e+00 8.075626e+00
8.052658e+00 8.076299e+00
8.053115e+00 8.076961e+00
8.053565e+00 8.077612e+00
8.054005e+00 8.078250e+00
8.054435e+00 8.078873e+00
8.054856e+00 8.079481e+00
8.055265e+00 8.080074e+00
8.055663e+00 8.080650e+00
8.056050e+00 8.081211e+00
8.056426e+00 8.081755e+00
8.056792e+00 8.082285e+00
8.057149e+00 8.082800e+00
8.057496e+00 8.083302e+00
8.057835e+00 8.083792e+00
8.058167e+00 8.084272e+00
8.058493e+00 8.084744e+00
8.058814e+00 8.085208e+00
8.059132e+00 8.085667e+00
8.059447e+00 8.086123e+00
8.059759e+00 8.086575e+00
8.060071e+00 8.087026e+00
8.060382e+00 8.087476e+00
8.060693e+00 8.087926e+00
8.061004e+00 8.088377e+00
8.061315e+00 8.088827e+00
8.061625e+00 8.089277e+00
8.061935e+00 8.089726e+00
8.062243e+00 8.090173e+00
8.062549e+00 8.090617e+00
8.062852e+00 8.091056e+00
8.063150e+00 8.091489e+00
8.063443e+00 8.091914e+00
8.063730e+00 8.092330e+00
8.064009e+00 8.092735e+00
8.064279e+00 8.093127e+00
8.064539e+00 8.093504e+00
8.064789e+00 8.093867e+00
8.065027e+00 8.094213e+00
8.065254e+00 8.094543e+00
8.065469e+00 8.094854e+00
8.065672e+00 8.095149e+00
8.065863e+00 8.095426e+00
8.066043e+00 8.095687e+00
8.066211e+00 8.095932e+00
8.066370e+00 8.096162e+00
8.066520e+00 8.096379e+00
8.066661e+00 8.096584e+00
8.066796e+00 8.096778e+00
8.066924e+00 8.096965e+00
8.067047e+00 8.097144e+00
8.067167e+00 8.097317e+00
8.067284e+00 8.097487e+00
8.067398e+00 8.097653e+00
8.067511e+00 8.097818e+00
8.067623e+00 8.097981e+00
8.067735e+00 8.098143e+00
8.067845e+00 8.098305e+00
8.067955e+00 8.098465e+00
8.068064e+00 8.098624e+00
8.068170e+00 8.098780e+00
8.068275e+00 8.098933e+00
8.068375e+00 8.099081e+00
8.068471e+00 8.099222e+00
8.068562e+00 8.099355e+00
8.068646e+00 8.099478e+00
8.068722e+00 8.099590e+00
8.068789e+00 8.099689e+00
8.068846e+00 8.099774e+00
8.068893e+00 8.099843e+00
8.068928e+00 8.099896e+00
8.068951e+00 8.099931e+00
8.068962e+00 8.099949e+00
8.068961e+00 8.099949e+00
8.068947e+00 8.099931e+00
8.068922e+00 8.099895e+00
8.068885e+00 8.099844e+00
8.068838e+00 8.099777e+00
8.068782e+00 8.099696e+00
8.068716e+00 8.099602e+00
8.068643e+00 8.099497e+00
8.068563e+00 8.099383e+00
8.068479e+00 8.099261e+00
8.068389e+00 8.099133e+00
8.068297e+00 8.099000e+00
8.068202e+00 8.098864e+00
8.068105e+00 8.098725e+00
8.068007e+00 8.098585e+00
8.067908e+00 8.098443e+00
8.067809e+00 8.098301e+00
8.067708e+00 8.098158e+00
8.067607e+00 8.098013e+00
8.067504e+00 8.097866e+00
8.067398e+00 8.097716e+00
8.067290e+00 8.097561e+00
8.067177e+00 8.097400e+00
8.067059e+00 8.097232e+00
8.066935e+00 8.097054e+00
8.066804e+00 8.096866e+00
8.066664e+00 8.096666e+00
8.066515e+00 8.096452e+00
8.066356e+00 8.096224e+00
8.066185e+00 8.095979e+00
8.066004e+00 8.095718e+00
8.065810e+00 8.095439e+00
8.065604e+00 8.095143e+00
8.065387e+00 8.094829e+00
8.065158e+00 8.094499e+00
8.064918e+00 8.094153e+00
8.064668e+00 8.093791e+00
8.064408e+00 8.093416e+00
8.064139e+00 8.093028e+00
8.063863e+00 8.092629e+00
8.063581e+00 8.092221e+00
8.063293e+00 8.091805e+00
8.063002e+00 8.091383e+00
8.062707e+00 8.090957e+00
8.062410e+00 8.090528e+00
8.062112e+00 8.090097e+00
8.061813e+00 8.089665e+00
8.061513e+00 8.089232e+00
8.061214e+00 8.088799e+00
8.060914e+00 8.088366e+00
8.060614e+00 8.087933e+00
8.060313e+00 8.087498e+00
8.060010e+00 8.087062e+00
8.059706e+00 8.086622e+00
8.059398e+00 8.086178e+00
8.059087e+00 8.085728e+00
8.058770e+00 8.085270e+00
8.058447e+00 8.084803e+00
8.058116e+00 8.084325e+00
8.057778e+00 8.083836e+00
8.057430e+00 8.083333e+00
8.057072e+00 8.082816e+00
8.056704e+00 8.082283e+00
8.056325e+00 8.081734e+00
8.055935e+00 8.081170e+00
8.055534e+00 8.080589e+00
8.055123e+00 8.079993e+00
8.054701e+00 8.079382e+00
8.054270e+00 8.078757e+00
8.053830e+00 8.078119e+00
8.053382e+00 8.077469e+00
8.052927e+00 8.076810e+00
8.052467e+00 8.076143e+00
8.052002e+00 8.075469e+00
8.051534e+00 8.074790e+00
8.051063e+00 8.074107e+00
8.050592e+00 8.073423e+00
8.050119e+00 8.072738e+00
8.049647e+00 8.072054e+00
8.049176e+00 8.071370e+00
8.048706e+00 8.070688e+00
8.048236e+00 8.070007e+00
8.047768e+00 8.069328e+00
8.047300e+00 8.068649e+00
8.046832e+00 8.067971e+00
8.046363e+00 8.067291e+00
8.045893e+00 8.066609e+00
8.045420e+00 8.065924e+00
8.044944e+00 8.065233e+00
8.044463e+00 8.064535e+00
8.043976e+00 8.063829e+00
8.043483e+00 8.063114e+00
8.042983e+00 8.062387e+00
8.042474e+00 8.061649e+00
8.041956e+00 8.060897e+00
8.041429e+00 8.060132e+00
8.040892e+00 8.059353e+00
8.040346e+00 8.058560e+00
8.039791e+00 8.057753e+00
8.039226e+00 8.056933e+00
8.038654e+00 8.056102e+00
8.038073e+00 8.055259e+00
8.037487e+00 8.054406e+00
8.036894e+00 8.053546e+00
8.036298e+00 8.052679e+00
8.035698e+00 8.051807e+00
8.035096e+00 8.050933e+00
8.034492e+00 8.050056e+00
8.033889e+00 8.049180e+00
8.033287e+00 8.048305e+00
8.032686e+00 8.047432e+00
8.032087e+00 8.046562e+00
8.031491e+00 8.045696e+00
8.030897e+00 8.044833e+00
8.030306e+00 8.043975e+00
8.029717e+00 8.043119e+00
8.029130e+00 8.042267e+00
8.028545e+00 8.041416e+00
8.027959e+00 8.040565e+00
8.027373e+00 8.039714e+00
8.026786e+00 8.038861e+00
8.026196e+00 8.038004e+00
8.025602e+00 8.037141e+00
8.025004e+00 8.036272e+00
8.024400e+00 8.035395e+00
8.023790e+00 8.034508e+00
8.023173e+00 8.033612e+00
8.022549e+00 8.032704e+00
8.021917e+00 8.031786e+00
8.021277e+00 8.030856e+00
8.020630e+00 8.029915e+00
8.019975e+00 8.028964e+00
8.019314e+00 8.028003e+00
8.018647e+00 8.027034e+00
8.017975e+00 8.026058e+00
8.017299e+00 8.025075e+00
8.016620e+00 8.024089e+00
8.015939e+00 8.023099e+00
8.015258e+00 8.022109e+00
8.014577e+00 8.021120e+00
8.013897e+00 8.020133e+00
8.013220e+00 8.019150e+00
8.012547e+00 8.018171e+00
8.011877e+00 8.017198e+00
8.011211e+00 8.016231e+00
8.010550e+00 8.015271e+00
8.009894e+00 8.014317e+00
8.009242e+00 8.013370e+00
8.008593e+00 8.012428e+00
8.007948e+00 8.011491e+00
8.007306e+00 8.010558e+00
8.006665e+00 8.009627e+00
8.006025e+00 8.008697e+00
8.005384e+00 8.007767e+00
8.004742e+00 8.006835e+00
8.004098e+00 8.005899e+00
8.003451e+00 8.004959e+00
8.002799e+00 8.004013e+00
8.002143e+00 8.003060e+00
8.001482e+00 8.002100e+00
8.000815e+00 8.001131e+00
8.000142e+00 8.000154e+00
7.999464e+00 7.999169e+00
7.998780e+00 7.998177e+00
7.998092e+00 7.997177e+00
7.997399e+00 7.996172e+00
7.996704e+00 7.995162e+00
7.996006e+00 7.994149e+00
7.995306e+00 7.993134e+00
7.994607e+00 7.992119e+00
7.993909e+00 7.991106e+00
7.993213e+00 7.990096e+00
7.992520e+00 7.989090e+00
7.991831e+00 7.988091e+00
7.991147e+00 7.987099e+00
7.990469e+00 7.986116e+00
7.989798e+00 7.985141e+00
7.989132e+00 7.984176e+00
7.988474e+00 7.983220e+00
7.987821e+00 7.982274e+00
7.987175e+00 7.981336e+00
7.986534e+00 7.980406e+00
7.985898e+00 7.979483e+00
7.985266e+00 7.978566e+00
7.984637e+00 7.977654e+00
7.984009e+00 7.976744e+00
7.983383e+00 7.975836e+00
7.982757e+00 7.974928e+00
7.982130e+00 7.974019e+00
7.981501e+00 7.973107e+00
7.980870e+00 7.972192e+00
7.980236e+00 7.971272e+00
7.979598e+00 7.970347e+00
7.978956e+00 7.969417e+00
7.978311e+00 7.968482e+00
7.977663e+00 7.967542e+00
7.977012e+00 7.966598e+00
7.976358e+00 7.965650e+00
7.975703e+00 7.964701e+00
7.975047e+00 7.963751e+00
7.974392e+00 7.962801e+00
7.973738e+00 7.961854e+00
7.973087e+00 7.960912e+00
7.972440e+00 7.959974e+00
7.971797e+00 7.959044e+00
7.971161e+00 7.958122e+00
7.970531e+00 7.957211e+00
7.969909e+00 7.956309e+00
7.969295e+00 7.955420e+00
7.968689e+00 7.954543e+00
7.968092e+00 7.953677e+00
7.967503e+00 7.952824e+00
7.966922e+00 7.951983e+00
7.966348e+00 7.951152e+00
7.965782e+00 7.950332e+00
7.965221e+00 7.949521e+00
7.964666e+00 7.948717e+00
7.964115e+00 7.947919e+00
7.963568e+00 7.947126e+00
7.963022e+00 7.946336e+00
7.962478e+00 7.945548e+00
7.961934e+00 7.944760e+00
7.961390e+00 7.943972e+00
7.960844e+00 7.943183e+00
7.960297e+00 7.942391e+00
7.959749e+00 7.941597e+00
7.959198e+00 7.940801e+00
7.958647e+00 7.940002e+00
7.958093e+00 7.939202e+00
7.957540e+00 7.938400e+00
7.956986e+00 7.937599e+00
7.956433e+00 7.936800e+00
7.955882e+00 7.936003e+00
7.955334e+00 7.935211e+00
7.954790e+00 7.934425e+00
7.954252e+00 7.933646e+00
7.953720e+00 7.932877e+00
7.953195e+00 7.932118e+00
7.952678e+00 7.931371e+00
7.952171e+00 7.930637e+00
7.951673e+00 7.929917e+00
7.951184e+00 7.929211e+00
7.950706e+00 7.928519e+00
7.950238e+00 7.927842e+00
7.949780e+00 7.927179e+00
7.949331e+00 7.926530e+00
7.948891e+00 7.925893e+00
7.948458e+00 7.925268e+00
7.948033e+00 7.924653e+00
7.947614e+00 7.924047e+00
7.947200e+00 7.923448e+00
7.946790e+00 7.922855e+00
7.946384e+00 7.922267e+00
7.945979e+00 7.921682e+00
7.945576e+00 7.921099e+00
7.945173e+00 7.920517e+00
7.944771e+00 7.919935e+00
7.944368e+00 7.919353e+00
7.943966e+00 7.918770e+00
7.943563e+00 7.918188e+00
7.943160e+00 7.917606e+00
7.942758e+00 7.917024e+00
7.942357e+00 7.916445e+00
7.941958e+00 7.915868e+00
7.941562e+00 7.915297e+00
7.941170e+00 7.914731e+00
7.940784e+00 7.914172e+00
7.940403e+00 7.913623e+00
7.940031e+00 7.913084e+00
7.939666e+00 7.912557e+00
7.939311e+00 7.912044e+00
7.938965e+00 7.911545e+00
7.938630e+00 7.911061e+00
7.938307e+00 7.910593e+00
7.937994e+00 7.910142e+00
7.937693e+00 7.909706e+00
7.937403e+00 7.909287e+00
7.937124e+00 7.908882e+00
7.936854e+00 7.908493e+00
7.936594e+00 7.908116e+00
7.936343e+00 7.907752e+00
7.936099e+00 7.907399e+00
7.935862e+00 7.907055e+00
7.935630e+00 7.906720e+00
7.935402e+00 7.906390e+00
7.935178e+00 7.906066e+00
7.934957e+00 7.905745e+00
7.934738e+00 7.905428e+00
7.934520e+00 7.905112e+00
7.934303e+00 7.904798e+00
7.934086e+00 7.904485e+00
7.933871e+00 7.904173e+00
7.933656e+00 7.903862e+00
7.933443e+00 7.903554e+00
7.933232e+00 7.903248e+00
7.933023e+00 7.902947e+00
7.932818e+00 7.902650e+00
7.932618e+00 7.902361e+00
7.932423e+00 7.902079e+00
7.932236e+00 7.901808e+00
7.932056e+00 7.901547e+00
7.931884e+00 7.901299e+00
7.931723e+00 7.901066e+00
7.931572e+00 7.900847e+00
7.931432e+00 7.900644e+00
7.931304e+00 7.900459e+00
7.931187e+00 7.900290e+00
7.931083e+00 7.900138e+00
7.930990e+00 7.900003e+00
7.930909e+00 7.899884e+00
7.930838e+00 7.899781e+00
7.930778e+00 7.899693e+00
7.930727e+00 7.899618e+00
7.930684e+00 7.899555e+00
7.930649e+00 7.899502e+00
7.930620e+00 7.899459e+00
7.930596e+00 7.899423e+00
7.930576e+00 7.899394e+00
7.930560e+00 7.899369e+00
7.930546e+00 7.899348e+00
7.930535e+00 7.899330e+00
7.930524e+00 7.899315e+00
7.930515e+00 7.899300e+00
7.930507e+00 7.899288e+00
7.930501e+00 7.899277e+00
7.930495e+00 7.899269e+00
7.930492e+00 7.899264e+00
7.930492e+00 7.899263e+00
7.930495e+00 7.899267e+00
7.930503e+00 7.899277e+00
7.930516e+00 7.899296e+00
7.930536e+00 7.899324e+00
7.930564e+00 7.899364e+00
7.930600e+00 7.899415e+00
7.930646e+00 7.899481e+00
7.930702e+00 7.899562e+00
7.930770e+00 7.899658e+00
7.930848e+00 7.899771e+00
7.930939e+00 7.899901e+00
7.931041e+00 7.900048e+00
7.931156e+00 7.900212e+00
7.931281e+00 7.900392e+00
7.931418e+00 7.900589e+00
7.931565e+00 7.900800e+00
7.931721e+00 7.901025e+00
7.931886e+00 7.901262e+00
7.932059e+00 7.901510e+00
7.932238e+00 7.901767e+00
7.932422e+00 7.902032e+00
7.932611e+00 7.902304e+00
7.932803e+00 7.902581e+00
7.932998e+00 7.902861e+00
7.933194e+00 7.903144e+00
7.933392e+00 7.903430e+00
7.933591e+00 7.903716e+00
7.933791e+00 7.904005e+00
7.933992e+00 7.904294e+00
7.934193e+00 7.904585e+00
7.934397e+00 7.904879e+00
7.934602e+00 7.905176e+00
7.934811e+00 7.905477e+00
7.935023e+00 7.905784e+00
7.935240e+00 7.906098e+00
7.935463e+00 7.906420e+00
7.935693e+00 7.906752e+00
7.935931e+00 7.907096e+00
7.936177e+00 7.907453e+00
7.936433e+00 7.907823e+00
7.936700e+00 7.908208e+00
7.936977e+00 7.908609e+00
7.937265e+00 7.909025e+00
7.937564e+00 7.909458e+00
7.937875e+00 7.909907e+00
7.938196e+00 7.910372e+00
7.938528e+00 7.910852e+00
7.938870e+00 7.911346e+00
7.939221e+00 7.911854e+00
7.939580e+00 7.912372e+00
7.939946e+00 7.912901e+00
7.940317e+00 7.913439e+00
7.940694e+00 7.913984e+00
7.941075e+00 7.914535e+00
7.941458e+00 7.915090e+00
7.941844e+00 7.915648e+00
7.942231e+00 7.916208e+00
7.942618e+00 7.916769e+00
7.943006e+00 7.917331e+00
7.943393e+00 7.917892e+00
7.943781e+00 7.918454e+00
7.944168e+00 7.919016e+00
7.944557e+00 7.919579e+00
7.944946e+00 7.920143e+00
7.945337e+00 7.920710e+00
7.945730e+00 7.921281e+00
7.946127e+00 7.921857e+00
7.946529e+00 7.922439e+00
7.946936e+00 7.923030e+00
7.947349e+00 7.923630e+00
7.947770e+00 7.924241e+00
7.948199e+00 7.924863e+00
7.948637e+00 7.925499e+00
7.949085e+00 7.926148e+00
7.949542e+00 7.926812e+00
7.950009e+00 7.927490e+00
7.950487e+00 7.928182e+00
7.950974e+00 7.928889e+00
7.951470e+00 7.929609e+00
7.951975e+00 7.930342e+00
7.952488e+00 7.931086e+00
7.953009e+00 7.931841e+00
7.953535e+00 7.932605e+00
7.954066e+00 7.933375e+00
7.954601e+00 7.934152e+00
7.955140e+00 7.934933e+00
7.955679e+00 7.935716e+00
7.956220e+00 7.936502e+00
7.956761e+00 7.937287e+00
7.957302e+00 7.938071e+00
7.957841e+00 7.938854e+00
7.958379e+00 7.939636e+00
7.958915e+00 7.940415e+00
7.959450e+00 7.941192e+00
7.959984e+00 7.941968e+00
7.960518e+00 7.942743e+00
7.961051e+00 7.943519e+00
7.961586e+00 7.944295e+00
7.962122e+00 7.945075e+00
7.962661e+00 7.945858e+00
7.963203e+00 7.946646e+00
7.963751e+00 7.947441e+00
7.964303e+00 7.948245e+00
7.964862e+00 7.949057e+00
7.965429e+00 7.949880e+00
7.966003e+00 7.950714e+00
7.966585e+00 7.951560e+00
7.967175e+00 7.952418e+00
7.967774e+00 7.953288e+00
7.968381e+00 7.954169e+00
7.968996e+00 7.955063e+00
7.969618e+00 7.955966e+00
7.970247e+00 7.956879e+00
7.970881e+00 7.957800e+00
7.971520e+00 7.958728e+00
7.972163e+00 7.959662e+00
7.972808e+00 7.960599e+00
7.973454e+00 7.961538e+00
7.974101e+00 7.962478e+00
7.974748e+00 7.963417e+00
7.975393e+00 7.964354e+00
7.976036e+00 7.965288e+00
7.976676e+00 7.966218e+00
7.977313e+00 7.967143e+00
7.977947e+00 7.968065e+00
7.978578e+00 7.968981e+00
7.979206e+00 7.969893e+00
7.979832e+00 7.970802e+00
7.980455e+00 7.971708e+00
7.981077e+00 7.972612e+00
7.981699e+00 7.973515e+00
7.982322e+00 7.974420e+00
7.982946e+00 7.975326e+00
7.983573e+00 7.976236e+00
7.984203e+00 7.977151e+00
7.984837e+00 7.978072e+00
7.985476e+00 7.979001e+00
7.986121e+00 7.979937e+00
7.986772e+00 7.980883e+00
7.987430e+00 7.981837e+00
7.988094e+00 7.982801e+00
7.988764e+00 7.983774e+00
7.989440e+00 7.984755e+00
7.990122e+00 7.985745e+00
7.990808e+00 7.986741e+00
7.991499e+00 7.987743e+00
7.992192e+00 7.988749e+00
7.992888e+00 7.989759e+00
7.993584e+00 7.990769e+00
7.994281e+00 7.991779e+00
7.994976e+00 7.992788e+00
7.995668e+00 7.993793e+00
7.996358e+00 7.994793e+00
7.997044e+00 7.995788e+00
7.997725e+00 7.996777e+00
7.998401e+00 7.997758e+00
7.999073e+00 7.998731e+00
7.999739e+00 7.999698e+00
8.000400e+00 8.000656e+00
8.001056e+00 8.001608e+00
8.001709e+00 8.002555e+00
8.002358e+00 8.003496e+00
8.003004e+00 8.004433e+00
8.003649e+00 8.005367e+00
8.004293e+00 8.006301e+00
8.004937e+00 8.007234e+00
8.005582e+00 8.008169e+00
8.006229e+00 8.009107e+00
8.006879e+00 8.010049e+00
8.007533e+00 8.010996e+00
8.008190e+00 8.011949e+00
8.008852e+00 8.012907e+00
8.009518e+00 8.013872e+00
8.010188e+00 8.014843e+00
8.010862e+00 8.015820e+00
8.011540e+00 8.016803e+00
8.012221e+00 8.017789e+00
8.012904e+00 8.018778e+00
8.013589e+00 8.019770e+00
8.014274e+00 8.020761e+00
8.014957e+00 8.021752e+00
8.015639e+00 8.022740e+00
8.016318e+00 8.023723e+00
8.016993e+00 8.024700e+00
8.017664e+00 8.025671e+00
8.018328e+00 8.026633e+00
8.018986e+00 8.027586e+00
8.019638e+00 8.028529e+00
8.020282e+00 8.029461e+00
8.020919e+00 8.030384e+00
8.021549e+00 8.031295e+00
8.022173e+00 8.032197e+00
8.022790e+00 8.033090e+00
8.023401e+00 8.033975e+00
8.024008e+00 8.034852e+00
8.024611e+00 8.035724e+00
8.025211e+00 8.036591e+00
8.025808e+00 8.037455e+00
8.026405e+00 8.038318e+00
8.027001e+00 8.039180e+00
8.027598e+00 8.040043e+00
8.028196e+00 8.040907e+00
8.028796e+00 8.041774e+00
8.029398e+00 8.042645e+00
8.030002e+00 8.043519e+00
8.030609e+00 8.044396e+00
8.031218e+00 8.045276e+00
8.031829e+00 8.046159e+00
8.032441e+00 8.047044e+00
8.033053e+00 8.047929e+00
8.033665e+00 8.048814e+00
8.034276e+00 8.049697e+00
8.034884e+00 8.050577e+00
8.035489e+00 8.051451e+00
8.036089e+00 8.052319e+00
8.036683e+00 8.053179e+00
8.037272e+00 8.054029e+00
8.037853e+00 8.054869e+00
8.038425e+00 8.055697e+00
8.038990e+00 8.056512e+00
8.039545e+00 8.057315e+00
8.040092e+00 8.058105e+00
8.040630e+00 8.058882e+00
8.041159e+00 8.059646e+00
8.041680e+00 8.060398e+00
8.042193e+00 8.061139e+00
8.042699e+00 8.061870e+00
8.043200e+00 8.062593e+00
8.043695e+00 8.063308e+00
8.044186e+00 8.064016e+00
8.044674e+00 8.064721e+00
8.045160e+00 8.065422e+00
8.045644e+00 8.066121e+00
8.046128e+00 8.066819e+00
8.046611e+00 8.067517e+00
8.047095e+00 8.068215e+00
8.047579e+00 8.068915e+00
8.048064e+00 8.069615e+00
8.048550e+00 8.070317e+00
8.049036e+00 8.071019e+00
8.049521e+00 8.071720e+00
8.050006e+00 8.072421e+00
8.050489e+00 8.073118e+00
8.050969e+00 8.073812e+00
8.051445e+00 8.074501e+00
8.051917e+00 8.075183e+00
8.052383e+00 8.075856e+00
8.052842e+00 8.076520e+00
8.053293e+00 8.077172e+00
8.053736e+00 8.077812e+00
8.054169e+00 8.078439e+00
8.054593e+00 8.079051e+00
8.055006e+00 8.079648e+00
8.055409e+00 8.080230e+00
8.055801e+00 8.080797e+00
8.056184e+00 8.081349e+00
8.056556e+00 8.081887e+00
8.056920e+00 8.082412e+00
8.057274e+00 8.082924e+00
8.057622e+00 8.083426e+00
8.057962e+00 8.083917e+00
8.058297e+00 8.084400e+00
8.058626e+00 8.084877e+00
8.058952e+00 8.085347e+00
8.059275e+00 8.085813e+00
8.059596e+00 8.086277e+00
8.059915e+00 8.086738e+00
8.060233e+00 8.087197e+00
8.060550e+00 8.087656e+00
8.060867e+00 8.088114e+00
8.061182e+00 8.088571e+00
8.061497e+00 8.089027e+00
8.061811e+00 8.089482e+00
8.062123e+00 8.089933e+00
8.062432e+00 8.090381e+00
8.062737e+00 8.090824e+00
8.063038e+00 8.091260e+00
8.063333e+00 8.091688e+00
8.063622e+00 8.092107e+00
8.063903e+00 8.092515e+00
8.064176e+00 8.092911e+00
8.064439e+00 8.093293e+00
8.064692e+00 8.093660e+00
8.064934e+00 8.094012e+00
8.065165e+00 8.094348e+00
8.065385e+00 8.094667e+00
8.065594e+00 8.094970e+00
8.065791e+00 8.095256e+00
8.065978e+00 8.095527e+00
8.066154e+00 8.095783e+00
8.066321e+00 8.096026e+00
8.066478e+00 8.096255e+00
8.066628e+00 8.096473e+00
8.066772e+00 8.096681e+00
8.066909e+00 8.096881e+00
8.067041e+00 8.097073e+00
8.067169e+00 8.097260e+00
8.067294e+00 8.097442e+00
8.067416e+00 8.097621e+00
8.067537e+00 8.097796e+00
8.067655e+00 8.097970e+00
8.067773e+00 8.098142e+00
8.067889e+00 8.098313e+00
8.068004e+00 8.098481e+00
8.068116e+00 8.098647e+00
8.068227e+00 8.098810e+00
8.068334e+00 8.098968e+00
8.068438e+00 8.099121e+00
8.068536e+00 8.099266e+00
8.068629e+00 8.099404e+00
8.068715e+00 8.099532e+00
8.068793e+00 8.099648e+00
8.068863e+00 8.099753e+00
8.068923e+00 8.099843e+00
8.068973e+00 8.099918e+00
8.069011e+00 8.099977e+00
8.069039e+00 8.100020e+00
8.069055e+00 8.100046e+00
8.069059e+00 8.100055e+00
8.069051e+00 8.100047e+00
8.069033e+00 8.100023e+00
8.069003e+00 8.099983e+00
8.068964e+00 8.099929e+00
8.068915e+00 8.099861e+00
8.068858e+00 8.099781e+00
8.068794e+00 8.099691e+00
8.068723e+00 8.099591e+00
8.068646e+00 8.099483e+00
8.068565e+00 8.099369e+00
8.068481e+00 8.099250e+00
8.068394e+00 8.099126e+00
8.068304e+00 8.099000e+00
8.068213e+00 8.098871e+00
8.068120e+00 8.098741e+00
8.068026e+00 8.098608e+00
8.067931e+00 8.098473e+00
8.067833e+00 8.098336e+00
8.067734e+00 8.098196e+00
8.067632e+00 8.098052e+00
8.067526e+00 8.097903e+00
8.067416e+00 8.097747e+00
8.067300e+00 8.097584e+00
8.067178e+00 8.097411e+00
8.067049e+00 8.097228e+00
8.066911e+00 8.097033e+00
8.066764e+00 8.096825e+00
8.066608e+00 8.096602e+00
8.066441e+00 8.096364e+00
8.066263e+00 8.096109e+00
8.066073e+00 8.095839e+00
8.065873e+00 8.095551e+00
8.065661e+00 8.095248e+00
8.065438e+00 8.094928e+00
8.065204e+00 8.094593e+00
8.064961e+00 8.094244e+00
8.064709e+00 8.093881e+00
8.064448e+00 8.093506e+00
8.064181e+00 8.093121e+00
8.063906e+00 8.092727e+00
8.063627e+00 8.092324e+00
8.063344e+00 8.091916e+00
8.063057e+00 8.091503e+00
8.062767e+00 8.091087e+00
8.062476e+00 8.090667e+00
8.062184e+00 8.090246e+00
8.061890e+00 8.089823e+00
8.061596e+00 8.089399e+00
8.061301e+00 8.088975e+00
8.061005e+00 8.088548e+00
8.060707e+00 8.088120e+00
8.060408e+00 8.087689e+00
8.060105e+00 8.087253e+00
8.059800e+00 8.086813e+00
8.059490e+00 8.086367e+00
8.059175e+00 8.085912e+00
8.058853e+00 8.085449e+00
8.058525e+00 8.084975e+00
8.058188e+00 8.084489e+00
8.057842e+00 8.083990e+00
8.057488e+00 8.083478e+00
8.057123e+00 8.082951e+00
8.056747e+00 8.082408e+00
8.056362e+00 8.081851e+00
8.055966e+00 8.081278e+00
8.055560e+00 8.080690e+00
8.055144e+00 8.080089e+00
8.054720e+00 8.079473e+00
8.054286e+00 8.078846e+00
8.053846e+00 8.078208e+00
8.053399e+00 8.077560e+00
8.052946e+00 8.076904e+00
8.052489e+00 8.076242e+00
8.052029e+00 8.075574e+00
8.051566e+00 8.074903e+00
8.051101e+00 8.074229e+00
8.050636e+00 8.073554e+00
8.050170e+00 8.072879e+00
8.049704e+00 8.072203e+00
8.049238e+00 8.071528e+00
8.048773e+00 8.070853e+00
8.048308e+00 8.070179e+00
8.047843e+00 8.069505e+00
8.047378e+00 8.068829e+00
8.046911e+00 8.068152e+00
8.046443e+00 8.067472e+00
8.045971e+00 8.066788e+00
8.045496e+00 8.066098e+00
8.045016e+00 8.065401e+00
8.044531e+00 8.064697e+00
8.044039e+00 8.063982e+00
8.043540e+00 8.063257e+00
8.043033e+00 8.062521e+00
8.042517e+00 8.061772e+00
8.041993e+00 8.061010e+00
8.041460e+00 8.060235e+00
8.040918e+00 8.059447e+00
8.040367e+00 8.058646e+00
8.039808e+00 8.057833e+00
8.039241e+00 8.057008e+00
8.038667e+00 8.056173e+00
8.038086e+00 8.055329e+00
8.037501e+00 8.054478e+00
8.036911e+00 8.053620e+00
8.036318e+00 8.052757e+00
8.035723e+00 8.051891e+00
8.035126e+00 8.051023e+00
8.034529e+00 8.050154e+00
8.033932e+00 8.049286e+00
8.033337e+00 8.048420e+00
8.032743e+00 8.047555e+00
8.032151e+00 8.046694e+00
8.031561e+00 8.045835e+00
8.030973e+00 8.044979e+00
8.030386e+00 8.044125e+00
8.029801e+00 8.043273e+00
8.029216e+00 8.042422e+00
8.028631e+00 8.041571e+00
8.028045e+00 8.040719e+00
8.027458e+00 8.039864e+00
8.026868e+00 8.039005e+00
8.026274e+00 8.038140e+00
8.025676e+00 8.037269e+00
8.025072e+00 8.036391e+00
8.024463e+00 8.035504e+00
8.023847e+00 8.034607e+00
8.023224e+00 8.033700e+00
8.022594e+00 8.032783e+00
8.021957e+00 8.031855e+00
8.021312e+00 8.030917e+00
8.020661e+00 8.029970e+00
8.020004e+00 8.029013e+00
8.019342e+00 8.028049e+00
8.018675e+00 8.027078e+00
8.018004e+00 8.026101e+00
8.017330e+00 8.025120e+00
8.016655e+00 8.024137e+00
8.015979e+00 8.023153e+00
8.015303e+00 8.022170e+00
8.014628e+00 8.021188e+00
8.013956e+00 8.020209e+00
8.013286e+00 8.019235e+00
8.012620e+00 8.018265e+00
8.011957e+00 8.017300e+00
8.011298e+00 8.016342e+00
8.010643e+00 8.015388e+00
8.009991e+00 8.014440e+00
8.009343e+00 8.013497e+00
8.008697e+00 8.012557e+00
8.008053e+00 8.011621e+00
8.007411e+00 8.010687e+00
8.006769e+00 8.009753e+00
8.006127e+00 8.008819e+00
8.005483e+00 8.007882e+00
8.004837e+00 8.006942e+00
8.004188e+00 8.005998e+00
8.003535e+00 8.005049e+00
8.002878e+00 8.004093e+00
8.002216e+00 8.003130e+00
8.001549e+00 8.002160e+00
8.000877e+00 8.001183e+00
8.000199e+00 8.000198e+00
7.999517e+00 7.999207e+00
7.998831e+00 7.998209e+00
7.998141e+00 7.997206e+00
7.997448e+00 7.996199e+00
7.996753e+00 7.995189e+00
7.996057e+00 7.994178e+00
7.995361e+00 7.993167e+00
7.994665e+00 7.992157e+00
7.993972e+00 7.991151e+00
7.993282e+00 7.990149e+00
7.992596e+00 7.989152e+00
7.991914e+00 7.988162e+00
7.991238e+00 7.987180e+00
7.990567e+00 7.986206e+00
7.989902e+00 7.985240e+00
7.989242e+00 7.984283e+00
7.988588e+00 7.983334e+00
7.987940e+00 7.982393e+00
7.987297e+00 7.981459e+00
7.986658e+00 7.980531e+00
7.986022e+00 7.979609e+00
7.985389e+00 7.978690e+00
7.984758e+00 7.977774e+00
7.984128e+00 7.976860e+00
7.983498e+00 7.975946e+00
7.982867e+00 7.975031e+00
7.982234e+00 7.974113e+00
7.981599e+00 7.973193e+00
7.980962e+00 7.972268e+00
7.980322e+00 7.971340e+00
7.979678e+00 7.970407e+00
7.979032e+00 7.969470e+00
7.978382e+00 7.968529e+00
7.977731e+00 7.967584e+00
7.977077e+00 7.966637e+00
7.976422e+00 7.965689e+00
7.975767e+00 7.964740e+00
7.975113e+00 7.963792e+00
7.974460e+00 7.962847e+00
7.973810e+00 7.961906e+00
7.973164e+00 7.960970e+00
7.972523e+00 7.960041e+00
7.971887e+00 7.959120e+00
7.971257e+00 7.958209e+00
7.970634e+00 7.957307e+00
7.970019e+00 7.956417e+00
7.969411e+00 7.955537e+00
7.968811e+00 7.954669e+00
7.968219e+00 7.953812e+00
7.967634e+00 7.952965e+00
7.967056e+00 7.952129e+00
7.966484e+00 7.951302e+00
7.965919e+00 7.950484e+00
7.965358e+00 7.949672e+00
7.964801e+00 7.948866e+00
7.964247e+00 7.948065e+00
7.963695e+00 7.947267e+00
7.963145e+00 7.946471e+00
7.962595e+00 7.945676e+00
7.962045e+00 7.944881e+00
7.961495e+00 7.944085e+00
7.960944e+00 7.943288e+00
7.960391e+00 7.942489e+00
7.959837e+00 7.941689e+00
7.959282e+00 7.940887e+00
7.958726e+00 7.940084e+00
7.958171e+00 7.939281e+00
7.957615e+00 7.938479e+00
7.957061e+00 7.937679e+00
7.956509e+00 7.936882e+00
7.955961e+00 7.936090e+00
7.955416e+00 7.935303e+00
7.954877e+00 7.934525e+00
7.954344e+00 7.933755e+00
7.953818e+00 7.932995e+00
7.953299e+00 7.932247e+00
7.952790e+00 7.931511e+00
7.952289e+00 7.930788e+00
7.951797e+00 7.930078e+00
7.951315e+00 7.929382e+00
7.950842e+00 7.928700e+00
7.950378e+00 7.928031e+00
7.949924e+00 7.927374e+00
7.949477e+00 7.926729e+00
7.949038e+00 7.926096e+00
7.948605e+00 7.925471e+00
7.948179e+00 7.924856e+00
7.947757e+00 7.924247e+00
7.947340e+00 7.923645e+00
7.946926e+00 7.923047e+00
7.946514e+00 7.922452e+00
7.946104e+00 7.921860e+00
7.945695e+00 7.921270e+00
7.945286e+00 7.920680e+00
7.944878e+00 7.920091e+00
7.944470e+00 7.919503e+00
7.944063e+00 7.918915e+00
7.943656e+00 7.918328e+00
7.943250e+00 7.917743e+00
7.942846e+00 7.917161e+00
7.942445e+00 7.916582e+00
7.942047e+00 7.916008e+00
7.941653e+00 7.915441e+00
7.941265e+00 7.914880e+00
7.940883e+00 7.914329e+00
7.940508e+00 7.913789e+00
7.940141e+00 7.913259e+00
7.939783e+00 7.912743e+00
7.939434e+00 7.912241e+00
7.939096e+00 7.911753e+00
7.938768e+00 7.911280e+00
7.938451e+00 7.910822e+00
7.938144e+00 7.910380e+00
7.937848e+00 7.909952e+00
7.937562e+00 7.909539e+00
7.937286e+00 7.909140e+00
7.937018e+00 7.908754e+00
7.936759e+00 7.908379e+00
7.936507e+00 7.908015e+00
7.936261e+00 7.907660e+00
7.936021e+00 7.907313e+00
7.935785e+00 7.906972e+00
7.935553e+00 7.906637e+00
7.935324e+00 7.906306e+00
7.935097e+00 7.905978e+00
7.934872e+00 7.905653e+00
7.934649e+00 7.905330e+00
7.934427e+00 7.905009e+00
7.934206e+00 7.904690e+00
7.933987e+00 7.904374e+00
7.933770e+00 7.904060e+00
7.933555e+00 7.903749e+00
7.933343e+00 7.903444e+00
7.933136e+00 7.903144e+00
7.932933e+00 7.902851e+00
7.932736e+00 7.902566e+00
7.932546e+00 7.902291e+00
7.932363e+00 7.902028e+00
7.932190e+00 7.901776e+00
7.932025e+00 7.901538e+00
7.931871e+00 7.901315e+00
7.931727e+00 7.901107e+00
7.931595e+00 7.900915e+00
7.931473e+00 7.900739e+00
7.931364e+00 7.900579e+00
7.931265e+00 7.900435e+00
7.931177e+00 7.900307e+00
7.931099e+00 7.900194e+00
7.931031e+00 7.900094e+00
7.930972e+00 7.900007e+00
7.930921e+00 7.899932e+00
7.930878e+00 7.899868e+00
7.930840e+00 7.899812e+00
7.930808e+00 7.899764e+00
7.930780e+00 7.899722e+00
7.930756e+00 7.899686e+00
7.930735e+00 7.899654e+00
7.930717e+00 7.899625e+00
7.930700e+00 7.899599e+00
7.930685e+00 7.899576e+00
7.930671e+00 7.899555e+00
7.930660e+00 7.899537e+00
7.930651e+00 7.899522e+00
7.930644e+00 7.899511e+00
7.930640e+00 7.899505e+00
7.930641e+00 7.899504e+00
7.930646e+00 7.899510e+00
7.930658e+00 7.899525e+00
7.930675e+00 7.899549e+00
7.930701e+00 7.899585e+00
7.930735e+00 7.899632e+00
7.930778e+00 7.899693e+00
7.930831e+00 7.899768e+00
7.930895e+00 7.899859e+00
7.930970e+00 7.899965e+00
7.931056e+00 7.900088e+00
7.931153e+00 7.900226e+00
7.931262e+00 7.900381e+00
7.931381e+00 7.900552e+00
7.931511e+00 7.900738e+00
7.931651e+00 7.900937e+00
7.931800e+00 7.901150e+00
7.931957e+00 7.901375e+00
7.932121e+00 7.901611e+00
7.932292e+00 7.901855e+00
7.932469e+00 7.902108e+00
7.932649e+00 7.902367e+00
7.932834e+00 7.902631e+00
7.933021e+00 7.902900e+00
7.933211e+00 7.903173e+00
7.933403e+00 7.903448e+00
7.933596e+00 7.903725e+00
7.933790e+00 7.904004e+00
7.933986e+00 7.904286e+00
7.934184e+00 7.904571e+00
7.934384e+00 7.904858e+00
7.934587e+00 7.905150e+00
7.934792e+00 7.905446e+00
7.935003e+00 7.905749e+00
7.935218e+00 7.906059e+00
7.935439e+00 7.906378e+00
7.935667e+00 7.906706e+00
7.935903e+00 7.907046e+00
7.936147e+00 7.907399e+00
7.936400e+00 7.907764e+00
7.936664e+00 7.908144e+00
7.936937e+00 7.908539e+00
7.937222e+00 7.908949e+00
7.937517e+00 7.909375e+00
7.937822e+00 7.909816e+00
7.938138e+00 7.910272e+00
7.938464e+00 7.910742e+00
7.938799e+00 7.911226e+00
7.939142e+00 7.911722e+00
7.939494e+00 7.912229e+00
7.939852e+00 7.912747e+00
7.940216e+00 7.913273e+00
7.940585e+00 7.913806e+00
7.940959e+00 7.914346e+00
7.941335e+00 7.914890e+00
7.941713e+00 7.915437e+00
7.942093e+00 7.915987e+00
7.942475e+00 7.916539e+00
7.942857e+00 7.917092e+00
7.943240e+00 7.917646e+00
7.943623e+00 7.918201e+00
7.944007e+00 7.918757e+00
7.944392e+00 7.919315e+00
7.944778e+00 7.919875e+00
7.945167e+00 7.920438e+00
7.945559e+00 7.921006e+00
7.945954e+00 7.921580e+00
7.946354e+00 7.922160e+00
7.946760e+00 7.922749e+00
7.947172e+00 7.923346e+00
7.947591e+00 7.923955e+00
7.948018e+00 7.924574e+00
7.948454e+00 7.925207e+00
7.948899e+00 7.925852e+00
7.949353e+00 7.926511e+00
7.949816e+00 7.927184e+00
7.950289e+00 7.927870e+00
7.950772e+00 7.928570e+00
7.951262e+00 7.929282e+00
7.951762e+00 7.930007e+00
7.952269e+00 7.930742e+00
7.952782e+00 7.931488e+00
7.953301e+00 7.932242e+00
7.953826e+00 7.933003e+00
7.954354e+00 7.933770e+00
7.954885e+00 7.934541e+00
7.955418e+00 7.935315e+00
7.955953e+00 7.936091e+00
7.956488e+00 7.936869e+00
7.957022e+00 7.937646e+00
7.957557e+00 7.938422e+00
7.958090e+00 7.939198e+00
7.958623e+00 7.939972e+00
7.959155e+00 7.940745e+00
7.959687e+00 7.941518e+00
7.960218e+00 7.942291e+00
7.960750e+00 7.943065e+00
7.961283e+00 7.943841e+00
7.961819e+00 7.944620e+00
7.962357e+00 7.945403e+00
7.962899e+00 7.946191e+00
7.963446e+00 7.946986e+00
7.963998e+00 7.947789e+00
7.964556e+00 7.948602e+00
7.965121e+00 7.949424e+00
7.965693e+00 7.950256e+00
7.966273e+00 7.951100e+00
7.966861e+00 7.951955e+00
7.967457e+00 7.952821e+00
7.968060e+00 7.953698e+00
7.968671e+00 7.954586e+00
7.969288e+00 7.955484e+00
7.969912e+00 7.956391e+00
7.970540e+00 7.957305e+00
7.971174e+00 7.958226e+00
7.971810e+00 7.959152e+00
7.972450e+00 7.960081e+00
7.973090e+00 7.961013e+00
7.973732e+00 7.961946e+00
7.974373e+00 7.962878e+00
7.975013e+00 7.963809e+00
7.975652e+00 7.964738e+00
7.976288e+00 7.965663e+00
7.976922e+00 7.966585e+00
7.977554e+00 7.967503e+00
7.978183e+00 7.968418e+00
7.978809e+00 7.969329e+00
7.979434e+00 7.970238e+00
7.980057e+00 7.971144e+00
7.980680e+00 7.972050e+00
7.981302e+00 7.972955e+00
7.981926e+00 7.973861e+00
7.982551e+00 7.974770e+00
7.983178e+00 7.975683e+00
7.983809e+00 7.976600e+00
7.984444e+00 7.977523e+00
7.985084e+00 7.978453e+00
7.985729e+00 7.979390e+00
7.986380e+00 7.980336e+00
7.987036e+00 7.981290e+00
7.987699e+00 7.982253e+00
7.988367e+00 7.983224e+00
7.989041e+00 7.984202e+00
7.989720e+00 7.985188e+00
7.990403e+00 7.986181e+00
7.991090e+00 7.987178e+00
7.991780e+00 7.988180e+00
7.992471e+00 7.989184e+00
7.993164e+00 7.990189e+00
7.993856e+00 7.991194e+00
7.994547e+00 7.992198e+00
7.995236e+00 7.993198e+00
7.995923e+00 7.994195e+00
7.996606e+00 7.995186e+00
7.997285e+00 7.996172e+00
7.997960e+00 7.997151e+00
7.998631e+00 7.998124e+00
7.999297e+00 7.999090e+00
7.999958e+00 8.000050e+00
8.000616e+00 8.001004e+00
8.001270e+00 8.001953e+00
8.001921e+00 8.002897e+00
8.002570e+00 8.003838e+00
8.003217e+00 8.004777e+00
8.003864e+00 8.005714e+00
8.004511e+00 8.006653e+00
8.005159e+00 8.007592e+00
8.005809e+00 8.008534e+00
8.006462e+00 8.009480e+00
8.007118e+00 8.010430e+00
8.007777e+00 8.011385e+00
8.008440e+00 8.012346e+00
8.009107e+00 8.013312e+00
8.009778e+00 8.014284e+00
8.010452e+00 8.015260e+00
8.011130e+00 8.016241e+00
8.011810e+00 8.017226e+00
8.012491e+00 8.018213e+00
8.013174e+00 8.019202e+00
8.013857e+00 8.020191e+00
8.014539e+00 8.021178e+00
8.015219e+00 8.022163e+00
8.015897e+00 8.023143e+00
8.016570e+00 8.024118e+00
8.017239e+00 8.025086e+00
8.017903e+00 8.026047e+00
8.018561e+00 8.026999e+00
8.019213e+00 8.027942e+00
8.019859e+00 8.028876e+00
8.020498e+00 8.029800e+00
8.021131e+00 8.030715e+00
8.021757e+00 8.031620e+00
8.022378e+00 8.032518e+00
8.022993e+00 8.033408e+00
8.023605e+00 8.034291e+00
8.024212e+00 8.035169e+00
8.024817e+00 8.036042e+00
8.025420e+00 8.036913e+00
8.026022e+00 8.037782e+00
8.026623e+00 8.038650e+00
8.027224e+00 8.039519e+00
8.027827e+00 8.040389e+00
8.028431e+00 8.041262e+00
8.029037e+00 8.042136e+00
8.029644e+00 8.043014e+00
8.030254e+00 8.043894e+00
8.030865e+00 8.044776e+00
8.031477e+00 8.045660e+00
8.032091e+00 8.046546e+00
8.032704e+00 8.047431e+00
8.033316e+00 8.048316e+00
8.033927e+00 8.049198e+00
8.034536e+00 8.050077e+00
8.035141e+00 8.050950e+00
8.035741e+00 8.051817e+00
8.036337e+00 8.052676e+00
8.036926e+00 8.053527e+00
8.037508e+00 8.054367e+00
8.038083e+00 8.055196e+00
8.038649e+00 8.056014e+00
8.039208e+00 8.056820e+00
8.039758e+00 8.057613e+00
8.040300e+00 8.058395e+00
8.040834e+00 8.059164e+00
8.041360e+00 8.059923e+00
8.041879e+00 8.060671e+00
8.042392e+00 8.061410e+00
8.042899e+00 8.062141e+00
8.043401e+00 8.062864e+00
8.043899e+00 8.063582e+00
8.044394e+00 8.064295e+00
8.044886e+00 8.065005e+00
8.045377e+00 8.065712e+00
8.045867e+00 8.066418e+00
8.046357e+00 8.067123e+00
8.046846e+00 8.067829e+00
8.047335e+00 8.068534e+00
8.047825e+00 8.069240e+00
8.048314e+00 8.069946e+00
8.048804e+00 8.070652e+00
8.049292e+00 8.071356e+00
8.049779e+00 8.072059e+00
8.050264e+00 8.072759e+00
8.050747e+00 8.073454e+00
8.051225e+00 8.074144e+00
8.051698e+00 8.074827e+00
8.052166e+00 8.075502e+00
8.052627e+00 8.076167e+00
8.053080e+00 8.076822e+00
8.053526e+00 8.077464e+00
8.053962e+00 8.078094e+00
8.054389e+00 8.078710e+00
8.054806e+00 8.079312e+00
8.055214e+00 8.079900e+00
8.055612e+00 8.080474e+00
8.056000e+00 8.081034e+00
8.056379e+00 8.081580e+00
8.056749e+00 8.082114e+00
8.057111e+00 8.082636e+00
8.057466e+00 8.083148e+00
8.057815e+00 8.083650e+00
8.058157e+00 8.084144e+00
8.058495e+00 8.084631e+00
8.058829e+00 8.085113e+00
8.059160e+00 8.085590e+00
8.059488e+00 8.086063e+00
8.059814e+00 8.086534e+00
8.060138e+00 8.087003e+00
8.060462e+00 8.087470e+00
8.060784e+00 8.087936e+00
8.061105e+00 8.088400e+00
8.061425e+00 8.088862e+00
8.061742e+00 8.089321e+00
8.062057e+00 8.089778e+00
8.062370e+00 8.090230e+00
8.062678e+00 8.090676e+00
8.062981e+00 8.091116e+00
8.063279e+00 8.091548e+00
8.063570e+00 8.091970e+00
8.063854e+00 8.092382e+00
8.064129e+00 8.092781e+00
8.064396e+00 8.093168e+00
8.064652e+00 8.093540e+00
8.064899e+00 8.093898e+00
8.065134e+00 8.094240e+00
8.065359e+00 8.094567e+00
8.065574e+00 8.094878e+00
8.065777e+00 8.095174e+00
8.065970e+00 8.095455e+00
8.066154e+00 8.095722e+00
8.066328e+00 8.095976e+00
8.066494e+00 8.096217e+00
8.066653e+00 8.096448e+00
8.066804e+00 8.096668e+00
8.066950e+00 8.096881e+00
8.067090e+00 8.097086e+00
8.067226e+00 8.097285e+00
8.067359e+00 8.097479e+00
8.067489e+00 8.097669e+00
8.067616e+00 8.097856e+00
8.067742e+00 8.098040e+00
8.067865e+00 8.098222e+00
8.067987e+00 8.098401e+00
8.068106e+00 8.098577e+00
8.068223e+00 8.098750e+00
8.068338e+00 8.098920e+00
8.068448e+00 8.099084e+00
8.068555e+00 8.099242e+00
8.068656e+00 8.099393e+00
8.068752e+00 8.099535e+00
8.068840e+00 8.099668e+00
8.068921e+00 8.099790e+00
8.068994e+00 8.099899e+00
8.069057e+00 8.099995e+00
8.069110e+00 8.100076e+00
8.069153e+00 8.100142e+00
8.069184e+00 8.100193e+00
8.069205e+00 8.100227e+00
8.069215e+00 8.100246e+00
8.069213e+00 8.100248e+00
8.069201e+00 8.100235e+00
8.069179e+00 8.100207e+00
8.069147e+00 8.100165e+00
8.069106e+00 8.100110e+00
8.069057e+00 8.100043e+00
8.069000e+00 8.099966e+00
8.068938e+00 8.099880e+00
8.068870e+00 8.099786e+00
8.068797e+00 8.099685e+00
8.068720e+00 8.099579e+00
8.068640e+00 8.099468e+00
8.068558e+00 8.099354e+00
8.068473e+00 8.099236e+00
8.068386e+00 8.099116e+00
8.068298e+00 8.098993e+00
8.068207e+00 8.098867e+00
8.068114e+00 8.098738e+00
8.068018e+00 8.098605e+00
8.067919e+00 8.098468e+00
8.067816e+00 8.098324e+00
8.067709e+00 8.098174e+00
8.067595e+00 8.098016e+00
8.067476e+00 8.097849e+00
8.067349e+00 8.097671e+00
8.067214e+00 8.097481e+00
8.067070e+00 8.097278e+00
8.066916e+00 8.097062e+00
8.066752e+00 8.096830e+00
8.066578e+00 8.096583e+00
8.066393e+00 8.096321e+00
8.066198e+00 8.096043e+00
8.065991e+00 8.095749e+00
8.065774e+00 8.095440e+00
8.065548e+00 8.095116e+00
8.065311e+00 8.094779e+00
8.065066e+00 8.094428e+00
8.064813e+00 8.094066e+00
8.064553e+00 8.093694e+00
8.064287e+00 8.093313e+00
8.064016e+00 8.092924e+00
8.063740e+00 8.092529e+00
8.063461e+00 8.092128e+00
8.063178e+00 8.091723e+00
8.062894e+00 8.091315e+00
8.062608e+00 8.090905e+00
8.062320e+00 8.090492e+00
8.062031e+00 8.090077e+00
8.061740e+00 8.089660e+00
8.061448e+00 8.089241e+00
8.061154e+00 8.088819e+00
8.060858e+00 8.088394e+00
8.060558e+00 8.087964e+00
8.060255e+00 8.087528e+00
8.059947e+00 8.087086e+00
8.059634e+00 8.086635e+00
8.059314e+00 8.086176e+00
8.058988e+00 8.085706e+00
8.058653e+00 8.085224e+00
8.058310e+00 8.084730e+00
8.057958e+00 8.084223e+00
