2.499999e+02
2.499999e+02
2.499999e+02
2.499999e+02
2.499999e+02
2.499999e+02
2.499999e+02
2.499999e+02
2.499999e+02
2.499999e+02
2.499999e+02
2.499999e+02
2.499999e+02
2.499999e+02
2.499999e+02
2.499999e+02
2.499999e+02
2.499999e+02
2.499999e+02
2.499999e+02
2.499999e+02
2.499999e+02
2.499999e+02
2.499999e+02
2.499999e+02
2.499999e+02
2.499999e+02
2.499999e+02
2.499999e+02
2.499999e+02
2.499999e+02
2.499999e+02
2.499999e+02
2.499999e+02
2.499999e+02
2.499999e+02
2.499999e+02
2.499999e+02
2.499999e+02
2.499999e+02
2.499999e+02
2.499999e+02
2.499999e+02
2.499999e+02
2.499999e+02
2.499999e+02
2.499999e+02
2.499999e+02
2.499999e+02
2.499999e+02
2.499999e+02
2.499999e+02
2.499999e+02
2.499999e+02
2.499999e+02
2.499999e+02
2.499999e+02
2.499999e+02
2.499999e+02
2.499999e+02
2.499999e+02
2.499999e+02
2.499999e+02
2.499999e+02
2.499999e+02
2.499999e+02
2.499999e+02
2.499999e+02
2.499999e+02
2.499999e+02
2.499999e+02
2.499999e+02
2.499999e+02
2.499999e+02
2.499999e+02
2.499999e+02
2.499999e+02
2.499999e+02
2.499999e+02
2.499999e+02
2.499999e+02
2.499999e+02
2.499999e+02
2.499999e+02
2.499999e+02
2.499999e+02
2.499999e+02
2.499999e+02
2.499999e+02
2.499999e+02
2.499999e+02
2.499999e+02
2.499999e+02
2.499999e+02
2.499999e+02
2.499999e+02
2.499999e+02
2.499999e+02
2.499999e+02
2.499999e+02
2.499999e+02
2.499999e+02
2.499999e+02
2.499999e+02
2.499999e+02
2.499999e+02
2.499999e+02
2.499999e+02
2.499999e+02
2.499999e+02
2.499999e+02
2.499999e+02
2.499999e+02
2.499999e+02
2.499999e+02
2.499999e+02
2.499999e+02
2.499999e+02
2.499999e+02
2.500000e+02
2.500000e+02
2.500000e+02
2.500000e+02
2.500000e+02
2.500000e+02
2.500000e+02
2.500000e+02
2.500000e+02
2.500000e+02
2.500000e+02
2.500000e+02
2.500000e+02
2.500000e+02
2.500000e+02
2.500000e+02
2.500000e+02
2.500000e+02
2.500000e+02
2.500000e+02
2.500000e+02
2.500000e+02
2.500000e+02
2.500000e+02
2.500000e+02
2.500000e+02
2.500000e+02
2.500000e+02
2.500000e+02
2.500000e+02
2.500000e+02
2.500000e+02
2.500000e+02
2.500000e+02
2.500000e+02
2.500000e+02
2.500000e+02
2.500000e+02
2.500000e+02
2.500000e+02
2.500000e+02
2.500000e+02
2.500000e+02
2.500000e+02
2.500000e+02
2.500000e+02
2.500000e+02
2.500000e+02
2.500000e+02
2.500000e+02
2.500000e+02
2.500000e+02
2.500000e+02
2.500000e+02
2.500000e+02
2.500000e+02
2.500000e+02
2.500000e+02
2.500000e+02
2.500000e+02
2.500000e+02
2.500000e+02
2.500000e+02
2.500000e+02
2.500000e+02
2.500000e+02
2.500000e+02
2.500000e+02
2.500000e+02
2.500000e+02
2.500000e+02
2.500000e+02
2.500000e+02
2.500000e+02
2.500000e+02
2.500000e+02
2.500000e+02
2.500000e+02
2.500000e+02
2.500000e+02
2.500000e+02
2.500000e+02
2.500000e+02
2.500000e+02
2.500000e+02
2.500000e+02
2.500000e+02
2.500000e+02
2.500000e+02
2.500000e+02
2.500000e+02
2.500000e+02
2.500000e+02
2.500000e+02
2.500000e+02
2.500000e+02
2.500000e+02
2.500000e+02
2.500000e+02
2.500000e+02
2.500000e+02
2.500000e+02
2.500000e+02
2.500000e+02
2.500000e+02
2.500000e+02
2.500000e+02
2.500000e+02
2.500000e+02
2.500000e+02
2.500000e+02
2.500000e+02
2.500000e+02
2.500000e+02
2.500000e+02
2.500000e+02
2.500000e+02
2.500000e+02
2.500000e+02
2.500000e+02
2.500000e+02
2.500000e+02
2.500000e+02
2.500000e+02
2.500000e+02
2.500000e+02
2.500000e+02
2.500000e+02
2.500000e+02
2.500000e+02
2.500000e+02
2.500000e+02
2.500000e+02
2.500000e+02
2.500000e+02
2.500000e+02
2.500000e+02
2.500000e+02
2.500000e+02
2.500000e+02
2.499999e+02
2.499999e+02
2.499999e+02
2.499999e+02
2.499999e+02
2.499999e+02
2.499999e+02
2.499999e+02
2.499999e+02
2.499999e+02
2.499999e+02
2.499999e+02
2.499999e+02
2.499999e+02
2.499999e+02
2.499999e+02
2.499999e+02
2.499999e+02
2.499999e+02
2.499999e+02
2.499999e+02
2.499999e+02
2.499999e+02
2.499999e+02
2.499999e+02
2.499999e+02
2.499999e+02
2.499999e+02
2.499999e+02
2.499999e+02
2.499999e+02
2.499999e+02
2.499999e+02
2.499999e+02
2.499999e+02
2.499999e+02
2.499999e+02
2.499999e+02
2.499999e+02
2.499999e+02
2.499999e+02
2.499999e+02
2.499999e+02
2.499999e+02
2.499999e+02
2.499999e+02
2.499999e+02
2.499999e+02
2.499999e+02
2.499999e+02
2.499999e+02
2.499999e+02
2.499999e+02
2.499999e+02
2.499999e+02
2.499999e+02
2.499999e+02
2.499999e+02
2.499999e+02
2.499999e+02
2.499999e+02
2.499999e+02
2.499999e+02
2.499999e+02
2.499999e+02
2.499999e+02
2.499999e+02
2.499999e+02
2.499999e+02
2.499999e+02
2.499999e+02
2.499999e+02
2.499999e+02
2.499999e+02
2.499999e+02
2.499999e+02
2.499999e+02
2.499999e+02
2.499999e+02
2.499999e+02
2.499999e+02
2.499999e+02
2.499999e+02
2.499999e+02
2.499999e+02
2.499999e+02
2.499999e+02
2.499999e+02
2.499999e+02
2.499999e+02
2.499999e+02
2.499999e+02
2.499999e+02
2.499999e+02
2.499999e+02
2.499999e+02
2.499999e+02
2.499999e+02
2.499999e+02
2.499999e+02
2.499999e+02
2.499999e+02
2.499999e+02
2.499999e+02
2.499999e+02
2.499999e+02
2.499999e+02
2.499999e+02
2.499999e+02
2.499999e+02
2.499999e+02
2.499999e+02
2.499999e+02
2.499999e+02
2.499999e+02
2.499999e+02
2.499999e+02
2.499999e+02
2.499999e+02
2.499999e+02
2.499999e+02
2.499999e+02
2.499999e+02
2.499999e+02
2.499999e+02
2.499999e+02
2.499999e+02
2.499999e+02
2.499999e+02
2.499999e+02
2.499999e+02
2.499999e+02
2.499999e+02
2.499999e+02
2.499999e+02
2.499999e+02
2.499999e+02
2.499999e+02
2.499999e+02
2.499999e+02
2.499999e+02
2.499999e+02
2.499999e+02
2.499999e+02
2.499999e+02
2.499999e+02
2.499999e+02
2.499999e+02
2.499999e+02
2.499999e+02
2.499999e+02
2.499999e+02
2.499999e+02
2.499999e+02
2.499999e+02
2.499999e+02
2.499999e+02
2.499999e+02
2.499999e+02
2.499999e+02
2.499999e+02
2.499999e+02
2.499999e+02
2.499998e+02
2.499998e+02
2.499998e+02
2.499998e+02
2.499998e+02
2.499998e+02
2.499998e+02
2.499998e+02
2.499998e+02
2.499998e+02
2.499998e+02
2.499998e+02
2.499998e+02
2.499998e+02
2.499998e+02
2.499999e+02
2.499999e+02
2.499999e+02
2.499999e+02
2.499999e+02
2.500000e+02
2.500000e+02
2.500000e+02
2.500000e+02
2.500001e+02
2.500001e+02
2.500001e+02
2.500001e+02
2.500001e+02
2.500001e+02
2.500001e+02
2.500001e+02
2.500000e+02
2.500000e+02
2.500000e+02
2.499999e+02
2.499999e+02
2.499998e+02
2.499997e+02
2.499997e+02
2.499996e+02
2.499995e+02
2.499994e+02
2.499994e+02
2.499993e+02
2.499992e+02
2.499992e+02
2.499991e+02
2.499991e+02
2.499990e+02
2.499990e+02
2.499990e+02
2.499990e+02
2.499991e+02
2.499991e+02
2.499992e+02
2.499993e+02
2.499994e+02
2.499996e+02
2.499997e+02
2.499999e+02
2.500001e+02
2.500003e+02
2.500006e+02
2.500008e+02
2.500010e+02
2.500012e+02
2.500015e+02
2.500017e+02
2.500019e+02
2.500020e+02
2.500022e+02
2.500023e+02
2.500023e+02
2.500024e+02
2.500023e+02
2.500022e+02
2.500020e+02
2.500018e+02
2.500015e+02
2.500011e+02
2.500007e+02
2.500001e+02
2.499995e+02
2.499988e+02
2.499980e+02
2.499972e+02
2.499963e+02
2.499953e+02
2.499943e+02
2.499933e+02
2.499922e+02
2.499911e+02
2.499900e+02
2.499889e+02
2.499878e+02
2.499868e+02
2.499859e+02
2.499851e+02
2.499844e+02
2.499839e+02
2.499835e+02
2.499833e+02
2.499834e+02
2.499838e+02
2.499844e+02
2.499854e+02
2.499868e+02
2.499885e+02
2.499907e+02
2.499933e+02
2.499965e+02
2.500002e+02
2.500045e+02
2.500094e+02
2.500149e+02
2.500211e+02
2.500280e+02
2.500356e+02
2.500441e+02
2.500533e+02
2.500634e+02
2.500743e+02
2.500861e+02
2.500988e+02
2.501125e+02
2.501271e+02
2.501428e+02
2.501594e+02
2.501770e+02
2.501957e+02
2.502154e+02
2.502362e+02
2.502581e+02
2.502811e+02
2.503051e+02
2.503303e+02
2.503565e+02
2.503839e+02
2.504123e+02
2.504419e+02
2.504726e+02
2.505043e+02
2.505372e+02
2.505711e+02
2.506061e+02
2.506422e+02
2.506793e+02
2.507175e+02
2.507567e+02
2.507969e+02
2.508380e+02
2.508801e+02
2.509232e+02
2.509672e+02
2.510121e+02
2.510578e+02
2.511044e+02
2.511519e+02
2.512001e+02
2.512490e+02
2.512987e+02
2.513491e+02
2.514001e+02
2.514518e+02
2.515041e+02
2.515570e+02
2.516103e+02
2.516642e+02
2.517185e+02
2.517733e+02
2.518284e+02
2.518839e+02
2.519396e+02
2.519957e+02
2.520520e+02
2.521084e+02
2.521650e+02
2.522218e+02
2.522786e+02
2.523354e+02
2.523922e+02
2.524490e+02
2.525057e+02
2.525623e+02
2.526187e+02
2.526749e+02
2.527309e+02
2.527866e+02
2.528420e+02
2.528970e+02
2.529517e+02
2.530060e+02
2.530598e+02
2.531131e+02
2.531658e+02
2.532181e+02
2.532697e+02
2.533207e+02
2.533711e+02
2.534208e+02
2.534698e+02
2.535181e+02
2.535655e+02
2.536123e+02
2.536581e+02
2.537032e+02
2.537474e+02
2.537908e+02
2.538332e+02
2.538747e+02
2.539154e+02
2.539551e+02
2.539938e+02
2.540316e+02
2.540685e+02
2.541044e+02
2.541393e+02
2.541732e+02
2.542062e+02
2.542383e+02
2.542694e+02
2.542995e+02
2.543287e+02
2.543570e+02
2.543843e+02
2.544107e+02
2.544363e+02
2.544609e+02
2.544847e+02
2.545076e+02
2.545297e+02
2.545509e+02
2.545714e+02
2.545910e+02
2.546099e+02
2.546280e+02
2.546453e+02
2.546619e+02
2.546778e+02
2.546930e+02
2.547075e+02
2.547213e+02
2.547345e+02
2.547470e+02
2.547588e+02
2.547701e+02
2.547807e+02
2.547908e+02
2.548002e+02
2.548091e+02
2.548175e+02
2.548253e+02
2.548327e+02
2.548395e+02
2.548459e+02
2.548518e+02
2.548573e+02
2.548625e+02
2.548672e+02
2.548717e+02
2.548759e+02
2.548798e+02
2.548835e+02
2.548870e+02
2.548903e+02
2.548936e+02
2.548968e+02
2.549000e+02
2.549033e+02
2.549066e+02
2.549100e+02
2.549136e+02
2.549175e+02
2.549216e+02
2.549259e+02
2.549307e+02
2.549357e+02
2.549412e+02
2.549472e+02
2.549535e+02
2.549604e+02
2.549677e+02
2.549755e+02
2.549839e+02
2.549927e+02
2.550020e+02
2.550117e+02
2.550219e+02
2.550325e+02
2.550434e+02
2.550546e+02
2.550661e+02
2.550777e+02
2.550895e+02
2.551012e+02
2.551129e+02
2.551244e+02
2.551357e+02
2.551465e+02
2.551568e+02
2.551665e+02
2.551754e+02
2.551834e+02
2.551904e+02
2.551962e+02
2.552007e+02
2.552037e+02
2.552052e+02
2.552049e+02
2.552028e+02
2.551987e+02
2.551924e+02
2.551840e+02
2.551731e+02
2.551599e+02
2.551441e+02
2.551256e+02
2.551045e+02
2.550805e+02
2.550538e+02
2.550241e+02
2.549916e+02
2.549561e+02
2.549177e+02
2.548763e+02
2.548321e+02
2.547850e+02
2.547351e+02
2.546824e+02
2.546270e+02
2.545690e+02
2.545085e+02
2.544456e+02
2.543803e+02
2.543129e+02
2.542434e+02
2.541719e+02
2.540987e+02
2.540238e+02
2.539475e+02
2.538697e+02
2.537908e+02
2.537108e+02
2.536300e+02
2.535483e+02
2.534661e+02
2.533835e+02
2.533006e+02
2.532175e+02
2.531344e+02
2.530514e+02
2.529687e+02
2.528863e+02
2.528045e+02
2.527232e+02
2.526427e+02
2.525630e+02
2.524842e+02
2.524064e+02
2.523296e+02
2.522541e+02
2.521797e+02
2.521066e+02
2.520349e+02
2.519645e+02
2.518955e+02
2.518281e+02
2.517621e+02
2.516976e+02
2.516347e+02
2.515734e+02
2.515136e+02
2.514554e+02
2.513988e+02
2.513438e+02
2.512903e+02
2.512384e+02
2.511881e+02
2.511394e+02
2.510921e+02
2.510464e+02
2.510022e+02
2.509595e+02
2.509182e+02
2.508783e+02
2.508399e+02
2.508028e+02
2.507670e+02
2.507326e+02
2.506995e+02
2.506676e+02
2.506369e+02
2.506074e+02
2.505791e+02
2.505519e+02
2.505258e+02
2.505007e+02
2.504767e+02
2.504537e+02
2.504316e+02
2.504105e+02
2.503903e+02
2.503709e+02
2.503524e+02
2.503347e+02
2.503178e+02
2.503017e+02
2.502863e+02
2.502716e+02
2.502575e+02
2.502441e+02
2.502314e+02
2.502192e+02
2.502076e+02
2.501966e+02
2.501861e+02
2.501761e+02
2.501666e+02
2.501575e+02
2.501489e+02
2.501408e+02
2.501330e+02
2.501256e+02
2.501186e+02
2.501120e+02
2.501057e+02
2.500997e+02
2.500941e+02
2.500887e+02
2.500836e+02
2.500788e+02
2.500743e+02
2.500699e+02
2.500659e+02
2.500620e+02
2.500584e+02
2.500549e+02
2.500516e+02
2.500486e+02
2.500457e+02
2.500429e+02
2.500403e+02
2.500379e+02
2.500356e+02
2.500334e+02
2.500314e+02
2.500294e+02
2.500276e+02
2.500259e+02
2.500243e+02
2.500228e+02
2.500213e+02
2.500200e+02
2.500187e+02
2.500175e+02
2.500164e+02
2.500154e+02
2.500144e+02
2.500135e+02
2.500126e+02
2.500118e+02
2.500110e+02
2.500103e+02
2.500096e+02
2.500090e+02
2.500084e+02
2.500078e+02
2.500073e+02
2.500068e+02
2.500064e+02
2.500060e+02
2.500056e+02
2.500052e+02
2.500048e+02
2.500045e+02
2.500042e+02
2.500039e+02
2.500037e+02
2.500034e+02
2.500032e+02
2.500030e+02
2.500028e+02
2.500026e+02
2.500024e+02
2.500022e+02
2.500021e+02
2.500020e+02
2.500018e+02
2.500017e+02
2.500016e+02
2.500015e+02
2.500014e+02
2.500013e+02
2.500012e+02
2.500011e+02
2.500010e+02
2.500010e+02
2.500009e+02
2.500009e+02
2.500008e+02
2.500008e+02
2.500007e+02
2.500007e+02
2.500006e+02
2.500006e+02
2.500005e+02
2.500005e+02
2.500005e+02
2.500005e+02
2.500004e+02
2.500004e+02
2.500004e+02
2.500004e+02
2.500003e+02
2.500003e+02
2.500003e+02
2.500003e+02
2.500003e+02
2.500003e+02
2.500003e+02
2.500002e+02
2.500002e+02
2.500002e+02
2.500002e+02
2.500002e+02
2.500002e+02
2.500002e+02
2.500002e+02
2.500002e+02
2.500002e+02
2.500002e+02
2.500002e+02
2.500002e+02
2.500002e+02
2.500002e+02
2.500002e+02
2.500002e+02
2.500001e+02
2.500001e+02
2.500001e+02
2.500001e+02
2.500001e+02
2.500001e+02
2.500001e+02
2.500001e+02
2.500001e+02
2.500001e+02
2.500001e+02
2.500001e+02
2.500001e+02
2.500001e+02
2.500001e+02
2.500001e+02
2.500001e+02
2.500001e+02
2.500001e+02
2.500001e+02
2.500001e+02
2.500001e+02
2.500001e+02
2.500001e+02
2.500001e+02
2.500001e+02
2.500001e+02
2.500001e+02
2.500001e+02
2.500001e+02
2.500001e+02
2.500001e+02
2.500001e+02
2.500001e+02
2.500001e+02
2.500001e+02
2.500001e+02
2.500001e+02
2.500001e+02
2.500001e+02
