2.500006e+02
2.500006e+02
2.500006e+02
2.500006e+02
2.500006e+02
2.500006e+02
2.500006e+02
2.500006e+02
2.500006e+02
2.500006e+02
2.500006e+02
2.500006e+02
2.500006e+02
2.500006e+02
2.500006e+02
2.500006e+02
2.500006e+02
2.500006e+02
2.500006e+02
2.500006e+02
2.500006e+02
2.500006e+02
2.500006e+02
2.500006e+02
2.500006e+02
2.500006e+02
2.500006e+02
2.500006e+02
2.500006e+02
2.500006e+02
2.500006e+02
2.500006e+02
2.500006e+02
2.500006e+02
2.500006e+02
2.500006e+02
2.500006e+02
2.500006e+02
2.500006e+02
2.500006e+02
2.500006e+02
2.500006e+02
2.500006e+02
2.500006e+02
2.500006e+02
2.500006e+02
2.500006e+02
2.500006e+02
2.500006e+02
2.500006e+02
2.500006e+02
2.500006e+02
2.500006e+02
2.500006e+02
2.500006e+02
2.500006e+02
2.500006e+02
2.500006e+02
2.500006e+02
2.500006e+02
2.500006e+02
2.500006e+02
2.500006e+02
2.500006e+02
2.500006e+02
2.500006e+02
2.500006e+02
2.500006e+02
2.500006e+02
2.500006e+02
2.500006e+02
2.500006e+02
2.500006e+02
2.500006e+02
2.500006e+02
2.500006e+02
2.500006e+02
2.500006e+02
2.500006e+02
2.500006e+02
2.500006e+02
2.500006e+02
2.500006e+02
2.500006e+02
2.500006e+02
2.500006e+02
2.500006e+02
2.500006e+02
2.500006e+02
2.500006e+02
2.500006e+02
2.500006e+02
2.500006e+02
2.500006e+02
2.500006e+02
2.500006e+02
2.500006e+02
2.500006e+02
2.500006e+02
2.500006e+02
2.500006e+02
2.500006e+02
2.500006e+02
2.500006e+02
2.500006e+02
2.500006e+02
2.500006e+02
2.500006e+02
2.500006e+02
2.500006e+02
2.500006e+02
2.500006e+02
2.500006e+02
2.500006e+02
2.500006e+02
2.500006e+02
2.500006e+02
2.500006e+02
2.500006e+02
2.500006e+02
2.500006e+02
2.500006e+02
2.500006e+02
2.500006e+02
2.500006e+02
2.500006e+02
2.500006e+02
2.500006e+02
2.500006e+02
2.500006e+02
2.500006e+02
2.500006e+02
2.500006e+02
2.500006e+02
2.500006e+02
2.500006e+02
2.500006e+02
2.500006e+02
2.500006e+02
2.500006e+02
2.500006e+02
2.500006e+02
2.500006e+02
2.500006e+02
2.500006e+02
2.500006e+02
2.500007e+02
2.500007e+02
2.500006e+02
2.500006e+02
2.500007e+02
2.500007e+02
2.500007e+02
2.500007e+02
2.500007e+02
2.500007e+02
2.500007e+02
2.500007e+02
2.500007e+02
2.500007e+02
2.500007e+02
2.500007e+02
2.500007e+02
2.500007e+02
2.500007e+02
2.500007e+02
2.500007e+02
2.500007e+02
2.500007e+02
2.500007e+02
2.500007e+02
2.500007e+02
2.500007e+02
2.500007e+02
2.500007e+02
2.500007e+02
2.500007e+02
2.500007e+02
2.500007e+02
2.500007e+02
2.500007e+02
2.500007e+02
2.500007e+02
2.500007e+02
2.500007e+02
2.500007e+02
2.500007e+02
2.500007e+02
2.500007e+02
2.500007e+02
2.500007e+02
2.500007e+02
2.500007e+02
2.500007e+02
2.500007e+02
2.500007e+02
2.500007e+02
2.500007e+02
2.500007e+02
2.500007e+02
2.500007e+02
2.500007e+02
2.500007e+02
2.500007e+02
2.500007e+02
2.500007e+02
2.500007e+02
2.500007e+02
2.500007e+02
2.500007e+02
2.500007e+02
2.500007e+02
2.500007e+02
2.500007e+02
2.500007e+02
2.500007e+02
2.500007e+02
2.500007e+02
2.500007e+02
2.500007e+02
2.500007e+02
2.500007e+02
2.500007e+02
2.500007e+02
2.500007e+02
2.500007e+02
2.500007e+02
2.500007e+02
2.500007e+02
2.500007e+02
2.500007e+02
2.500007e+02
2.500007e+02
2.500007e+02
2.500007e+02
2.500007e+02
2.500007e+02
2.500007e+02
2.500007e+02
2.500007e+02
2.500007e+02
2.500007e+02
2.500007e+02
2.500007e+02
2.500007e+02
2.500007e+02
2.500007e+02
2.500007e+02
2.500007e+02
2.500007e+02
2.500007e+02
2.500007e+02
2.500007e+02
2.500007e+02
2.500007e+02
2.500006e+02
2.500006e+02
2.500006e+02
2.500006e+02
2.500006e+02
2.500006e+02
2.500006e+02
2.500007e+02
2.500007e+02
2.500007e+02
2.500007e+02
2.500007e+02
2.500006e+02
2.500006e+02
2.500006e+02
2.500006e+02
2.500006e+02
2.500006e+02
2.500006e+02
2.500006e+02
2.500006e+02
2.500006e+02
2.500006e+02
2.500006e+02
2.500006e+02
2.500006e+02
2.500006e+02
2.500006e+02
2.500006e+02
2.500006e+02
2.500006e+02
2.500006e+02
2.500006e+02
2.500006e+02
2.500006e+02
2.500006e+02
2.500006e+02
2.500006e+02
2.500006e+02
2.500006e+02
2.500006e+02
2.500006e+02
2.500006e+02
2.500006e+02
2.500006e+02
2.500006e+02
2.500006e+02
2.500006e+02
2.500006e+02
2.500006e+02
2.500006e+02
2.500006e+02
2.500006e+02
2.500006e+02
2.500006e+02
2.500006e+02
2.500006e+02
2.500006e+02
2.500006e+02
2.500006e+02
2.500006e+02
2.500006e+02
2.500006e+02
2.500006e+02
2.500006e+02
2.500006e+02
2.500006e+02
2.500006e+02
2.500006e+02
2.500006e+02
2.500006e+02
2.500006e+02
2.500006e+02
2.500006e+02
2.500006e+02
2.500006e+02
2.500006e+02
2.500006e+02
2.500006e+02
2.500006e+02
2.500006e+02
2.500006e+02
2.500006e+02
2.500006e+02
2.500006e+02
2.500006e+02
2.500006e+02
2.500006e+02
2.500006e+02
2.500006e+02
2.500006e+02
2.500006e+02
2.500006e+02
2.500006e+02
2.500005e+02
2.500005e+02
2.500005e+02
2.500005e+02
2.500005e+02
2.500005e+02
2.500005e+02
2.500005e+02
2.500005e+02
2.500006e+02
2.500006e+02
2.500006e+02
2.500007e+02
2.500007e+02
2.500007e+02
2.500007e+02
2.500007e+02
2.500007e+02
2.500007e+02
2.500007e+02
2.500006e+02
2.500006e+02
2.500005e+02
2.500005e+02
2.500004e+02
2.500003e+02
2.500003e+02
2.500003e+02
2.500002e+02
2.500003e+02
2.500003e+02
2.500003e+02
2.500004e+02
2.500004e+02
2.500005e+02
2.500006e+02
2.500007e+02
2.500008e+02
2.500009e+02
2.500010e+02
2.500010e+02
2.500011e+02
2.500011e+02
2.500010e+02
2.500010e+02
2.500009e+02
2.500008e+02
2.500006e+02
2.500005e+02
2.500003e+02
2.500001e+02
2.499999e+02
2.499998e+02
2.499997e+02
2.499996e+02
2.499995e+02
2.499995e+02
2.499996e+02
2.499997e+02
2.499999e+02
2.500001e+02
2.500003e+02
2.500006e+02
2.500009e+02
2.500012e+02
2.500016e+02
2.500018e+02
2.500021e+02
2.500022e+02
2.500024e+02
2.500024e+02
2.500024e+02
2.500022e+02
2.500020e+02
2.500017e+02
2.500013e+02
2.500008e+02
2.500003e+02
2.499998e+02
2.499992e+02
2.499987e+02
2.499982e+02
2.499977e+02
2.499974e+02
2.499971e+02
2.499970e+02
2.499970e+02
2.499971e+02
2.499974e+02
2.499978e+02
2.499984e+02
2.499991e+02
2.499999e+02
2.500008e+02
2.500017e+02
2.500027e+02
2.500037e+02
2.500046e+02
2.500055e+02
2.500062e+02
2.500068e+02
2.500072e+02
2.500074e+02
2.500074e+02
2.500072e+02
2.500067e+02
2.500059e+02
2.500049e+02
2.500037e+02
2.500023e+02
2.500008e+02
2.499991e+02
2.499973e+02
2.499955e+02
2.499937e+02
2.499920e+02
2.499904e+02
2.499890e+02
2.499878e+02
2.499870e+02
2.499865e+02
2.499863e+02
2.499866e+02
2.499872e+02
2.499884e+02
2.499899e+02
2.499918e+02
2.499942e+02
2.499968e+02
2.499998e+02
2.500030e+02
2.500063e+02
2.500098e+02
2.500132e+02
2.500165e+02
2.500197e+02
2.500226e+02
2.500251e+02
2.500272e+02
2.500288e+02
2.500299e+02
2.500303e+02
2.500300e+02
2.500290e+02
2.500273e+02
2.500249e+02
2.500218e+02
2.500180e+02
2.500136e+02
2.500086e+02
2.500032e+02
2.499973e+02
2.499911e+02
2.499848e+02
2.499783e+02
2.499719e+02
2.499656e+02
2.499596e+02
2.499540e+02
2.499489e+02
2.499444e+02
2.499407e+02
2.499378e+02
2.499358e+02
2.499349e+02
2.499350e+02
2.499362e+02
2.499386e+02
2.499423e+02
2.499471e+02
2.499531e+02
2.499602e+02
2.499685e+02
2.499778e+02
2.499881e+02
2.499993e+02
2.500112e+02
2.500237e+02
2.500367e+02
2.500499e+02
2.500633e+02
2.500766e+02
2.500897e+02
2.501024e+02
2.501144e+02
2.501256e+02
2.501357e+02
2.501446e+02
2.501522e+02
2.501581e+02
2.501624e+02
2.501648e+02
2.501653e+02
2.501637e+02
2.501600e+02
2.501541e+02
2.501461e+02
2.501358e+02
2.501235e+02
2.501090e+02
2.500926e+02
2.500742e+02
2.500541e+02
2.500323e+02
2.500091e+02
2.499846e+02
2.499590e+02
2.499325e+02
2.499053e+02
2.498776e+02
2.498497e+02
2.498217e+02
2.497938e+02
2.497663e+02
2.497393e+02
2.497131e+02
2.496879e+02
2.496637e+02
2.496408e+02
2.496193e+02
2.495994e+02
2.495812e+02
2.495649e+02
2.495505e+02
2.495381e+02
2.495280e+02
2.495201e+02
2.495146e+02
2.495116e+02
2.495112e+02
2.495135e+02
2.495184e+02
2.495263e+02
2.495370e+02
2.495508e+02
2.495677e+02
2.495878e+02
2.496112e+02
2.496380e+02
2.496682e+02
2.497019e+02
2.497392e+02
2.497802e+02
2.498250e+02
2.498735e+02
2.499258e+02
2.499819e+02
2.500419e+02
2.501057e+02
2.501733e+02
2.502448e+02
2.503200e+02
2.503988e+02
2.504813e+02
2.505673e+02
2.506566e+02
2.507492e+02
2.508449e+02
2.509436e+02
2.510450e+02
2.511489e+02
2.512553e+02
2.513638e+02
2.514743e+02
2.515866e+02
2.517005e+02
2.518157e+02
2.519321e+02
2.520495e+02
2.521677e+02
2.522866e+02
2.524060e+02
2.525259e+02
2.526461e+02
2.527665e+02
2.528873e+02
2.530082e+02
2.531294e+02
2.532509e+02
2.533728e+02
2.534952e+02
2.536181e+02
2.537418e+02
2.538664e+02
2.539922e+02
2.541191e+02
2.542476e+02
2.543778e+02
2.545100e+02
2.546442e+02
2.547807e+02
2.549198e+02
2.550615e+02
2.552060e+02
2.553533e+02
2.555037e+02
2.556570e+02
2.558132e+02
2.559723e+02
2.561341e+02
2.562985e+02
2.564652e+02
2.566339e+02
2.568042e+02
2.569758e+02
2.571481e+02
2.573206e+02
2.574928e+02
2.576639e+02
2.578333e+02
2.580004e+02
2.581643e+02
2.583244e+02
2.584798e+02
2.586300e+02
2.587740e+02
2.589113e+02
2.590412e+02
2.591632e+02
2.592766e+02
2.593811e+02
2.594762e+02
2.595618e+02
2.596377e+02
2.597039e+02
2.597603e+02
2.598073e+02
2.598452e+02
2.598744e+02
2.598954e+02
2.599089e+02
2.599157e+02
2.599167e+02
2.599129e+02
2.599052e+02
2.598948e+02
2.598829e+02
2.598706e+02
2.598592e+02
2.598500e+02
2.598441e+02
2.598428e+02
2.598474e+02
2.598589e+02
2.598785e+02
2.599073e+02
2.599463e+02
2.599963e+02
2.600582e+02
2.601327e+02
2.602204e+02
2.603217e+02
2.604369e+02
2.605664e+02
2.607100e+02
2.608677e+02
2.610392e+02
2.612238e+02
2.614211e+02
2.616300e+02
2.618495e+02
2.620782e+02
2.623148e+02
2.625574e+02
2.628043e+02
2.630531e+02
2.633018e+02
2.635479e+02
2.637888e+02
2.640218e+02
2.642441e+02
2.644531e+02
2.646461e+02
2.648201e+02
2.649725e+02
2.651010e+02
2.652033e+02
2.652773e+02
2.653211e+02
2.653335e+02
2.653134e+02
2.652601e+02
2.651732e+02
2.650528e+02
2.648995e+02
2.647141e+02
2.644977e+02
2.642520e+02
2.639786e+02
2.636797e+02
2.633577e+02
2.630148e+02
2.626538e+02
2.622772e+02
2.618876e+02
2.614879e+02
2.610804e+02
2.606677e+02
2.602521e+02
2.598360e+02
2.594213e+02
2.590099e+02
2.586035e+02
2.582037e+02
2.578117e+02
2.574288e+02
2.570559e+02
2.566938e+02
2.563432e+02
2.560046e+02
2.556783e+02
2.553646e+02
2.550636e+02
2.547753e+02
2.544998e+02
2.542369e+02
2.539864e+02
2.537481e+02
2.535217e+02
2.533069e+02
2.531033e+02
2.529105e+02
2.527282e+02
2.525560e+02
2.523934e+02
2.522401e+02
2.520957e+02
2.519597e+02
2.518317e+02
2.517114e+02
2.515983e+02
2.514922e+02
2.513925e+02
2.512991e+02
2.512115e+02
2.511294e+02
2.510525e+02
2.509805e+02
2.509132e+02
2.508502e+02
2.507913e+02
2.507363e+02
2.506849e+02
2.506369e+02
2.505920e+02
2.505502e+02
2.505112e+02
2.504748e+02
2.504409e+02
2.504093e+02
2.503799e+02
2.503525e+02
2.503270e+02
2.503032e+02
2.502811e+02
2.502605e+02
2.502414e+02
2.502236e+02
2.502071e+02
2.501918e+02
2.501775e+02
2.501643e+02
2.501520e+02
2.501406e+02
2.501300e+02
2.501202e+02
2.501111e+02
2.501026e+02
2.500948e+02
2.500876e+02
2.500808e+02
2.500746e+02
2.500689e+02
2.500635e+02
2.500586e+02
2.500540e+02
2.500498e+02
2.500459e+02
2.500423e+02
2.500390e+02
2.500359e+02
2.500331e+02
2.500305e+02
2.500280e+02
2.500258e+02
2.500237e+02
2.500218e+02
2.500201e+02
2.500185e+02
2.500170e+02
2.500156e+02
2.500143e+02
2.500132e+02
2.500121e+02
2.500111e+02
2.500102e+02
2.500094e+02
2.500086e+02
2.500079e+02
2.500073e+02
2.500067e+02
2.500061e+02
2.500056e+02
2.500052e+02
2.500047e+02
2.500043e+02
2.500040e+02
2.500037e+02
2.500034e+02
2.500031e+02
2.500028e+02
2.500026e+02
2.500024e+02
2.500022e+02
2.500020e+02
2.500019e+02
2.500017e+02
2.500016e+02
2.500014e+02
2.500013e+02
2.500012e+02
2.500011e+02
2.500010e+02
2.500010e+02
2.500009e+02
2.500008e+02
2.500008e+02
2.500007e+02
2.500007e+02
2.500006e+02
2.500006e+02
2.500005e+02
2.500005e+02
2.500005e+02
2.500004e+02
2.500004e+02
2.500004e+02
2.500004e+02
2.500004e+02
2.500003e+02
2.500003e+02
2.500003e+02
2.500003e+02
2.500003e+02
2.500003e+02
2.500003e+02
2.500003e+02
2.500002e+02
2.500002e+02
2.500002e+02
2.500002e+02
2.500002e+02
2.500002e+02
2.500002e+02
2.500002e+02
2.500002e+02
2.500002e+02
2.500002e+02
2.500002e+02
2.500002e+02
2.500002e+02
2.500002e+02
2.500002e+02
2.500002e+02
2.500002e+02
2.500002e+02
2.500002e+02
2.500002e+02
2.500002e+02
2.500002e+02
2.500002e+02
2.500002e+02
2.500002e+02
2.500002e+02
2.500002e+02
2.500002e+02
2.500002e+02
2.500002e+02
2.500002e+02
2.500002e+02
2.500002e+02
2.500002e+02
2.500002e+02
2.500002e+02
2.500002e+02
2.500002e+02
2.500002e+02
2.500002e+02
2.500002e+02
2.500002e+02
2.500002e+02
2.500002e+02
2.500002e+02
2.500002e+02
2.500002e+02
2.500002e+02
2.500002e+02
2.500002e+02
2.500002e+02
2.500002e+02
2.500002e+02
2.500002e+02
2.500002e+02
2.500002e+02
2.500002e+02
2.500002e+02
2.500002e+02
2.500002e+02
2.500002e+02
2.500002e+02
2.500002e+02
2.500002e+02
2.500002e+02
2.500002e+02
2.500002e+02
2.500002e+02
2.500002e+02
2.500002e+02
2.500002e+02
2.500002e+02
2.500002e+02
2.500002e+02
2.500002e+02
2.500002e+02
2.500002e+02
2.500002e+02
2.500002e+02
2.500002e+02
2.500002e+02
2.500002e+02
2.500002e+02
2.500002e+02
2.500002e+02
2.500002e+02
2.500002e+02
2.500002e+02
2.500002e+02
2.500002e+02
2.500002e+02
2.500002e+02
2.500002e+02
2.500002e+02
2.500002e+02
2.500002e+02
2.500002e+02
2.500002e+02
2.500002e+02
2.500002e+02
2.500002e+02
2.500002e+02
2.500002e+02
