2.499999e+02
2.499999e+02
2.499999e+02
2.499999e+02
2.499999e+02
2.499999e+02
2.499999e+02
2.499999e+02
2.499999e+02
2.499999e+02
2.499999e+02
2.499999e+02
2.499999e+02
2.499999e+02
2.499999e+02
2.499999e+02
2.499999e+02
2.499999e+02
2.499999e+02
2.499999e+02
2.499999e+02
2.499999e+02
2.499999e+02
2.499999e+02
2.499999e+02
2.499999e+02
2.499999e+02
2.499999e+02
2.499999e+02
2.499999e+02
2.499999e+02
2.499999e+02
2.499999e+02
2.499999e+02
2.499999e+02
2.499999e+02
2.499999e+02
2.499999e+02
2.499999e+02
2.499999e+02
2.499999e+02
2.499999e+02
2.499999e+02
2.499999e+02
2.499999e+02
2.499999e+02
2.499999e+02
2.499999e+02
2.499999e+02
2.499999e+02
2.499999e+02
2.499999e+02
2.499999e+02
2.499999e+02
2.499999e+02
2.499999e+02
2.499999e+02
2.499999e+02
2.499999e+02
2.499999e+02
2.499999e+02
2.499999e+02
2.499999e+02
2.499999e+02
2.499999e+02
2.499999e+02
2.499999e+02
2.499999e+02
2.499999e+02
2.499999e+02
2.499999e+02
2.499999e+02
2.499999e+02
2.499999e+02
2.499999e+02
2.499999e+02
2.499999e+02
2.499999e+02
2.499999e+02
2.499999e+02
2.499999e+02
2.499999e+02
2.499999e+02
2.499999e+02
2.499999e+02
2.499999e+02
2.499999e+02
2.499999e+02
2.499999e+02
2.499999e+02
2.499999e+02
2.499999e+02
2.499999e+02
2.499999e+02
2.499999e+02
2.499999e+02
2.499999e+02
2.499999e+02
2.499999e+02
2.499999e+02
2.499999e+02
2.499999e+02
2.499999e+02
2.499999e+02
2.499999e+02
2.499999e+02
2.499999e+02
2.499999e+02
2.499999e+02
2.499999e+02
2.499999e+02
2.499999e+02
2.499999e+02
2.499999e+02
2.499999e+02
2.499999e+02
2.499999e+02
2.499999e+02
2.499999e+02
2.499999e+02
2.499999e+02
2.499999e+02
2.499999e+02
2.499999e+02
2.499999e+02
2.499999e+02
2.499999e+02
2.499999e+02
2.499999e+02
2.499999e+02
2.499999e+02
2.499999e+02
2.499999e+02
2.499999e+02
2.499999e+02
2.499999e+02
2.499999e+02
2.499999e+02
2.499999e+02
2.499999e+02
2.499999e+02
2.499999e+02
2.499999e+02
2.499999e+02
2.499999e+02
2.499999e+02
2.499999e+02
2.499999e+02
2.499999e+02
2.499999e+02
2.499999e+02
2.499999e+02
2.499999e+02
2.499999e+02
2.499999e+02
2.499999e+02
2.499999e+02
2.499999e+02
2.499999e+02
2.499999e+02
2.499999e+02
2.499999e+02
2.499999e+02
2.499999e+02
2.499999e+02
2.499999e+02
2.499999e+02
2.499999e+02
2.499999e+02
2.499999e+02
2.499999e+02
2.499999e+02
2.499999e+02
2.499999e+02
2.499999e+02
2.499999e+02
2.499999e+02
2.499999e+02
2.499999e+02
2.499999e+02
2.499999e+02
2.499999e+02
2.499999e+02
2.499999e+02
2.499999e+02
2.499999e+02
2.499999e+02
2.499999e+02
2.499999e+02
2.499999e+02
2.499999e+02
2.499999e+02
2.499999e+02
2.499999e+02
2.499999e+02
2.499999e+02
2.499999e+02
2.499999e+02
2.499999e+02
2.499999e+02
2.499999e+02
2.499999e+02
2.499999e+02
2.499999e+02
2.499999e+02
2.499999e+02
2.499999e+02
2.499999e+02
2.499999e+02
2.499999e+02
2.499999e+02
2.499999e+02
2.499999e+02
2.499999e+02
2.499999e+02
2.499999e+02
2.499999e+02
2.499999e+02
2.499999e+02
2.499999e+02
2.499999e+02
2.499999e+02
2.499999e+02
2.499999e+02
2.499999e+02
2.499999e+02
2.499999e+02
2.499999e+02
2.499999e+02
2.499999e+02
2.499999e+02
2.499999e+02
2.499999e+02
2.499999e+02
2.499999e+02
2.499999e+02
2.499999e+02
2.499999e+02
2.499999e+02
2.499999e+02
2.499999e+02
2.499999e+02
2.499999e+02
2.499999e+02
2.499999e+02
2.499999e+02
2.499999e+02
2.499999e+02
2.499999e+02
2.499999e+02
2.499999e+02
2.499999e+02
2.499999e+02
2.499999e+02
2.499999e+02
2.499999e+02
2.499999e+02
2.499999e+02
2.499999e+02
2.499999e+02
2.499999e+02
2.499999e+02
2.499999e+02
2.499999e+02
2.499999e+02
2.499999e+02
2.499999e+02
2.499999e+02
2.499999e+02
2.499999e+02
2.499999e+02
2.499999e+02
2.499999e+02
2.499999e+02
2.499999e+02
2.499999e+02
2.499999e+02
2.499999e+02
2.499999e+02
2.499999e+02
2.499999e+02
2.499999e+02
2.499999e+02
2.499999e+02
2.499999e+02
2.499999e+02
2.499999e+02
2.499999e+02
2.499999e+02
2.499999e+02
2.499999e+02
2.499999e+02
2.499999e+02
2.499999e+02
2.499999e+02
2.499999e+02
2.499999e+02
2.499999e+02
2.499999e+02
2.499999e+02
2.499999e+02
2.499999e+02
2.499999e+02
2.499999e+02
2.499999e+02
2.499999e+02
2.499999e+02
2.499999e+02
2.499999e+02
2.499999e+02
2.499999e+02
2.499999e+02
2.499999e+02
2.499999e+02
2.499999e+02
2.499999e+02
2.499999e+02
2.499999e+02
2.499999e+02
2.499999e+02
2.499999e+02
2.499999e+02
2.499999e+02
2.499999e+02
2.499999e+02
2.499999e+02
2.499999e+02
2.499999e+02
2.499999e+02
2.499999e+02
2.499999e+02
2.499999e+02
2.499999e+02
2.499999e+02
2.499999e+02
2.499999e+02
2.499999e+02
2.499999e+02
2.499999e+02
2.499999e+02
2.499999e+02
2.499999e+02
2.499999e+02
2.499999e+02
2.499999e+02
2.499999e+02
2.499999e+02
2.499999e+02
2.499999e+02
2.499999e+02
2.499999e+02
2.499999e+02
2.499999e+02
2.499999e+02
2.499999e+02
2.499999e+02
2.499999e+02
2.499999e+02
2.499999e+02
2.499999e+02
2.499999e+02
2.499999e+02
2.499999e+02
2.499999e+02
2.499999e+02
2.499999e+02
2.499999e+02
2.499999e+02
2.499999e+02
2.499999e+02
2.499999e+02
2.499999e+02
2.499999e+02
2.499999e+02
2.499999e+02
2.499999e+02
2.499999e+02
2.499999e+02
2.499999e+02
2.499999e+02
2.499999e+02
2.499999e+02
2.499999e+02
2.499999e+02
2.499999e+02
2.499999e+02
2.500000e+02
2.500000e+02
2.500000e+02
2.500000e+02
2.500000e+02
2.500000e+02
2.500000e+02
2.500000e+02
2.500000e+02
2.500000e+02
2.500001e+02
2.500001e+02
2.500001e+02
2.500001e+02
2.500001e+02
2.500001e+02
2.500002e+02
2.500002e+02
2.500002e+02
2.500003e+02
2.500003e+02
2.500003e+02
2.500004e+02
2.500004e+02
2.500004e+02
2.500005e+02
2.500005e+02
2.500006e+02
2.500006e+02
2.500007e+02
2.500008e+02
2.500008e+02
2.500009e+02
2.500010e+02
2.500011e+02
2.500012e+02
2.500013e+02
2.500014e+02
2.500015e+02
2.500016e+02
2.500017e+02
2.500019e+02
2.500020e+02
2.500022e+02
2.500024e+02
2.500025e+02
2.500027e+02
2.500029e+02
2.500032e+02
2.500034e+02
2.500037e+02
2.500039e+02
2.500042e+02
2.500045e+02
2.500048e+02
2.500052e+02
2.500055e+02
2.500059e+02
2.500063e+02
2.500068e+02
2.500072e+02
2.500077e+02
2.500082e+02
2.500088e+02
2.500094e+02
2.500100e+02
2.500106e+02
2.500113e+02
2.500121e+02
2.500128e+02
2.500136e+02
2.500145e+02
2.500154e+02
2.500164e+02
2.500174e+02
2.500185e+02
2.500196e+02
2.500208e+02
2.500221e+02
2.500234e+02
2.500248e+02
2.500263e+02
2.500279e+02
2.500295e+02
2.500313e+02
2.500331e+02
2.500350e+02
2.500371e+02
2.500392e+02
2.500415e+02
2.500438e+02
2.500463e+02
2.500490e+02
2.500517e+02
2.500546e+02
2.500577e+02
2.500608e+02
2.500642e+02
2.500677e+02
2.500714e+02
2.500752e+02
2.500793e+02
2.500835e+02
2.500879e+02
2.500925e+02
2.500974e+02
2.501024e+02
2.501077e+02
2.501132e+02
2.501189e+02
2.501249e+02
2.501311e+02
2.501375e+02
2.501443e+02
2.501512e+02
2.501585e+02
2.501660e+02
2.501738e+02
2.501819e+02
2.501903e+02
2.501990e+02
2.502080e+02
2.502173e+02
2.502269e+02
2.502368e+02
2.502471e+02
2.502577e+02
2.502685e+02
2.502798e+02
2.502913e+02
2.503032e+02
2.503154e+02
2.503280e+02
2.503409e+02
2.503541e+02
2.503676e+02
2.503815e+02
2.503958e+02
2.504104e+02
2.504253e+02
2.504405e+02
2.504561e+02
2.504720e+02
2.504882e+02
2.505048e+02
2.505216e+02
2.505388e+02
2.505563e+02
2.505741e+02
2.505922e+02
2.506106e+02
2.506293e+02
2.506483e+02
2.506675e+02
2.506871e+02
2.507068e+02
2.507269e+02
2.507471e+02
2.507676e+02
2.507884e+02
2.508093e+02
2.508305e+02
2.508519e+02
2.508734e+02
2.508952e+02
2.509171e+02
2.509392e+02
2.509614e+02
2.509838e+02
2.510063e+02
2.510289e+02
2.510516e+02
2.510744e+02
2.510973e+02
2.511202e+02
2.511432e+02
2.511663e+02
2.511894e+02
2.512125e+02
2.512357e+02
2.512588e+02
2.512819e+02
2.513050e+02
2.513281e+02
2.513511e+02
2.513741e+02
2.513970e+02
2.514198e+02
2.514425e+02
2.514651e+02
2.514876e+02
2.515100e+02
2.515323e+02
2.515544e+02
2.515763e+02
2.515981e+02
2.516197e+02
2.516411e+02
2.516623e+02
2.516833e+02
2.517041e+02
2.517247e+02
2.517450e+02
2.517651e+02
2.517850e+02
2.518046e+02
2.518240e+02
2.518430e+02
2.518619e+02
2.518804e+02
2.518987e+02
2.519166e+02
2.519343e+02
2.519517e+02
2.519687e+02
2.519855e+02
2.520019e+02
2.520181e+02
2.520339e+02
2.520494e+02
2.520646e+02
2.520795e+02
2.520940e+02
2.521082e+02
2.521221e+02
2.521357e+02
2.521489e+02
2.521618e+02
2.521744e+02
2.521867e+02
2.521986e+02
2.522103e+02
2.522216e+02
2.522326e+02
2.522432e+02
2.522536e+02
2.522636e+02
2.522734e+02
2.522828e+02
2.522919e+02
2.523008e+02
2.523093e+02
2.523176e+02
2.523256e+02
2.523333e+02
2.523407e+02
2.523478e+02
2.523547e+02
2.523614e+02
2.523677e+02
2.523739e+02
2.523798e+02
2.523854e+02
2.523908e+02
2.523960e+02
2.524010e+02
2.524057e+02
2.524103e+02
2.524146e+02
2.524188e+02
2.524227e+02
2.524265e+02
2.524301e+02
2.524335e+02
2.524368e+02
2.524399e+02
2.524428e+02
2.524456e+02
2.524483e+02
2.524508e+02
2.524531e+02
2.524554e+02
2.524575e+02
2.524596e+02
2.524615e+02
2.524633e+02
2.524650e+02
2.524666e+02
2.524682e+02
2.524696e+02
2.524710e+02
2.524723e+02
2.524735e+02
2.524747e+02
2.524758e+02
2.524768e+02
2.524779e+02
2.524788e+02
2.524797e+02
2.524806e+02
2.524814e+02
2.524823e+02
2.524830e+02
2.524838e+02
2.524845e+02
2.524852e+02
2.524859e+02
2.524866e+02
2.524873e+02
2.524879e+02
2.524886e+02
2.524892e+02
2.524899e+02
2.524905e+02
2.524911e+02
2.524918e+02
2.524924e+02
2.524931e+02
2.524937e+02
2.524943e+02
2.524950e+02
2.524956e+02
2.524963e+02
2.524969e+02
2.524976e+02
2.524983e+02
2.524989e+02
2.524996e+02
2.525003e+02
2.525009e+02
2.525016e+02
2.525022e+02
2.525029e+02
2.525035e+02
2.525042e+02
2.525048e+02
2.525054e+02
2.525060e+02
2.525065e+02
2.525071e+02
2.525076e+02
2.525081e+02
2.525085e+02
2.525089e+02
2.525093e+02
2.525096e+02
2.525098e+02
2.525100e+02
2.525101e+02
2.525102e+02
2.525101e+02
2.525100e+02
2.525097e+02
2.525094e+02
2.525089e+02
2.525083e+02
2.525076e+02
2.525067e+02
2.525057e+02
2.525045e+02
2.525031e+02
2.525016e+02
2.524998e+02
2.524979e+02
2.524957e+02
2.524932e+02
2.524906e+02
2.524876e+02
2.524844e+02
2.524809e+02
2.524771e+02
2.524730e+02
2.524685e+02
2.524637e+02
2.524586e+02
2.524531e+02
2.524472e+02
2.524409e+02
2.524342e+02
2.524271e+02
2.524196e+02
2.524116e+02
2.524031e+02
2.523942e+02
2.523848e+02
2.523750e+02
2.523646e+02
2.523538e+02
2.523424e+02
2.523305e+02
2.523181e+02
2.523052e+02
2.522918e+02
2.522778e+02
2.522633e+02
2.522483e+02
2.522327e+02
2.522166e+02
2.522000e+02
2.521828e+02
2.521652e+02
2.521470e+02
2.521283e+02
2.521091e+02
2.520894e+02
2.520692e+02
2.520486e+02
2.520275e+02
2.520060e+02
2.519840e+02
2.519616e+02
2.519388e+02
2.519156e+02
2.518920e+02
2.518681e+02
2.518439e+02
2.518193e+02
2.517944e+02
2.517693e+02
2.517439e+02
2.517182e+02
2.516924e+02
2.516663e+02
2.516400e+02
2.516136e+02
2.515871e+02
2.515605e+02
2.515337e+02
2.515069e+02
2.514800e+02
2.514531e+02
2.514262e+02
2.513993e+02
2.513724e+02
2.513456e+02
2.513189e+02
2.512922e+02
2.512656e+02
2.512392e+02
2.512129e+02
2.511868e+02
2.511608e+02
2.511350e+02
2.511094e+02
2.510841e+02
2.510589e+02
2.510341e+02
2.510094e+02
2.509851e+02
2.509610e+02
2.509372e+02
2.509137e+02
2.508905e+02
2.508677e+02
2.508451e+02
2.508229e+02
2.508010e+02
2.507795e+02
2.507583e+02
2.507375e+02
2.507171e+02
2.506970e+02
2.506772e+02
2.506578e+02
2.506388e+02
2.506202e+02
2.506020e+02
2.505841e+02
2.505666e+02
2.505494e+02
2.505327e+02
2.505163e+02
2.505002e+02
2.504846e+02
2.504693e+02
2.504543e+02
2.504397e+02
2.504255e+02
2.504116e+02
2.503981e+02
2.503849e+02
2.503721e+02
2.503596e+02
2.503474e+02
2.503356e+02
2.503241e+02
2.503129e+02
2.503020e+02
2.502914e+02
2.502811e+02
2.502711e+02
2.502615e+02
2.502520e+02
2.502429e+02
2.502341e+02
2.502255e+02
2.502172e+02
2.502091e+02
2.502013e+02
2.501938e+02
2.501864e+02
2.501794e+02
2.501725e+02
2.501659e+02
2.501595e+02
2.501533e+02
2.501473e+02
2.501415e+02
2.501359e+02
2.501305e+02
2.501253e+02
2.501203e+02
2.501154e+02
2.501107e+02
2.501062e+02
2.501019e+02
2.500977e+02
2.500937e+02
2.500898e+02
2.500860e+02
2.500824e+02
2.500789e+02
2.500756e+02
2.500724e+02
2.500693e+02
2.500663e+02
2.500634e+02
2.500607e+02
2.500581e+02
2.500555e+02
2.500531e+02
2.500507e+02
2.500485e+02
2.500463e+02
2.500443e+02
2.500423e+02
2.500404e+02
2.500385e+02
2.500368e+02
2.500351e+02
2.500335e+02
2.500320e+02
2.500305e+02
2.500291e+02
2.500277e+02
2.500264e+02
2.500252e+02
2.500240e+02
2.500229e+02
2.500218e+02
2.500208e+02
2.500198e+02
2.500188e+02
2.500179e+02
2.500170e+02
2.500162e+02
2.500154e+02
2.500147e+02
2.500140e+02
2.500133e+02
2.500126e+02
2.500120e+02
2.500114e+02
2.500108e+02
2.500103e+02
2.500098e+02
2.500093e+02
2.500088e+02
2.500084e+02
2.500080e+02
2.500076e+02
2.500072e+02
2.500068e+02
2.500065e+02
2.500061e+02
2.500058e+02
2.500055e+02
2.500052e+02
2.500050e+02
2.500047e+02
2.500045e+02
2.500042e+02
2.500040e+02
2.500038e+02
2.500036e+02
2.500034e+02
2.500032e+02
2.500031e+02
2.500029e+02
2.500028e+02
2.500026e+02
2.500025e+02
2.500024e+02
2.500022e+02
2.500021e+02
2.500020e+02
2.500019e+02
2.500018e+02
2.500017e+02
2.500016e+02
2.500016e+02
2.500015e+02
2.500014e+02
2.500014e+02
2.500013e+02
2.500012e+02
2.500012e+02
2.500011e+02
2.500011e+02
2.500010e+02
2.500010e+02
2.500010e+02
2.500009e+02
2.500009e+02
2.500009e+02
2.500009e+02
2.500008e+02
2.500008e+02
2.500008e+02
2.500008e+02
2.500008e+02
2.500008e+02
2.500008e+02
2.500008e+02
