2.500003e+02
2.500003e+02
2.500003e+02
2.500003e+02
2.500003e+02
2.500003e+02
2.500003e+02
2.500003e+02
2.500003e+02
2.500003e+02
2.500003e+02
2.500003e+02
2.500003e+02
2.500003e+02
2.500003e+02
2.500003e+02
2.500003e+02
2.500003e+02
2.500003e+02
2.500003e+02
2.500003e+02
2.500003e+02
2.500003e+02
2.500003e+02
2.500003e+02
2.500003e+02
2.500003e+02
2.500003e+02
2.500003e+02
2.500003e+02
2.500003e+02
2.500003e+02
2.500003e+02
2.500003e+02
2.500003e+02
2.500003e+02
2.500003e+02
2.500003e+02
2.500003e+02
2.500003e+02
2.500003e+02
2.500003e+02
2.500003e+02
2.500003e+02
2.500003e+02
2.500003e+02
2.500003e+02
2.500003e+02
2.500003e+02
2.500003e+02
2.500003e+02
2.500003e+02
2.500003e+02
2.500003e+02
2.500003e+02
2.500003e+02
2.500003e+02
2.500003e+02
2.500003e+02
2.500003e+02
2.500003e+02
2.500003e+02
2.500003e+02
2.500003e+02
2.500003e+02
2.500003e+02
2.500003e+02
2.500003e+02
2.500003e+02
2.500003e+02
2.500003e+02
2.500003e+02
2.500003e+02
2.500003e+02
2.500003e+02
2.500003e+02
2.500003e+02
2.500003e+02
2.500003e+02
2.500003e+02
2.500003e+02
2.500003e+02
2.500003e+02
2.500003e+02
2.500003e+02
2.500003e+02
2.500003e+02
2.500003e+02
2.500003e+02
2.500003e+02
2.500003e+02
2.500003e+02
2.500003e+02
2.500003e+02
2.500003e+02
2.500003e+02
2.500003e+02
2.500003e+02
2.500003e+02
2.500003e+02
2.500003e+02
2.500003e+02
2.500003e+02
2.500003e+02
2.500003e+02
2.500003e+02
2.500003e+02
2.500003e+02
2.500003e+02
2.500003e+02
2.500003e+02
2.500003e+02
2.500003e+02
2.500003e+02
2.500003e+02
2.500003e+02
2.500003e+02
2.500003e+02
2.500003e+02
2.500003e+02
2.500003e+02
2.500003e+02
2.500003e+02
2.500003e+02
2.500003e+02
2.500003e+02
2.500003e+02
2.500003e+02
2.500003e+02
2.500003e+02
2.500003e+02
2.500003e+02
2.500003e+02
2.500003e+02
2.500003e+02
2.500003e+02
2.500003e+02
2.500003e+02
2.500003e+02
2.500003e+02
2.500003e+02
2.500003e+02
2.500003e+02
2.500003e+02
2.500003e+02
2.500003e+02
2.500003e+02
2.500003e+02
2.500003e+02
2.500003e+02
2.500003e+02
2.500003e+02
2.500003e+02
2.500003e+02
2.500003e+02
2.500003e+02
2.500003e+02
2.500003e+02
2.500003e+02
2.500003e+02
2.500003e+02
2.500003e+02
2.500003e+02
2.500003e+02
2.500003e+02
2.500003e+02
2.500003e+02
2.500003e+02
2.500003e+02
2.500003e+02
2.500003e+02
2.500003e+02
2.500003e+02
2.500003e+02
2.500003e+02
2.500003e+02
2.500003e+02
2.500003e+02
2.500003e+02
2.500003e+02
2.500003e+02
2.500003e+02
2.500003e+02
2.500003e+02
2.500003e+02
2.500003e+02
2.500003e+02
2.500003e+02
2.500003e+02
2.500003e+02
2.500003e+02
2.500003e+02
2.500003e+02
2.500003e+02
2.500003e+02
2.500003e+02
2.500003e+02
2.500003e+02
2.500003e+02
2.500003e+02
2.500003e+02
2.500003e+02
2.500003e+02
2.500003e+02
2.500003e+02
2.500003e+02
2.500003e+02
2.500003e+02
2.500003e+02
2.500003e+02
2.500003e+02
2.500003e+02
2.500003e+02
2.500003e+02
2.500003e+02
2.500003e+02
2.500003e+02
2.500003e+02
2.500003e+02
2.500003e+02
2.500003e+02
2.500003e+02
2.500003e+02
2.500003e+02
2.500003e+02
2.500003e+02
2.500003e+02
2.500003e+02
2.500003e+02
2.500003e+02
2.500003e+02
2.500003e+02
2.500003e+02
2.500003e+02
2.500003e+02
2.500003e+02
2.500003e+02
2.500003e+02
2.500003e+02
2.500003e+02
2.500003e+02
2.500003e+02
2.500003e+02
2.500003e+02
2.500003e+02
2.500003e+02
2.500003e+02
2.500003e+02
2.500003e+02
2.500003e+02
2.500003e+02
2.500003e+02
2.500003e+02
2.500003e+02
2.500003e+02
2.500003e+02
2.500003e+02
2.500003e+02
2.500003e+02
2.500003e+02
2.500003e+02
2.500003e+02
2.500003e+02
2.500003e+02
2.500003e+02
2.500003e+02
2.500003e+02
2.500003e+02
2.500003e+02
2.500003e+02
2.500003e+02
2.500003e+02
2.500003e+02
2.500003e+02
2.500003e+02
2.500003e+02
2.500003e+02
2.500003e+02
2.500003e+02
2.500003e+02
2.500003e+02
2.500003e+02
2.500003e+02
2.500003e+02
2.500003e+02
2.500003e+02
2.500003e+02
2.500003e+02
2.500003e+02
2.500003e+02
2.500003e+02
2.500003e+02
2.500003e+02
2.500003e+02
2.500003e+02
2.500003e+02
2.500003e+02
2.500003e+02
2.500003e+02
2.500003e+02
2.500003e+02
2.500003e+02
2.500003e+02
2.500003e+02
2.500003e+02
2.500003e+02
2.500003e+02
2.500003e+02
2.500003e+02
2.500003e+02
2.500003e+02
2.500003e+02
2.500003e+02
2.500003e+02
2.500003e+02
2.500003e+02
2.500003e+02
2.500003e+02
2.500003e+02
2.500003e+02
2.500003e+02
2.500003e+02
2.500002e+02
2.500002e+02
2.500002e+02
2.500002e+02
2.500002e+02
2.500002e+02
2.500002e+02
2.500002e+02
2.500003e+02
2.500003e+02
2.500003e+02
2.500003e+02
2.500003e+02
2.500003e+02
2.500003e+02
2.500002e+02
2.500002e+02
2.500002e+02
2.500002e+02
2.500002e+02
2.500002e+02
2.500002e+02
2.500002e+02
2.500002e+02
2.500002e+02
2.500002e+02
2.500002e+02
2.500002e+02
2.500002e+02
2.500002e+02
2.500002e+02
2.500002e+02
2.500002e+02
2.500002e+02
2.500003e+02
2.500003e+02
2.500003e+02
2.500003e+02
2.500003e+02
2.500002e+02
2.500002e+02
2.500002e+02
2.500002e+02
2.500002e+02
2.500002e+02
2.500002e+02
2.500002e+02
2.500001e+02
2.500001e+02
2.500001e+02
2.500001e+02
2.500002e+02
2.500002e+02
2.500002e+02
2.500002e+02
2.500002e+02
2.500003e+02
2.500003e+02
2.500003e+02
2.500003e+02
2.500003e+02
2.500003e+02
2.500003e+02
2.500003e+02
2.500003e+02
2.500003e+02
2.500002e+02
2.500002e+02
2.500001e+02
2.500001e+02
2.500001e+02
2.500000e+02
2.500000e+02
2.500000e+02
2.499999e+02
2.499999e+02
2.499999e+02
2.500000e+02
2.500000e+02
2.500001e+02
2.500001e+02
2.500002e+02
2.500003e+02
2.500003e+02
2.500004e+02
2.500005e+02
2.500006e+02
2.500006e+02
2.500007e+02
2.500007e+02
2.500007e+02
2.500007e+02
2.500006e+02
2.500005e+02
2.500004e+02
2.500003e+02
2.500002e+02
2.500000e+02
2.499999e+02
2.499997e+02
2.499995e+02
2.499994e+02
2.499993e+02
2.499992e+02
2.499991e+02
2.499991e+02
2.499991e+02
2.499992e+02
2.499993e+02
2.499995e+02
2.499997e+02
2.499999e+02
2.500002e+02
2.500005e+02
2.500008e+02
2.500011e+02
2.500014e+02
2.500017e+02
2.500019e+02
2.500022e+02
2.500023e+02
2.500024e+02
2.500024e+02
2.500024e+02
2.500022e+02
2.500020e+02
2.500017e+02
2.500013e+02
2.500008e+02
2.500003e+02
2.499997e+02
2.499991e+02
2.499985e+02
2.499979e+02
2.499973e+02
2.499967e+02
2.499962e+02
2.499958e+02
2.499954e+02
2.499952e+02
2.499951e+02
2.499952e+02
2.499954e+02
2.499958e+02
2.499963e+02
2.499970e+02
2.499979e+02
2.499988e+02
2.499999e+02
2.500011e+02
2.500024e+02
2.500036e+02
2.500050e+02
2.500062e+02
2.500075e+02
2.500086e+02
2.500097e+02
2.500105e+02
2.500112e+02
2.500117e+02
2.500119e+02
2.500118e+02
2.500115e+02
2.500108e+02
2.500099e+02
2.500086e+02
2.500070e+02
2.500052e+02
2.500031e+02
2.500008e+02
2.499983e+02
2.499956e+02
2.499928e+02
2.499899e+02
2.499870e+02
2.499842e+02
2.499815e+02
2.499790e+02
2.499767e+02
2.499746e+02
2.499730e+02
2.499717e+02
2.499709e+02
2.499706e+02
2.499708e+02
2.499715e+02
2.499729e+02
2.499748e+02
2.499773e+02
2.499805e+02
2.499842e+02
2.499884e+02
2.499931e+02
2.499983e+02
2.500040e+02
2.500099e+02
2.500162e+02
2.500227e+02
2.500292e+02
2.500359e+02
2.500424e+02
2.500488e+02
2.500550e+02
2.500608e+02
2.500662e+02
2.500710e+02
2.500752e+02
2.500787e+02
2.500814e+02
2.500832e+02
2.500841e+02
2.500839e+02
2.500827e+02
2.500803e+02
2.500768e+02
2.500721e+02
2.500662e+02
2.500591e+02
2.500508e+02
2.500414e+02
2.500308e+02
2.500191e+02
2.500063e+02
2.499926e+02
2.499781e+02
2.499627e+02
2.499466e+02
2.499300e+02
2.499128e+02
2.498954e+02
2.498778e+02
2.498601e+02
2.498424e+02
2.498251e+02
2.498081e+02
2.497916e+02
2.497759e+02
2.497610e+02
2.497470e+02
2.497343e+02
2.497227e+02
2.497126e+02
2.497041e+02
2.496972e+02
2.496920e+02
2.496887e+02
2.496874e+02
2.496882e+02
2.496911e+02
2.496962e+02
2.497036e+02
2.497133e+02
2.497254e+02
2.497400e+02
2.497569e+02
2.497764e+02
2.497984e+02
2.498230e+02
2.498501e+02
2.498797e+02
2.499120e+02
2.499468e+02
2.499843e+02
2.500243e+02
2.500670e+02
2.501123e+02
2.501602e+02
2.502107e+02
2.502639e+02
2.503197e+02
2.503782e+02
2.504393e+02
2.505030e+02
2.505693e+02
2.506383e+02
2.507098e+02
2.507839e+02
2.508606e+02
2.509398e+02
2.510215e+02
2.511056e+02
2.511920e+02
2.512808e+02
2.513718e+02
2.514650e+02
2.515602e+02
2.516574e+02
2.517565e+02
2.518574e+02
2.519599e+02
2.520640e+02
2.521695e+02
2.522762e+02
2.523841e+02
2.524931e+02
2.526029e+02
2.527135e+02
2.528248e+02
2.529366e+02
2.530489e+02
2.531615e+02
2.532743e+02
2.533874e+02
2.535005e+02
2.536137e+02
2.537270e+02
2.538402e+02
2.539534e+02
2.540666e+02
2.541798e+02
2.542930e+02
2.544062e+02
2.545196e+02
2.546331e+02
2.547467e+02
2.548606e+02
2.549749e+02
2.550894e+02
2.552044e+02
2.553198e+02
2.554356e+02
2.555519e+02
2.556687e+02
2.557859e+02
2.559036e+02
2.560215e+02
2.561397e+02
2.562580e+02
2.563763e+02
2.564944e+02
2.566120e+02
2.567291e+02
2.568453e+02
2.569603e+02
2.570739e+02
2.571857e+02
2.572954e+02
2.574026e+02
2.575071e+02
2.576085e+02
2.577063e+02
2.578004e+02
2.578903e+02
2.579757e+02
2.580564e+02
2.581322e+02
2.582028e+02
2.582681e+02
2.583279e+02
2.583822e+02
2.584310e+02
2.584743e+02
2.585122e+02
2.585449e+02
2.585726e+02
2.585956e+02
2.586142e+02
2.586288e+02
2.586399e+02
2.586480e+02
2.586536e+02
2.586573e+02
2.586597e+02
2.586614e+02
2.586632e+02
2.586655e+02
2.586693e+02
2.586750e+02
2.586833e+02
2.586950e+02
2.587105e+02
2.587306e+02
2.587557e+02
2.587863e+02
2.588229e+02
2.588660e+02
2.589157e+02
2.589723e+02
2.590361e+02
2.591071e+02
2.591854e+02
2.592709e+02
2.593633e+02
2.594625e+02
2.595681e+02
2.596795e+02
2.597963e+02
2.599178e+02
2.600432e+02
2.601717e+02
2.603022e+02
2.604338e+02
2.605653e+02
2.606956e+02
2.608234e+02
2.609474e+02
2.610662e+02
2.611785e+02
2.612829e+02
2.613781e+02
2.614627e+02
2.615355e+02
2.615952e+02
2.616408e+02
2.616712e+02
2.616855e+02
2.616829e+02
2.616630e+02
2.616250e+02
2.615689e+02
2.614944e+02
2.614017e+02
2.612908e+02
2.611622e+02
2.610164e+02
2.608540e+02
2.606759e+02
2.604830e+02
2.602762e+02
2.600568e+02
2.598259e+02
2.595848e+02
2.593347e+02
2.590769e+02
2.588127e+02
2.585435e+02
2.582704e+02
2.579946e+02
2.577175e+02
2.574399e+02
2.571631e+02
2.568878e+02
2.566152e+02
2.563458e+02
2.560806e+02
2.558201e+02
2.555649e+02
2.553156e+02
2.550724e+02
2.548359e+02
2.546062e+02
2.543837e+02
2.541685e+02
2.539606e+02
2.537603e+02
2.535674e+02
2.533820e+02
2.532041e+02
2.530335e+02
2.528702e+02
2.527141e+02
2.525649e+02
2.524225e+02
2.522868e+02
2.521575e+02
2.520345e+02
2.519176e+02
2.518065e+02
2.517010e+02
2.516010e+02
2.515062e+02
2.514164e+02
2.513314e+02
2.512509e+02
2.511749e+02
2.511031e+02
2.510352e+02
2.509712e+02
2.509107e+02
2.508538e+02
2.508001e+02
2.507495e+02
2.507019e+02
2.506571e+02
2.506149e+02
2.505753e+02
2.505380e+02
2.505030e+02
2.504701e+02
2.504392e+02
2.504102e+02
2.503831e+02
2.503576e+02
2.503337e+02
2.503113e+02
2.502903e+02
2.502707e+02
2.502523e+02
2.502351e+02
2.502190e+02
2.502039e+02
2.501898e+02
2.501767e+02
2.501644e+02
2.501529e+02
2.501422e+02
2.501322e+02
2.501228e+02
2.501141e+02
2.501060e+02
2.500984e+02
2.500914e+02
2.500848e+02
2.500787e+02
2.500730e+02
2.500677e+02
2.500627e+02
2.500581e+02
2.500539e+02
2.500499e+02
2.500462e+02
2.500428e+02
2.500396e+02
2.500367e+02
2.500339e+02
2.500314e+02
2.500290e+02
2.500268e+02
2.500248e+02
2.500229e+02
2.500211e+02
2.500195e+02
2.500180e+02
2.500166e+02
2.500154e+02
2.500142e+02
2.500131e+02
2.500121e+02
2.500111e+02
2.500103e+02
2.500095e+02
2.500087e+02
2.500080e+02
2.500074e+02
2.500068e+02
2.500063e+02
2.500058e+02
2.500053e+02
2.500049e+02
2.500045e+02
2.500042e+02
2.500038e+02
2.500035e+02
2.500033e+02
2.500030e+02
2.500028e+02
2.500025e+02
2.500023e+02
2.500022e+02
2.500020e+02
2.500018e+02
2.500017e+02
2.500016e+02
2.500014e+02
2.500013e+02
2.500012e+02
2.500011e+02
2.500011e+02
2.500010e+02
2.500009e+02
2.500008e+02
2.500008e+02
2.500007e+02
2.500007e+02
2.500006e+02
2.500006e+02
2.500005e+02
2.500005e+02
2.500005e+02
2.500005e+02
2.500004e+02
2.500004e+02
2.500004e+02
2.500004e+02
2.500003e+02
2.500003e+02
2.500003e+02
2.500003e+02
2.500003e+02
2.500003e+02
2.500003e+02
2.500003e+02
2.500002e+02
2.500002e+02
2.500002e+02
2.500002e+02
2.500002e+02
2.500002e+02
2.500002e+02
2.500002e+02
2.500002e+02
2.500002e+02
2.500002e+02
2.500002e+02
2.500002e+02
2.500002e+02
2.500002e+02
2.500002e+02
2.500002e+02
2.500002e+02
2.500002e+02
2.500002e+02
2.500002e+02
2.500002e+02
2.500002e+02
2.500002e+02
2.500002e+02
2.500002e+02
2.500002e+02
2.500002e+02
2.500002e+02
2.500002e+02
2.500002e+02
2.500002e+02
2.500002e+02
2.500002e+02
2.500002e+02
2.500002e+02
2.500002e+02
2.500002e+02
2.500002e+02
2.500002e+02
2.500002e+02
2.500002e+02
2.500002e+02
2.500002e+02
2.500002e+02
2.500002e+02
2.500002e+02
2.500002e+02
2.500002e+02
2.500002e+02
2.500002e+02
2.500002e+02
2.500002e+02
2.500002e+02
2.500002e+02
2.500002e+02
2.500002e+02
2.500002e+02
2.500002e+02
2.500002e+02
2.500002e+02
2.500002e+02
2.500002e+02
2.500002e+02
2.500002e+02
2.500002e+02
2.500002e+02
2.500002e+02
2.500002e+02
2.500002e+02
2.500002e+02
2.500002e+02
2.500002e+02
2.500002e+02
2.500002e+02
2.500002e+02
2.500002e+02
2.500002e+02
2.500002e+02
2.500002e+02
2.500002e+02
2.500002e+02
2.500002e+02
2.500002e+02
2.500002e+02
2.500002e+02
2.500002e+02
2.500002e+02
2.500002e+02
2.500002e+02
2.500002e+02
2.500002e+02
2.500002e+02
2.500002e+02
2.500002e+02
2.500002e+02
