2.500011e+02
2.500011e+02
2.500011e+02
2.500011e+02
2.500011e+02
2.500011e+02
2.500011e+02
2.500011e+02
2.500011e+02
2.500011e+02
2.500011e+02
2.500011e+02
2.500011e+02
2.500011e+02
2.500011e+02
2.500011e+02
2.500011e+02
2.500011e+02
2.500011e+02
2.500011e+02
2.500011e+02
2.500011e+02
2.500011e+02
2.500011e+02
2.500011e+02
2.500011e+02
2.500011e+02
2.500011e+02
2.500011e+02
2.500011e+02
2.500011e+02
2.500011e+02
2.500011e+02
2.500011e+02
2.500011e+02
2.500011e+02
2.500011e+02
2.500011e+02
2.500011e+02
2.500011e+02
2.500011e+02
2.500011e+02
2.500011e+02
2.500011e+02
2.500011e+02
2.500011e+02
2.500011e+02
2.500011e+02
2.500011e+02
2.500011e+02
2.500011e+02
2.500011e+02
2.500011e+02
2.500011e+02
2.500011e+02
2.500011e+02
2.500011e+02
2.500011e+02
2.500011e+02
2.500011e+02
2.500011e+02
2.500011e+02
2.500011e+02
2.500011e+02
2.500011e+02
2.500011e+02
2.500011e+02
2.500011e+02
2.500011e+02
2.500011e+02
2.500011e+02
2.500011e+02
2.500011e+02
2.500011e+02
2.500011e+02
2.500011e+02
2.500011e+02
2.500011e+02
2.500011e+02
2.500011e+02
2.500011e+02
2.500011e+02
2.500011e+02
2.500011e+02
2.500011e+02
2.500011e+02
2.500011e+02
2.500011e+02
2.500011e+02
2.500011e+02
2.500011e+02
2.500011e+02
2.500011e+02
2.500011e+02
2.500011e+02
2.500011e+02
2.500011e+02
2.500011e+02
2.500011e+02
2.500011e+02
2.500011e+02
2.500011e+02
2.500011e+02
2.500011e+02
2.500011e+02
2.500011e+02
2.500011e+02
2.500011e+02
2.500011e+02
2.500011e+02
2.500011e+02
2.500011e+02
2.500011e+02
2.500011e+02
2.500011e+02
2.500011e+02
2.500011e+02
2.500011e+02
2.500011e+02
2.500011e+02
2.500011e+02
2.500011e+02
2.500011e+02
2.500011e+02
2.500011e+02
2.500011e+02
2.500011e+02
2.500011e+02
2.500011e+02
2.500011e+02
2.500011e+02
2.500011e+02
2.500011e+02
2.500011e+02
2.500011e+02
2.500011e+02
2.500011e+02
2.500011e+02
2.500011e+02
2.500011e+02
2.500011e+02
2.500012e+02
2.500012e+02
2.500012e+02
2.500012e+02
2.500012e+02
2.500012e+02
2.500012e+02
2.500012e+02
2.500012e+02
2.500012e+02
2.500012e+02
2.500012e+02
2.500012e+02
2.500012e+02
2.500012e+02
2.500012e+02
2.500012e+02
2.500012e+02
2.500012e+02
2.500012e+02
2.500012e+02
2.500012e+02
2.500012e+02
2.500012e+02
2.500012e+02
2.500012e+02
2.500012e+02
2.500012e+02
2.500012e+02
2.500012e+02
2.500012e+02
2.500012e+02
2.500012e+02
2.500012e+02
2.500012e+02
2.500012e+02
2.500012e+02
2.500012e+02
2.500012e+02
2.500012e+02
2.500012e+02
2.500012e+02
2.500012e+02
2.500012e+02
2.500012e+02
2.500012e+02
2.500012e+02
2.500012e+02
2.500012e+02
2.500012e+02
2.500012e+02
2.500012e+02
2.500012e+02
2.500012e+02
2.500012e+02
2.500012e+02
2.500012e+02
2.500012e+02
2.500012e+02
2.500012e+02
2.500012e+02
2.500012e+02
2.500012e+02
2.500012e+02
2.500012e+02
2.500012e+02
2.500012e+02
2.500012e+02
2.500012e+02
2.500012e+02
2.500012e+02
2.500012e+02
2.500012e+02
2.500012e+02
2.500012e+02
2.500012e+02
2.500012e+02
2.500012e+02
2.500012e+02
2.500012e+02
2.500012e+02
2.500012e+02
2.500012e+02
2.500012e+02
2.500012e+02
2.500012e+02
2.500012e+02
2.500012e+02
2.500012e+02
2.500012e+02
2.500012e+02
2.500012e+02
2.500012e+02
2.500012e+02
2.500012e+02
2.500012e+02
2.500012e+02
2.500012e+02
2.500012e+02
2.500012e+02
2.500012e+02
2.500012e+02
2.500012e+02
2.500012e+02
2.500012e+02
2.500012e+02
2.500012e+02
2.500012e+02
2.500012e+02
2.500012e+02
2.500012e+02
2.500012e+02
2.500012e+02
2.500012e+02
2.500012e+02
2.500012e+02
2.500012e+02
2.500012e+02
2.500012e+02
2.500012e+02
2.500012e+02
2.500012e+02
2.500012e+02
2.500012e+02
2.500011e+02
2.500011e+02
2.500011e+02
2.500012e+02
2.500012e+02
2.500012e+02
2.500012e+02
2.500012e+02
2.500012e+02
2.500012e+02
2.500012e+02
2.500011e+02
2.500011e+02
2.500011e+02
2.500011e+02
2.500011e+02
2.500011e+02
2.500011e+02
2.500011e+02
2.500012e+02
2.500012e+02
2.500012e+02
2.500012e+02
2.500012e+02
2.500012e+02
2.500011e+02
2.500011e+02
2.500011e+02
2.500011e+02
2.500011e+02
2.500011e+02
2.500011e+02
2.500011e+02
2.500011e+02
2.500011e+02
2.500011e+02
2.500011e+02
2.500011e+02
2.500011e+02
2.500012e+02
2.500012e+02
2.500012e+02
2.500011e+02
2.500011e+02
2.500011e+02
2.500011e+02
2.500011e+02
2.500011e+02
2.500011e+02
2.500011e+02
2.500011e+02
2.500011e+02
2.500011e+02
2.500011e+02
2.500011e+02
2.500011e+02
2.500011e+02
2.500011e+02
2.500012e+02
2.500012e+02
2.500012e+02
2.500012e+02
2.500012e+02
2.500012e+02
2.500012e+02
2.500011e+02
2.500011e+02
2.500011e+02
2.500010e+02
2.500010e+02
2.500010e+02
2.500010e+02
2.500010e+02
2.500010e+02
2.500010e+02
2.500010e+02
2.500011e+02
2.500011e+02
2.500012e+02
2.500012e+02
2.500013e+02
2.500013e+02
2.500013e+02
2.500013e+02
2.500013e+02
2.500012e+02
2.500012e+02
2.500011e+02
2.500010e+02
2.500009e+02
2.500009e+02
2.500008e+02
2.500008e+02
2.500007e+02
2.500007e+02
2.500008e+02
2.500008e+02
2.500009e+02
2.500010e+02
2.500011e+02
2.500012e+02
2.500013e+02
2.500014e+02
2.500015e+02
2.500016e+02
2.500016e+02
2.500016e+02
2.500016e+02
2.500015e+02
2.500014e+02
2.500012e+02
2.500010e+02
2.500009e+02
2.500007e+02
2.500005e+02
2.500004e+02
2.500002e+02
2.500002e+02
2.500001e+02
2.500002e+02
2.500003e+02
2.500004e+02
2.500006e+02
2.500009e+02
2.500011e+02
2.500014e+02
2.500017e+02
2.500020e+02
2.500023e+02
2.500025e+02
2.500026e+02
2.500026e+02
2.500026e+02
2.500024e+02
2.500022e+02
2.500019e+02
2.500015e+02
2.500010e+02
2.500005e+02
2.500000e+02
2.499996e+02
2.499991e+02
2.499988e+02
2.499985e+02
2.499983e+02
2.499983e+02
2.499984e+02
2.499987e+02
2.499991e+02
2.499996e+02
2.500002e+02
2.500010e+02
2.500017e+02
2.500025e+02
2.500033e+02
2.500040e+02
2.500047e+02
2.500052e+02
2.500056e+02
2.500057e+02
2.500057e+02
2.500055e+02
2.500050e+02
2.500043e+02
2.500035e+02
2.500024e+02
2.500013e+02
2.500000e+02
2.499987e+02
2.499974e+02
2.499961e+02
2.499950e+02
2.499940e+02
2.499932e+02
2.499927e+02
2.499925e+02
2.499926e+02
2.499931e+02
2.499939e+02
2.499950e+02
2.499964e+02
2.499982e+02
2.500001e+02
2.500023e+02
2.500045e+02
2.500068e+02
2.500090e+02
2.500111e+02
2.500130e+02
2.500146e+02
2.500158e+02
2.500166e+02
2.500169e+02
2.500167e+02
2.500159e+02
2.500145e+02
2.500126e+02
2.500102e+02
2.500073e+02
2.500040e+02
2.500004e+02
2.499966e+02
2.499927e+02
2.499888e+02
2.499850e+02
2.499815e+02
2.499783e+02
2.499756e+02
2.499736e+02
2.499722e+02
2.499715e+02
2.499717e+02
2.499726e+02
2.499745e+02
2.499771e+02
2.499806e+02
2.499848e+02
2.499897e+02
2.499952e+02
2.500011e+02
2.500074e+02
2.500139e+02
2.500204e+02
2.500268e+02
2.500330e+02
2.500388e+02
2.500440e+02
2.500485e+02
2.500522e+02
2.500550e+02
2.500567e+02
2.500572e+02
2.500566e+02
2.500547e+02
2.500516e+02
2.500471e+02
2.500415e+02
2.500346e+02
2.500267e+02
2.500177e+02
2.500078e+02
2.499972e+02
2.499860e+02
2.499745e+02
2.499627e+02
2.499509e+02
2.499394e+02
2.499283e+02
2.499180e+02
2.499085e+02
2.499002e+02
2.498933e+02
2.498879e+02
2.498842e+02
2.498823e+02
2.498825e+02
2.498848e+02
2.498892e+02
2.498958e+02
2.499046e+02
2.499155e+02
2.499285e+02
2.499433e+02
2.499600e+02
2.499782e+02
2.499977e+02
2.500183e+02
2.500398e+02
2.500617e+02
2.500838e+02
2.501059e+02
2.501274e+02
2.501482e+02
2.501679e+02
2.501862e+02
2.502028e+02
2.502174e+02
2.502298e+02
2.502398e+02
2.502473e+02
2.502519e+02
2.502538e+02
2.502526e+02
2.502486e+02
2.502415e+02
2.502315e+02
2.502186e+02
2.502029e+02
2.501845e+02
2.501635e+02
2.501402e+02
2.501146e+02
2.500869e+02
2.500574e+02
2.500263e+02
2.499937e+02
2.499598e+02
2.499249e+02
2.498891e+02
2.498528e+02
2.498160e+02
2.497790e+02
2.497419e+02
2.497050e+02
2.496685e+02
2.496325e+02
2.495972e+02
2.495629e+02
2.495298e+02
2.494979e+02
2.494677e+02
2.494392e+02
2.494126e+02
2.493883e+02
2.493663e+02
2.493470e+02
2.493306e+02
2.493172e+02
2.493071e+02
2.493006e+02
2.492978e+02
2.492990e+02
2.493044e+02
2.493141e+02
2.493283e+02
2.493472e+02
2.493710e+02
2.493997e+02
2.494335e+02
2.494724e+02
2.495165e+02
2.495657e+02
2.496202e+02
2.496797e+02
2.497444e+02
2.498140e+02
2.498884e+02
2.499675e+02
2.500511e+02
2.501389e+02
2.502307e+02
2.503264e+02
2.504255e+02
2.505278e+02
2.506330e+02
2.507409e+02
2.508510e+02
2.509631e+02
2.510768e+02
2.511919e+02
2.513081e+02
2.514252e+02
2.515429e+02
2.516609e+02
2.517792e+02
2.518975e+02
2.520159e+02
2.521341e+02
2.522522e+02
2.523703e+02
2.524883e+02
2.526064e+02
2.527248e+02
2.528436e+02
2.529632e+02
2.530837e+02
2.532054e+02
2.533288e+02
2.534541e+02
2.535818e+02
2.537123e+02
2.538458e+02
2.539829e+02
2.541240e+02
2.542693e+02
2.544193e+02
2.545743e+02
2.547345e+02
2.549003e+02
2.550717e+02
2.552490e+02
2.554321e+02
2.556212e+02
2.558160e+02
2.560164e+02
2.562222e+02
2.564329e+02
2.566483e+02
2.568676e+02
2.570902e+02
2.573155e+02
2.575426e+02
2.577706e+02
2.579985e+02
2.582252e+02
2.584497e+02
2.586707e+02
2.588871e+02
2.590976e+02
2.593011e+02
2.594964e+02
2.596823e+02
2.598577e+02
2.600217e+02
2.601733e+02
2.603118e+02
2.604365e+02
2.605469e+02
2.606428e+02
2.607240e+02
2.607905e+02
2.608426e+02
2.608807e+02
2.609055e+02
2.609178e+02
2.609185e+02
2.609089e+02
2.608903e+02
2.608641e+02
2.608319e+02
2.607954e+02
2.607563e+02
2.607166e+02
2.606780e+02
2.606424e+02
2.606117e+02
2.605879e+02
2.605728e+02
2.605681e+02
2.605757e+02
2.605971e+02
2.606341e+02
2.606880e+02
2.607601e+02
2.608518e+02
2.609641e+02
2.610979e+02
2.612539e+02
2.614327e+02
2.616346e+02
2.618598e+02
2.621079e+02
2.623787e+02
2.626715e+02
2.629851e+02
2.633183e+02
2.636692e+02
2.640358e+02
2.644159e+02
2.648063e+02
2.652040e+02
2.656053e+02
2.660064e+02
2.664031e+02
2.667907e+02
2.671646e+02
2.675199e+02
2.678519e+02
2.681555e+02
2.684258e+02
2.686583e+02
2.688491e+02
2.689944e+02
2.690907e+02
2.691354e+02
2.691272e+02
2.690647e+02
2.689474e+02
2.687760e+02
2.685517e+02
2.682764e+02
2.679527e+02
2.675838e+02
2.671736e+02
2.667260e+02
2.662457e+02
2.657372e+02
2.652052e+02
2.646547e+02
2.640902e+02
2.635161e+02
2.629369e+02
2.623564e+02
2.617783e+02
2.612059e+02
2.606422e+02
2.600895e+02
2.595502e+02
2.590260e+02
2.585184e+02
2.580287e+02
2.575576e+02
2.571058e+02
2.566736e+02
2.562613e+02
2.558687e+02
2.554958e+02
2.551423e+02
2.548076e+02
2.544914e+02
2.541931e+02
2.539120e+02
2.536476e+02
2.533990e+02
2.531657e+02
2.529468e+02
2.527418e+02
2.525498e+02
2.523703e+02
2.522025e+02
2.520457e+02
2.518994e+02
2.517630e+02
2.516357e+02
2.515172e+02
2.514068e+02
2.513040e+02
2.512084e+02
2.511194e+02
2.510367e+02
2.509599e+02
2.508885e+02
2.508222e+02
2.507607e+02
2.507036e+02
2.506506e+02
2.506015e+02
2.505559e+02
2.505137e+02
2.504745e+02
2.504383e+02
2.504047e+02
2.503736e+02
2.503448e+02
2.503182e+02
2.502935e+02
2.502708e+02
2.502497e+02
2.502302e+02
2.502122e+02
2.501955e+02
2.501801e+02
2.501659e+02
2.501528e+02
2.501407e+02
2.501295e+02
2.501192e+02
2.501097e+02
2.501009e+02
2.500928e+02
2.500853e+02
2.500784e+02
2.500721e+02
2.500663e+02
2.500609e+02
2.500559e+02
2.500514e+02
2.500472e+02
2.500433e+02
2.500397e+02
2.500365e+02
2.500334e+02
2.500307e+02
2.500281e+02
2.500258e+02
2.500237e+02
2.500217e+02
2.500199e+02
2.500182e+02
2.500167e+02
2.500153e+02
2.500140e+02
2.500128e+02
2.500117e+02
2.500107e+02
2.500098e+02
2.500090e+02
2.500082e+02
2.500075e+02
2.500069e+02
2.500063e+02
2.500058e+02
2.500053e+02
2.500048e+02
2.500044e+02
2.500041e+02
2.500037e+02
2.500034e+02
2.500031e+02
2.500028e+02
2.500026e+02
2.500024e+02
2.500022e+02
2.500020e+02
2.500018e+02
2.500017e+02
2.500016e+02
2.500014e+02
2.500013e+02
2.500012e+02
2.500011e+02
2.500010e+02
2.500010e+02
2.500009e+02
2.500008e+02
2.500008e+02
2.500007e+02
2.500007e+02
2.500006e+02
2.500006e+02
2.500005e+02
2.500005e+02
2.500005e+02
2.500004e+02
2.500004e+02
2.500004e+02
2.500004e+02
2.500004e+02
2.500003e+02
2.500003e+02
2.500003e+02
2.500003e+02
2.500003e+02
2.500003e+02
2.500003e+02
2.500003e+02
2.500003e+02
2.500002e+02
2.500002e+02
2.500002e+02
2.500002e+02
2.500002e+02
2.500002e+02
2.500002e+02
2.500002e+02
2.500002e+02
2.500002e+02
2.500002e+02
2.500002e+02
2.500002e+02
2.500002e+02
2.500002e+02
2.500002e+02
2.500002e+02
2.500002e+02
2.500002e+02
2.500002e+02
2.500002e+02
2.500002e+02
2.500002e+02
2.500002e+02
2.500002e+02
2.500002e+02
2.500002e+02
2.500002e+02
2.500002e+02
2.500002e+02
2.500002e+02
2.500002e+02
2.500002e+02
2.500002e+02
2.500002e+02
2.500002e+02
2.500002e+02
2.500002e+02
2.500002e+02
2.500002e+02
2.500002e+02
2.500002e+02
2.500002e+02
2.500002e+02
2.500002e+02
2.500002e+02
2.500002e+02
2.500002e+02
2.500002e+02
2.500002e+02
2.500002e+02
2.500002e+02
2.500002e+02
2.500002e+02
2.500002e+02
2.500002e+02
2.500002e+02
2.500002e+02
2.500002e+02
2.500002e+02
2.500002e+02
2.500002e+02
2.500002e+02
2.500002e+02
2.500002e+02
2.500002e+02
2.500002e+02
2.500002e+02
2.500002e+02
2.500002e+02
2.500002e+02
2.500002e+02
2.500002e+02
2.500002e+02
2.500002e+02
2.500002e+02
2.500002e+02
2.500002e+02
2.500002e+02
2.500002e+02
2.500002e+02
2.500002e+02
2.500002e+02
2.500002e+02
2.500002e+02
2.500002e+02
2.500002e+02
2.500002e+02
2.500002e+02
2.500002e+02
2.500002e+02
2.500002e+02
2.500002e+02
2.500002e+02
2.500002e+02
2.500002e+02
2.500002e+02
2.500002e+02
2.500002e+02
2.500002e+02
2.500002e+02
2.500002e+02
2.500002e+02
2.500002e+02
2.500002e+02
2.500002e+02
2.500002e+02
2.500002e+02
