2.500026e+02
2.500026e+02
2.500026e+02
2.500026e+02
2.500026e+02
2.500027e+02
2.500027e+02
2.500027e+02
2.500027e+02
2.500027e+02
2.500027e+02
2.500027e+02
2.500027e+02
2.500027e+02
2.500027e+02
2.500027e+02
2.500027e+02
2.500027e+02
2.500027e+02
2.500027e+02
2.500027e+02
2.500027e+02
2.500027e+02
2.500027e+02
2.500027e+02
2.500027e+02
2.500027e+02
2.500027e+02
2.500027e+02
2.500027e+02
2.500027e+02
2.500027e+02
2.500027e+02
2.500027e+02
2.500026e+02
2.500026e+02
2.500026e+02
2.500026e+02
2.500026e+02
2.500026e+02
2.500026e+02
2.500027e+02
2.500027e+02
2.500027e+02
2.500027e+02
2.500027e+02
2.500027e+02
2.500027e+02
2.500027e+02
2.500027e+02
2.500027e+02
2.500027e+02
2.500027e+02
2.500027e+02
2.500027e+02
2.500027e+02
2.500027e+02
2.500027e+02
2.500027e+02
2.500027e+02
2.500027e+02
2.500027e+02
2.500027e+02
2.500027e+02
2.500027e+02
2.500027e+02
2.500027e+02
2.500027e+02
2.500027e+02
2.500027e+02
2.500027e+02
2.500027e+02
2.500027e+02
2.500027e+02
2.500027e+02
2.500027e+02
2.500027e+02
2.500027e+02
2.500027e+02
2.500027e+02
2.500027e+02
2.500027e+02
2.500027e+02
2.500027e+02
2.500027e+02
2.500027e+02
2.500027e+02
2.500027e+02
2.500027e+02
2.500027e+02
2.500027e+02
2.500027e+02
2.500027e+02
2.500027e+02
2.500027e+02
2.500027e+02
2.500027e+02
2.500027e+02
2.500027e+02
2.500027e+02
2.500027e+02
2.500027e+02
2.500027e+02
2.500027e+02
2.500027e+02
2.500027e+02
2.500027e+02
2.500027e+02
2.500027e+02
2.500027e+02
2.500027e+02
2.500027e+02
2.500027e+02
2.500027e+02
2.500027e+02
2.500027e+02
2.500027e+02
2.500027e+02
2.500027e+02
2.500027e+02
2.500027e+02
2.500027e+02
2.500027e+02
2.500027e+02
2.500027e+02
2.500027e+02
2.500027e+02
2.500027e+02
2.500027e+02
2.500027e+02
2.500027e+02
2.500027e+02
2.500027e+02
2.500027e+02
2.500027e+02
2.500027e+02
2.500027e+02
2.500027e+02
2.500027e+02
2.500027e+02
2.500027e+02
2.500027e+02
2.500027e+02
2.500027e+02
2.500027e+02
2.500027e+02
2.500027e+02
2.500027e+02
2.500027e+02
2.500027e+02
2.500027e+02
2.500027e+02
2.500027e+02
2.500027e+02
2.500027e+02
2.500027e+02
2.500027e+02
2.500027e+02
2.500027e+02
2.500027e+02
2.500027e+02
2.500027e+02
2.500027e+02
2.500027e+02
2.500027e+02
2.500027e+02
2.500027e+02
2.500027e+02
2.500027e+02
2.500027e+02
2.500027e+02
2.500027e+02
2.500028e+02
2.500028e+02
2.500028e+02
2.500028e+02
2.500028e+02
2.500027e+02
2.500027e+02
2.500027e+02
2.500027e+02
2.500028e+02
2.500028e+02
2.500028e+02
2.500028e+02
2.500028e+02
2.500027e+02
2.500027e+02
2.500027e+02
2.500027e+02
2.500027e+02
2.500028e+02
2.500028e+02
2.500028e+02
2.500028e+02
2.500027e+02
2.500027e+02
2.500027e+02
2.500027e+02
2.500027e+02
2.500027e+02
2.500028e+02
2.500028e+02
2.500028e+02
2.500028e+02
2.500028e+02
2.500027e+02
2.500027e+02
2.500027e+02
2.500027e+02
2.500027e+02
2.500028e+02
2.500028e+02
2.500028e+02
2.500028e+02
2.500028e+02
2.500028e+02
2.500028e+02
2.500028e+02
2.500027e+02
2.500027e+02
2.500027e+02
2.500027e+02
2.500028e+02
2.500028e+02
2.500028e+02
2.500028e+02
2.500028e+02
2.500028e+02
2.500027e+02
2.500027e+02
2.500027e+02
2.500028e+02
2.500028e+02
2.500028e+02
2.500027e+02
2.500027e+02
2.500027e+02
2.500027e+02
2.500027e+02
2.500027e+02
2.500027e+02
2.500027e+02
2.500028e+02
2.500028e+02
2.500028e+02
2.500028e+02
2.500028e+02
2.500028e+02
2.500028e+02
2.500027e+02
2.500027e+02
2.500027e+02
2.500027e+02
2.500027e+02
2.500027e+02
2.500027e+02
2.500028e+02
2.500028e+02
2.500028e+02
2.500028e+02
2.500028e+02
2.500028e+02
2.500027e+02
2.500027e+02
2.500027e+02
2.500027e+02
2.500027e+02
2.500027e+02
2.500027e+02
2.500027e+02
2.500027e+02
2.500027e+02
2.500028e+02
2.500028e+02
2.500028e+02
2.500028e+02
2.500028e+02
2.500028e+02
2.500027e+02
2.500027e+02
2.500027e+02
2.500027e+02
2.500027e+02
2.500027e+02
2.500027e+02
2.500027e+02
2.500027e+02
2.500027e+02
2.500027e+02
2.500027e+02
2.500027e+02
2.500028e+02
2.500028e+02
2.500028e+02
2.500028e+02
2.500028e+02
2.500028e+02
2.500028e+02
2.500027e+02
2.500027e+02
2.500026e+02
2.500026e+02
2.500025e+02
2.500025e+02
2.500025e+02
2.500026e+02
2.500026e+02
2.500027e+02
2.500028e+02
2.500028e+02
2.500029e+02
2.500029e+02
2.500030e+02
2.500029e+02
2.500029e+02
2.500028e+02
2.500027e+02
2.500026e+02
2.500025e+02
2.500024e+02
2.500024e+02
2.500023e+02
2.500023e+02
2.500024e+02
2.500024e+02
2.500025e+02
2.500026e+02
2.500028e+02
2.500029e+02
2.500030e+02
2.500031e+02
2.500032e+02
2.500032e+02
2.500032e+02
2.500031e+02
2.500030e+02
2.500028e+02
2.500026e+02
2.500025e+02
2.500023e+02
2.500021e+02
2.500020e+02
2.500020e+02
2.500019e+02
2.500020e+02
2.500021e+02
2.500023e+02
2.500025e+02
2.500027e+02
2.500030e+02
2.500033e+02
2.500035e+02
2.500037e+02
2.500038e+02
2.500038e+02
2.500037e+02
2.500035e+02
2.500033e+02
2.500030e+02
2.500026e+02
2.500022e+02
2.500018e+02
2.500014e+02
2.500011e+02
2.500009e+02
2.500008e+02
2.500009e+02
2.500011e+02
2.500014e+02
2.500019e+02
2.500024e+02
2.500030e+02
2.500037e+02
2.500042e+02
2.500047e+02
2.500051e+02
2.500054e+02
2.500054e+02
2.500053e+02
2.500049e+02
2.500044e+02
2.500037e+02
2.500029e+02
2.500021e+02
2.500012e+02
2.500003e+02
2.499996e+02
2.499990e+02
2.499986e+02
2.499984e+02
2.499985e+02
2.499988e+02
2.499994e+02
2.500003e+02
2.500013e+02
2.500025e+02
2.500037e+02
2.500050e+02
2.500062e+02
2.500073e+02
2.500082e+02
2.500088e+02
2.500091e+02
2.500091e+02
2.500087e+02
2.500080e+02
2.500069e+02
2.500055e+02
2.500038e+02
2.500020e+02
2.500001e+02
2.499981e+02
2.499963e+02
2.499947e+02
2.499934e+02
2.499924e+02
2.499919e+02
2.499920e+02
2.499925e+02
2.499937e+02
2.499953e+02
2.499974e+02
2.500000e+02
2.500028e+02
2.500059e+02
2.500089e+02
2.500119e+02
2.500147e+02
2.500170e+02
2.500188e+02
2.500200e+02
2.500204e+02
2.500200e+02
2.500188e+02
2.500168e+02
2.500140e+02
2.500105e+02
2.500065e+02
2.500021e+02
2.499974e+02
2.499927e+02
2.499881e+02
2.499839e+02
2.499803e+02
2.499773e+02
2.499752e+02
2.499741e+02
2.499741e+02
2.499752e+02
2.499774e+02
2.499807e+02
2.499850e+02
2.499902e+02
2.499960e+02
2.500024e+02
2.500091e+02
2.500159e+02
2.500226e+02
2.500289e+02
2.500346e+02
2.500396e+02
2.500435e+02
2.500463e+02
2.500479e+02
2.500480e+02
2.500467e+02
2.500440e+02
2.500399e+02
2.500344e+02
2.500277e+02
2.500198e+02
2.500111e+02
2.500015e+02
2.499915e+02
2.499813e+02
2.499710e+02
2.499611e+02
2.499518e+02
2.499434e+02
2.499361e+02
2.499302e+02
2.499260e+02
2.499236e+02
2.499232e+02
2.499249e+02
2.499289e+02
2.499350e+02
2.499434e+02
2.499538e+02
2.499661e+02
2.499802e+02
2.499956e+02
2.500122e+02
2.500295e+02
2.500471e+02
2.500646e+02
2.500816e+02
2.500975e+02
2.501119e+02
2.501244e+02
2.501346e+02
2.501421e+02
2.501467e+02
2.501480e+02
2.501460e+02
2.501405e+02
2.501315e+02
2.501192e+02
2.501036e+02
2.500851e+02
2.500640e+02
2.500407e+02
2.500155e+02
2.499891e+02
2.499619e+02
2.499345e+02
2.499075e+02
2.498814e+02
2.498567e+02
2.498340e+02
2.498137e+02
2.497962e+02
2.497819e+02
2.497711e+02
2.497641e+02
2.497608e+02
2.497616e+02
2.497663e+02
2.497750e+02
2.497874e+02
2.498035e+02
2.498230e+02
2.498457e+02
2.498713e+02
2.498993e+02
2.499296e+02
2.499616e+02
2.499950e+02
2.500294e+02
2.500645e+02
2.500998e+02
2.501350e+02
2.501697e+02
2.502036e+02
2.502363e+02
2.502675e+02
2.502970e+02
2.503244e+02
2.503494e+02
2.503718e+02
2.503913e+02
2.504077e+02
2.504207e+02
2.504302e+02
2.504358e+02
2.504374e+02
2.504349e+02
2.504280e+02
2.504166e+02
2.504005e+02
2.503798e+02
2.503543e+02
2.503240e+02
2.502890e+02
2.502493e+02
2.502049e+02
2.501562e+02
2.501034e+02
2.500466e+02
2.499862e+02
2.499226e+02
2.498563e+02
2.497877e+02
2.497173e+02
2.496457e+02
2.495735e+02
2.495013e+02
2.494298e+02
2.493595e+02
2.492912e+02
2.492254e+02
2.491629e+02
2.491042e+02
2.490500e+02
2.490008e+02
2.489572e+02
2.489195e+02
2.488884e+02
2.488641e+02
2.488470e+02
2.488373e+02
2.488353e+02
2.488412e+02
2.488549e+02
2.488765e+02
2.489060e+02
2.489432e+02
2.489880e+02
2.490401e+02
2.490994e+02
2.491653e+02
2.492377e+02
2.493159e+02
2.493996e+02
2.494883e+02
2.495815e+02
2.496786e+02
2.497790e+02
2.498823e+02
2.499878e+02
2.500951e+02
2.502035e+02
2.503127e+02
2.504222e+02
2.505315e+02
2.506403e+02
2.507483e+02
2.508552e+02
2.509608e+02
2.510650e+02
2.511676e+02
2.512688e+02
2.513686e+02
2.514672e+02
2.515647e+02
2.516614e+02
2.517578e+02
2.518542e+02
2.519511e+02
2.520491e+02
2.521487e+02
2.522505e+02
2.523553e+02
2.524637e+02
2.525764e+02
2.526941e+02
2.528175e+02
2.529475e+02
2.530846e+02
2.532296e+02
2.533832e+02
2.535459e+02
2.537183e+02
2.539009e+02
2.540942e+02
2.542986e+02
2.545142e+02
2.547414e+02
2.549801e+02
2.552303e+02
2.554919e+02
2.557646e+02
2.560478e+02
2.563411e+02
2.566437e+02
2.569546e+02
2.572728e+02
2.575971e+02
2.579261e+02
2.582581e+02
2.585916e+02
2.589246e+02
2.592552e+02
2.595814e+02
2.599010e+02
2.602117e+02
2.605115e+02
2.607980e+02
2.610693e+02
2.613231e+02
2.615577e+02
2.617712e+02
2.619622e+02
2.621294e+02
2.622718e+02
2.623886e+02
2.624796e+02
2.625447e+02
2.625843e+02
2.625989e+02
2.625899e+02
2.625584e+02
2.625062e+02
2.624353e+02
2.623480e+02
2.622467e+02
2.621340e+02
2.620127e+02
2.618859e+02
2.617565e+02
2.616277e+02
2.615024e+02
2.613838e+02
2.612752e+02
2.611794e+02
2.610994e+02
2.610381e+02
2.609985e+02
2.609832e+02
2.609948e+02
2.610358e+02
2.611086e+02
2.612154e+02
2.613583e+02
2.615394e+02
2.617604e+02
2.620228e+02
2.623281e+02
2.626775e+02
2.630715e+02
2.635107e+02
2.639950e+02
2.645240e+02
2.650967e+02
2.657110e+02
2.663647e+02
2.670546e+02
2.677766e+02
2.685253e+02
2.692945e+02
2.700773e+02
2.708656e+02
2.716502e+02
2.724205e+02
2.731660e+02
2.738757e+02
2.745378e+02
2.751402e+02
2.756713e+02
2.761206e+02
2.764790e+02
2.767373e+02
2.768884e+02
2.769284e+02
2.768551e+02
2.766675e+02
2.763674e+02
2.759594e+02
2.754496e+02
2.748457e+02
2.741569e+02
2.733937e+02
2.725673e+02
2.716893e+02
2.707714e+02
2.698249e+02
2.688608e+02
2.678892e+02
2.669193e+02
2.659593e+02
2.650164e+02
2.640966e+02
2.632048e+02
2.623450e+02
2.615203e+02
2.607327e+02
2.599836e+02
2.592739e+02
2.586036e+02
2.579725e+02
2.573798e+02
2.568246e+02
2.563056e+02
2.558214e+02
2.553704e+02
2.549511e+02
2.545617e+02
2.542007e+02
2.538662e+02
2.535567e+02
2.532706e+02
2.530063e+02
2.527624e+02
2.525374e+02
2.523300e+02
2.521390e+02
2.519631e+02
2.518012e+02
2.516522e+02
2.515153e+02
2.513894e+02
2.512737e+02
2.511674e+02
2.510697e+02
2.509801e+02
2.508979e+02
2.508223e+02
2.507531e+02
2.506895e+02
2.506312e+02
2.505778e+02
2.505288e+02
2.504839e+02
2.504427e+02
2.504050e+02
2.503704e+02
2.503388e+02
2.503098e+02
2.502832e+02
2.502589e+02
2.502367e+02
2.502163e+02
2.501976e+02
2.501806e+02
2.501649e+02
2.501507e+02
2.501376e+02
2.501256e+02
2.501147e+02
2.501047e+02
2.500956e+02
2.500872e+02
2.500796e+02
2.500726e+02
2.500662e+02
2.500604e+02
2.500551e+02
2.500502e+02
2.500458e+02
2.500417e+02
2.500381e+02
2.500347e+02
2.500316e+02
2.500288e+02
2.500262e+02
2.500239e+02
2.500218e+02
2.500198e+02
2.500180e+02
2.500164e+02
2.500150e+02
2.500136e+02
2.500124e+02
2.500113e+02
2.500103e+02
2.500094e+02
2.500085e+02
2.500078e+02
2.500071e+02
2.500064e+02
2.500058e+02
2.500053e+02
2.500048e+02
2.500044e+02
2.500040e+02
2.500037e+02
2.500033e+02
2.500030e+02
2.500028e+02
2.500025e+02
2.500023e+02
2.500021e+02
2.500019e+02
2.500018e+02
2.500016e+02
2.500015e+02
2.500014e+02
2.500012e+02
2.500011e+02
2.500011e+02
2.500010e+02
2.500009e+02
2.500008e+02
2.500008e+02
2.500007e+02
2.500007e+02
2.500006e+02
2.500006e+02
2.500005e+02
2.500005e+02
2.500005e+02
2.500005e+02
2.500004e+02
2.500004e+02
2.500004e+02
2.500004e+02
2.500004e+02
2.500003e+02
2.500003e+02
2.500003e+02
2.500003e+02
2.500003e+02
2.500003e+02
2.500003e+02
2.500003e+02
2.500003e+02
2.500003e+02
2.500003e+02
2.500002e+02
2.500002e+02
2.500002e+02
2.500002e+02
2.500002e+02
2.500002e+02
2.500002e+02
2.500002e+02
2.500002e+02
2.500002e+02
2.500002e+02
2.500002e+02
2.500002e+02
2.500002e+02
2.500002e+02
2.500002e+02
2.500002e+02
2.500002e+02
2.500002e+02
2.500002e+02
2.500002e+02
2.500002e+02
2.500002e+02
2.500002e+02
2.500002e+02
2.500002e+02
2.500002e+02
2.500002e+02
2.500002e+02
2.500002e+02
2.500002e+02
2.500002e+02
2.500002e+02
2.500002e+02
2.500002e+02
2.500002e+02
2.500002e+02
2.500002e+02
2.500002e+02
2.500002e+02
2.500002e+02
2.500002e+02
2.500002e+02
2.500002e+02
2.500002e+02
2.500002e+02
2.500002e+02
2.500002e+02
2.500002e+02
2.500002e+02
2.500002e+02
2.500002e+02
2.500002e+02
2.500002e+02
2.500002e+02
2.500002e+02
2.500002e+02
2.500002e+02
2.500002e+02
2.500002e+02
2.500002e+02
2.500002e+02
2.500002e+02
2.500002e+02
2.500002e+02
2.500002e+02
2.500002e+02
2.500002e+02
2.500002e+02
2.500002e+02
2.500002e+02
2.500002e+02
2.500002e+02
2.500002e+02
2.500002e+02
2.500002e+02
2.500002e+02
2.500002e+02
2.500002e+02
2.500002e+02
2.500002e+02
2.500002e+02
2.500002e+02
2.500002e+02
2.500002e+02
2.500002e+02
2.500002e+02
2.500002e+02
2.500002e+02
2.500002e+02
2.500002e+02
2.500002e+02
2.500002e+02
2.500002e+02
2.500002e+02
2.500002e+02
2.500002e+02
2.500002e+02
2.500002e+02
2.500002e+02
2.500002e+02
2.500003e+02
2.500003e+02
2.500003e+02
2.500003e+02
2.500003e+02
2.500003e+02
2.500003e+02
2.500003e+02
2.500003e+02
2.500003e+02
