2.500018e+02
2.500018e+02
2.500018e+02
2.500018e+02
2.500018e+02
2.500018e+02
2.500018e+02
2.500018e+02
2.500018e+02
2.500018e+02
2.500018e+02
2.500018e+02
2.500018e+02
2.500018e+02
2.500018e+02
2.500018e+02
2.500018e+02
2.500018e+02
2.500018e+02
2.500018e+02
2.500018e+02
2.500018e+02
2.500018e+02
2.500018e+02
2.500018e+02
2.500018e+02
2.500018e+02
2.500018e+02
2.500018e+02
2.500018e+02
2.500018e+02
2.500018e+02
2.500018e+02
2.500018e+02
2.500018e+02
2.500018e+02
2.500018e+02
2.500018e+02
2.500018e+02
2.500018e+02
2.500018e+02
2.500018e+02
2.500018e+02
2.500018e+02
2.500018e+02
2.500018e+02
2.500018e+02
2.500018e+02
2.500018e+02
2.500018e+02
2.500018e+02
2.500018e+02
2.500018e+02
2.500018e+02
2.500018e+02
2.500018e+02
2.500018e+02
2.500018e+02
2.500018e+02
2.500018e+02
2.500018e+02
2.500018e+02
2.500018e+02
2.500018e+02
2.500018e+02
2.500018e+02
2.500018e+02
2.500018e+02
2.500018e+02
2.500018e+02
2.500018e+02
2.500018e+02
2.500018e+02
2.500018e+02
2.500018e+02
2.500018e+02
2.500018e+02
2.500018e+02
2.500018e+02
2.500018e+02
2.500018e+02
2.500018e+02
2.500018e+02
2.500018e+02
2.500018e+02
2.500018e+02
2.500018e+02
2.500018e+02
2.500018e+02
2.500018e+02
2.500018e+02
2.500018e+02
2.500018e+02
2.500018e+02
2.500018e+02
2.500018e+02
2.500018e+02
2.500018e+02
2.500018e+02
2.500018e+02
2.500018e+02
2.500018e+02
2.500018e+02
2.500018e+02
2.500018e+02
2.500018e+02
2.500018e+02
2.500018e+02
2.500018e+02
2.500018e+02
2.500018e+02
2.500018e+02
2.500018e+02
2.500018e+02
2.500018e+02
2.500018e+02
2.500018e+02
2.500018e+02
2.500018e+02
2.500018e+02
2.500018e+02
2.500018e+02
2.500018e+02
2.500018e+02
2.500018e+02
2.500018e+02
2.500018e+02
2.500018e+02
2.500018e+02
2.500018e+02
2.500018e+02
2.500018e+02
2.500018e+02
2.500018e+02
2.500018e+02
2.500018e+02
2.500018e+02
2.500018e+02
2.500018e+02
2.500018e+02
2.500018e+02
2.500018e+02
2.500018e+02
2.500018e+02
2.500018e+02
2.500018e+02
2.500018e+02
2.500018e+02
2.500018e+02
2.500018e+02
2.500018e+02
2.500018e+02
2.500018e+02
2.500018e+02
2.500018e+02
2.500018e+02
2.500018e+02
2.500018e+02
2.500018e+02
2.500018e+02
2.500018e+02
2.500018e+02
2.500018e+02
2.500018e+02
2.500018e+02
2.500019e+02
2.500019e+02
2.500019e+02
2.500019e+02
2.500019e+02
2.500018e+02
2.500018e+02
2.500018e+02
2.500019e+02
2.500019e+02
2.500019e+02
2.500019e+02
2.500019e+02
2.500019e+02
2.500018e+02
2.500018e+02
2.500018e+02
2.500018e+02
2.500019e+02
2.500019e+02
2.500019e+02
2.500019e+02
2.500019e+02
2.500019e+02
2.500019e+02
2.500018e+02
2.500018e+02
2.500019e+02
2.500019e+02
2.500019e+02
2.500019e+02
2.500019e+02
2.500019e+02
2.500019e+02
2.500018e+02
2.500018e+02
2.500019e+02
2.500019e+02
2.500019e+02
2.500019e+02
2.500019e+02
2.500019e+02
2.500019e+02
2.500019e+02
2.500018e+02
2.500019e+02
2.500019e+02
2.500019e+02
2.500019e+02
2.500019e+02
2.500019e+02
2.500019e+02
2.500019e+02
2.500019e+02
2.500018e+02
2.500018e+02
2.500018e+02
2.500019e+02
2.500019e+02
2.500019e+02
2.500019e+02
2.500019e+02
2.500019e+02
2.500019e+02
2.500019e+02
2.500018e+02
2.500018e+02
2.500018e+02
2.500018e+02
2.500018e+02
2.500019e+02
2.500019e+02
2.500019e+02
2.500019e+02
2.500019e+02
2.500019e+02
2.500019e+02
2.500019e+02
2.500019e+02
2.500019e+02
2.500019e+02
2.500019e+02
2.500019e+02
2.500019e+02
2.500019e+02
2.500018e+02
2.500018e+02
2.500018e+02
2.500018e+02
2.500018e+02
2.500019e+02
2.500019e+02
2.500019e+02
2.500019e+02
2.500019e+02
2.500019e+02
2.500019e+02
2.500018e+02
2.500018e+02
2.500018e+02
2.500018e+02
2.500018e+02
2.500018e+02
2.500018e+02
2.500018e+02
2.500018e+02
2.500019e+02
2.500019e+02
2.500019e+02
2.500019e+02
2.500019e+02
2.500018e+02
2.500018e+02
2.500018e+02
2.500018e+02
2.500018e+02
2.500018e+02
2.500018e+02
2.500018e+02
2.500018e+02
2.500018e+02
2.500018e+02
2.500018e+02
2.500019e+02
2.500019e+02
2.500019e+02
2.500019e+02
2.500019e+02
2.500019e+02
2.500018e+02
2.500018e+02
2.500018e+02
2.500018e+02
2.500018e+02
2.500018e+02
2.500018e+02
2.500018e+02
2.500018e+02
2.500018e+02
2.500018e+02
2.500018e+02
2.500018e+02
2.500019e+02
2.500019e+02
2.500019e+02
2.500019e+02
2.500019e+02
2.500019e+02
2.500019e+02
2.500018e+02
2.500018e+02
2.500017e+02
2.500017e+02
2.500017e+02
2.500016e+02
2.500016e+02
2.500016e+02
2.500017e+02
2.500017e+02
2.500018e+02
2.500018e+02
2.500019e+02
2.500020e+02
2.500020e+02
2.500020e+02
2.500020e+02
2.500020e+02
2.500020e+02
2.500019e+02
2.500018e+02
2.500017e+02
2.500017e+02
2.500016e+02
2.500015e+02
2.500015e+02
2.500014e+02
2.500014e+02
2.500015e+02
2.500016e+02
2.500016e+02
2.500018e+02
2.500019e+02
2.500020e+02
2.500021e+02
2.500022e+02
2.500023e+02
2.500023e+02
2.500023e+02
2.500022e+02
2.500021e+02
2.500020e+02
2.500018e+02
2.500017e+02
2.500015e+02
2.500013e+02
2.500011e+02
2.500010e+02
2.500010e+02
2.500009e+02
2.500010e+02
2.500011e+02
2.500013e+02
2.500015e+02
2.500017e+02
2.500020e+02
2.500023e+02
2.500026e+02
2.500028e+02
2.500030e+02
2.500031e+02
2.500031e+02
2.500030e+02
2.500028e+02
2.500026e+02
2.500022e+02
2.500018e+02
2.500014e+02
2.500009e+02
2.500005e+02
2.500001e+02
2.499998e+02
2.499996e+02
2.499995e+02
2.499996e+02
2.499998e+02
2.500002e+02
2.500006e+02
2.500012e+02
2.500019e+02
2.500026e+02
2.500032e+02
2.500039e+02
2.500044e+02
2.500049e+02
2.500051e+02
2.500052e+02
2.500051e+02
2.500048e+02
2.500043e+02
2.500037e+02
2.500028e+02
2.500019e+02
2.500008e+02
2.499998e+02
2.499988e+02
2.499979e+02
2.499971e+02
2.499965e+02
2.499961e+02
2.499960e+02
2.499962e+02
2.499966e+02
2.499974e+02
2.499984e+02
2.499996e+02
2.500010e+02
2.500026e+02
2.500042e+02
2.500059e+02
2.500074e+02
2.500088e+02
2.500100e+02
2.500108e+02
2.500113e+02
2.500114e+02
2.500111e+02
2.500103e+02
2.500091e+02
2.500075e+02
2.500055e+02
2.500032e+02
2.500006e+02
2.499980e+02
2.499953e+02
2.499926e+02
2.499902e+02
2.499881e+02
2.499864e+02
2.499853e+02
2.499847e+02
2.499848e+02
2.499855e+02
2.499870e+02
2.499891e+02
2.499919e+02
2.499952e+02
2.499990e+02
2.500031e+02
2.500074e+02
2.500117e+02
2.500160e+02
2.500200e+02
2.500235e+02
2.500265e+02
2.500288e+02
2.500302e+02
2.500308e+02
2.500304e+02
2.500291e+02
2.500267e+02
2.500234e+02
2.500193e+02
2.500143e+02
2.500087e+02
2.500026e+02
2.499962e+02
2.499895e+02
2.499829e+02
2.499765e+02
2.499704e+02
2.499650e+02
2.499603e+02
2.499564e+02
2.499537e+02
2.499520e+02
2.499517e+02
2.499526e+02
2.499549e+02
2.499585e+02
2.499634e+02
2.499696e+02
2.499770e+02
2.499854e+02
2.499948e+02
2.500048e+02
2.500154e+02
2.500262e+02
2.500371e+02
2.500479e+02
2.500581e+02
2.500677e+02
2.500763e+02
2.500837e+02
2.500896e+02
2.500938e+02
2.500962e+02
2.500966e+02
2.500949e+02
2.500910e+02
2.500848e+02
2.500765e+02
2.500660e+02
2.500535e+02
2.500391e+02
2.500232e+02
2.500059e+02
2.499875e+02
2.499685e+02
2.499490e+02
2.499297e+02
2.499107e+02
2.498926e+02
2.498757e+02
2.498604e+02
2.498471e+02
2.498361e+02
2.498276e+02
2.498219e+02
2.498193e+02
2.498198e+02
2.498235e+02
2.498305e+02
2.498407e+02
2.498540e+02
2.498703e+02
2.498894e+02
2.499110e+02
2.499349e+02
2.499606e+02
2.499879e+02
2.500164e+02
2.500457e+02
2.500754e+02
2.501051e+02
2.501343e+02
2.501628e+02
2.501900e+02
2.502158e+02
2.502397e+02
2.502615e+02
2.502809e+02
2.502976e+02
2.503115e+02
2.503225e+02
2.503303e+02
2.503349e+02
2.503362e+02
2.503341e+02
2.503286e+02
2.503198e+02
2.503076e+02
2.502921e+02
2.502734e+02
2.502514e+02
2.502264e+02
2.501983e+02
2.501673e+02
2.501335e+02
2.500970e+02
2.500580e+02
2.500167e+02
2.499732e+02
2.499278e+02
2.498806e+02
2.498319e+02
2.497819e+02
2.497309e+02
2.496792e+02
2.496272e+02
2.495752e+02
2.495235e+02
2.494725e+02
2.494226e+02
2.493742e+02
2.493277e+02
2.492836e+02
2.492422e+02
2.492040e+02
2.491693e+02
2.491386e+02
2.491123e+02
2.490907e+02
2.490741e+02
2.490629e+02
2.490574e+02
2.490578e+02
2.490644e+02
2.490772e+02
2.490964e+02
2.491222e+02
2.491545e+02
2.491934e+02
2.492387e+02
2.492905e+02
2.493486e+02
2.494127e+02
2.494827e+02
2.495583e+02
2.496392e+02
2.497250e+02
2.498154e+02
2.499101e+02
2.500085e+02
2.501103e+02
2.502151e+02
2.503224e+02
2.504317e+02
2.505428e+02
2.506551e+02
2.507684e+02
2.508821e+02
2.509961e+02
2.511101e+02
2.512237e+02
2.513368e+02
2.514493e+02
2.515611e+02
2.516721e+02
2.517825e+02
2.518921e+02
2.520013e+02
2.521103e+02
2.522192e+02
2.523284e+02
2.524383e+02
2.525492e+02
2.526618e+02
2.527763e+02
2.528935e+02
2.530137e+02
2.531376e+02
2.532658e+02
2.533989e+02
2.535373e+02
2.536817e+02
2.538327e+02
2.539906e+02
2.541559e+02
2.543291e+02
2.545106e+02
2.547005e+02
2.548991e+02
2.551065e+02
2.553227e+02
2.555477e+02
2.557812e+02
2.560230e+02
2.562726e+02
2.565295e+02
2.567930e+02
2.570623e+02
2.573365e+02
2.576144e+02
2.578949e+02
2.581768e+02
2.584585e+02
2.587385e+02
2.590154e+02
2.592873e+02
2.595527e+02
2.598099e+02
2.600570e+02
2.602926e+02
2.605149e+02
2.607226e+02
2.609142e+02
2.610884e+02
2.612444e+02
2.613812e+02
2.614984e+02
2.615954e+02
2.616722e+02
2.617291e+02
2.617664e+02
2.617849e+02
2.617856e+02
2.617698e+02
2.617389e+02
2.616946e+02
2.616389e+02
2.615737e+02
2.615014e+02
2.614242e+02
2.613446e+02
2.612650e+02
2.611880e+02
2.611161e+02
2.610518e+02
2.609976e+02
2.609561e+02
2.609296e+02
2.609204e+02
2.609308e+02
2.609628e+02
2.610185e+02
2.610998e+02
2.612082e+02
2.613456e+02
2.615131e+02
2.617121e+02
2.619434e+02
2.622079e+02
2.625060e+02
2.628377e+02
2.632030e+02
2.636012e+02
2.640314e+02
2.644920e+02
2.649808e+02
2.654955e+02
2.660330e+02
2.665893e+02
2.671600e+02
2.677400e+02
2.683237e+02
2.689049e+02
2.694764e+02
2.700309e+02
2.705610e+02
2.710589e+02
2.715167e+02
2.719262e+02
2.722802e+02
2.725722e+02
2.727960e+02
2.729462e+02
2.730185e+02
2.730111e+02
2.729224e+02
2.727519e+02
2.725013e+02
2.721735e+02
2.717723e+02
2.713028e+02
2.707709e+02
2.701835e+02
2.695477e+02
2.688712e+02
2.681617e+02
2.674270e+02
2.666746e+02
2.659114e+02
2.651443e+02
2.643792e+02
2.636215e+02
2.628761e+02
2.621469e+02
2.614375e+02
2.607506e+02
2.600886e+02
2.594529e+02
2.588449e+02
2.582653e+02
2.577144e+02
2.571922e+02
2.566984e+02
2.562327e+02
2.557943e+02
2.553823e+02
2.549959e+02
2.546341e+02
2.542957e+02
2.539797e+02
2.536849e+02
2.534102e+02
2.531544e+02
2.529166e+02
2.526956e+02
2.524903e+02
2.522999e+02
2.521233e+02
2.519596e+02
2.518080e+02
2.516676e+02
2.515377e+02
2.514175e+02
2.513064e+02
2.512037e+02
2.511088e+02
2.510212e+02
2.509403e+02
2.508656e+02
2.507967e+02
2.507331e+02
2.506745e+02
2.506204e+02
2.505705e+02
2.505246e+02
2.504822e+02
2.504432e+02
2.504073e+02
2.503742e+02
2.503438e+02
2.503157e+02
2.502899e+02
2.502662e+02
2.502443e+02
2.502243e+02
2.502058e+02
2.501888e+02
2.501732e+02
2.501588e+02
2.501456e+02
2.501335e+02
2.501224e+02
2.501122e+02
2.501028e+02
2.500942e+02
2.500862e+02
2.500790e+02
2.500723e+02
2.500662e+02
2.500606e+02
2.500555e+02
2.500507e+02
2.500464e+02
2.500425e+02
2.500388e+02
2.500355e+02
2.500325e+02
2.500297e+02
2.500271e+02
2.500248e+02
2.500226e+02
2.500207e+02
2.500189e+02
2.500173e+02
2.500158e+02
2.500144e+02
2.500131e+02
2.500120e+02
2.500110e+02
2.500100e+02
2.500091e+02
2.500083e+02
2.500076e+02
2.500069e+02
2.500063e+02
2.500058e+02
2.500053e+02
2.500048e+02
2.500044e+02
2.500040e+02
2.500037e+02
2.500033e+02
2.500031e+02
2.500028e+02
2.500026e+02
2.500023e+02
2.500021e+02
2.500020e+02
2.500018e+02
2.500016e+02
2.500015e+02
2.500014e+02
2.500013e+02
2.500012e+02
2.500011e+02
2.500010e+02
2.500009e+02
2.500008e+02
2.500008e+02
2.500007e+02
2.500007e+02
2.500006e+02
2.500006e+02
2.500006e+02
2.500005e+02
2.500005e+02
2.500005e+02
2.500004e+02
2.500004e+02
2.500004e+02
2.500004e+02
2.500004e+02
2.500003e+02
2.500003e+02
2.500003e+02
2.500003e+02
2.500003e+02
2.500003e+02
2.500003e+02
2.500003e+02
2.500003e+02
2.500003e+02
2.500002e+02
2.500002e+02
2.500002e+02
2.500002e+02
2.500002e+02
2.500002e+02
2.500002e+02
2.500002e+02
2.500002e+02
2.500002e+02
2.500002e+02
2.500002e+02
2.500002e+02
2.500002e+02
2.500002e+02
2.500002e+02
2.500002e+02
2.500002e+02
2.500002e+02
2.500002e+02
2.500002e+02
2.500002e+02
2.500002e+02
2.500002e+02
2.500002e+02
2.500002e+02
2.500002e+02
2.500002e+02
2.500002e+02
2.500002e+02
2.500002e+02
2.500002e+02
2.500002e+02
2.500002e+02
2.500002e+02
2.500002e+02
2.500002e+02
2.500002e+02
2.500002e+02
2.500002e+02
2.500002e+02
2.500002e+02
2.500002e+02
2.500002e+02
2.500002e+02
2.500002e+02
2.500002e+02
2.500002e+02
2.500002e+02
2.500002e+02
2.500002e+02
2.500002e+02
2.500002e+02
2.500002e+02
2.500002e+02
2.500002e+02
2.500002e+02
2.500002e+02
2.500002e+02
2.500002e+02
2.500002e+02
2.500002e+02
2.500002e+02
2.500002e+02
2.500002e+02
2.500002e+02
2.500002e+02
2.500002e+02
2.500002e+02
2.500002e+02
2.500002e+02
2.500002e+02
2.500002e+02
2.500002e+02
2.500002e+02
2.500002e+02
2.500002e+02
2.500002e+02
2.500002e+02
2.500002e+02
2.500002e+02
2.500002e+02
2.500002e+02
2.500002e+02
2.500002e+02
2.500002e+02
2.500002e+02
2.500002e+02
2.500002e+02
2.500002e+02
2.500002e+02
2.500002e+02
2.500002e+02
2.500002e+02
2.500002e+02
2.500002e+02
2.500002e+02
2.500002e+02
2.500002e+02
2.500002e+02
2.500002e+02
2.500002e+02
2.500002e+02
2.500002e+02
2.500002e+02
2.500002e+02
2.500002e+02
2.500002e+02
2.500002e+02
2.500002e+02
