2.500037e+02
2.500037e+02
2.500037e+02
2.500037e+02
2.500037e+02
2.500037e+02
2.500038e+02
2.500038e+02
2.500038e+02
2.500038e+02
2.500038e+02
2.500038e+02
2.500038e+02
2.500038e+02
2.500038e+02
2.500038e+02
2.500038e+02
2.500038e+02
2.500038e+02
2.500038e+02
2.500038e+02
2.500038e+02
2.500038e+02
2.500038e+02
2.500038e+02
2.500038e+02
2.500038e+02
2.500038e+02
2.500038e+02
2.500038e+02
2.500038e+02
2.500038e+02
2.500038e+02
2.500038e+02
2.500038e+02
2.500037e+02
2.500037e+02
2.500037e+02
2.500037e+02
2.500037e+02
2.500037e+02
2.500037e+02
2.500038e+02
2.500038e+02
2.500038e+02
2.500038e+02
2.500038e+02
2.500038e+02
2.500038e+02
2.500038e+02
2.500038e+02
2.500038e+02
2.500038e+02
2.500038e+02
2.500038e+02
2.500038e+02
2.500038e+02
2.500038e+02
2.500038e+02
2.500038e+02
2.500038e+02
2.500038e+02
2.500038e+02
2.500038e+02
2.500038e+02
2.500038e+02
2.500038e+02
2.500038e+02
2.500038e+02
2.500038e+02
2.500038e+02
2.500038e+02
2.500038e+02
2.500038e+02
2.500038e+02
2.500038e+02
2.500038e+02
2.500038e+02
2.500038e+02
2.500038e+02
2.500038e+02
2.500038e+02
2.500038e+02
2.500038e+02
2.500038e+02
2.500038e+02
2.500038e+02
2.500038e+02
2.500038e+02
2.500038e+02
2.500038e+02
2.500038e+02
2.500038e+02
2.500038e+02
2.500038e+02
2.500038e+02
2.500038e+02
2.500038e+02
2.500038e+02
2.500038e+02
2.500038e+02
2.500038e+02
2.500038e+02
2.500038e+02
2.500038e+02
2.500038e+02
2.500038e+02
2.500038e+02
2.500038e+02
2.500038e+02
2.500038e+02
2.500038e+02
2.500038e+02
2.500038e+02
2.500038e+02
2.500038e+02
2.500038e+02
2.500038e+02
2.500038e+02
2.500038e+02
2.500038e+02
2.500038e+02
2.500038e+02
2.500038e+02
2.500038e+02
2.500038e+02
2.500038e+02
2.500038e+02
2.500038e+02
2.500038e+02
2.500038e+02
2.500038e+02
2.500038e+02
2.500038e+02
2.500038e+02
2.500038e+02
2.500039e+02
2.500039e+02
2.500039e+02
2.500039e+02
2.500039e+02
2.500038e+02
2.500038e+02
2.500038e+02
2.500038e+02
2.500039e+02
2.500039e+02
2.500038e+02
2.500038e+02
2.500038e+02
2.500038e+02
2.500038e+02
2.500038e+02
2.500038e+02
2.500038e+02
2.500039e+02
2.500038e+02
2.500038e+02
2.500038e+02
2.500038e+02
2.500038e+02
2.500038e+02
2.500039e+02
2.500039e+02
2.500039e+02
2.500038e+02
2.500038e+02
2.500038e+02
2.500038e+02
2.500038e+02
2.500039e+02
2.500039e+02
2.500039e+02
2.500039e+02
2.500039e+02
2.500039e+02
2.500039e+02
2.500039e+02
2.500039e+02
2.500039e+02
2.500039e+02
2.500039e+02
2.500039e+02
2.500039e+02
2.500039e+02
2.500038e+02
2.500038e+02
2.500038e+02
2.500038e+02
2.500038e+02
2.500039e+02
2.500039e+02
2.500039e+02
2.500039e+02
2.500039e+02
2.500038e+02
2.500038e+02
2.500038e+02
2.500038e+02
2.500038e+02
2.500038e+02
2.500039e+02
2.500039e+02
2.500039e+02
2.500039e+02
2.500039e+02
2.500039e+02
2.500038e+02
2.500038e+02
2.500039e+02
2.500039e+02
2.500039e+02
2.500039e+02
2.500039e+02
2.500039e+02
2.500039e+02
2.500039e+02
2.500039e+02
2.500039e+02
2.500039e+02
2.500039e+02
2.500039e+02
2.500039e+02
2.500039e+02
2.500039e+02
2.500038e+02
2.500038e+02
2.500038e+02
2.500038e+02
2.500038e+02
2.500039e+02
2.500039e+02
2.500039e+02
2.500039e+02
2.500039e+02
2.500039e+02
2.500039e+02
2.500038e+02
2.500038e+02
2.500038e+02
2.500038e+02
2.500038e+02
2.500038e+02
2.500038e+02
2.500039e+02
2.500039e+02
2.500039e+02
2.500039e+02
2.500039e+02
2.500039e+02
2.500039e+02
2.500038e+02
2.500038e+02
2.500038e+02
2.500038e+02
2.500038e+02
2.500038e+02
2.500038e+02
2.500039e+02
2.500039e+02
2.500039e+02
2.500039e+02
2.500039e+02
2.500039e+02
2.500039e+02
2.500039e+02
2.500038e+02
2.500038e+02
2.500038e+02
2.500038e+02
2.500038e+02
2.500038e+02
2.500038e+02
2.500038e+02
2.500038e+02
2.500038e+02
2.500038e+02
2.500039e+02
2.500039e+02
2.500039e+02
2.500039e+02
2.500039e+02
2.500039e+02
2.500039e+02
2.500038e+02
2.500038e+02
2.500037e+02
2.500037e+02
2.500036e+02
2.500036e+02
2.500037e+02
2.500037e+02
2.500038e+02
2.500039e+02
2.500039e+02
2.500040e+02
2.500041e+02
2.500041e+02
2.500041e+02
2.500041e+02
2.500040e+02
2.500039e+02
2.500037e+02
2.500036e+02
2.500035e+02
2.500035e+02
2.500034e+02
2.500034e+02
2.500035e+02
2.500036e+02
2.500037e+02
2.500039e+02
2.500040e+02
2.500041e+02
2.500042e+02
2.500043e+02
2.500043e+02
2.500042e+02
2.500041e+02
2.500040e+02
2.500038e+02
2.500036e+02
2.500034e+02
2.500033e+02
2.500032e+02
2.500031e+02
2.500031e+02
2.500032e+02
2.500033e+02
2.500035e+02
2.500037e+02
2.500040e+02
2.500042e+02
2.500044e+02
2.500046e+02
2.500047e+02
2.500047e+02
2.500047e+02
2.500046e+02
2.500043e+02
2.500040e+02
2.500037e+02
2.500033e+02
2.500030e+02
2.500027e+02
2.500024e+02
2.500023e+02
2.500023e+02
2.500024e+02
2.500027e+02
2.500031e+02
2.500035e+02
2.500040e+02
2.500046e+02
2.500051e+02
2.500055e+02
2.500058e+02
2.500060e+02
2.500060e+02
2.500057e+02
2.500053e+02
2.500048e+02
2.500041e+02
2.500033e+02
2.500025e+02
2.500018e+02
2.500012e+02
2.500007e+02
2.500005e+02
2.500004e+02
2.500007e+02
2.500012e+02
2.500019e+02
2.500028e+02
2.500038e+02
2.500049e+02
2.500059e+02
2.500069e+02
2.500077e+02
2.500082e+02
2.500085e+02
2.500085e+02
2.500081e+02
2.500075e+02
2.500065e+02
2.500053e+02
2.500039e+02
2.500025e+02
2.500010e+02
2.499996e+02
2.499984e+02
2.499974e+02
2.499968e+02
2.499965e+02
2.499967e+02
2.499973e+02
2.499983e+02
2.499998e+02
2.500015e+02
2.500036e+02
2.500057e+02
2.500079e+02
2.500100e+02
2.500119e+02
2.500134e+02
2.500145e+02
2.500151e+02
2.500150e+02
2.500143e+02
2.500129e+02
2.500109e+02
2.500084e+02
2.500054e+02
2.500021e+02
2.499987e+02
2.499953e+02
2.499922e+02
2.499895e+02
2.499874e+02
2.499860e+02
2.499854e+02
2.499858e+02
2.499872e+02
2.499894e+02
2.499926e+02
2.499964e+02
2.500009e+02
2.500058e+02
2.500108e+02
2.500158e+02
2.500205e+02
2.500246e+02
2.500279e+02
2.500303e+02
2.500315e+02
2.500316e+02
2.500304e+02
2.500279e+02
2.500242e+02
2.500195e+02
2.500139e+02
2.500076e+02
2.500008e+02
2.499938e+02
2.499869e+02
2.499804e+02
2.499745e+02
2.499695e+02
2.499656e+02
2.499629e+02
2.499617e+02
2.499619e+02
2.499638e+02
2.499671e+02
2.499719e+02
2.499781e+02
2.499855e+02
2.499939e+02
2.500030e+02
2.500126e+02
2.500224e+02
2.500321e+02
2.500414e+02
2.500499e+02
2.500574e+02
2.500636e+02
2.500682e+02
2.500710e+02
2.500718e+02
2.500705e+02
2.500671e+02
2.500614e+02
2.500536e+02
2.500438e+02
2.500322e+02
2.500189e+02
2.500044e+02
2.499890e+02
2.499731e+02
2.499571e+02
2.499416e+02
2.499271e+02
2.499139e+02
2.499026e+02
2.498936e+02
2.498873e+02
2.498841e+02
2.498841e+02
2.498875e+02
2.498944e+02
2.499048e+02
2.499185e+02
2.499353e+02
2.499548e+02
2.499767e+02
2.500004e+02
2.500253e+02
2.500508e+02
2.500762e+02
2.501009e+02
2.501242e+02
2.501454e+02
2.501639e+02
2.501791e+02
2.501907e+02
2.501981e+02
2.502011e+02
2.501996e+02
2.501935e+02
2.501828e+02
2.501677e+02
2.501485e+02
2.501256e+02
2.500994e+02
2.500705e+02
2.500394e+02
2.500068e+02
2.499734e+02
2.499397e+02
2.499065e+02
2.498743e+02
2.498438e+02
2.498155e+02
2.497898e+02
2.497673e+02
2.497482e+02
2.497328e+02
2.497214e+02
2.497141e+02
2.497110e+02
2.497121e+02
2.497175e+02
2.497269e+02
2.497403e+02
2.497575e+02
2.497784e+02
2.498028e+02
2.498303e+02
2.498608e+02
2.498940e+02
2.499296e+02
2.499673e+02
2.500069e+02
2.500479e+02
2.500902e+02
2.501332e+02
2.501767e+02
2.502202e+02
2.502634e+02
2.503059e+02
2.503471e+02
2.503866e+02
2.504239e+02
2.504585e+02
2.504900e+02
2.505176e+02
2.505411e+02
2.505597e+02
2.505732e+02
2.505809e+02
2.505825e+02
2.505776e+02
2.505659e+02
2.505471e+02
2.505212e+02
2.504879e+02
2.504475e+02
2.503998e+02
2.503453e+02
2.502841e+02
2.502166e+02
2.501435e+02
2.500652e+02
2.499823e+02
2.498958e+02
2.498063e+02
2.497147e+02
2.496218e+02
2.495286e+02
2.494360e+02
2.493449e+02
2.492562e+02
2.491708e+02
2.490895e+02
2.490132e+02
2.489426e+02
2.488784e+02
2.488213e+02
2.487717e+02
2.487302e+02
2.486971e+02
2.486728e+02
2.486574e+02
2.486512e+02
2.486542e+02
2.486663e+02
2.486875e+02
2.487176e+02
2.487563e+02
2.488033e+02
2.488581e+02
2.489204e+02
2.489897e+02
2.490653e+02
2.491468e+02
2.492335e+02
2.493246e+02
2.494197e+02
2.495180e+02
2.496189e+02
2.497217e+02
2.498258e+02
2.499306e+02
2.500355e+02
2.501400e+02
2.502436e+02
2.503459e+02
2.504467e+02
2.505456e+02
2.506424e+02
2.507370e+02
2.508294e+02
2.509196e+02
2.510077e+02
2.510940e+02
2.511787e+02
2.512622e+02
2.513449e+02
2.514274e+02
2.515101e+02
2.515938e+02
2.516791e+02
2.517666e+02
2.518573e+02
2.519518e+02
2.520509e+02
2.521556e+02
2.522666e+02
2.523848e+02
2.525110e+02
2.526459e+02
2.527905e+02
2.529453e+02
2.531112e+02
2.532888e+02
2.534786e+02
2.536813e+02
2.538971e+02
2.541266e+02
2.543699e+02
2.546272e+02
2.548985e+02
2.551836e+02
2.554825e+02
2.557945e+02
2.561191e+02
2.564557e+02
2.568033e+02
2.571606e+02
2.575264e+02
2.578993e+02
2.582774e+02
2.586589e+02
2.590416e+02
2.594233e+02
2.598016e+02
2.601740e+02
2.605378e+02
2.608903e+02
2.612289e+02
2.615508e+02
2.618534e+02
2.621342e+02
2.623909e+02
2.626215e+02
2.628241e+02
2.629971e+02
2.631393e+02
2.632503e+02
2.633295e+02
2.633771e+02
2.633934e+02
2.633797e+02
2.633373e+02
2.632679e+02
2.631738e+02
2.630573e+02
2.629214e+02
2.627691e+02
2.626035e+02
2.624279e+02
2.622459e+02
2.620612e+02
2.618773e+02
2.616976e+02
2.615259e+02
2.613656e+02
2.612204e+02
2.610934e+02
2.609879e+02
2.609071e+02
2.608543e+02
2.608323e+02
2.608440e+02
2.608921e+02
2.609795e+02
2.611087e+02
2.612822e+02
2.615024e+02
2.617715e+02
2.620916e+02
2.624648e+02
2.628925e+02
2.633762e+02
2.639166e+02
2.645144e+02
2.651696e+02
2.658812e+02
2.666475e+02
2.674660e+02
2.683332e+02
2.692443e+02
2.701925e+02
2.711703e+02
2.721688e+02
2.731772e+02
2.741829e+02
2.751718e+02
2.761293e+02
2.770402e+02
2.778879e+02
2.786552e+02
2.793261e+02
2.798864e+02
2.803231e+02
2.806236e+02
2.807791e+02
2.807858e+02
2.806413e+02
2.803458e+02
2.799042e+02
2.793247e+02
2.786175e+02
2.777953e+02
2.768725e+02
2.758650e+02
2.747892e+02
2.736616e+02
2.724981e+02
2.713141e+02
2.701237e+02
2.689394e+02
2.677721e+02
2.666313e+02
2.655246e+02
2.644581e+02
2.634367e+02
2.624635e+02
2.615407e+02
2.606694e+02
2.598499e+02
2.590817e+02
2.583637e+02
2.576945e+02
2.570723e+02
2.564949e+02
2.559602e+02
2.554658e+02
2.550093e+02
2.545885e+02
2.542009e+02
2.538444e+02
2.535167e+02
2.532158e+02
2.529397e+02
2.526864e+02
2.524544e+02
2.522418e+02
2.520471e+02
2.518690e+02
2.517060e+02
2.515569e+02
2.514207e+02
2.512961e+02
2.511823e+02
2.510783e+02
2.509834e+02
2.508967e+02
2.508175e+02
2.507452e+02
2.506792e+02
2.506190e+02
2.505641e+02
2.505140e+02
2.504683e+02
2.504266e+02
2.503886e+02
2.503539e+02
2.503223e+02
2.502935e+02
2.502672e+02
2.502433e+02
2.502215e+02
2.502016e+02
2.501835e+02
2.501669e+02
2.501519e+02
2.501382e+02
2.501257e+02
2.501144e+02
2.501040e+02
2.500946e+02
2.500860e+02
2.500782e+02
2.500711e+02
2.500646e+02
2.500588e+02
2.500534e+02
2.500485e+02
2.500441e+02
2.500401e+02
2.500364e+02
2.500331e+02
2.500300e+02
2.500273e+02
2.500248e+02
2.500225e+02
2.500204e+02
2.500185e+02
2.500168e+02
2.500153e+02
2.500139e+02
2.500126e+02
2.500114e+02
2.500104e+02
2.500094e+02
2.500086e+02
2.500078e+02
2.500071e+02
2.500064e+02
2.500058e+02
2.500053e+02
2.500048e+02
2.500044e+02
2.500040e+02
2.500036e+02
2.500033e+02
2.500030e+02
2.500027e+02
2.500025e+02
2.500023e+02
2.500021e+02
2.500019e+02
2.500017e+02
2.500016e+02
2.500014e+02
2.500013e+02
2.500012e+02
2.500011e+02
2.500010e+02
2.500009e+02
2.500009e+02
2.500008e+02
2.500007e+02
2.500007e+02
2.500006e+02
2.500006e+02
2.500006e+02
2.500005e+02
2.500005e+02
2.500005e+02
2.500004e+02
2.500004e+02
2.500004e+02
2.500004e+02
2.500004e+02
2.500003e+02
2.500003e+02
2.500003e+02
2.500003e+02
2.500003e+02
2.500003e+02
2.500003e+02
2.500003e+02
2.500003e+02
2.500003e+02
2.500003e+02
2.500003e+02
2.500003e+02
2.500003e+02
2.500003e+02
2.500002e+02
2.500002e+02
2.500002e+02
2.500002e+02
2.500002e+02
2.500002e+02
2.500002e+02
2.500002e+02
2.500002e+02
2.500002e+02
2.500002e+02
2.500002e+02
2.500002e+02
2.500002e+02
2.500002e+02
2.500002e+02
2.500002e+02
2.500002e+02
2.500002e+02
2.500002e+02
2.500002e+02
2.500002e+02
2.500002e+02
2.500002e+02
2.500002e+02
2.500002e+02
2.500002e+02
2.500002e+02
2.500002e+02
2.500002e+02
2.500002e+02
2.500002e+02
2.500002e+02
2.500002e+02
2.500002e+02
2.500002e+02
2.500002e+02
2.500002e+02
2.500002e+02
2.500002e+02
2.500002e+02
2.500002e+02
2.500002e+02
2.500002e+02
2.500003e+02
2.500003e+02
2.500003e+02
2.500003e+02
2.500003e+02
2.500003e+02
2.500003e+02
2.500003e+02
2.500003e+02
2.500003e+02
2.500003e+02
2.500003e+02
2.500003e+02
2.500003e+02
2.500003e+02
2.500003e+02
2.500003e+02
2.500003e+02
2.500003e+02
2.500003e+02
2.500003e+02
2.500003e+02
2.500003e+02
2.500003e+02
2.500003e+02
2.500003e+02
2.500003e+02
2.500003e+02
2.500003e+02
2.500003e+02
2.500003e+02
2.500003e+02
2.500003e+02
2.500003e+02
2.500003e+02
2.500003e+02
2.500003e+02
2.500003e+02
2.500003e+02
2.500003e+02
2.500003e+02
2.500003e+02
2.500003e+02
2.500003e+02
2.500003e+02
2.500003e+02
2.500003e+02
2.500003e+02
2.500003e+02
2.500003e+02
2.500003e+02
2.500003e+02
2.500003e+02
2.500003e+02
2.500003e+02
2.500003e+02
2.500003e+02
2.500003e+02
2.500003e+02
2.500003e+02
2.500003e+02
2.500003e+02
2.500003e+02
2.500003e+02
2.500003e+02
