2.500000e+02
2.500000e+02
2.500000e+02
2.500000e+02
2.500000e+02
2.500000e+02
2.500000e+02
2.500000e+02
2.500000e+02
2.500000e+02
2.500000e+02
2.500000e+02
2.500000e+02
2.500000e+02
2.500000e+02
2.500000e+02
2.500000e+02
2.500000e+02
2.500000e+02
2.500000e+02
2.500000e+02
2.500000e+02
2.500000e+02
2.500000e+02
2.500000e+02
2.500000e+02
2.500000e+02
2.500000e+02
2.500000e+02
2.500000e+02
2.500000e+02
2.500000e+02
2.500000e+02
2.500000e+02
2.500000e+02
2.500000e+02
2.500000e+02
2.500000e+02
2.500000e+02
2.500000e+02
2.500000e+02
2.500000e+02
2.500000e+02
2.500000e+02
2.500000e+02
2.500000e+02
2.500000e+02
2.500000e+02
2.500000e+02
2.500000e+02
2.500000e+02
2.500000e+02
2.500000e+02
2.500000e+02
2.500000e+02
2.500000e+02
2.500000e+02
2.500000e+02
2.500000e+02
2.500000e+02
2.500000e+02
2.500000e+02
2.500001e+02
2.500001e+02
2.500001e+02
2.500001e+02
2.500001e+02
2.500001e+02
2.500001e+02
2.500001e+02
2.500001e+02
2.500001e+02
2.500001e+02
2.500001e+02
2.500001e+02
2.500001e+02
2.500001e+02
2.500001e+02
2.500001e+02
2.500001e+02
2.500001e+02
2.500001e+02
2.500001e+02
2.500001e+02
2.500001e+02
2.500001e+02
2.500001e+02
2.500001e+02
2.500001e+02
2.500001e+02
2.500001e+02
2.500001e+02
2.500001e+02
2.500001e+02
2.500001e+02
2.500001e+02
2.500001e+02
2.500001e+02
2.500001e+02
2.500001e+02
2.500001e+02
2.500001e+02
2.500001e+02
2.500001e+02
2.500001e+02
2.500001e+02
2.500001e+02
2.500001e+02
2.500001e+02
2.500001e+02
2.500001e+02
2.500001e+02
2.500001e+02
2.500001e+02
2.500001e+02
2.500001e+02
2.500001e+02
2.500001e+02
2.500001e+02
2.500001e+02
2.500001e+02
2.500001e+02
2.500001e+02
2.500001e+02
2.500001e+02
2.500001e+02
2.500001e+02
2.500001e+02
2.500001e+02
2.500001e+02
2.500001e+02
2.500001e+02
2.500001e+02
2.500001e+02
2.500001e+02
2.500001e+02
2.500001e+02
2.500001e+02
2.500001e+02
2.500001e+02
2.500001e+02
2.500001e+02
2.500001e+02
2.500001e+02
2.500001e+02
2.500001e+02
2.500001e+02
2.500001e+02
2.500001e+02
2.500001e+02
2.500001e+02
2.500001e+02
2.500001e+02
2.500001e+02
2.500001e+02
2.500001e+02
2.500001e+02
2.500001e+02
2.500001e+02
2.500001e+02
2.500001e+02
2.500001e+02
2.500001e+02
2.500001e+02
2.500001e+02
2.500001e+02
2.500001e+02
2.500001e+02
2.500001e+02
2.500001e+02
2.500001e+02
2.500001e+02
2.500001e+02
2.500001e+02
2.500001e+02
2.500001e+02
2.500001e+02
2.500001e+02
2.500001e+02
2.500001e+02
2.500001e+02
2.500001e+02
2.500001e+02
2.500001e+02
2.500001e+02
2.500001e+02
2.500001e+02
2.500001e+02
2.500001e+02
2.500001e+02
2.500001e+02
2.500001e+02
2.500001e+02
2.500001e+02
2.500001e+02
2.500001e+02
2.500001e+02
2.500001e+02
2.500001e+02
2.500001e+02
2.500001e+02
2.500001e+02
2.500001e+02
2.500001e+02
2.500001e+02
2.500001e+02
2.500001e+02
2.500001e+02
2.500001e+02
2.500001e+02
2.500001e+02
2.500001e+02
2.500001e+02
2.500001e+02
2.500001e+02
2.500001e+02
2.500001e+02
2.500001e+02
2.500001e+02
2.500001e+02
2.500001e+02
2.500001e+02
2.500001e+02
2.500001e+02
2.500001e+02
2.500001e+02
2.500001e+02
2.500001e+02
2.500001e+02
2.500001e+02
2.500001e+02
2.500001e+02
2.500001e+02
2.500001e+02
2.500001e+02
2.500001e+02
2.500001e+02
2.500001e+02
2.500001e+02
2.500001e+02
2.500001e+02
2.500001e+02
2.500001e+02
2.500001e+02
2.500001e+02
2.500001e+02
2.500001e+02
2.500001e+02
2.500001e+02
2.500001e+02
2.500001e+02
2.500001e+02
2.500001e+02
2.500001e+02
2.500001e+02
2.500001e+02
2.500001e+02
2.500001e+02
2.500001e+02
2.500001e+02
2.500001e+02
2.500001e+02
2.500001e+02
2.500001e+02
2.500001e+02
2.500001e+02
2.500001e+02
2.500001e+02
2.500001e+02
2.500001e+02
2.500001e+02
2.500001e+02
2.500001e+02
2.500001e+02
2.500001e+02
2.500001e+02
2.500001e+02
2.500001e+02
2.500001e+02
2.500001e+02
2.500001e+02
2.500001e+02
2.500001e+02
2.500001e+02
2.500001e+02
2.500001e+02
2.500001e+02
2.500001e+02
2.500001e+02
2.500001e+02
2.500001e+02
2.500001e+02
2.500001e+02
2.500001e+02
2.500001e+02
2.500001e+02
2.500001e+02
2.500001e+02
2.500001e+02
2.500000e+02
2.500000e+02
2.500000e+02
2.500000e+02
2.500000e+02
2.500000e+02
2.500000e+02
2.500000e+02
2.500000e+02
2.500000e+02
2.500000e+02
2.500000e+02
2.500000e+02
2.500000e+02
2.500000e+02
2.500000e+02
2.500000e+02
2.500000e+02
2.500000e+02
2.500000e+02
2.500000e+02
2.500000e+02
2.500000e+02
2.500000e+02
2.500000e+02
2.500000e+02
2.500000e+02
2.500000e+02
2.500000e+02
2.500000e+02
2.500000e+02
2.500000e+02
2.500000e+02
2.500000e+02
2.500000e+02
2.500000e+02
2.500000e+02
2.500000e+02
2.500000e+02
2.500000e+02
2.500000e+02
2.500000e+02
2.500000e+02
2.500000e+02
2.500000e+02
2.500000e+02
2.500000e+02
2.500000e+02
2.500000e+02
2.500000e+02
2.500000e+02
2.500000e+02
2.500000e+02
2.500000e+02
2.500000e+02
2.500000e+02
2.500000e+02
2.500000e+02
2.500000e+02
2.500000e+02
2.500000e+02
2.500000e+02
2.500000e+02
2.500000e+02
2.500000e+02
2.500000e+02
2.500000e+02
2.500000e+02
2.500000e+02
2.500000e+02
2.500000e+02
2.500000e+02
2.500000e+02
2.500000e+02
2.500000e+02
2.500000e+02
2.500000e+02
2.500000e+02
2.500000e+02
2.500000e+02
2.500000e+02
2.500000e+02
2.500000e+02
2.500000e+02
2.500000e+02
2.500000e+02
2.500000e+02
2.500000e+02
2.500000e+02
2.500000e+02
2.500000e+02
2.500000e+02
2.500000e+02
2.500000e+02
2.500000e+02
2.500000e+02
2.500000e+02
2.500000e+02
2.500000e+02
2.500000e+02
2.500001e+02
2.500001e+02
2.500001e+02
2.500000e+02
2.500000e+02
2.500000e+02
2.500000e+02
2.500000e+02
2.500000e+02
2.499999e+02
2.499999e+02
2.499999e+02
2.499999e+02
2.499998e+02
2.499998e+02
2.499998e+02
2.499998e+02
2.499998e+02
2.499998e+02
2.499998e+02
2.499998e+02
2.499999e+02
2.499999e+02
2.499999e+02
2.500000e+02
2.500000e+02
2.500001e+02
2.500002e+02
2.500002e+02
2.500003e+02
2.500003e+02
2.500003e+02
2.500004e+02
2.500004e+02
2.500004e+02
2.500004e+02
2.500003e+02
2.500003e+02
2.500002e+02
2.500001e+02
2.500000e+02
2.499999e+02
2.499998e+02
2.499997e+02
2.499995e+02
2.499994e+02
2.499993e+02
2.499992e+02
2.499991e+02
2.499990e+02
2.499989e+02
2.499989e+02
2.499989e+02
2.499989e+02
2.499990e+02
2.499991e+02
2.499992e+02
2.499994e+02
2.499996e+02
2.499999e+02
2.500001e+02
2.500004e+02
2.500007e+02
2.500010e+02
2.500013e+02
2.500016e+02
2.500019e+02
2.500022e+02
2.500024e+02
2.500025e+02
2.500027e+02
2.500027e+02
2.500027e+02
2.500026e+02
2.500025e+02
2.500023e+02
2.500019e+02
2.500016e+02
2.500011e+02
2.500005e+02
2.499999e+02
2.499993e+02
2.499985e+02
2.499978e+02
2.499970e+02
2.499963e+02
2.499955e+02
2.499948e+02
2.499941e+02
2.499934e+02
2.499929e+02
2.499924e+02
2.499921e+02
2.499919e+02
2.499919e+02
2.499920e+02
2.499923e+02
2.499927e+02
2.499934e+02
2.499942e+02
2.499953e+02
2.499965e+02
2.499979e+02
2.499995e+02
2.500012e+02
2.500031e+02
2.500051e+02
2.500071e+02
2.500093e+02
2.500115e+02
2.500137e+02
2.500159e+02
2.500180e+02
2.500200e+02
2.500219e+02
2.500236e+02
2.500251e+02
2.500263e+02
2.500273e+02
2.500279e+02
2.500282e+02
2.500280e+02
2.500275e+02
2.500265e+02
2.500250e+02
2.500230e+02
2.500206e+02
2.500176e+02
2.500141e+02
2.500101e+02
2.500057e+02
2.500007e+02
2.499953e+02
2.499894e+02
2.499831e+02
2.499765e+02
2.499695e+02
2.499623e+02
2.499548e+02
2.499472e+02
2.499394e+02
2.499316e+02
2.499238e+02
2.499161e+02
2.499086e+02
2.499013e+02
2.498944e+02
2.498878e+02
2.498817e+02
2.498762e+02
2.498713e+02
2.498671e+02
2.498638e+02
2.498613e+02
2.498598e+02
2.498594e+02
2.498600e+02
2.498619e+02
2.498650e+02
2.498695e+02
2.498753e+02
2.498826e+02
2.498915e+02
2.499019e+02
2.499139e+02
2.499277e+02
2.499431e+02
2.499603e+02
2.499793e+02
2.500002e+02
2.500229e+02
2.500475e+02
2.500740e+02
2.501025e+02
2.501328e+02
2.501651e+02
2.501994e+02
2.502356e+02
2.502738e+02
2.503138e+02
2.503559e+02
2.503998e+02
2.504456e+02
2.504933e+02
2.505429e+02
2.505942e+02
2.506474e+02
2.507024e+02
2.507591e+02
2.508176e+02
2.508777e+02
2.509395e+02
2.510030e+02
2.510680e+02
2.511346e+02
2.512027e+02
2.512723e+02
2.513433e+02
2.514158e+02
2.514896e+02
2.515648e+02
2.516412e+02
2.517189e+02
2.517978e+02
2.518778e+02
2.519589e+02
2.520411e+02
2.521243e+02
2.522084e+02
2.522934e+02
2.523792e+02
2.524658e+02
2.525530e+02
2.526408e+02
2.527292e+02
2.528181e+02
2.529073e+02
2.529968e+02
2.530866e+02
2.531765e+02
2.532665e+02
2.533565e+02
2.534464e+02
2.535362e+02
2.536256e+02
2.537148e+02
2.538036e+02
2.538919e+02
2.539797e+02
2.540669e+02
2.541535e+02
2.542394e+02
2.543246e+02
2.544090e+02
2.544925e+02
2.545753e+02
2.546572e+02
2.547381e+02
2.548182e+02
2.548973e+02
2.549755e+02
2.550527e+02
2.551290e+02
2.552043e+02
2.552786e+02
2.553519e+02
2.554242e+02
2.554954e+02
2.555656e+02
2.556348e+02
2.557028e+02
2.557697e+02
2.558354e+02
2.558999e+02
2.559631e+02
2.560249e+02
2.560854e+02
2.561444e+02
2.562019e+02
2.562577e+02
2.563119e+02
2.563643e+02
2.564148e+02
2.564634e+02
2.565100e+02
2.565545e+02
2.565968e+02
2.566369e+02
2.566748e+02
2.567103e+02
2.567435e+02
2.567744e+02
2.568029e+02
2.568290e+02
2.568529e+02
2.568744e+02
2.568938e+02
2.569111e+02
2.569264e+02
2.569398e+02
2.569515e+02
2.569616e+02
2.569703e+02
2.569779e+02
2.569845e+02
2.569903e+02
2.569956e+02
2.570006e+02
2.570056e+02
2.570109e+02
2.570166e+02
2.570231e+02
2.570305e+02
2.570392e+02
2.570494e+02
2.570612e+02
2.570749e+02
2.570908e+02
2.571089e+02
2.571294e+02
2.571524e+02
2.571780e+02
2.572064e+02
2.572374e+02
2.572712e+02
2.573076e+02
2.573466e+02
2.573882e+02
2.574320e+02
2.574781e+02
2.575260e+02
2.575757e+02
2.576267e+02
2.576788e+02
2.577315e+02
2.577845e+02
2.578374e+02
2.578896e+02
2.579407e+02
2.579903e+02
2.580376e+02
2.580824e+02
2.581239e+02
2.581618e+02
2.581953e+02
2.582241e+02
2.582476e+02
2.582653e+02
2.582768e+02
2.582816e+02
2.582793e+02
2.582697e+02
2.582523e+02
2.582269e+02
2.581934e+02
2.581515e+02
2.581012e+02
2.580424e+02
2.579751e+02
2.578995e+02
2.578157e+02
2.577238e+02
2.576241e+02
2.575168e+02
2.574023e+02
2.572810e+02
2.571533e+02
2.570196e+02
2.568804e+02
2.567362e+02
2.565874e+02
2.564346e+02
2.562784e+02
2.561192e+02
2.559575e+02
2.557940e+02
2.556290e+02
2.554630e+02
2.552966e+02
2.551302e+02
2.549643e+02
2.547991e+02
2.546352e+02
2.544728e+02
2.543124e+02
2.541541e+02
2.539983e+02
2.538452e+02
2.536950e+02
2.535480e+02
2.534042e+02
2.532639e+02
2.531271e+02
2.529941e+02
2.528647e+02
2.527391e+02
2.526174e+02
2.524995e+02
2.523855e+02
2.522754e+02
2.521690e+02
2.520665e+02
2.519678e+02
2.518728e+02
2.517814e+02
2.516937e+02
2.516095e+02
2.515287e+02
2.514513e+02
2.513771e+02
2.513062e+02
2.512383e+02
2.511735e+02
2.511116e+02
2.510525e+02
2.509961e+02
2.509424e+02
2.508912e+02
2.508425e+02
2.507961e+02
2.507520e+02
2.507100e+02
2.506702e+02
2.506323e+02
2.505964e+02
2.505623e+02
2.505300e+02
2.504994e+02
2.504703e+02
2.504428e+02
2.504168e+02
2.503922e+02
2.503689e+02
2.503468e+02
2.503260e+02
2.503063e+02
2.502878e+02
2.502702e+02
2.502537e+02
2.502381e+02
2.502233e+02
2.502095e+02
2.501964e+02
2.501841e+02
2.501725e+02
2.501615e+02
2.501513e+02
2.501416e+02
2.501325e+02
2.501240e+02
2.501160e+02
2.501084e+02
2.501014e+02
2.500947e+02
2.500885e+02
2.500826e+02
2.500771e+02
2.500720e+02
2.500672e+02
2.500627e+02
2.500585e+02
2.500545e+02
2.500508e+02
2.500473e+02
2.500441e+02
2.500411e+02
2.500382e+02
2.500356e+02
2.500331e+02
2.500308e+02
2.500286e+02
2.500266e+02
2.500248e+02
2.500230e+02
2.500214e+02
2.500199e+02
2.500184e+02
2.500171e+02
2.500159e+02
2.500147e+02
2.500137e+02
2.500127e+02
2.500118e+02
2.500109e+02
2.500101e+02
2.500094e+02
2.500087e+02
2.500080e+02
2.500075e+02
2.500069e+02
2.500064e+02
2.500059e+02
2.500055e+02
2.500051e+02
2.500047e+02
2.500043e+02
2.500040e+02
2.500037e+02
2.500034e+02
2.500032e+02
2.500029e+02
2.500027e+02
2.500025e+02
2.500023e+02
2.500022e+02
2.500020e+02
2.500019e+02
2.500017e+02
2.500016e+02
2.500015e+02
2.500014e+02
2.500013e+02
2.500012e+02
2.500011e+02
2.500010e+02
2.500009e+02
2.500009e+02
2.500008e+02
2.500008e+02
2.500007e+02
2.500007e+02
2.500006e+02
2.500006e+02
2.500005e+02
2.500005e+02
2.500005e+02
2.500004e+02
2.500004e+02
2.500004e+02
2.500004e+02
2.500004e+02
2.500003e+02
2.500003e+02
2.500003e+02
2.500003e+02
2.500003e+02
2.500003e+02
2.500003e+02
2.500002e+02
2.500002e+02
2.500002e+02
2.500002e+02
2.500002e+02
2.500002e+02
2.500002e+02
2.500002e+02
2.500002e+02
2.500002e+02
2.500002e+02
2.500002e+02
2.500002e+02
2.500002e+02
2.500002e+02
2.500002e+02
2.500002e+02
2.500002e+02
2.500002e+02
2.500002e+02
2.500002e+02
2.500002e+02
2.500002e+02
2.500002e+02
2.500002e+02
2.500002e+02
2.500002e+02
2.500002e+02
2.500002e+02
2.500002e+02
2.500002e+02
2.500002e+02
2.500002e+02
2.500002e+02
2.500002e+02
2.500001e+02
2.500001e+02
2.500001e+02
2.500001e+02
2.500001e+02
2.500001e+02
2.500001e+02
2.500001e+02
2.500001e+02
2.500001e+02
2.500001e+02
2.500001e+02
2.500001e+02
2.500001e+02
2.500001e+02
2.500001e+02
2.500001e+02
2.500001e+02
2.500001e+02
2.500001e+02
2.500001e+02
2.500001e+02
2.500001e+02
2.500001e+02
2.500002e+02
2.500002e+02
2.500002e+02
2.500002e+02
2.500002e+02
2.500002e+02
2.500002e+02
2.500002e+02
2.500002e+02
2.500002e+02
2.500002e+02
2.500002e+02
2.500002e+02
2.500002e+02
2.500002e+02
2.500002e+02
2.500002e+02
2.500002e+02
2.500002e+02
2.500002e+02
2.500002e+02
2.500002e+02
2.500002e+02
2.500002e+02
