2.500051e+02
2.500051e+02
2.500051e+02
2.500051e+02
2.500051e+02
2.500051e+02
2.500051e+02
2.500051e+02
2.500051e+02
2.500051e+02
2.500051e+02
2.500051e+02
2.500051e+02
2.500051e+02
2.500051e+02
2.500051e+02
2.500051e+02
2.500051e+02
2.500051e+02
2.500051e+02
2.500051e+02
2.500051e+02
2.500051e+02
2.500051e+02
2.500051e+02
2.500051e+02
2.500051e+02
2.500051e+02
2.500051e+02
2.500051e+02
2.500051e+02
2.500051e+02
2.500051e+02
2.500051e+02
2.500051e+02
2.500051e+02
2.500051e+02
2.500051e+02
2.500051e+02
2.500051e+02
2.500051e+02
2.500051e+02
2.500051e+02
2.500051e+02
2.500051e+02
2.500051e+02
2.500051e+02
2.500051e+02
2.500051e+02
2.500051e+02
2.500051e+02
2.500051e+02
2.500051e+02
2.500051e+02
2.500051e+02
2.500051e+02
2.500051e+02
2.500051e+02
2.500051e+02
2.500051e+02
2.500051e+02
2.500051e+02
2.500051e+02
2.500051e+02
2.500051e+02
2.500051e+02
2.500051e+02
2.500051e+02
2.500051e+02
2.500051e+02
2.500051e+02
2.500051e+02
2.500051e+02
2.500051e+02
2.500051e+02
2.500051e+02
2.500051e+02
2.500051e+02
2.500051e+02
2.500051e+02
2.500051e+02
2.500051e+02
2.500051e+02
2.500051e+02
2.500051e+02
2.500051e+02
2.500051e+02
2.500051e+02
2.500051e+02
2.500051e+02
2.500051e+02
2.500051e+02
2.500051e+02
2.500051e+02
2.500051e+02
2.500051e+02
2.500051e+02
2.500052e+02
2.500052e+02
2.500052e+02
2.500052e+02
2.500051e+02
2.500051e+02
2.500052e+02
2.500052e+02
2.500052e+02
2.500052e+02
2.500052e+02
2.500051e+02
2.500051e+02
2.500051e+02
2.500051e+02
2.500051e+02
2.500051e+02
2.500051e+02
2.500051e+02
2.500051e+02
2.500051e+02
2.500051e+02
2.500051e+02
2.500052e+02
2.500052e+02
2.500051e+02
2.500051e+02
2.500051e+02
2.500051e+02
2.500052e+02
2.500052e+02
2.500052e+02
2.500052e+02
2.500052e+02
2.500052e+02
2.500051e+02
2.500052e+02
2.500052e+02
2.500052e+02
2.500052e+02
2.500052e+02
2.500052e+02
2.500052e+02
2.500052e+02
2.500052e+02
2.500052e+02
2.500052e+02
2.500052e+02
2.500052e+02
2.500052e+02
2.500052e+02
2.500052e+02
2.500051e+02
2.500051e+02
2.500052e+02
2.500052e+02
2.500052e+02
2.500052e+02
2.500052e+02
2.500052e+02
2.500052e+02
2.500052e+02
2.500052e+02
2.500052e+02
2.500052e+02
2.500052e+02
2.500052e+02
2.500052e+02
2.500052e+02
2.500052e+02
2.500052e+02
2.500052e+02
2.500052e+02
2.500052e+02
2.500052e+02
2.500052e+02
2.500052e+02
2.500052e+02
2.500052e+02
2.500052e+02
2.500052e+02
2.500052e+02
2.500052e+02
2.500052e+02
2.500052e+02
2.500052e+02
2.500052e+02
2.500052e+02
2.500052e+02
2.500052e+02
2.500052e+02
2.500052e+02
2.500052e+02
2.500052e+02
2.500052e+02
2.500052e+02
2.500052e+02
2.500052e+02
2.500052e+02
2.500052e+02
2.500052e+02
2.500052e+02
2.500052e+02
2.500052e+02
2.500052e+02
2.500052e+02
2.500052e+02
2.500052e+02
2.500052e+02
2.500052e+02
2.500052e+02
2.500052e+02
2.500052e+02
2.500052e+02
2.500052e+02
2.500052e+02
2.500052e+02
2.500052e+02
2.500052e+02
2.500052e+02
2.500052e+02
2.500052e+02
2.500052e+02
2.500053e+02
2.500053e+02
2.500053e+02
2.500052e+02
2.500052e+02
2.500052e+02
2.500051e+02
2.500051e+02
2.500051e+02
2.500051e+02
2.500052e+02
2.500052e+02
2.500052e+02
2.500053e+02
2.500053e+02
2.500053e+02
2.500052e+02
2.500052e+02
2.500051e+02
2.500051e+02
2.500051e+02
2.500051e+02
2.500051e+02
2.500051e+02
2.500052e+02
2.500052e+02
2.500052e+02
2.500053e+02
2.500053e+02
2.500053e+02
2.500052e+02
2.500052e+02
2.500052e+02
2.500052e+02
2.500051e+02
2.500051e+02
2.500051e+02
2.500051e+02
2.500051e+02
2.500052e+02
2.500052e+02
2.500052e+02
2.500052e+02
2.500052e+02
2.500053e+02
2.500053e+02
2.500053e+02
2.500053e+02
2.500052e+02
2.500052e+02
2.500051e+02
2.500051e+02
2.500050e+02
2.500050e+02
2.500050e+02
2.500050e+02
2.500050e+02
2.500051e+02
2.500052e+02
2.500052e+02
2.500053e+02
2.500054e+02
2.500054e+02
2.500054e+02
2.500054e+02
2.500053e+02
2.500051e+02
2.500050e+02
2.500049e+02
2.500048e+02
2.500047e+02
2.500048e+02
2.500048e+02
2.500049e+02
2.500051e+02
2.500053e+02
2.500054e+02
2.500055e+02
2.500056e+02
2.500057e+02
2.500056e+02
2.500055e+02
2.500054e+02
2.500052e+02
2.500050e+02
2.500048e+02
2.500046e+02
2.500045e+02
2.500045e+02
2.500045e+02
2.500046e+02
2.500048e+02
2.500050e+02
2.500052e+02
2.500054e+02
2.500056e+02
2.500058e+02
2.500059e+02
2.500059e+02
2.500059e+02
2.500057e+02
2.500055e+02
2.500053e+02
2.500050e+02
2.500047e+02
2.500044e+02
2.500041e+02
2.500039e+02
2.500039e+02
2.500039e+02
2.500041e+02
2.500044e+02
2.500048e+02
2.500052e+02
2.500057e+02
2.500061e+02
2.500065e+02
2.500068e+02
2.500069e+02
2.500069e+02
2.500067e+02
2.500063e+02
2.500057e+02
2.500051e+02
2.500044e+02
2.500037e+02
2.500031e+02
2.500027e+02
2.500024e+02
2.500024e+02
2.500026e+02
2.500030e+02
2.500037e+02
2.500045e+02
2.500054e+02
2.500064e+02
2.500073e+02
2.500080e+02
2.500086e+02
2.500088e+02
2.500088e+02
2.500084e+02
2.500078e+02
2.500069e+02
2.500058e+02
2.500046e+02
2.500033e+02
2.500021e+02
2.500011e+02
2.500003e+02
2.499999e+02
2.499998e+02
2.500000e+02
2.500007e+02
2.500017e+02
2.500030e+02
2.500045e+02
2.500062e+02
2.500078e+02
2.500094e+02
2.500108e+02
2.500118e+02
2.500125e+02
2.500127e+02
2.500124e+02
2.500116e+02
2.500104e+02
2.500086e+02
2.500065e+02
2.500042e+02
2.500018e+02
2.499994e+02
2.499972e+02
2.499953e+02
2.499940e+02
2.499932e+02
2.499932e+02
2.499939e+02
2.499953e+02
2.499974e+02
2.500002e+02
2.500034e+02
2.500070e+02
2.500107e+02
2.500142e+02
2.500175e+02
2.500202e+02
2.500222e+02
2.500233e+02
2.500234e+02
2.500224e+02
2.500203e+02
2.500172e+02
2.500133e+02
2.500086e+02
2.500035e+02
2.499982e+02
2.499929e+02
2.499881e+02
2.499839e+02
2.499806e+02
2.499784e+02
2.499775e+02
2.499780e+02
2.499799e+02
2.499832e+02
2.499877e+02
2.499932e+02
2.499996e+02
2.500065e+02
2.500137e+02
2.500208e+02
2.500274e+02
2.500333e+02
2.500382e+02
2.500417e+02
2.500438e+02
2.500444e+02
2.500432e+02
2.500404e+02
2.500359e+02
2.500300e+02
2.500229e+02
2.500147e+02
2.500057e+02
2.499963e+02
2.499868e+02
2.499776e+02
2.499690e+02
2.499613e+02
2.499548e+02
2.499498e+02
2.499466e+02
2.499454e+02
2.499462e+02
2.499492e+02
2.499544e+02
2.499616e+02
2.499708e+02
2.499817e+02
2.499941e+02
2.500076e+02
2.500219e+02
2.500364e+02
2.500507e+02
2.500643e+02
2.500768e+02
2.500875e+02
2.500960e+02
2.501020e+02
2.501051e+02
2.501050e+02
2.501015e+02
2.500946e+02
2.500843e+02
2.500708e+02
2.500544e+02
2.500354e+02
2.500143e+02
2.499919e+02
2.499686e+02
2.499452e+02
2.499225e+02
2.499012e+02
2.498821e+02
2.498658e+02
2.498529e+02
2.498440e+02
2.498395e+02
2.498397e+02
2.498447e+02
2.498546e+02
2.498692e+02
2.498882e+02
2.499112e+02
2.499377e+02
2.499671e+02
2.499984e+02
2.500310e+02
2.500641e+02
2.500966e+02
2.501278e+02
2.501568e+02
2.501828e+02
2.502052e+02
2.502233e+02
2.502367e+02
2.502450e+02
2.502480e+02
2.502456e+02
2.502379e+02
2.502250e+02
2.502072e+02
2.501849e+02
2.501585e+02
2.501286e+02
2.500959e+02
2.500609e+02
2.500243e+02
2.499868e+02
2.499490e+02
2.499116e+02
2.498751e+02
2.498400e+02
2.498070e+02
2.497763e+02
2.497486e+02
2.497239e+02
2.497028e+02
2.496854e+02
2.496719e+02
2.496625e+02
2.496573e+02
2.496566e+02
2.496602e+02
2.496683e+02
2.496810e+02
2.496981e+02
2.497198e+02
2.497459e+02
2.497764e+02
2.498112e+02
2.498500e+02
2.498928e+02
2.499392e+02
2.499889e+02
2.500415e+02
2.500967e+02
2.501539e+02
2.502126e+02
2.502720e+02
2.503316e+02
2.503905e+02
2.504479e+02
2.505030e+02
2.505549e+02
2.506028e+02
2.506457e+02
2.506827e+02
2.507130e+02
2.507359e+02
2.507507e+02
2.507566e+02
2.507533e+02
2.507403e+02
2.507173e+02
2.506842e+02
2.506411e+02
2.505882e+02
2.505257e+02
2.504541e+02
2.503741e+02
2.502864e+02
2.501919e+02
2.500914e+02
2.499862e+02
2.498773e+02
2.497658e+02
2.496529e+02
2.495400e+02
2.494280e+02
2.493183e+02
2.492120e+02
2.491101e+02
2.490136e+02
2.489236e+02
2.488407e+02
2.487659e+02
2.486997e+02
2.486428e+02
2.485954e+02
2.485581e+02
2.485309e+02
2.485141e+02
2.485077e+02
2.485115e+02
2.485255e+02
2.485493e+02
2.485825e+02
2.486248e+02
2.486757e+02
2.487345e+02
2.488008e+02
2.488737e+02
2.489526e+02
2.490368e+02
2.491255e+02
2.492180e+02
2.493135e+02
2.494112e+02
2.495104e+02
2.496104e+02
2.497105e+02
2.498102e+02
2.499088e+02
2.500059e+02
2.501010e+02
2.501938e+02
2.502839e+02
2.503714e+02
2.504559e+02
2.505376e+02
2.506164e+02
2.506927e+02
2.507665e+02
2.508383e+02
2.509085e+02
2.509776e+02
2.510461e+02
2.511146e+02
2.511840e+02
2.512548e+02
2.513279e+02
2.514042e+02
2.514843e+02
2.515694e+02
2.516602e+02
2.517576e+02
2.518626e+02
2.519760e+02
2.520987e+02
2.522317e+02
2.523756e+02
2.525315e+02
2.526999e+02
2.528816e+02
2.530773e+02
2.532876e+02
2.535129e+02
2.537537e+02
2.540104e+02
2.542830e+02
2.545718e+02
2.548767e+02
2.551975e+02
2.555339e+02
2.558854e+02
2.562511e+02
2.566304e+02
2.570220e+02
2.574246e+02
2.578365e+02
2.582562e+02
2.586815e+02
2.591101e+02
2.595396e+02
2.599673e+02
2.603904e+02
2.608058e+02
2.612104e+02
2.616011e+02
2.619746e+02
2.623278e+02
2.626574e+02
2.629607e+02
2.632349e+02
2.634777e+02
2.636868e+02
2.638605e+02
2.639977e+02
2.640977e+02
2.641600e+02
2.641849e+02
2.641734e+02
2.641267e+02
2.640464e+02
2.639350e+02
2.637951e+02
2.636296e+02
2.634419e+02
2.632355e+02
2.630142e+02
2.627819e+02
2.625425e+02
2.623000e+02
2.620586e+02
2.618222e+02
2.615947e+02
2.613798e+02
2.611814e+02
2.610032e+02
2.608485e+02
2.607207e+02
2.606231e+02
2.605591e+02
2.605318e+02
2.605440e+02
2.605987e+02
2.606990e+02
2.608479e+02
2.610481e+02
2.613024e+02
2.616136e+02
2.619843e+02
2.624174e+02
2.629149e+02
2.634787e+02
2.641108e+02
2.648124e+02
2.655843e+02
2.664259e+02
2.673361e+02
2.683127e+02
2.693524e+02
2.704497e+02
2.715972e+02
2.727861e+02
2.740055e+02
2.752423e+02
2.764805e+02
2.777019e+02
2.788877e+02
2.800179e+02
2.810701e+02
2.820214e+02
2.828505e+02
2.835387e+02
2.840680e+02
2.844220e+02
2.845901e+02
2.845678e+02
2.843528e+02
2.839469e+02
2.833586e+02
2.826004e+02
2.816876e+02
2.806386e+02
2.794740e+02
2.782158e+02
2.768860e+02
2.755066e+02
2.740981e+02
2.726800e+02
2.712690e+02
2.698800e+02
2.685253e+02
2.672152e+02
2.659574e+02
2.647578e+02
2.636204e+02
2.625474e+02
2.615398e+02
2.605974e+02
2.597192e+02
2.589034e+02
2.581475e+02
2.574489e+02
2.568047e+02
2.562117e+02
2.556667e+02
2.551666e+02
2.547082e+02
2.542886e+02
2.539048e+02
2.535542e+02
2.532340e+02
2.529418e+02
2.526753e+02
2.524325e+02
2.522112e+02
2.520097e+02
2.518262e+02
2.516593e+02
2.515074e+02
2.513692e+02
2.512435e+02
2.511293e+02
2.510254e+02
2.509310e+02
2.508452e+02
2.507673e+02
2.506964e+02
2.506321e+02
2.505737e+02
2.505206e+02
2.504724e+02
2.504286e+02
2.503888e+02
2.503528e+02
2.503200e+02
2.502903e+02
2.502633e+02
2.502388e+02
2.502165e+02
2.501963e+02
2.501780e+02
2.501614e+02
2.501463e+02
2.501326e+02
2.501202e+02
2.501090e+02
2.500988e+02
2.500895e+02
2.500811e+02
2.500735e+02
2.500666e+02
2.500603e+02
2.500546e+02
2.500495e+02
2.500448e+02
2.500406e+02
2.500368e+02
2.500333e+02
2.500302e+02
2.500273e+02
2.500247e+02
2.500224e+02
2.500203e+02
2.500184e+02
2.500166e+02
2.500150e+02
2.500136e+02
2.500123e+02
2.500112e+02
2.500101e+02
2.500092e+02
2.500083e+02
2.500075e+02
2.500068e+02
2.500062e+02
2.500056e+02
2.500051e+02
2.500046e+02
2.500042e+02
2.500038e+02
2.500034e+02
2.500031e+02
2.500028e+02
2.500026e+02
2.500023e+02
2.500021e+02
2.500019e+02
2.500018e+02
2.500016e+02
2.500015e+02
2.500013e+02
2.500012e+02
2.500011e+02
2.500010e+02
2.500010e+02
2.500009e+02
2.500008e+02
2.500008e+02
2.500007e+02
2.500007e+02
2.500006e+02
2.500006e+02
2.500005e+02
2.500005e+02
2.500005e+02
2.500004e+02
2.500004e+02
2.500004e+02
2.500004e+02
2.500004e+02
2.500004e+02
2.500003e+02
2.500003e+02
2.500003e+02
2.500003e+02
2.500003e+02
2.500003e+02
2.500003e+02
2.500003e+02
2.500003e+02
2.500003e+02
2.500003e+02
2.500003e+02
2.500003e+02
2.500003e+02
2.500003e+02
2.500003e+02
2.500003e+02
2.500003e+02
2.500003e+02
2.500003e+02
2.500003e+02
2.500002e+02
2.500002e+02
2.500002e+02
2.500002e+02
2.500002e+02
2.500002e+02
2.500002e+02
2.500002e+02
2.500002e+02
2.500002e+02
2.500002e+02
2.500002e+02
2.500003e+02
2.500003e+02
2.500003e+02
2.500003e+02
2.500003e+02
2.500003e+02
2.500003e+02
2.500003e+02
2.500003e+02
2.500003e+02
2.500003e+02
2.500003e+02
2.500003e+02
2.500003e+02
2.500003e+02
2.500003e+02
2.500003e+02
2.500003e+02
2.500003e+02
2.500003e+02
2.500003e+02
2.500003e+02
2.500003e+02
2.500003e+02
2.500003e+02
2.500003e+02
2.500003e+02
2.500003e+02
2.500003e+02
2.500003e+02
2.500003e+02
2.500003e+02
2.500003e+02
2.500003e+02
2.500003e+02
2.500003e+02
2.500003e+02
2.500003e+02
2.500003e+02
2.500003e+02
2.500003e+02
2.500003e+02
2.500003e+02
2.500003e+02
2.500003e+02
2.500003e+02
2.500003e+02
2.500003e+02
2.500003e+02
2.500003e+02
2.500003e+02
2.500003e+02
2.500003e+02
2.500003e+02
2.500003e+02
2.500003e+02
2.500003e+02
2.500003e+02
2.500003e+02
2.500003e+02
2.500003e+02
2.500003e+02
2.500003e+02
2.500003e+02
2.500003e+02
2.500003e+02
2.500003e+02
2.500003e+02
2.500003e+02
2.500003e+02
2.500003e+02
2.500003e+02
2.500003e+02
2.500003e+02
2.500003e+02
2.500003e+02
2.500003e+02
2.500003e+02
2.500003e+02
2.500003e+02
2.500003e+02
2.500003e+02
2.500003e+02
2.500003e+02
2.500003e+02
2.500003e+02
2.500003e+02
2.500003e+02
2.500003e+02
2.500003e+02
2.500003e+02
