2.500272e+02
2.500272e+02
2.500272e+02
2.500272e+02
2.500272e+02
2.500272e+02
2.500271e+02
2.500272e+02
2.500272e+02
2.500272e+02
2.500273e+02
2.500272e+02
2.500271e+02
2.500271e+02
2.500272e+02
2.500273e+02
2.500273e+02
2.500272e+02
2.500272e+02
2.500272e+02
2.500272e+02
2.500273e+02
2.500272e+02
2.500273e+02
2.500273e+02
2.500272e+02
2.500272e+02
2.500271e+02
2.500271e+02
2.500272e+02
2.500272e+02
2.500272e+02
2.500272e+02
2.500271e+02
2.500272e+02
2.500272e+02
2.500272e+02
2.500272e+02
2.500272e+02
2.500271e+02
2.500271e+02
2.500271e+02
2.500272e+02
2.500272e+02
2.500271e+02
2.500271e+02
2.500272e+02
2.500272e+02
2.500272e+02
2.500272e+02
2.500271e+02
2.500271e+02
2.500272e+02
2.500272e+02
2.500272e+02
2.500272e+02
2.500272e+02
2.500272e+02
2.500272e+02
2.500272e+02
2.500272e+02
2.500272e+02
2.500272e+02
2.500272e+02
2.500272e+02
2.500272e+02
2.500272e+02
2.500272e+02
2.500272e+02
2.500272e+02
2.500272e+02
2.500272e+02
2.500272e+02
2.500272e+02
2.500271e+02
2.500271e+02
2.500271e+02
2.500271e+02
2.500272e+02
2.500272e+02
2.500272e+02
2.500272e+02
2.500271e+02
2.500271e+02
2.500271e+02
2.500271e+02
2.500271e+02
2.500271e+02
2.500271e+02
2.500271e+02
2.500271e+02
2.500271e+02
2.500271e+02
2.500271e+02
2.500271e+02
2.500271e+02
2.500272e+02
2.500272e+02
2.500272e+02
2.500272e+02
2.500271e+02
2.500271e+02
2.500271e+02
2.500271e+02
2.500272e+02
2.500273e+02
2.500273e+02
2.500272e+02
2.500271e+02
2.500270e+02
2.500270e+02
2.500270e+02
2.500271e+02
2.500272e+02
2.500273e+02
2.500273e+02
2.500271e+02
2.500270e+02
2.500269e+02
2.500269e+02
2.500270e+02
2.500271e+02
2.500272e+02
2.500272e+02
2.500272e+02
2.500271e+02
2.500270e+02
2.500269e+02
2.500269e+02
2.500270e+02
2.500270e+02
2.500271e+02
2.500271e+02
2.500271e+02
2.500270e+02
2.500271e+02
2.500271e+02
2.500271e+02
2.500271e+02
2.500271e+02
2.500270e+02
2.500269e+02
2.500269e+02
2.500270e+02
2.500271e+02
2.500272e+02
2.500273e+02
2.500273e+02
2.500272e+02
2.500270e+02
2.500268e+02
2.500267e+02
2.500267e+02
2.500269e+02
2.500271e+02
2.500274e+02
2.500275e+02
2.500275e+02
2.500272e+02
2.500269e+02
2.500266e+02
2.500264e+02
2.500265e+02
2.500267e+02
2.500270e+02
2.500273e+02
2.500275e+02
2.500275e+02
2.500273e+02
2.500270e+02
2.500267e+02
2.500264e+02
2.500264e+02
2.500265e+02
2.500268e+02
2.500271e+02
2.500273e+02
2.500274e+02
2.500273e+02
2.500272e+02
2.500270e+02
2.500268e+02
2.500267e+02
2.500266e+02
2.500267e+02
2.500267e+02
2.500268e+02
2.500269e+02
2.500269e+02
2.500270e+02
2.500271e+02
2.500272e+02
2.500272e+02
2.500272e+02
2.500271e+02
2.500270e+02
2.500267e+02
2.500264e+02
2.500262e+02
2.500262e+02
2.500263e+02
2.500266e+02
2.500270e+02
2.500274e+02
2.500277e+02
2.500278e+02
2.500276e+02
2.500272e+02
2.500266e+02
2.500261e+02
2.500256e+02
2.500254e+02
2.500256e+02
2.500261e+02
2.500268e+02
2.500275e+02
2.500280e+02
2.500283e+02
2.500282e+02
2.500278e+02
2.500271e+02
2.500263e+02
2.500256e+02
2.500251e+02
2.500250e+02
2.500252e+02
2.500258e+02
2.500266e+02
2.500274e+02
2.500280e+02
2.500284e+02
2.500285e+02
2.500282e+02
2.500276e+02
2.500268e+02
2.500260e+02
2.500253e+02
2.500249e+02
2.500247e+02
2.500249e+02
2.500254e+02
2.500261e+02
2.500269e+02
2.500277e+02
2.500283e+02
2.500287e+02
2.500288e+02
2.500285e+02
2.500278e+02
2.500269e+02
2.500259e+02
2.500249e+02
2.500241e+02
2.500237e+02
2.500236e+02
2.500241e+02
2.500250e+02
2.500263e+02
2.500277e+02
2.500290e+02
2.500300e+02
2.500305e+02
2.500303e+02
2.500294e+02
2.500280e+02
2.500261e+02
2.500243e+02
2.500226e+02
2.500215e+02
2.500212e+02
2.500216e+02
2.500230e+02
2.500249e+02
2.500272e+02
2.500295e+02
2.500314e+02
2.500327e+02
2.500330e+02
2.500322e+02
2.500305e+02
2.500281e+02
2.500253e+02
2.500225e+02
2.500202e+02
2.500188e+02
2.500184e+02
2.500191e+02
2.500210e+02
2.500236e+02
2.500267e+02
2.500299e+02
2.500326e+02
2.500346e+02
2.500354e+02
2.500351e+02
2.500335e+02
2.500310e+02
2.500278e+02
2.500242e+02
2.500209e+02
2.500180e+02
2.500161e+02
2.500154e+02
2.500159e+02
2.500176e+02
2.500204e+02
2.500241e+02
2.500281e+02
2.500321e+02
2.500356e+02
2.500382e+02
2.500396e+02
2.500394e+02
2.500377e+02
2.500346e+02
2.500302e+02
2.500251e+02
2.500198e+02
2.500148e+02
2.500108e+02
2.500082e+02
2.500076e+02
2.500090e+02
2.500124e+02
2.500176e+02
2.500242e+02
2.500313e+02
2.500383e+02
2.500444e+02
2.500488e+02
2.500508e+02
2.500503e+02
2.500470e+02
2.500411e+02
2.500333e+02
2.500242e+02
2.500148e+02
2.500062e+02
2.499991e+02
2.499946e+02
2.499931e+02
2.499950e+02
2.500002e+02
2.500083e+02
2.500186e+02
2.500300e+02
2.500415e+02
2.500519e+02
2.500600e+02
2.500651e+02
2.500665e+02
2.500640e+02
2.500577e+02
2.500482e+02
2.500363e+02
2.500230e+02
2.500096e+02
2.499973e+02
2.499872e+02
2.499802e+02
2.499771e+02
2.499781e+02
2.499832e+02
2.499920e+02
2.500039e+02
2.500177e+02
2.500325e+02
2.500471e+02
2.500603e+02
2.500711e+02
2.500786e+02
2.500823e+02
2.500818e+02
2.500771e+02
2.500685e+02
2.500566e+02
2.500421e+02
2.500259e+02
2.500091e+02
2.499929e+02
2.499782e+02
2.499662e+02
2.499577e+02
2.499533e+02
2.499536e+02
2.499587e+02
2.499686e+02
2.499827e+02
2.500005e+02
2.500210e+02
2.500430e+02
2.500651e+02
2.500860e+02
2.501042e+02
2.501182e+02
2.501270e+02
2.501296e+02
2.501254e+02
2.501142e+02
2.500964e+02
2.500728e+02
2.500444e+02
2.500130e+02
2.499804e+02
2.499487e+02
2.499201e+02
2.498966e+02
2.498801e+02
2.498721e+02
2.498734e+02
2.498846e+02
2.499055e+02
2.499352e+02
2.499723e+02
2.500146e+02
2.500599e+02
2.501052e+02
2.501478e+02
2.501848e+02
2.502138e+02
2.502325e+02
2.502395e+02
2.502338e+02
2.502155e+02
2.501851e+02
2.501441e+02
2.500947e+02
2.500395e+02
2.499816e+02
2.499243e+02
2.498708e+02
2.498243e+02
2.497874e+02
2.497625e+02
2.497511e+02
2.497540e+02
2.497712e+02
2.498022e+02
2.498454e+02
2.498986e+02
2.499593e+02
2.500244e+02
2.500906e+02
2.501546e+02
2.502132e+02
2.502636e+02
2.503032e+02
2.503303e+02
2.503435e+02
2.503423e+02
2.503268e+02
2.502979e+02
2.502571e+02
2.502061e+02
2.501474e+02
2.500837e+02
2.500175e+02
2.499516e+02
2.498887e+02
2.498312e+02
2.497810e+02
2.497399e+02
2.497091e+02
2.496896e+02
2.496816e+02
2.496852e+02
2.496999e+02
2.497251e+02
2.497598e+02
2.498027e+02
2.498523e+02
2.499073e+02
2.499660e+02
2.500268e+02
2.500882e+02
2.501486e+02
2.502066e+02
2.502607e+02
2.503098e+02
2.503527e+02
2.503882e+02
2.504155e+02
2.504337e+02
2.504422e+02
2.504404e+02
2.504281e+02
2.504049e+02
2.503710e+02
2.503266e+02
2.502722e+02
2.502087e+02
2.501369e+02
2.500583e+02
2.499744e+02
2.498869e+02
2.497980e+02
2.497099e+02
2.496248e+02
2.495451e+02
2.494734e+02
2.494120e+02
2.493632e+02
2.493288e+02
2.493109e+02
2.493108e+02
2.493295e+02
2.493677e+02
2.494255e+02
2.495024e+02
2.495975e+02
2.497091e+02
2.498351e+02
2.499729e+02
2.501194e+02
2.502711e+02
2.504240e+02
2.505741e+02
2.507171e+02
2.508490e+02
2.509656e+02
2.510631e+02
2.511382e+02
2.511880e+02
2.512104e+02
2.512037e+02
2.511674e+02
2.511015e+02
2.510070e+02
2.508857e+02
2.507399e+02
2.505729e+02
2.503884e+02
2.501905e+02
2.499837e+02
2.497725e+02
2.495618e+02
2.493561e+02
2.491598e+02
2.489773e+02
2.488123e+02
2.486683e+02
2.485483e+02
2.484548e+02
2.483897e+02
2.483545e+02
2.483499e+02
2.483763e+02
2.484332e+02
2.485200e+02
2.486351e+02
2.487767e+02
2.489425e+02
2.491296e+02
2.493348e+02
2.495546e+02
2.497851e+02
2.500223e+02
2.502618e+02
2.504995e+02
2.507312e+02
2.509527e+02
2.511600e+02
2.513496e+02
2.515183e+02
2.516630e+02
2.517816e+02
2.518722e+02
2.519336e+02
2.519654e+02
2.519675e+02
2.519405e+02
2.518857e+02
2.518048e+02
2.516998e+02
2.515733e+02
2.514281e+02
2.512671e+02
2.510935e+02
2.509105e+02
2.507211e+02
2.505284e+02
2.503353e+02
2.501445e+02
2.499583e+02
2.497790e+02
2.496085e+02
2.494483e+02
2.492996e+02
2.491635e+02
2.490406e+02
2.489314e+02
2.488361e+02
2.487546e+02
2.486866e+02
2.486317e+02
2.485893e+02
2.485585e+02
2.485386e+02
2.485284e+02
2.485270e+02
2.485333e+02
2.485460e+02
2.485641e+02
2.485863e+02
2.486116e+02
2.486388e+02
2.486669e+02
2.486950e+02
2.487222e+02
2.487476e+02
2.487705e+02
2.487905e+02
2.488069e+02
2.488194e+02
2.488278e+02
2.488318e+02
2.488314e+02
2.488267e+02
2.488179e+02
2.488051e+02
2.487886e+02
2.487690e+02
2.487466e+02
2.487220e+02
2.486957e+02
2.486684e+02
2.486407e+02
2.486132e+02
2.485867e+02
2.485618e+02
2.485392e+02
2.485196e+02
2.485037e+02
2.484922e+02
2.484857e+02
2.484848e+02
2.484902e+02
2.485026e+02
2.485224e+02
2.485504e+02
2.485870e+02
2.486328e+02
2.486883e+02
2.487542e+02
2.488310e+02
2.489192e+02
2.490194e+02
2.491321e+02
2.492580e+02
2.493975e+02
2.495513e+02
2.497201e+02
2.499045e+02
2.501051e+02
2.503227e+02
2.505579e+02
2.508117e+02
2.510848e+02
2.513779e+02
2.516920e+02
2.520279e+02
2.523864e+02
2.527684e+02
2.531747e+02
2.536060e+02
2.540630e+02
2.545465e+02
2.550569e+02
2.555944e+02
2.561594e+02
2.567517e+02
2.573711e+02
2.580166e+02
2.586875e+02
2.593823e+02
2.600990e+02
2.608352e+02
2.615876e+02
2.623529e+02
2.631268e+02
2.639042e+02
2.646797e+02
2.654469e+02
2.661995e+02
2.669303e+02
2.676315e+02
2.682954e+02
2.689144e+02
2.694812e+02
2.699880e+02
2.704280e+02
2.707953e+02
2.710854e+02
2.712940e+02
2.714180e+02
2.714566e+02
2.714104e+02
2.712803e+02
2.710693e+02
2.707818e+02
2.704230e+02
2.699991e+02
2.695168e+02
2.689838e+02
2.684077e+02
2.677967e+02
2.671585e+02
2.665008e+02
2.658310e+02
2.651562e+02
2.644825e+02
2.638156e+02
2.631607e+02
2.625223e+02
2.619043e+02
2.613099e+02
2.607417e+02
2.602022e+02
2.596931e+02
2.592159e+02
2.587716e+02
2.583611e+02
2.579852e+02
2.576446e+02
2.573398e+02
2.570710e+02
2.568389e+02
2.566445e+02
2.564887e+02
2.563720e+02
2.562958e+02
2.562616e+02
2.562717e+02
2.563284e+02
2.564339e+02
2.565912e+02
2.568045e+02
2.570786e+02
2.574185e+02
2.578292e+02
2.583172e+02
2.588906e+02
2.595583e+02
2.603292e+02
2.612125e+02
2.622195e+02
2.633632e+02
2.646568e+02
2.661124e+02
2.677421e+02
2.695592e+02
2.715767e+02
2.738042e+02
2.762460e+02
2.789023e+02
2.817694e+02
2.848363e+02
2.880786e+02
2.914577e+02
2.949234e+02
2.984168e+02
3.018641e+02
3.051719e+02
3.082413e+02
3.109743e+02
3.132781e+02
3.150617e+02
3.162443e+02
3.167730e+02
3.166299e+02
3.158121e+02
3.143402e+02
3.122743e+02
3.096917e+02
3.066832e+02
3.033494e+02
2.997939e+02
2.961175e+02
2.924134e+02
2.887583e+02
2.852177e+02
2.818412e+02
2.786635e+02
2.757071e+02
2.729830e+02
2.704936e+02
2.682342e+02
2.661951e+02
2.643634e+02
2.627244e+02
2.612622e+02
2.599611e+02
2.588055e+02
2.577809e+02
2.568735e+02
2.560706e+02
2.553607e+02
2.547335e+02
2.541794e+02
2.536902e+02
2.532582e+02
2.528768e+02
2.525402e+02
2.522431e+02
2.519808e+02
2.517492e+02
2.515448e+02
2.513644e+02
2.512051e+02
2.510644e+02
2.509402e+02
2.508305e+02
2.507337e+02
2.506481e+02
2.505726e+02
2.505059e+02
2.504469e+02
2.503949e+02
2.503489e+02
2.503083e+02
2.502724e+02
2.502407e+02
2.502127e+02
2.501879e+02
2.501661e+02
2.501467e+02
2.501297e+02
2.501146e+02
2.501013e+02
2.500895e+02
2.500791e+02
2.500699e+02
2.500618e+02
2.500546e+02
2.500483e+02
2.500427e+02
2.500378e+02
2.500334e+02
2.500295e+02
2.500261e+02
2.500231e+02
2.500204e+02
2.500181e+02
2.500160e+02
2.500142e+02
2.500126e+02
2.500111e+02
2.500099e+02
2.500087e+02
2.500077e+02
2.500069e+02
2.500061e+02
2.500054e+02
2.500048e+02
2.500043e+02
2.500038e+02
2.500034e+02
2.500030e+02
2.500027e+02
2.500024e+02
2.500022e+02
2.500020e+02
2.500018e+02
2.500016e+02
2.500014e+02
2.500013e+02
2.500012e+02
2.500011e+02
2.500010e+02
2.500009e+02
2.500008e+02
2.500008e+02
2.500007e+02
2.500007e+02
2.500006e+02
2.500006e+02
2.500006e+02
2.500005e+02
2.500005e+02
2.500005e+02
2.500005e+02
2.500005e+02
2.500004e+02
2.500004e+02
2.500004e+02
2.500004e+02
2.500004e+02
2.500004e+02
2.500004e+02
2.500004e+02
2.500004e+02
2.500004e+02
2.500004e+02
2.500004e+02
2.500004e+02
2.500004e+02
2.500004e+02
2.500004e+02
2.500003e+02
2.500003e+02
2.500003e+02
2.500003e+02
2.500003e+02
2.500003e+02
2.500003e+02
2.500003e+02
2.500003e+02
2.500003e+02
2.500003e+02
2.500003e+02
2.500003e+02
2.500004e+02
2.500004e+02
2.500004e+02
2.500004e+02
2.500004e+02
2.500004e+02
2.500004e+02
2.500004e+02
2.500004e+02
2.500004e+02
2.500004e+02
2.500004e+02
2.500004e+02
2.500004e+02
2.500004e+02
2.500004e+02
2.500004e+02
2.500004e+02
2.500004e+02
2.500004e+02
2.500004e+02
2.500004e+02
2.500004e+02
2.500004e+02
2.500004e+02
2.500004e+02
2.500004e+02
2.500004e+02
2.500004e+02
2.500004e+02
2.500004e+02
2.500004e+02
2.500004e+02
2.500004e+02
2.500004e+02
2.500004e+02
2.500004e+02
2.500004e+02
2.500004e+02
2.500004e+02
2.500004e+02
2.500004e+02
2.500004e+02
2.500004e+02
2.500004e+02
2.500004e+02
2.500004e+02
2.500004e+02
2.500004e+02
2.500004e+02
2.500004e+02
2.500004e+02
2.500004e+02
2.500004e+02
2.500004e+02
2.500004e+02
2.500004e+02
2.500004e+02
2.500004e+02
2.500004e+02
2.500004e+02
2.500004e+02
2.500004e+02
2.500004e+02
2.500004e+02
2.500004e+02
2.500004e+02
2.500004e+02
2.500004e+02
2.500004e+02
2.500004e+02
2.500004e+02
2.500004e+02
2.500004e+02
2.500004e+02
2.500004e+02
2.500004e+02
2.500004e+02
2.500004e+02
2.500004e+02
2.500004e+02
2.500004e+02
2.500004e+02
2.500004e+02
2.500004e+02
2.500004e+02
2.500004e+02
2.500004e+02
2.500004e+02
