2.500492e+02
2.500494e+02
2.500494e+02
2.500494e+02
2.500492e+02
2.500491e+02
2.500491e+02
2.500490e+02
2.500491e+02
2.500492e+02
2.500493e+02
2.500493e+02
2.500493e+02
2.500493e+02
2.500494e+02
2.500495e+02
2.500496e+02
2.500495e+02
2.500492e+02
2.500490e+02
2.500490e+02
2.500490e+02
2.500491e+02
2.500491e+02
2.500490e+02
2.500491e+02
2.500492e+02
2.500493e+02
2.500493e+02
2.500493e+02
2.500496e+02
2.500499e+02
2.500498e+02
2.500495e+02
2.500491e+02
2.500490e+02
2.500491e+02
2.500492e+02
2.500493e+02
2.500492e+02
2.500489e+02
2.500487e+02
2.500488e+02
2.500492e+02
2.500496e+02
2.500497e+02
2.500495e+02
2.500493e+02
2.500492e+02
2.500492e+02
2.500492e+02
2.500492e+02
2.500492e+02
2.500492e+02
2.500492e+02
2.500491e+02
2.500492e+02
2.500492e+02
2.500492e+02
2.500492e+02
2.500492e+02
2.500493e+02
2.500494e+02
2.500493e+02
2.500492e+02
2.500491e+02
2.500490e+02
2.500489e+02
2.500490e+02
2.500492e+02
2.500493e+02
2.500495e+02
2.500496e+02
2.500495e+02
2.500494e+02
2.500493e+02
2.500491e+02
2.500491e+02
2.500492e+02
2.500493e+02
2.500493e+02
2.500492e+02
2.500489e+02
2.500487e+02
2.500486e+02
2.500487e+02
2.500490e+02
2.500494e+02
2.500497e+02
2.500498e+02
2.500497e+02
2.500494e+02
2.500491e+02
2.500488e+02
2.500487e+02
2.500488e+02
2.500490e+02
2.500492e+02
2.500493e+02
2.500493e+02
2.500491e+02
2.500489e+02
2.500487e+02
2.500487e+02
2.500489e+02
2.500492e+02
2.500495e+02
2.500498e+02
2.500499e+02
2.500497e+02
2.500493e+02
2.500488e+02
2.500483e+02
2.500482e+02
2.500484e+02
2.500489e+02
2.500496e+02
2.500501e+02
2.500501e+02
2.500498e+02
2.500491e+02
2.500485e+02
2.500481e+02
2.500481e+02
2.500485e+02
2.500491e+02
2.500498e+02
2.500501e+02
2.500499e+02
2.500494e+02
2.500487e+02
2.500482e+02
2.500480e+02
2.500481e+02
2.500486e+02
2.500492e+02
2.500498e+02
2.500500e+02
2.500499e+02
2.500496e+02
2.500490e+02
2.500485e+02
2.500481e+02
2.500480e+02
2.500480e+02
2.500483e+02
2.500488e+02
2.500495e+02
2.500500e+02
2.500503e+02
2.500502e+02
2.500496e+02
2.500489e+02
2.500481e+02
2.500475e+02
2.500473e+02
2.500476e+02
2.500484e+02
2.500494e+02
2.500504e+02
2.500510e+02
2.500509e+02
2.500502e+02
2.500490e+02
2.500476e+02
2.500466e+02
2.500462e+02
2.500467e+02
2.500479e+02
2.500495e+02
2.500509e+02
2.500517e+02
2.500516e+02
2.500506e+02
2.500491e+02
2.500475e+02
2.500463e+02
2.500458e+02
2.500461e+02
2.500473e+02
2.500488e+02
2.500504e+02
2.500516e+02
2.500520e+02
2.500515e+02
2.500503e+02
2.500486e+02
2.500469e+02
2.500457e+02
2.500452e+02
2.500456e+02
2.500468e+02
2.500484e+02
2.500501e+02
2.500514e+02
2.500522e+02
2.500522e+02
2.500514e+02
2.500500e+02
2.500484e+02
2.500467e+02
2.500453e+02
2.500446e+02
2.500447e+02
2.500456e+02
2.500472e+02
2.500492e+02
2.500513e+02
2.500529e+02
2.500537e+02
2.500534e+02
2.500520e+02
2.500498e+02
2.500470e+02
2.500444e+02
2.500424e+02
2.500417e+02
2.500425e+02
2.500447e+02
2.500480e+02
2.500517e+02
2.500549e+02
2.500569e+02
2.500571e+02
2.500554e+02
2.500520e+02
2.500475e+02
2.500430e+02
2.500393e+02
2.500375e+02
2.500379e+02
2.500407e+02
2.500452e+02
2.500506e+02
2.500557e+02
2.500595e+02
2.500611e+02
2.500601e+02
2.500567e+02
2.500515e+02
2.500455e+02
2.500399e+02
2.500358e+02
2.500339e+02
2.500347e+02
2.500381e+02
2.500435e+02
2.500499e+02
2.500562e+02
2.500612e+02
2.500639e+02
2.500639e+02
2.500611e+02
2.500560e+02
2.500493e+02
2.500424e+02
2.500362e+02
2.500319e+02
2.500301e+02
2.500314e+02
2.500353e+02
2.500415e+02
2.500490e+02
2.500566e+02
2.500632e+02
2.500677e+02
2.500693e+02
2.500675e+02
2.500626e+02
2.500551e+02
2.500461e+02
2.500369e+02
2.500290e+02
2.500236e+02
2.500216e+02
2.500236e+02
2.500294e+02
2.500383e+02
2.500492e+02
2.500605e+02
2.500706e+02
2.500778e+02
2.500809e+02
2.500792e+02
2.500726e+02
2.500618e+02
2.500482e+02
2.500339e+02
2.500208e+02
2.500110e+02
2.500062e+02
2.500073e+02
2.500144e+02
2.500268e+02
2.500427e+02
2.500601e+02
2.500765e+02
2.500895e+02
2.500972e+02
2.500982e+02
2.500921e+02
2.500796e+02
2.500622e+02
2.500421e+02
2.500221e+02
2.500049e+02
2.499930e+02
2.499880e+02
2.499908e+02
2.500010e+02
2.500174e+02
2.500380e+02
2.500601e+02
2.500812e+02
2.500984e+02
2.501098e+02
2.501137e+02
2.501098e+02
2.500984e+02
2.500807e+02
2.500590e+02
2.500355e+02
2.500132e+02
2.499944e+02
2.499811e+02
2.499749e+02
2.499763e+02
2.499853e+02
2.500008e+02
2.500213e+02
2.500449e+02
2.500693e+02
2.500920e+02
2.501110e+02
2.501241e+02
2.501302e+02
2.501284e+02
2.501187e+02
2.501019e+02
2.500793e+02
2.500528e+02
2.500245e+02
2.499971e+02
2.499729e+02
2.499543e+02
2.499433e+02
2.499414e+02
2.499491e+02
2.499666e+02
2.499926e+02
2.500253e+02
2.500620e+02
2.500996e+02
2.501347e+02
2.501637e+02
2.501837e+02
2.501922e+02
2.501878e+02
2.501699e+02
2.501395e+02
2.500985e+02
2.500501e+02
2.499986e+02
2.499484e+02
2.499042e+02
2.498706e+02
2.498511e+02
2.498483e+02
2.498632e+02
2.498953e+02
2.499427e+02
2.500019e+02
2.500680e+02
2.501356e+02
2.501986e+02
2.502514e+02
2.502887e+02
2.503066e+02
2.503029e+02
2.502772e+02
2.502309e+02
2.501673e+02
2.500913e+02
2.500088e+02
2.499266e+02
2.498514e+02
2.497894e+02
2.497461e+02
2.497254e+02
2.497295e+02
2.497586e+02
2.498107e+02
2.498825e+02
2.499684e+02
2.500623e+02
2.501570e+02
2.502454e+02
2.503208e+02
2.503774e+02
2.504109e+02
2.504185e+02
2.503998e+02
2.503557e+02
2.502895e+02
2.502059e+02
2.501107e+02
2.500105e+02
2.499121e+02
2.498219e+02
2.497459e+02
2.496889e+02
2.496543e+02
2.496441e+02
2.496586e+02
2.496967e+02
2.497557e+02
2.498317e+02
2.499200e+02
2.500153e+02
2.501120e+02
2.502044e+02
2.502878e+02
2.503576e+02
2.504104e+02
2.504438e+02
2.504564e+02
2.504482e+02
2.504201e+02
2.503739e+02
2.503123e+02
2.502385e+02
2.501562e+02
2.500692e+02
2.499811e+02
2.498958e+02
2.498167e+02
2.497466e+02
2.496883e+02
2.496437e+02
2.496145e+02
2.496017e+02
2.496058e+02
2.496269e+02
2.496646e+02
2.497180e+02
2.497856e+02
2.498656e+02
2.499556e+02
2.500529e+02
2.501544e+02
2.502565e+02
2.503556e+02
2.504478e+02
2.505292e+02
2.505961e+02
2.506451e+02
2.506730e+02
2.506776e+02
2.506572e+02
2.506112e+02
2.505399e+02
2.504447e+02
2.503281e+02
2.501936e+02
2.500456e+02
2.498893e+02
2.497306e+02
2.495757e+02
2.494308e+02
2.493023e+02
2.491959e+02
2.491169e+02
2.490696e+02
2.490574e+02
2.490824e+02
2.491456e+02
2.492462e+02
2.493823e+02
2.495503e+02
2.497452e+02
2.499607e+02
2.501895e+02
2.504234e+02
2.506535e+02
2.508709e+02
2.510666e+02
2.512323e+02
2.513606e+02
2.514452e+02
2.514814e+02
2.514665e+02
2.513999e+02
2.512826e+02
2.511178e+02
2.509108e+02
2.506681e+02
2.503979e+02
2.501090e+02
2.498111e+02
2.495140e+02
2.492275e+02
2.489606e+02
2.487220e+02
2.485191e+02
2.483583e+02
2.482448e+02
2.481823e+02
2.481731e+02
2.482181e+02
2.483164e+02
2.484660e+02
2.486634e+02
2.489035e+02
2.491800e+02
2.494858e+02
2.498126e+02
2.501514e+02
2.504926e+02
2.508265e+02
2.511434e+02
2.514342e+02
2.516903e+02
2.519042e+02
2.520696e+02
2.521818e+02
2.522375e+02
2.522356e+02
2.521763e+02
2.520619e+02
2.518964e+02
2.516849e+02
2.514338e+02
2.511506e+02
2.508431e+02
2.505196e+02
2.501883e+02
2.498571e+02
2.495338e+02
2.492253e+02
2.489377e+02
2.486766e+02
2.484462e+02
2.482502e+02
2.480913e+02
2.479714e+02
2.478914e+02
2.478517e+02
2.478515e+02
2.478898e+02
2.479646e+02
2.480734e+02
2.482134e+02
2.483813e+02
2.485733e+02
2.487856e+02
2.490140e+02
2.492539e+02
2.495010e+02
2.497509e+02
2.499992e+02
2.502419e+02
2.504752e+02
2.506956e+02
2.509000e+02
2.510857e+02
2.512506e+02
2.513930e+02
2.515117e+02
2.516064e+02
2.516769e+02
2.517237e+02
2.517476e+02
2.517500e+02
2.517323e+02
2.516966e+02
2.516448e+02
2.515792e+02
2.515023e+02
2.514160e+02
2.513226e+02
2.512242e+02
2.511227e+02
2.510196e+02
2.509166e+02
2.508150e+02
2.507156e+02
2.506194e+02
2.505266e+02
2.504375e+02
2.503524e+02
2.502710e+02
2.501930e+02
2.501182e+02
2.500460e+02
2.499756e+02
2.499062e+02
2.498373e+02
2.497681e+02
2.496979e+02
2.496261e+02
2.495520e+02
2.494752e+02
2.493951e+02
2.493113e+02
2.492236e+02
2.491318e+02
2.490360e+02
2.489363e+02
2.488327e+02
2.487256e+02
2.486153e+02
2.485023e+02
2.483869e+02
2.482700e+02
2.481520e+02
2.480338e+02
2.479158e+02
2.477988e+02
2.476835e+02
2.475705e+02
2.474605e+02
2.473544e+02
2.472526e+02
2.471558e+02
2.470644e+02
2.469790e+02
2.469000e+02
2.468280e+02
2.467631e+02
2.467060e+02
2.466569e+02
2.466159e+02
2.465832e+02
2.465591e+02
2.465437e+02
2.465372e+02
2.465396e+02
2.465512e+02
2.465718e+02
2.466016e+02
2.466405e+02
2.466885e+02
2.467457e+02
2.468123e+02
2.468881e+02
2.469732e+02
2.470677e+02
2.471716e+02
2.472849e+02
2.474078e+02
2.475405e+02
2.476831e+02
2.478358e+02
2.479987e+02
2.481723e+02
2.483566e+02
2.485522e+02
2.487594e+02
2.489788e+02
2.492108e+02
2.494560e+02
2.497149e+02
2.499884e+02
2.502771e+02
2.505817e+02
2.509035e+02
2.512434e+02
2.516023e+02
2.519813e+02
2.523817e+02
2.528047e+02
2.532515e+02
2.537234e+02
2.542217e+02
2.547478e+02
2.553029e+02
2.558880e+02
2.565041e+02
2.571523e+02
2.578334e+02
2.585477e+02
2.592953e+02
2.600758e+02
2.608886e+02
2.617324e+02
2.626050e+02
2.635037e+02
2.644252e+02
2.653653e+02
2.663184e+02
2.672782e+02
2.682374e+02
2.691882e+02
2.701218e+02
2.710279e+02
2.718961e+02
2.727159e+02
2.734769e+02
2.741681e+02
2.747790e+02
2.753002e+02
2.757241e+02
2.760442e+02
2.762543e+02
2.763515e+02
2.763357e+02
2.762078e+02
2.759701e+02
2.756283e+02
2.751892e+02
2.746608e+02
2.740526e+02
2.733748e+02
2.726383e+02
2.718541e+02
2.710330e+02
2.701858e+02
2.693224e+02
2.684522e+02
2.675836e+02
2.667241e+02
2.658801e+02
2.650570e+02
2.642595e+02
2.634910e+02
2.627542e+02
2.620513e+02
2.613838e+02
2.607523e+02
2.601567e+02
2.595970e+02
2.590731e+02
2.585840e+02
2.581287e+02
2.577060e+02
2.573149e+02
2.569542e+02
2.566225e+02
2.563187e+02
2.560415e+02
2.557897e+02
2.555626e+02
2.553593e+02
2.551788e+02
2.550201e+02
2.548828e+02
2.547671e+02
2.546729e+02
2.545995e+02
2.545470e+02
2.545162e+02
2.545083e+02
2.545240e+02
2.545643e+02
2.546306e+02
2.547252e+02
2.548509e+02
2.550107e+02
2.552073e+02
2.554445e+02
2.557273e+02
2.560623e+02
2.564558e+02
2.569136e+02
2.574439e+02
2.580575e+02
2.587666e+02
2.595834e+02
2.605208e+02
2.615945e+02
2.628243e+02
2.642315e+02
2.658377e+02
2.676653e+02
2.697393e+02
2.720883e+02
2.747404e+02
2.777190e+02
2.810419e+02
2.847240e+02
2.887743e+02
2.931869e+02
2.979315e+02
3.029544e+02
3.081825e+02
3.135162e+02
3.188280e+02
3.239461e+02
3.286938e+02
3.328974e+02
3.363846e+02
3.389858e+02
3.405657e+02
3.410465e+02
3.404055e+02
3.386512e+02
3.358486e+02
3.321320e+02
3.276580e+02
3.226071e+02
3.171704e+02
3.115364e+02
3.058803e+02
3.003410e+02
2.950373e+02
2.900517e+02
2.854378e+02
2.812244e+02
2.774191e+02
2.740133e+02
2.709874e+02
2.683146e+02
2.659643e+02
2.639048e+02
2.621048e+02
2.605346e+02
2.591669e+02
2.579767e+02
2.569415e+02
2.560414e+02
2.552590e+02
2.545788e+02
2.539874e+02
2.534732e+02
2.530260e+02
2.526368e+02
2.522982e+02
2.520035e+02
2.517468e+02
2.515233e+02
2.513286e+02
2.511589e+02
2.510110e+02
2.508821e+02
2.507697e+02
2.506717e+02
2.505862e+02
2.505116e+02
2.504466e+02
2.503898e+02
2.503403e+02
2.502971e+02
2.502593e+02
2.502264e+02
2.501977e+02
2.501726e+02
2.501507e+02
2.501316e+02
2.501150e+02
2.501004e+02
2.500877e+02
2.500766e+02
2.500669e+02
2.500584e+02
2.500511e+02
2.500446e+02
2.500390e+02
2.500341e+02
2.500298e+02
2.500261e+02
2.500228e+02
2.500199e+02
2.500174e+02
2.500153e+02
2.500134e+02
2.500117e+02
2.500103e+02
2.500090e+02
2.500079e+02
2.500070e+02
2.500061e+02
2.500054e+02
2.500047e+02
2.500042e+02
2.500037e+02
2.500033e+02
2.500029e+02
2.500026e+02
2.500023e+02
2.500021e+02
2.500019e+02
2.500017e+02
2.500015e+02
2.500014e+02
2.500012e+02
2.500011e+02
2.500010e+02
2.500010e+02
2.500009e+02
2.500008e+02
2.500008e+02
2.500007e+02
2.500007e+02
2.500006e+02
2.500006e+02
2.500006e+02
2.500006e+02
2.500005e+02
2.500005e+02
2.500005e+02
2.500005e+02
2.500005e+02
2.500005e+02
2.500005e+02
2.500005e+02
2.500005e+02
2.500005e+02
2.500004e+02
2.500004e+02
2.500004e+02
2.500004e+02
2.500004e+02
2.500004e+02
2.500004e+02
2.500004e+02
2.500004e+02
2.500004e+02
2.500004e+02
2.500004e+02
2.500004e+02
2.500004e+02
2.500004e+02
2.500004e+02
2.500004e+02
2.500004e+02
2.500004e+02
2.500004e+02
2.500004e+02
2.500004e+02
2.500004e+02
2.500004e+02
2.500004e+02
2.500004e+02
2.500004e+02
2.500004e+02
2.500004e+02
2.500004e+02
2.500004e+02
2.500004e+02
2.500004e+02
2.500004e+02
2.500004e+02
2.500004e+02
2.500004e+02
2.500005e+02
2.500005e+02
2.500005e+02
2.500005e+02
2.500005e+02
2.500005e+02
2.500005e+02
2.500005e+02
2.500005e+02
2.500005e+02
2.500005e+02
2.500005e+02
2.500005e+02
2.500005e+02
2.500005e+02
2.500005e+02
2.500005e+02
2.500005e+02
2.500005e+02
2.500005e+02
2.500005e+02
2.500005e+02
2.500005e+02
2.500005e+02
2.500005e+02
2.500005e+02
2.500005e+02
2.500005e+02
2.500005e+02
2.500005e+02
2.500005e+02
2.500005e+02
2.500005e+02
2.500005e+02
2.500005e+02
2.500005e+02
2.500005e+02
2.500005e+02
2.500005e+02
2.500005e+02
2.500005e+02
2.500005e+02
2.500005e+02
2.500005e+02
2.500005e+02
2.500005e+02
2.500005e+02
2.500005e+02
2.500005e+02
2.500005e+02
2.500005e+02
2.500005e+02
2.500005e+02
2.500005e+02
2.500005e+02
2.500005e+02
