2.500616e+02
2.500618e+02
2.500618e+02
2.500618e+02
2.500619e+02
2.500621e+02
2.500622e+02
2.500625e+02
2.500629e+02
2.500625e+02
2.500613e+02
2.500610e+02
2.500619e+02
2.500625e+02
2.500619e+02
2.500613e+02
2.500612e+02
2.500619e+02
2.500623e+02
2.500627e+02
2.500625e+02
2.500620e+02
2.500617e+02
2.500618e+02
2.500619e+02
2.500620e+02
2.500625e+02
2.500627e+02
2.500624e+02
2.500616e+02
2.500613e+02
2.500614e+02
2.500618e+02
2.500621e+02
2.500623e+02
2.500622e+02
2.500617e+02
2.500611e+02
2.500610e+02
2.500614e+02
2.500621e+02
2.500626e+02
2.500625e+02
2.500623e+02
2.500621e+02
2.500617e+02
2.500614e+02
2.500615e+02
2.500621e+02
2.500625e+02
2.500625e+02
2.500620e+02
2.500613e+02
2.500608e+02
2.500609e+02
2.500616e+02
2.500625e+02
2.500632e+02
2.500632e+02
2.500626e+02
2.500619e+02
2.500613e+02
2.500612e+02
2.500616e+02
2.500621e+02
2.500625e+02
2.500627e+02
2.500625e+02
2.500619e+02
2.500612e+02
2.500608e+02
2.500609e+02
2.500616e+02
2.500626e+02
2.500634e+02
2.500636e+02
2.500628e+02
2.500615e+02
2.500602e+02
2.500598e+02
2.500605e+02
2.500620e+02
2.500635e+02
2.500642e+02
2.500636e+02
2.500620e+02
2.500603e+02
2.500593e+02
2.500597e+02
2.500613e+02
2.500633e+02
2.500646e+02
2.500646e+02
2.500632e+02
2.500613e+02
2.500596e+02
2.500590e+02
2.500598e+02
2.500615e+02
2.500633e+02
2.500644e+02
2.500643e+02
2.500632e+02
2.500616e+02
2.500603e+02
2.500597e+02
2.500600e+02
2.500611e+02
2.500625e+02
2.500637e+02
2.500643e+02
2.500639e+02
2.500627e+02
2.500612e+02
2.500600e+02
2.500594e+02
2.500596e+02
2.500606e+02
2.500621e+02
2.500637e+02
2.500646e+02
2.500645e+02
2.500634e+02
2.500615e+02
2.500596e+02
2.500584e+02
2.500584e+02
2.500598e+02
2.500620e+02
2.500644e+02
2.500660e+02
2.500660e+02
2.500645e+02
2.500618e+02
2.500589e+02
2.500570e+02
2.500567e+02
2.500583e+02
2.500612e+02
2.500644e+02
2.500667e+02
2.500672e+02
2.500658e+02
2.500630e+02
2.500596e+02
2.500570e+02
2.500560e+02
2.500571e+02
2.500599e+02
2.500634e+02
2.500665e+02
2.500681e+02
2.500676e+02
2.500651e+02
2.500615e+02
2.500579e+02
2.500554e+02
2.500549e+02
2.500564e+02
2.500596e+02
2.500634e+02
2.500667e+02
2.500686e+02
2.500685e+02
2.500663e+02
2.500628e+02
2.500590e+02
2.500559e+02
2.500544e+02
2.500548e+02
2.500571e+02
2.500606e+02
2.500644e+02
2.500676e+02
2.500694e+02
2.500691e+02
2.500669e+02
2.500631e+02
2.500586e+02
2.500547e+02
2.500525e+02
2.500525e+02
2.500551e+02
2.500595e+02
2.500648e+02
2.500695e+02
2.500724e+02
2.500726e+02
2.500699e+02
2.500648e+02
2.500585e+02
2.500527e+02
2.500488e+02
2.500480e+02
2.500507e+02
2.500565e+02
2.500638e+02
2.500710e+02
2.500760e+02
2.500775e+02
2.500751e+02
2.500690e+02
2.500608e+02
2.500525e+02
2.500459e+02
2.500428e+02
2.500442e+02
2.500496e+02
2.500581e+02
2.500676e+02
2.500760e+02
2.500813e+02
2.500821e+02
2.500782e+02
2.500704e+02
2.500602e+02
2.500500e+02
2.500421e+02
2.500381e+02
2.500392e+02
2.500451e+02
2.500547e+02
2.500659e+02
2.500765e+02
2.500842e+02
2.500873e+02
2.500851e+02
2.500780e+02
2.500672e+02
2.500549e+02
2.500434e+02
2.500351e+02
2.500317e+02
2.500339e+02
2.500416e+02
2.500535e+02
2.500673e+02
2.500805e+02
2.500906e+02
2.500955e+02
2.500940e+02
2.500862e+02
2.500731e+02
2.500571e+02
2.500410e+02
2.500277e+02
2.500200e+02
2.500196e+02
2.500270e+02
2.500412e+02
2.500599e+02
2.500799e+02
2.500975e+02
2.501093e+02
2.501128e+02
2.501069e+02
2.500923e+02
2.500712e+02
2.500472e+02
2.500245e+02
2.500072e+02
2.499988e+02
2.500012e+02
2.500142e+02
2.500360e+02
2.500632e+02
2.500910e+02
2.501146e+02
2.501298e+02
2.501337e+02
2.501253e+02
2.501057e+02
2.500780e+02
2.500466e+02
2.500167e+02
2.499932e+02
2.499801e+02
2.499798e+02
2.499923e+02
2.500159e+02
2.500469e+02
2.500806e+02
2.501118e+02
2.501357e+02
2.501486e+02
2.501485e+02
2.501355e+02
2.501113e+02
2.500794e+02
2.500446e+02
2.500116e+02
2.499851e+02
2.499687e+02
2.499647e+02
2.499735e+02
2.499942e+02
2.500239e+02
2.500587e+02
2.500943e+02
2.501261e+02
2.501501e+02
2.501633e+02
2.501641e+02
2.501521e+02
2.501287e+02
2.500964e+02
2.500589e+02
2.500202e+02
2.499850e+02
2.499573e+02
2.499407e+02
2.499374e+02
2.499484e+02
2.499730e+02
2.500089e+02
2.500526e+02
2.500995e+02
2.501444e+02
2.501819e+02
2.502073e+02
2.502169e+02
2.502088e+02
2.501830e+02
2.501414e+02
2.500879e+02
2.500281e+02
2.499685e+02
2.499160e+02
2.498770e+02
2.498567e+02
2.498585e+02
2.498835e+02
2.499300e+02
2.499940e+02
2.500689e+02
2.501470e+02
2.502194e+02
2.502777e+02
2.503145e+02
2.503246e+02
2.503059e+02
2.502589e+02
2.501880e+02
2.500999e+02
2.500036e+02
2.499094e+02
2.498274e+02
2.497669e+02
2.497350e+02
2.497360e+02
2.497708e+02
2.498370e+02
2.499284e+02
2.500364e+02
2.501504e+02
2.502587e+02
2.503502e+02
2.504153e+02
2.504466e+02
2.504406e+02
2.503970e+02
2.503196e+02
2.502153e+02
2.500940e+02
2.499671e+02
2.498466e+02
2.497439e+02
2.496686e+02
2.496278e+02
2.496253e+02
2.496616e+02
2.497335e+02
2.498348e+02
2.499568e+02
2.500887e+02
2.502193e+02
2.503371e+02
2.504324e+02
2.504970e+02
2.505257e+02
2.505165e+02
2.504703e+02
2.503914e+02
2.502864e+02
2.501641e+02
2.500342e+02
2.499067e+02
2.497911e+02
2.496957e+02
2.496272e+02
2.495897e+02
2.495853e+02
2.496136e+02
2.496721e+02
2.497561e+02
2.498597e+02
2.499758e+02
2.500967e+02
2.502148e+02
2.503228e+02
2.504143e+02
2.504842e+02
2.505286e+02
2.505454e+02
2.505340e+02
2.504955e+02
2.504322e+02
2.503476e+02
2.502463e+02
2.501336e+02
2.500150e+02
2.498965e+02
2.497839e+02
2.496830e+02
2.495986e+02
2.495353e+02
2.494968e+02
2.494857e+02
2.495034e+02
2.495502e+02
2.496253e+02
2.497260e+02
2.498488e+02
2.499888e+02
2.501396e+02
2.502943e+02
2.504449e+02
2.505835e+02
2.507020e+02
2.507930e+02
2.508501e+02
2.508682e+02
2.508443e+02
2.507775e+02
2.506690e+02
2.505224e+02
2.503439e+02
2.501411e+02
2.499238e+02
2.497025e+02
2.494886e+02
2.492934e+02
2.491276e+02
2.490009e+02
2.489213e+02
2.488949e+02
2.489253e+02
2.490134e+02
2.491574e+02
2.493526e+02
2.495914e+02
2.498639e+02
2.501582e+02
2.504605e+02
2.507561e+02
2.510297e+02
2.512671e+02
2.514550e+02
2.515821e+02
2.516400e+02
2.516242e+02
2.515335e+02
2.513703e+02
2.511411e+02
2.508557e+02
2.505265e+02
2.501678e+02
2.497954e+02
2.494257e+02
2.490750e+02
2.487581e+02
2.484886e+02
2.482782e+02
2.481360e+02
2.480685e+02
2.480791e+02
2.481684e+02
2.483343e+02
2.485716e+02
2.488721e+02
2.492253e+02
2.496184e+02
2.500367e+02
2.504641e+02
2.508840e+02
2.512793e+02
2.516340e+02
2.519334e+02
2.521653e+02
2.523198e+02
2.523902e+02
2.523736e+02
2.522709e+02
2.520863e+02
2.518273e+02
2.515041e+02
2.511299e+02
2.507190e+02
2.502863e+02
2.498473e+02
2.494167e+02
2.490086e+02
2.486351e+02
2.483070e+02
2.480332e+02
2.478207e+02
2.476747e+02
2.475979e+02
2.475913e+02
2.476542e+02
2.477837e+02
2.479753e+02
2.482231e+02
2.485198e+02
2.488568e+02
2.492245e+02
2.496127e+02
2.500105e+02
2.504067e+02
2.507906e+02
2.511515e+02
2.514799e+02
2.517671e+02
2.520060e+02
2.521912e+02
2.523187e+02
2.523865e+02
2.523946e+02
2.523447e+02
2.522402e+02
2.520859e+02
2.518881e+02
2.516538e+02
2.513905e+02
2.511062e+02
2.508088e+02
2.505059e+02
2.502046e+02
2.499114e+02
2.496321e+02
2.493717e+02
2.491340e+02
2.489222e+02
2.487385e+02
2.485843e+02
2.484602e+02
2.483662e+02
2.483018e+02
2.482658e+02
2.482567e+02
2.482725e+02
2.483110e+02
2.483698e+02
2.484465e+02
2.485386e+02
2.486436e+02
2.487591e+02
2.488828e+02
2.490127e+02
2.491466e+02
2.492830e+02
2.494204e+02
2.495577e+02
2.496939e+02
2.498283e+02
2.499604e+02
2.500900e+02
2.502168e+02
2.503409e+02
2.504625e+02
2.505818e+02
2.506989e+02
2.508142e+02
2.509275e+02
2.510391e+02
2.511486e+02
2.512559e+02
2.513607e+02
2.514624e+02
2.515603e+02
2.516534e+02
2.517406e+02
2.518208e+02
2.518926e+02
2.519546e+02
2.520054e+02
2.520436e+02
2.520678e+02
2.520765e+02
2.520685e+02
2.520426e+02
2.519981e+02
2.519343e+02
2.518507e+02
2.517473e+02
2.516239e+02
2.514811e+02
2.513195e+02
2.511398e+02
2.509432e+02
2.507313e+02
2.505055e+02
2.502675e+02
2.500191e+02
2.497621e+02
2.494986e+02
2.492304e+02
2.489595e+02
2.486878e+02
2.484170e+02
2.481490e+02
2.478851e+02
2.476270e+02
2.473760e+02
2.471334e+02
2.469003e+02
2.466777e+02
2.464664e+02
2.462669e+02
2.460799e+02
2.459059e+02
2.457451e+02
2.455979e+02
2.454644e+02
2.453448e+02
2.452389e+02
2.451465e+02
2.450677e+02
2.450022e+02
2.449499e+02
2.449107e+02
2.448841e+02
2.448699e+02
2.448676e+02
2.448770e+02
2.448976e+02
2.449294e+02
2.449719e+02
2.450249e+02
2.450880e+02
2.451608e+02
2.452429e+02
2.453341e+02
2.454343e+02
2.455431e+02
2.456604e+02
2.457860e+02
2.459195e+02
2.460606e+02
2.462095e+02
2.463659e+02
2.465298e+02
2.467013e+02
2.468803e+02
2.470666e+02
2.472604e+02
2.474616e+02
2.476707e+02
2.478877e+02
2.481129e+02
2.483465e+02
2.485889e+02
2.488403e+02
2.491013e+02
2.493723e+02
2.496540e+02
2.499470e+02
2.502521e+02
2.505698e+02
2.509010e+02
2.512468e+02
2.516082e+02
2.519865e+02
2.523827e+02
2.527981e+02
2.532341e+02
2.536919e+02
2.541731e+02
2.546792e+02
2.552117e+02
2.557722e+02
2.563622e+02
2.569828e+02
2.576355e+02
2.583214e+02
2.590419e+02
2.597975e+02
2.605886e+02
2.614150e+02
2.622764e+02
2.631717e+02
2.640991e+02
2.650559e+02
2.660391e+02
2.670443e+02
2.680659e+02
2.690973e+02
2.701309e+02
2.711586e+02
2.721707e+02
2.731564e+02
2.741041e+02
2.750021e+02
2.758390e+02
2.766027e+02
2.772810e+02
2.778634e+02
2.783409e+02
2.787058e+02
2.789511e+02
2.790728e+02
2.790704e+02
2.789449e+02
2.786985e+02
2.783366e+02
2.778670e+02
2.772987e+02
2.766421e+02
2.759085e+02
2.751100e+02
2.742587e+02
2.733669e+02
2.724464e+02
2.715084e+02
2.705634e+02
2.696206e+02
2.686882e+02
2.677731e+02
2.668814e+02
2.660180e+02
2.651868e+02
2.643906e+02
2.636315e+02
2.629105e+02
2.622283e+02
2.615851e+02
2.609805e+02
2.604140e+02
2.598842e+02
2.593898e+02
2.589294e+02
2.585017e+02
2.581050e+02
2.577376e+02
2.573977e+02
2.570837e+02
2.567942e+02
2.565276e+02
2.562824e+02
2.560571e+02
2.558505e+02
2.556613e+02
2.554886e+02
2.553311e+02
2.551876e+02
2.550576e+02
2.549404e+02
2.548354e+02
2.547416e+02
2.546583e+02
2.545856e+02
2.545234e+02
2.544713e+02
2.544289e+02
2.543962e+02
2.543735e+02
2.543614e+02
2.543606e+02
2.543708e+02
2.543928e+02
2.544275e+02
2.544769e+02
2.545425e+02
2.546252e+02
2.547263e+02
2.548488e+02
2.549962e+02
2.551716e+02
2.553778e+02
2.556188e+02
2.558999e+02
2.562281e+02
2.566101e+02
2.570526e+02
2.575639e+02
2.581553e+02
2.588404e+02
2.596333e+02
2.605482e+02
2.616026e+02
2.628191e+02
2.642238e+02
2.658442e+02
2.677083e+02
2.698482e+02
2.723026e+02
2.751134e+02
2.783208e+02
2.819593e+02
2.860609e+02
2.906551e+02
2.957600e+02
3.013687e+02
3.074411e+02
3.139074e+02
3.206647e+02
3.275664e+02
3.344205e+02
3.409777e+02
3.469940e+02
3.522274e+02
3.564344e+02
3.593869e+02
3.609269e+02
3.609787e+02
3.595234e+02
3.565999e+02
3.523416e+02
3.469541e+02
3.406734e+02
3.337647e+02
3.264995e+02
3.191394e+02
3.119024e+02
3.049655e+02
2.984633e+02
2.924764e+02
2.870493e+02
2.821923e+02
2.778909e+02
2.741128e+02
2.708154e+02
2.679513e+02
2.654724e+02
2.633323e+02
2.614878e+02
2.598999e+02
2.585336e+02
2.573584e+02
2.563474e+02
2.554775e+02
2.547287e+02
2.540839e+02
2.535284e+02
2.530496e+02
2.526367e+02
2.522804e+02
2.519728e+02
2.517072e+02
2.514777e+02
2.512793e+02
2.511078e+02
2.509594e+02
2.508311e+02
2.507200e+02
2.506238e+02
2.505406e+02
2.504685e+02
2.504060e+02
2.503520e+02
2.503051e+02
2.502645e+02
2.502293e+02
2.501988e+02
2.501724e+02
2.501495e+02
2.501297e+02
2.501125e+02
2.500975e+02
2.500846e+02
2.500734e+02
2.500637e+02
2.500553e+02
2.500480e+02
2.500416e+02
2.500362e+02
2.500314e+02
2.500273e+02
2.500237e+02
2.500206e+02
2.500179e+02
2.500156e+02
2.500136e+02
2.500118e+02
2.500103e+02
2.500090e+02
2.500079e+02
2.500069e+02
2.500060e+02
2.500053e+02
2.500046e+02
2.500041e+02
2.500036e+02
2.500032e+02
2.500028e+02
2.500025e+02
2.500022e+02
2.500020e+02
2.500018e+02
2.500016e+02
2.500015e+02
2.500013e+02
2.500012e+02
2.500011e+02
2.500010e+02
2.500010e+02
2.500009e+02
2.500008e+02
2.500008e+02
2.500007e+02
2.500007e+02
2.500007e+02
2.500007e+02
2.500006e+02
2.500006e+02
2.500006e+02
2.500006e+02
2.500006e+02
2.500006e+02
2.500005e+02
2.500005e+02
2.500005e+02
2.500005e+02
2.500005e+02
2.500005e+02
2.500005e+02
2.500005e+02
2.500005e+02
2.500005e+02
2.500005e+02
2.500005e+02
2.500005e+02
2.500005e+02
2.500005e+02
2.500005e+02
2.500005e+02
2.500005e+02
2.500005e+02
2.500005e+02
2.500005e+02
2.500005e+02
2.500005e+02
2.500005e+02
2.500005e+02
2.500005e+02
2.500005e+02
2.500005e+02
2.500005e+02
2.500005e+02
2.500005e+02
2.500005e+02
2.500005e+02
2.500005e+02
2.500005e+02
2.500005e+02
2.500005e+02
2.500005e+02
2.500005e+02
2.500005e+02
2.500005e+02
2.500005e+02
2.500005e+02
2.500005e+02
2.500005e+02
2.500005e+02
2.500005e+02
2.500005e+02
2.500005e+02
2.500005e+02
2.500005e+02
2.500005e+02
2.500005e+02
2.500005e+02
2.500005e+02
2.500005e+02
2.500005e+02
2.500005e+02
2.500005e+02
2.500005e+02
2.500005e+02
2.500005e+02
2.500005e+02
2.500005e+02
2.500005e+02
2.500005e+02
2.500005e+02
2.500005e+02
2.500005e+02
2.500005e+02
2.500005e+02
2.500005e+02
2.500005e+02
2.500005e+02
2.500005e+02
2.500005e+02
2.500005e+02
2.500005e+02
2.500005e+02
2.500005e+02
2.500005e+02
