2.500640e+02
2.500642e+02
2.500653e+02
2.500644e+02
2.500660e+02
2.500689e+02
2.500671e+02
2.500646e+02
2.500675e+02
2.500683e+02
2.500661e+02
2.500650e+02
2.500647e+02
2.500642e+02
2.500641e+02
2.500636e+02
2.500639e+02
2.500654e+02
2.500657e+02
2.500666e+02
2.500663e+02
2.500662e+02
2.500675e+02
2.500691e+02
2.500676e+02
2.500652e+02
2.500652e+02
2.500661e+02
2.500659e+02
2.500646e+02
2.500632e+02
2.500628e+02
2.500638e+02
2.500651e+02
2.500654e+02
2.500652e+02
2.500657e+02
2.500667e+02
2.500671e+02
2.500664e+02
2.500656e+02
2.500656e+02
2.500658e+02
2.500663e+02
2.500666e+02
2.500661e+02
2.500645e+02
2.500630e+02
2.500625e+02
2.500638e+02
2.500662e+02
2.500684e+02
2.500690e+02
2.500676e+02
2.500651e+02
2.500630e+02
2.500627e+02
2.500646e+02
2.500673e+02
2.500692e+02
2.500689e+02
2.500664e+02
2.500631e+02
2.500611e+02
2.500618e+02
2.500649e+02
2.500687e+02
2.500710e+02
2.500706e+02
2.500676e+02
2.500638e+02
2.500612e+02
2.500610e+02
2.500632e+02
2.500664e+02
2.500687e+02
2.500689e+02
2.500672e+02
2.500646e+02
2.500625e+02
2.500621e+02
2.500636e+02
2.500661e+02
2.500685e+02
2.500699e+02
2.500696e+02
2.500677e+02
2.500648e+02
2.500621e+02
2.500607e+02
2.500611e+02
2.500634e+02
2.500666e+02
2.500694e+02
2.500707e+02
2.500696e+02
2.500666e+02
2.500630e+02
2.500605e+02
2.500605e+02
2.500632e+02
2.500674e+02
2.500712e+02
2.500726e+02
2.500708e+02
2.500663e+02
2.500612e+02
2.500577e+02
2.500578e+02
2.500615e+02
2.500673e+02
2.500727e+02
2.500754e+02
2.500741e+02
2.500694e+02
2.500632e+02
2.500580e+02
2.500559e+02
2.500576e+02
2.500623e+02
2.500680e+02
2.500724e+02
2.500739e+02
2.500720e+02
2.500675e+02
2.500623e+02
2.500584e+02
2.500573e+02
2.500594e+02
2.500638e+02
2.500691e+02
2.500733e+02
2.500748e+02
2.500732e+02
2.500688e+02
2.500631e+02
2.500580e+02
2.500551e+02
2.500555e+02
2.500591e+02
2.500650e+02
2.500713e+02
2.500762e+02
2.500778e+02
2.500756e+02
2.500701e+02
2.500629e+02
2.500563e+02
2.500525e+02
2.500528e+02
2.500574e+02
2.500651e+02
2.500733e+02
2.500795e+02
2.500814e+02
2.500780e+02
2.500703e+02
2.500605e+02
2.500518e+02
2.500472e+02
2.500483e+02
2.500551e+02
2.500655e+02
2.500763e+02
2.500841e+02
2.500863e+02
2.500820e+02
2.500723e+02
2.500601e+02
2.500491e+02
2.500428e+02
2.500432e+02
2.500504e+02
2.500623e+02
2.500757e+02
2.500864e+02
2.500912e+02
2.500887e+02
2.500793e+02
2.500657e+02
2.500517e+02
2.500411e+02
2.500371e+02
2.500408e+02
2.500513e+02
2.500658e+02
2.500806e+02
2.500916e+02
2.500960e+02
2.500925e+02
2.500820e+02
2.500671e+02
2.500517e+02
2.500395e+02
2.500336e+02
2.500355e+02
2.500447e+02
2.500590e+02
2.500751e+02
2.500891e+02
2.500978e+02
2.500990e+02
2.500924e+02
2.500793e+02
2.500627e+02
2.500462e+02
2.500335e+02
2.500275e+02
2.500298e+02
2.500400e+02
2.500563e+02
2.500753e+02
2.500929e+02
2.501053e+02
2.501093e+02
2.501039e+02
2.500898e+02
2.500695e+02
2.500471e+02
2.500274e+02
2.500148e+02
2.500125e+02
2.500216e+02
2.500409e+02
2.500666e+02
2.500935e+02
2.501158e+02
2.501284e+02
2.501279e+02
2.501139e+02
2.500886e+02
2.500568e+02
2.500251e+02
2.500004e+02
2.499882e+02
2.499918e+02
2.500110e+02
2.500425e+02
2.500803e+02
2.501166e+02
2.501438e+02
2.501559e+02
2.501498e+02
2.501263e+02
2.500895e+02
2.500465e+02
2.500056e+02
2.499751e+02
2.499613e+02
2.499672e+02
2.499922e+02
2.500318e+02
2.500787e+02
2.501242e+02
2.501597e+02
2.501785e+02
2.501767e+02
2.501545e+02
2.501158e+02
2.500673e+02
2.500175e+02
2.499753e+02
2.499480e+02
2.499404e+02
2.499539e+02
2.499862e+02
2.500321e+02
2.500839e+02
2.501332e+02
2.501719e+02
2.501940e+02
2.501959e+02
2.501772e+02
2.501407e+02
2.500921e+02
2.500386e+02
2.499882e+02
2.499484e+02
2.499251e+02
2.499219e+02
2.499394e+02
2.499754e+02
2.500252e+02
2.500818e+02
2.501377e+02
2.501849e+02
2.502167e+02
2.502282e+02
2.502174e+02
2.501850e+02
2.501346e+02
2.500725e+02
2.500067e+02
2.499458e+02
2.498984e+02
2.498715e+02
2.498696e+02
2.498942e+02
2.499431e+02
2.500109e+02
2.500893e+02
2.501683e+02
2.502373e+02
2.502865e+02
2.503085e+02
2.502988e+02
2.502572e+02
2.501878e+02
2.500985e+02
2.500002e+02
2.499056e+02
2.498273e+02
2.497764e+02
2.497605e+02
2.497834e+02
2.498437e+02
2.499351e+02
2.500471e+02
2.501660e+02
2.502769e+02
2.503652e+02
2.504189e+02
2.504301e+02
2.503959e+02
2.503194e+02
2.502087e+02
2.500767e+02
2.499390e+02
2.498122e+02
2.497117e+02
2.496502e+02
2.496358e+02
2.496712e+02
2.497534e+02
2.498737e+02
2.500188e+02
2.501724e+02
2.503171e+02
2.504360e+02
2.505155e+02
2.505460e+02
2.505237e+02
2.504505e+02
2.503343e+02
2.501876e+02
2.500260e+02
2.498667e+02
2.497264e+02
2.496197e+02
2.495575e+02
2.495461e+02
2.495866e+02
2.496747e+02
2.498017e+02
2.499547e+02
2.501190e+02
2.502783e+02
2.504173e+02
2.505232e+02
2.505861e+02
2.506008e+02
2.505665e+02
2.504869e+02
2.503701e+02
2.502268e+02
2.500699e+02
2.499132e+02
2.497699e+02
2.496514e+02
2.495670e+02
2.495228e+02
2.495216e+02
2.495628e+02
2.496426e+02
2.497545e+02
2.498898e+02
2.500384e+02
2.501895e+02
2.503320e+02
2.504561e+02
2.505531e+02
2.506164e+02
2.506418e+02
2.506274e+02
2.505740e+02
2.504848e+02
2.503652e+02
2.502226e+02
2.500659e+02
2.499046e+02
2.497489e+02
2.496089e+02
2.494936e+02
2.494112e+02
2.493677e+02
2.493674e+02
2.494121e+02
2.495009e+02
2.496302e+02
2.497938e+02
2.499829e+02
2.501867e+02
2.503928e+02
2.505878e+02
2.507583e+02
2.508917e+02
2.509774e+02
2.510072e+02
2.509764e+02
2.508839e+02
2.507332e+02
2.505315e+02
2.502899e+02
2.500222e+02
2.497448e+02
2.494750e+02
2.492299e+02
2.490259e+02
2.488774e+02
2.487956e+02
2.487879e+02
2.488581e+02
2.490053e+02
2.492234e+02
2.495020e+02
2.498270e+02
2.501805e+02
2.505414e+02
2.508881e+02
2.511988e+02
2.514530e+02
2.516325e+02
2.517241e+02
2.517199e+02
2.516172e+02
2.514194e+02
2.511367e+02
2.507844e+02
2.503816e+02
2.499504e+02
2.495148e+02
2.490988e+02
2.487250e+02
2.484134e+02
2.481812e+02
2.480416e+02
2.480027e+02
2.480680e+02
2.482361e+02
2.485008e+02
2.488506e+02
2.492692e+02
2.497374e+02
2.502326e+02
2.507302e+02
2.512046e+02
2.516311e+02
2.519874e+02
2.522539e+02
2.524156e+02
2.524634e+02
2.523945e+02
2.522120e+02
2.519248e+02
2.515475e+02
2.510996e+02
2.506027e+02
2.500800e+02
2.495555e+02
2.490525e+02
2.485922e+02
2.481929e+02
2.478701e+02
2.476356e+02
2.474977e+02
2.474606e+02
2.475248e+02
2.476874e+02
2.479416e+02
2.482778e+02
2.486827e+02
2.491409e+02
2.496352e+02
2.501464e+02
2.506545e+02
2.511403e+02
2.515846e+02
2.519702e+02
2.522826e+02
2.525103e+02
2.526454e+02
2.526840e+02
2.526265e+02
2.524774e+02
2.522447e+02
2.519393e+02
2.515747e+02
2.511662e+02
2.507299e+02
2.502814e+02
2.498361e+02
2.494083e+02
2.490108e+02
2.486541e+02
2.483468e+02
2.480955e+02
2.479049e+02
2.477775e+02
2.477141e+02
2.477135e+02
2.477733e+02
2.478895e+02
2.480569e+02
2.482693e+02
2.485197e+02
2.488005e+02
2.491037e+02
2.494209e+02
2.497442e+02
2.500656e+02
2.503775e+02
2.506730e+02
2.509459e+02
2.511912e+02
2.514047e+02
2.515830e+02
2.517244e+02
2.518278e+02
2.518934e+02
2.519221e+02
2.519157e+02
2.518767e+02
2.518082e+02
2.517133e+02
2.515955e+02
2.514585e+02
2.513058e+02
2.511408e+02
2.509665e+02
2.507856e+02
2.506008e+02
2.504141e+02
2.502274e+02
2.500422e+02
2.498597e+02
2.496809e+02
2.495068e+02
2.493380e+02
2.491752e+02
2.490190e+02
2.488701e+02
2.487291e+02
2.485969e+02
2.484745e+02
2.483628e+02
2.482629e+02
2.481762e+02
2.481039e+02
2.480475e+02
2.480083e+02
2.479879e+02
2.479876e+02
2.480088e+02
2.480527e+02
2.481204e+02
2.482127e+02
2.483305e+02
2.484741e+02
2.486435e+02
2.488387e+02
2.490589e+02
2.493031e+02
2.495697e+02
2.498566e+02
2.501615e+02
2.504812e+02
2.508123e+02
2.511509e+02
2.514927e+02
2.518329e+02
2.521667e+02
2.524886e+02
2.527934e+02
2.530757e+02
2.533304e+02
2.535524e+02
2.537369e+02
2.538801e+02
2.539786e+02
2.540295e+02
2.540309e+02
2.539820e+02
2.538826e+02
2.537338e+02
2.535369e+02
2.532946e+02
2.530103e+02
2.526879e+02
2.523315e+02
2.519458e+02
2.515359e+02
2.511070e+02
2.506642e+02
2.502122e+02
2.497556e+02
2.492990e+02
2.488463e+02
2.484012e+02
2.479665e+02
2.475453e+02
2.471396e+02
2.467517e+02
2.463830e+02
2.460347e+02
2.457079e+02
2.454032e+02
2.451209e+02
2.448613e+02
2.446242e+02
2.444096e+02
2.442170e+02
2.440461e+02
2.438963e+02
2.437670e+02
2.436576e+02
2.435673e+02
2.434955e+02
2.434413e+02
2.434042e+02
2.433833e+02
2.433779e+02
2.433873e+02
2.434108e+02
2.434478e+02
2.434976e+02
2.435595e+02
2.436330e+02
2.437175e+02
2.438126e+02
2.439175e+02
2.440320e+02
2.441556e+02
2.442878e+02
2.444282e+02
2.445765e+02
2.447323e+02
2.448953e+02
2.450652e+02
2.452418e+02
2.454248e+02
2.456141e+02
2.458096e+02
2.460111e+02
2.462185e+02
2.464318e+02
2.466510e+02
2.468760e+02
2.471068e+02
2.473436e+02
2.475865e+02
2.478356e+02
2.480911e+02
2.483533e+02
2.486224e+02
2.488989e+02
2.491829e+02
2.494751e+02
2.497759e+02
2.500858e+02
2.504055e+02
2.507358e+02
2.510773e+02
2.514311e+02
2.517980e+02
2.521792e+02
2.525757e+02
2.529886e+02
2.534193e+02
2.538689e+02
2.543390e+02
2.548310e+02
2.553462e+02
2.558860e+02
2.564521e+02
2.570460e+02
2.576689e+02
2.583221e+02
2.590070e+02
2.597245e+02
2.604756e+02
2.612606e+02
2.620795e+02
2.629322e+02
2.638178e+02
2.647349e+02
2.656810e+02
2.666532e+02
2.676478e+02
2.686600e+02
2.696837e+02
2.707117e+02
2.717365e+02
2.727492e+02
2.737397e+02
2.746972e+02
2.756103e+02
2.764680e+02
2.772589e+02
2.779711e+02
2.785934e+02
2.791167e+02
2.795332e+02
2.798357e+02
2.800187e+02
2.800801e+02
2.800205e+02
2.798409e+02
2.795453e+02
2.791403e+02
2.786339e+02
2.780351e+02
2.773545e+02
2.766035e+02
2.757938e+02
2.749373e+02
2.740457e+02
2.731301e+02
2.722011e+02
2.712684e+02
2.703406e+02
2.694252e+02
2.685286e+02
2.676564e+02
2.668129e+02
2.660016e+02
2.652249e+02
2.644847e+02
2.637819e+02
2.631171e+02
2.624902e+02
2.619006e+02
2.613476e+02
2.608301e+02
2.603469e+02
2.598964e+02
2.594772e+02
2.590876e+02
2.587261e+02
2.583910e+02
2.580808e+02
2.577937e+02
2.575283e+02
2.572831e+02
2.570569e+02
2.568483e+02
2.566558e+02
2.564784e+02
2.563149e+02
2.561646e+02
2.560262e+02
2.558988e+02
2.557814e+02
2.556735e+02
2.555745e+02
2.554837e+02
2.554003e+02
2.553238e+02
2.552538e+02
2.551900e+02
2.551321e+02
2.550794e+02
2.550316e+02
2.549887e+02
2.549508e+02
2.549176e+02
2.548888e+02
2.548643e+02
2.548444e+02
2.548295e+02
2.548196e+02
2.548147e+02
2.548148e+02
2.548206e+02
2.548332e+02
2.548531e+02
2.548806e+02
2.549161e+02
2.549612e+02
2.550177e+02
2.550871e+02
2.551705e+02
2.552692e+02
2.553859e+02
2.555242e+02
2.556874e+02
2.558783e+02
2.561002e+02
2.563584e+02
2.566599e+02
2.570118e+02
2.574209e+02
2.578947e+02
2.584441e+02
2.590832e+02
2.598271e+02
2.606909e+02
2.616918e+02
2.628525e+02
2.642012e+02
2.657693e+02
2.675887e+02
2.696951e+02
2.721314e+02
2.749489e+02
2.782005e+02
2.819362e+02
2.862031e+02
2.910478e+02
2.965117e+02
3.026174e+02
3.093520e+02
3.166629e+02
3.244599e+02
3.326031e+02
3.408929e+02
3.490667e+02
3.568068e+02
3.638126e+02
3.697815e+02
3.744125e+02
3.774455e+02
3.787249e+02
3.781817e+02
3.758086e+02
3.716894e+02
3.660217e+02
3.590733e+02
3.511528e+02
3.425993e+02
3.337544e+02
3.249359e+02
3.163904e+02
3.083294e+02
3.008840e+02
2.941309e+02
2.880990e+02
2.827778e+02
2.781301e+02
2.741009e+02
2.706275e+02
2.676453e+02
2.650920e+02
2.629098e+02
2.610466e+02
2.594567e+02
2.580998e+02
2.569417e+02
2.559526e+02
2.551074e+02
2.543847e+02
2.537663e+02
2.532367e+02
2.527828e+02
2.523936e+02
2.520596e+02
2.517729e+02
2.515265e+02
2.513148e+02
2.511327e+02
2.509761e+02
2.508412e+02
2.507252e+02
2.506252e+02
2.505391e+02
2.504650e+02
2.504010e+02
2.503459e+02
2.502984e+02
2.502575e+02
2.502222e+02
2.501917e+02
2.501655e+02
2.501428e+02
2.501233e+02
2.501064e+02
2.500919e+02
2.500793e+02
2.500685e+02
2.500592e+02
2.500511e+02
2.500442e+02
2.500382e+02
2.500330e+02
2.500286e+02
2.500247e+02
2.500214e+02
2.500185e+02
2.500160e+02
2.500139e+02
2.500121e+02
2.500105e+02
2.500091e+02
2.500079e+02
2.500069e+02
2.500060e+02
2.500053e+02
2.500046e+02
2.500041e+02
2.500036e+02
2.500032e+02
2.500028e+02
2.500025e+02
2.500022e+02
2.500020e+02
2.500018e+02
2.500016e+02
2.500015e+02
2.500013e+02
2.500012e+02
2.500011e+02
2.500010e+02
2.500010e+02
2.500009e+02
2.500009e+02
2.500008e+02
2.500008e+02
2.500007e+02
2.500007e+02
2.500007e+02
2.500007e+02
2.500007e+02
2.500006e+02
2.500006e+02
2.500006e+02
2.500006e+02
2.500006e+02
2.500006e+02
2.500006e+02
2.500006e+02
2.500006e+02
2.500006e+02
2.500006e+02
2.500006e+02
2.500006e+02
2.500006e+02
2.500006e+02
2.500006e+02
2.500006e+02
2.500006e+02
2.500006e+02
2.500006e+02
2.500006e+02
2.500006e+02
2.500006e+02
2.500006e+02
2.500006e+02
2.500006e+02
2.500006e+02
2.500006e+02
2.500006e+02
2.500006e+02
2.500006e+02
2.500006e+02
2.500006e+02
2.500006e+02
2.500006e+02
2.500006e+02
2.500006e+02
2.500006e+02
2.500006e+02
2.500006e+02
2.500006e+02
2.500006e+02
2.500006e+02
2.500006e+02
2.500006e+02
2.500006e+02
2.500006e+02
2.500006e+02
2.500006e+02
2.500006e+02
2.500006e+02
2.500006e+02
2.500006e+02
2.500006e+02
2.500006e+02
2.500006e+02
2.500006e+02
2.500006e+02
2.500006e+02
2.500006e+02
2.500006e+02
2.500006e+02
2.500006e+02
2.500006e+02
2.500006e+02
2.500006e+02
2.500006e+02
2.500006e+02
2.500006e+02
