2.500588e+02
2.500589e+02
2.500588e+02
2.500638e+02
2.500612e+02
2.500666e+02
2.500648e+02
2.500669e+02
2.500654e+02
2.500648e+02
2.500642e+02
2.500629e+02
2.500616e+02
2.500611e+02
2.500593e+02
2.500588e+02
2.500604e+02
2.500606e+02
2.500600e+02
2.500602e+02
2.500654e+02
2.500667e+02
2.500648e+02
2.500645e+02
2.500642e+02
2.500630e+02
2.500619e+02
2.500618e+02
2.500609e+02
2.500590e+02
2.500574e+02
2.500578e+02
2.500605e+02
2.500622e+02
2.500619e+02
2.500630e+02
2.500648e+02
2.500650e+02
2.500640e+02
2.500645e+02
2.500651e+02
2.500633e+02
2.500602e+02
2.500585e+02
2.500589e+02
2.500604e+02
2.500615e+02
2.500614e+02
2.500601e+02
2.500596e+02
2.500615e+02
2.500653e+02
2.500687e+02
2.500690e+02
2.500656e+02
2.500605e+02
2.500573e+02
2.500581e+02
2.500622e+02
2.500661e+02
2.500667e+02
2.500633e+02
2.500581e+02
2.500546e+02
2.500554e+02
2.500603e+02
2.500665e+02
2.500705e+02
2.500704e+02
2.500669e+02
2.500621e+02
2.500583e+02
2.500569e+02
2.500575e+02
2.500595e+02
2.500618e+02
2.500639e+02
2.500652e+02
2.500655e+02
2.500642e+02
2.500616e+02
2.500589e+02
2.500578e+02
2.500593e+02
2.500635e+02
2.500684e+02
2.500711e+02
2.500693e+02
2.500630e+02
2.500548e+02
2.500488e+02
2.500486e+02
2.500551e+02
2.500656e+02
2.500752e+02
2.500790e+02
2.500751e+02
2.500654e+02
2.500548e+02
2.500485e+02
2.500496e+02
2.500572e+02
2.500674e+02
2.500749e+02
2.500760e+02
2.500701e+02
2.500600e+02
2.500505e+02
2.500460e+02
2.500485e+02
2.500569e+02
2.500675e+02
2.500759e+02
2.500789e+02
2.500757e+02
2.500680e+02
2.500589e+02
2.500516e+02
2.500482e+02
2.500495e+02
2.500547e+02
2.500619e+02
2.500687e+02
2.500734e+02
2.500745e+02
2.500718e+02
2.500658e+02
2.500583e+02
2.500516e+02
2.500481e+02
2.500496e+02
2.500560e+02
2.500657e+02
2.500751e+02
2.500804e+02
2.500790e+02
2.500707e+02
2.500581e+02
2.500458e+02
2.500385e+02
2.500396e+02
2.500497e+02
2.500659e+02
2.500827e+02
2.500934e+02
2.500935e+02
2.500823e+02
2.500632e+02
2.500426e+02
2.500279e+02
2.500247e+02
2.500346e+02
2.500545e+02
2.500778e+02
2.500964e+02
2.501037e+02
2.500968e+02
2.500779e+02
2.500533e+02
2.500313e+02
2.500193e+02
2.500213e+02
2.500369e+02
2.500609e+02
2.500856e+02
2.501030e+02
2.501073e+02
2.500974e+02
2.500764e+02
2.500510e+02
2.500289e+02
2.500169e+02
2.500184e+02
2.500329e+02
2.500559e+02
2.500806e+02
2.500998e+02
2.501082e+02
2.501038e+02
2.500882e+02
2.500657e+02
2.500425e+02
2.500246e+02
2.500167e+02
2.500204e+02
2.500346e+02
2.500556e+02
2.500783e+02
2.500973e+02
2.501083e+02
2.501087e+02
2.500982e+02
2.500790e+02
2.500553e+02
2.500323e+02
2.500153e+02
2.500083e+02
2.500133e+02
2.500301e+02
2.500554e+02
2.500839e+02
2.501090e+02
2.501246e+02
2.501265e+02
2.501131e+02
2.500866e+02
2.500522e+02
2.500178e+02
2.499917e+02
2.499809e+02
2.499888e+02
2.500148e+02
2.500538e+02
2.500972e+02
2.501348e+02
2.501572e+02
2.501581e+02
2.501362e+02
2.500956e+02
2.500448e+02
2.499955e+02
2.499593e+02
2.499451e+02
2.499573e+02
2.499942e+02
2.500483e+02
2.501079e+02
2.501594e+02
2.501912e+02
2.501955e+02
2.501703e+02
2.501206e+02
2.500564e+02
2.499915e+02
2.499398e+02
2.499127e+02
2.499163e+02
2.499504e+02
2.500084e+02
2.500788e+02
2.501475e+02
2.502002e+02
2.502262e+02
2.502199e+02
2.501824e+02
2.501207e+02
2.500466e+02
2.499740e+02
2.499170e+02
2.498863e+02
2.498879e+02
2.499215e+02
2.499812e+02
2.500563e+02
2.501335e+02
2.501992e+02
2.502417e+02
2.502534e+02
2.502322e+02
2.501812e+02
2.501090e+02
2.500275e+02
2.499502e+02
2.498897e+02
2.498563e+02
2.498556e+02
2.498884e+02
2.499499e+02
2.500310e+02
2.501191e+02
2.502007e+02
2.502629e+02
2.502955e+02
2.502925e+02
2.502533e+02
2.501829e+02
2.500912e+02
2.499917e+02
2.498992e+02
2.498278e+02
2.497893e+02
2.497906e+02
2.498330e+02
2.499118e+02
2.500162e+02
2.501319e+02
2.502417e+02
2.503292e+02
2.503804e+02
2.503860e+02
2.503436e+02
2.502578e+02
2.501397e+02
2.500055e+02
2.498743e+02
2.497651e+02
2.496947e+02
2.496743e+02
2.497086e+02
2.497944e+02
2.499212e+02
2.500721e+02
2.502264e+02
2.503628e+02
2.504614e+02
2.505075e+02
2.504932e+02
2.504189e+02
2.502938e+02
2.501338e+02
2.499600e+02
2.497955e+02
2.496622e+02
2.495784e+02
2.495558e+02
2.495984e+02
2.497012e+02
2.498521e+02
2.500325e+02
2.502197e+02
2.503903e+02
2.505224e+02
2.505991e+02
2.506103e+02
2.505546e+02
2.504383e+02
2.502757e+02
2.500860e+02
2.498917e+02
2.497158e+02
2.495786e+02
2.494954e+02
2.494756e+02
2.495211e+02
2.496266e+02
2.497802e+02
2.499650e+02
2.501609e+02
2.503466e+02
2.505024e+02
2.506119e+02
2.506641e+02
2.506541e+02
2.505837e+02
2.504606e+02
2.502978e+02
2.501115e+02
2.499203e+02
2.497425e+02
2.495946e+02
2.494897e+02
2.494370e+02
2.494409e+02
2.495004e+02
2.496103e+02
2.497607e+02
2.499386e+02
2.501289e+02
2.503156e+02
2.504832e+02
2.506175e+02
2.507070e+02
2.507440e+02
2.507246e+02
2.506497e+02
2.505248e+02
2.503588e+02
2.501642e+02
2.499556e+02
2.497493e+02
2.495611e+02
2.494062e+02
2.492973e+02
2.492441e+02
2.492527e+02
2.493249e+02
2.494575e+02
2.496431e+02
2.498695e+02
2.501210e+02
2.503793e+02
2.506245e+02
2.508367e+02
2.509977e+02
2.510924e+02
2.511102e+02
2.510464e+02
2.509027e+02
2.506873e+02
2.504141e+02
2.501017e+02
2.497728e+02
2.494518e+02
2.491629e+02
2.489289e+02
2.487690e+02
2.486973e+02
2.487224e+02
2.488463e+02
2.490638e+02
2.493627e+02
2.497248e+02
2.501262e+02
2.505389e+02
2.509334e+02
2.512798e+02
2.515506e+02
2.517237e+02
2.517833e+02
2.517213e+02
2.515391e+02
2.512472e+02
2.508644e+02
2.504153e+02
2.499303e+02
2.494420e+02
2.489824e+02
2.485817e+02
2.482669e+02
2.480594e+02
2.479730e+02
2.480153e+02
2.481867e+02
2.484790e+02
2.488763e+02
2.493568e+02
2.498932e+02
2.504525e+02
2.510001e+02
2.515019e+02
2.519255e+02
2.522422e+02
2.524302e+02
2.524764e+02
2.523769e+02
2.521364e+02
2.517695e+02
2.512994e+02
2.507545e+02
2.501661e+02
2.495682e+02
2.489947e+02
2.484761e+02
2.480389e+02
2.477048e+02
2.474904e+02
2.474055e+02
2.474534e+02
2.476318e+02
2.479322e+02
2.483404e+02
2.488360e+02
2.493949e+02
2.499904e+02
2.505927e+02
2.511713e+02
2.516970e+02
2.521435e+02
2.524881e+02
2.527133e+02
2.528083e+02
2.527700e+02
2.526026e+02
2.523164e+02
2.519277e+02
2.514580e+02
2.509318e+02
2.503744e+02
2.498117e+02
2.492685e+02
2.487671e+02
2.483262e+02
2.479614e+02
2.476843e+02
2.475026e+02
2.474202e+02
2.474374e+02
2.475507e+02
2.477533e+02
2.480359e+02
2.483867e+02
2.487915e+02
2.492348e+02
2.497000e+02
2.501700e+02
2.506276e+02
2.510569e+02
2.514433e+02
2.517741e+02
2.520394e+02
2.522320e+02
2.523474e+02
2.523847e+02
2.523457e+02
2.522353e+02
2.520606e+02
2.518306e+02
2.515552e+02
2.512455e+02
2.509131e+02
2.505689e+02
2.502234e+02
2.498860e+02
2.495649e+02
2.492669e+02
2.489974e+02
2.487608e+02
2.485600e+02
2.483971e+02
2.482729e+02
2.481873e+02
2.481396e+02
2.481284e+02
2.481519e+02
2.482082e+02
2.482951e+02
2.484103e+02
2.485513e+02
2.487155e+02
2.489006e+02
2.491038e+02
2.493228e+02
2.495550e+02
2.497977e+02
2.500482e+02
2.503034e+02
2.505603e+02
2.508157e+02
2.510661e+02
2.513079e+02
2.515372e+02
2.517498e+02
2.519415e+02
2.521083e+02
2.522462e+02
2.523514e+02
2.524205e+02
2.524506e+02
2.524392e+02
2.523845e+02
2.522858e+02
2.521432e+02
2.519579e+02
2.517318e+02
2.514676e+02
2.511690e+02
2.508405e+02
2.504869e+02
2.501139e+02
2.497276e+02
2.493341e+02
2.489397e+02
2.485505e+02
2.481726e+02
2.478118e+02
2.474735e+02
2.471631e+02
2.468855e+02
2.466450e+02
2.464454e+02
2.462900e+02
2.461819e+02
2.461236e+02
2.461170e+02
2.461638e+02
2.462649e+02
2.464209e+02
2.466316e+02
2.468961e+02
2.472130e+02
2.475808e+02
2.479967e+02
2.484569e+02
2.489567e+02
2.494911e+02
2.500537e+02
2.506372e+02
2.512338e+02
2.518352e+02
2.524321e+02
2.530143e+02
2.535718e+02
2.540942e+02
2.545715e+02
2.549937e+02
2.553517e+02
2.556382e+02
2.558466e+02
2.559720e+02
2.560110e+02
2.559624e+02
2.558273e+02
2.556083e+02
2.553098e+02
2.549376e+02
2.544994e+02
2.540035e+02
2.534586e+02
2.528736e+02
2.522585e+02
2.516229e+02
2.509758e+02
2.503250e+02
2.496777e+02
2.490411e+02
2.484205e+02
2.478205e+02
2.472450e+02
2.466972e+02
2.461794e+02
2.456933e+02
2.452399e+02
2.448198e+02
2.444331e+02
2.440795e+02
2.437587e+02
2.434701e+02
2.432129e+02
2.429858e+02
2.427877e+02
2.426171e+02
2.424729e+02
2.423539e+02
2.422589e+02
2.421866e+02
2.421358e+02
2.421055e+02
2.420942e+02
2.421009e+02
2.421244e+02
2.421637e+02
2.422181e+02
2.422865e+02
2.423684e+02
2.424627e+02
2.425688e+02
2.426858e+02
2.428130e+02
2.429499e+02
2.430960e+02
2.432508e+02
2.434139e+02
2.435849e+02
2.437634e+02
2.439489e+02
2.441408e+02
2.443391e+02
2.445433e+02
2.447535e+02
2.449695e+02
2.451910e+02
2.454179e+02
2.456500e+02
2.458870e+02
2.461291e+02
2.463761e+02
2.466281e+02
2.468852e+02
2.471475e+02
2.474150e+02
2.476879e+02
2.479660e+02
2.482497e+02
2.485393e+02
2.488352e+02
2.491377e+02
2.494473e+02
2.497645e+02
2.500895e+02
2.504227e+02
2.507649e+02
2.511169e+02
2.514792e+02
2.518529e+02
2.522389e+02
2.526381e+02
2.530516e+02
2.534802e+02
2.539250e+02
2.543871e+02
2.548679e+02
2.553686e+02
2.558907e+02
2.564353e+02
2.570037e+02
2.575972e+02
2.582167e+02
2.588634e+02
2.595381e+02
2.602418e+02
2.609752e+02
2.617384e+02
2.625313e+02
2.633535e+02
2.642040e+02
2.650810e+02
2.659823e+02
2.669051e+02
2.678459e+02
2.688006e+02
2.697635e+02
2.707283e+02
2.716880e+02
2.726349e+02
2.735603e+02
2.744547e+02
2.753082e+02
2.761114e+02
2.768546e+02
2.775277e+02
2.781211e+02
2.786261e+02
2.790360e+02
2.793449e+02
2.795477e+02
2.796416e+02
2.796271e+02
2.795051e+02
2.792778e+02
2.789502e+02
2.785290e+02
2.780216e+02
2.774366e+02
2.767836e+02
2.760726e+02
2.753139e+02
2.745178e+02
2.736942e+02
2.728524e+02
2.720012e+02
2.711486e+02
2.703018e+02
2.694674e+02
2.686507e+02
2.678562e+02
2.670876e+02
2.663477e+02
2.656385e+02
2.649614e+02
2.643175e+02
2.637069e+02
2.631299e+02
2.625860e+02
2.620747e+02
2.615950e+02
2.611459e+02
2.607261e+02
2.603342e+02
2.599689e+02
2.596287e+02
2.593123e+02
2.590186e+02
2.587460e+02
2.584932e+02
2.582589e+02
2.580419e+02
2.578409e+02
2.576548e+02
2.574825e+02
2.573230e+02
2.571754e+02
2.570388e+02
2.569123e+02
2.567953e+02
2.566870e+02
2.565867e+02
2.564938e+02
2.564075e+02
2.563275e+02
2.562531e+02
2.561839e+02
2.561198e+02
2.560602e+02
2.560049e+02
2.559534e+02
2.559053e+02
2.558606e+02
2.558190e+02
2.557804e+02
2.557443e+02
2.557106e+02
2.556791e+02
2.556501e+02
2.556234e+02
2.555988e+02
2.555762e+02
2.555554e+02
2.555368e+02
2.555206e+02
2.555066e+02
2.554946e+02
2.554848e+02
2.554778e+02
2.554740e+02
2.554736e+02
2.554764e+02
2.554828e+02
2.554935e+02
2.555097e+02
2.555318e+02
2.555601e+02
2.555950e+02
2.556379e+02
2.556910e+02
2.557558e+02
2.558332e+02
2.559242e+02
2.560317e+02
2.561593e+02
2.563104e+02
2.564876e+02
2.566938e+02
2.569342e+02
2.572159e+02
2.575463e+02
2.579320e+02
2.583801e+02
2.589013e+02
2.595099e+02
2.602216e+02
2.610523e+02
2.620192e+02
2.631449e+02
2.644589e+02
2.659951e+02
2.677887e+02
2.698783e+02
2.723101e+02
2.751409e+02
2.784334e+02
2.822499e+02
2.866500e+02
2.916939e+02
2.974410e+02
3.039367e+02
3.111937e+02
3.191790e+02
3.278136e+02
3.369688e+02
3.464375e+02
3.559555e+02
3.651624e+02
3.736963e+02
3.812057e+02
3.873383e+02
3.917598e+02
3.942391e+02
3.946455e+02
3.929404e+02
3.891610e+02
3.834597e+02
3.761175e+02
3.674628e+02
3.578792e+02
3.477722e+02
3.375413e+02
3.275224e+02
3.179875e+02
3.091417e+02
3.010979e+02
2.939111e+02
2.875821e+02
2.820723e+02
2.773181e+02
2.732421e+02
2.697637e+02
2.668045e+02
2.642920e+02
2.621610e+02
2.603541e+02
2.588219e+02
2.575221e+02
2.564186e+02
2.554811e+02
2.546838e+02
2.540051e+02
2.534268e+02
2.529338e+02
2.525129e+02
2.521534e+02
2.518462e+02
2.515834e+02
2.513584e+02
2.511658e+02
2.510007e+02
2.508592e+02
2.507379e+02
2.506339e+02
2.505446e+02
2.504679e+02
2.504021e+02
2.503456e+02
2.502971e+02
2.502554e+02
2.502196e+02
2.501888e+02
2.501624e+02
2.501397e+02
2.501201e+02
2.501034e+02
2.500889e+02
2.500765e+02
2.500659e+02
2.500567e+02
2.500488e+02
2.500421e+02
2.500362e+02
2.500312e+02
2.500269e+02
2.500232e+02
2.500201e+02
2.500173e+02
2.500150e+02
2.500129e+02
2.500112e+02
2.500097e+02
2.500084e+02
2.500073e+02
2.500064e+02
2.500056e+02
2.500049e+02
2.500043e+02
2.500037e+02
2.500033e+02
2.500029e+02
2.500026e+02
2.500023e+02
2.500021e+02
2.500019e+02
2.500017e+02
2.500015e+02
2.500014e+02
2.500013e+02
2.500012e+02
2.500011e+02
2.500010e+02
2.500010e+02
2.500009e+02
2.500009e+02
2.500008e+02
2.500008e+02
2.500008e+02
2.500007e+02
2.500007e+02
2.500007e+02
2.500007e+02
2.500007e+02
2.500007e+02
2.500007e+02
2.500007e+02
2.500006e+02
2.500006e+02
2.500006e+02
2.500006e+02
2.500006e+02
2.500006e+02
2.500006e+02
2.500006e+02
2.500006e+02
2.500006e+02
2.500006e+02
2.500006e+02
2.500006e+02
2.500006e+02
2.500006e+02
2.500006e+02
2.500006e+02
2.500006e+02
2.500006e+02
2.500006e+02
2.500006e+02
2.500006e+02
2.500006e+02
2.500006e+02
2.500006e+02
2.500006e+02
2.500006e+02
2.500006e+02
2.500006e+02
2.500006e+02
2.500006e+02
2.500006e+02
2.500006e+02
2.500006e+02
2.500006e+02
2.500006e+02
2.500006e+02
2.500006e+02
2.500006e+02
2.500006e+02
2.500006e+02
2.500006e+02
2.500006e+02
2.500006e+02
2.500006e+02
2.500006e+02
2.500006e+02
2.500006e+02
2.500006e+02
2.500006e+02
