2.500471e+02
2.500479e+02
2.500539e+02
2.500510e+02
2.500575e+02
2.500616e+02
2.500599e+02
2.500586e+02
2.500573e+02
2.500548e+02
2.500596e+02
2.500573e+02
2.500528e+02
2.500519e+02
2.500521e+02
2.500509e+02
2.500495e+02
2.500478e+02
2.500550e+02
2.500528e+02
2.500621e+02
2.500564e+02
2.500534e+02
2.500608e+02
2.500606e+02
2.500520e+02
2.500489e+02
2.500523e+02
2.500483e+02
2.500474e+02
2.500483e+02
2.500503e+02
2.500523e+02
2.500527e+02
2.500554e+02
2.500569e+02
2.500557e+02
2.500551e+02
2.500566e+02
2.500580e+02
2.500579e+02
2.500551e+02
2.500501e+02
2.500457e+02
2.500457e+02
2.500508e+02
2.500558e+02
2.500565e+02
2.500536e+02
2.500507e+02
2.500513e+02
2.500561e+02
2.500621e+02
2.500645e+02
2.500609e+02
2.500538e+02
2.500479e+02
2.500470e+02
2.500507e+02
2.500552e+02
2.500563e+02
2.500532e+02
2.500490e+02
2.500474e+02
2.500502e+02
2.500557e+02
2.500600e+02
2.500607e+02
2.500578e+02
2.500539e+02
2.500517e+02
2.500522e+02
2.500536e+02
2.500538e+02
2.500519e+02
2.500495e+02
2.500490e+02
2.500516e+02
2.500565e+02
2.500607e+02
2.500606e+02
2.500559e+02
2.500494e+02
2.500458e+02
2.500483e+02
2.500560e+02
2.500640e+02
2.500668e+02
2.500613e+02
2.500495e+02
2.500377e+02
2.500329e+02
2.500386e+02
2.500526e+02
2.500681e+02
2.500775e+02
2.500761e+02
2.500648e+02
2.500496e+02
2.500376e+02
2.500345e+02
2.500407e+02
2.500526e+02
2.500640e+02
2.500697e+02
2.500675e+02
2.500591e+02
2.500487e+02
2.500407e+02
2.500380e+02
2.500410e+02
2.500483e+02
2.500570e+02
2.500650e+02
2.500698e+02
2.500705e+02
2.500665e+02
2.500581e+02
2.500470e+02
2.500362e+02
2.500297e+02
2.500307e+02
2.500404e+02
2.500568e+02
2.500742e+02
2.500855e+02
2.500858e+02
2.500731e+02
2.500514e+02
2.500289e+02
2.500147e+02
2.500155e+02
2.500322e+02
2.500590e+02
2.500855e+02
2.501007e+02
2.500974e+02
2.500757e+02
2.500437e+02
2.500138e+02
2.499985e+02
2.500048e+02
2.500313e+02
2.500684e+02
2.501022e+02
2.501194e+02
2.501126e+02
2.500837e+02
2.500429e+02
2.500047e+02
2.499831e+02
2.499863e+02
2.500134e+02
2.500548e+02
2.500960e+02
2.501225e+02
2.501255e+02
2.501043e+02
2.500665e+02
2.500252e+02
2.499940e+02
2.499826e+02
2.499941e+02
2.500241e+02
2.500623e+02
2.500965e+02
2.501166e+02
2.501174e+02
2.500994e+02
2.500689e+02
2.500356e+02
2.500086e+02
2.499948e+02
2.499969e+02
2.500136e+02
2.500399e+02
2.500691e+02
2.500941e+02
2.501092e+02
2.501111e+02
2.500995e+02
2.500769e+02
2.500483e+02
2.500197e+02
2.499978e+02
2.499881e+02
2.499939e+02
2.500150e+02
2.500477e+02
2.500849e+02
2.501176e+02
2.501367e+02
2.501360e+02
2.501139e+02
2.500742e+02
2.500255e+02
2.499802e+02
2.499504e+02
2.499451e+02
2.499678e+02
2.500148e+02
2.500756e+02
2.501347e+02
2.501766e+02
2.501892e+02
2.501673e+02
2.501149e+02
2.500438e+02
2.499713e+02
2.499159e+02
2.498924e+02
2.499082e+02
2.499613e+02
2.500398e+02
2.501250e+02
2.501961e+02
2.502351e+02
2.502313e+02
2.501846e+02
2.501048e+02
2.500103e+02
2.499225e+02
2.498626e+02
2.498452e+02
2.498753e+02
2.499469e+02
2.500448e+02
2.501472e+02
2.502314e+02
2.502784e+02
2.502774e+02
2.502281e+02
2.501403e+02
2.500323e+02
2.499268e+02
2.498458e+02
2.498065e+02
2.498171e+02
2.498757e+02
2.499709e+02
2.500840e+02
2.501926e+02
2.502756e+02
2.503168e+02
2.503080e+02
2.502505e+02
2.501548e+02
2.500385e+02
2.499230e+02
2.498297e+02
2.497758e+02
2.497711e+02
2.498169e+02
2.499055e+02
2.500220e+02
2.501464e+02
2.502575e+02
2.503356e+02
2.503668e+02
2.503448e+02
2.502721e+02
2.501602e+02
2.500272e+02
2.498950e+02
2.497856e+02
2.497175e+02
2.497030e+02
2.497457e+02
2.498403e+02
2.499729e+02
2.501230e+02
2.502666e+02
2.503801e+02
2.504443e+02
2.504473e+02
2.503870e+02
2.502713e+02
2.501173e+02
2.499484e+02
2.497907e+02
2.496692e+02
2.496041e+02
2.496070e+02
2.496792e+02
2.498113e+02
2.499845e+02
2.501730e+02
2.503483e+02
2.504835e+02
2.505568e+02
2.505560e+02
2.504796e+02
2.503379e+02
2.501507e+02
2.499450e+02
2.497506e+02
2.495963e+02
2.495046e+02
2.494896e+02
2.495542e+02
2.496903e+02
2.498795e+02
2.500962e+02
2.503103e+02
2.504921e+02
2.506161e+02
2.506651e+02
2.506316e+02
2.505198e+02
2.503446e+02
2.501292e+02
2.499020e+02
2.496923e+02
2.495269e+02
2.494268e+02
2.494045e+02
2.494625e+02
2.495937e+02
2.497824e+02
2.500052e+02
2.502352e+02
2.504448e+02
2.506093e+02
2.507091e+02
2.507327e+02
2.506778e+02
2.505509e+02
2.503667e+02
2.501460e+02
2.499135e+02
2.496949e+02
2.495134e+02
2.493881e+02
2.493320e+02
2.493511e+02
2.494431e+02
2.495990e+02
2.498035e+02
2.500367e+02
2.502754e+02
2.504960e+02
2.506765e+02
2.507981e+02
2.508481e+02
2.508207e+02
2.507172e+02
2.505467e+02
2.503242e+02
2.500699e+02
2.498068e+02
2.495591e+02
2.493500e+02
2.491999e+02
2.491237e+02
2.491305e+02
2.492227e+02
2.493945e+02
2.496329e+02
2.499190e+02
2.502288e+02
2.505351e+02
2.508094e+02
2.510255e+02
2.511612e+02
2.512009e+02
2.511371e+02
2.509717e+02
2.507166e+02
2.503920e+02
2.500247e+02
2.496460e+02
2.492886e+02
2.489841e+02
2.487602e+02
2.486384e+02
2.486326e+02
2.487476e+02
2.489779e+02
2.493082e+02
2.497145e+02
2.501653e+02
2.506236e+02
2.510507e+02
2.514088e+02
2.516649e+02
2.517939e+02
2.517811e+02
2.516235e+02
2.513308e+02
2.509247e+02
2.504367e+02
2.499048e+02
2.493710e+02
2.488770e+02
2.484617e+02
2.481576e+02
2.479886e+02
2.479694e+02
2.481052e+02
2.483889e+02
2.488027e+02
2.493193e+02
2.499036e+02
2.505136e+02
2.511042e+02
2.516306e+02
2.520519e+02
2.523342e+02
2.524544e+02
2.524014e+02
2.521772e+02
2.517978e+02
2.512907e+02
2.506917e+02
2.500428e+02
2.493897e+02
2.487756e+02
2.482397e+02
2.478166e+02
2.475321e+02
2.474030e+02
2.474365e+02
2.476318e+02
2.479776e+02
2.484533e+02
2.490311e+02
2.496774e+02
2.503528e+02
2.510149e+02
2.516230e+02
2.521390e+02
2.525299e+02
2.527703e+02
2.528465e+02
2.527552e+02
2.525033e+02
2.521077e+02
2.515959e+02
2.510007e+02
2.503573e+02
2.497030e+02
2.490745e+02
2.485047e+02
2.480210e+02
2.476453e+02
2.473933e+02
2.472745e+02
2.472916e+02
2.474405e+02
2.477125e+02
2.480930e+02
2.485627e+02
2.490980e+02
2.496729e+02
2.502601e+02
2.508313e+02
2.513591e+02
2.518191e+02
2.521908e+02
2.524584e+02
2.526113e+02
2.526456e+02
2.525633e+02
2.523721e+02
2.520847e+02
2.517176e+02
2.512905e+02
2.508245e+02
2.503406e+02
2.498592e+02
2.493991e+02
2.489765e+02
2.486047e+02
2.482940e+02
2.480521e+02
2.478834e+02
2.477896e+02
2.477701e+02
2.478224e+02
2.479417e+02
2.481217e+02
2.483548e+02
2.486324e+02
2.489453e+02
2.492836e+02
2.496374e+02
2.499969e+02
2.503526e+02
2.506956e+02
2.510174e+02
2.513107e+02
2.515687e+02
2.517859e+02
2.519577e+02
2.520809e+02
2.521529e+02
2.521729e+02
2.521410e+02
2.520584e+02
2.519273e+02
2.517507e+02
2.515324e+02
2.512768e+02
2.509894e+02
2.506758e+02
2.503420e+02
2.499948e+02
2.496413e+02
2.492884e+02
2.489430e+02
2.486117e+02
2.483015e+02
2.480188e+02
2.477696e+02
2.475594e+02
2.473938e+02
2.472776e+02
2.472149e+02
2.472090e+02
2.472624e+02
2.473767e+02
2.475522e+02
2.477885e+02
2.480836e+02
2.484344e+02
2.488362e+02
2.492831e+02
2.497677e+02
2.502807e+02
2.508114e+02
2.513485e+02
2.518791e+02
2.523897e+02
2.528663e+02
2.532954e+02
2.536638e+02
2.539595e+02
2.541722e+02
2.542937e+02
2.543180e+02
2.542421e+02
2.540657e+02
2.537921e+02
2.534271e+02
2.529785e+02
2.524568e+02
2.518746e+02
2.512455e+02
2.505829e+02
2.499008e+02
2.492132e+02
2.485332e+02
2.478725e+02
2.472420e+02
2.466510e+02
2.461080e+02
2.456206e+02
2.451948e+02
2.448355e+02
2.445468e+02
2.443323e+02
2.441946e+02
2.441351e+02
2.441551e+02
2.442550e+02
2.444348e+02
2.446943e+02
2.450321e+02
2.454462e+02
2.459340e+02
2.464922e+02
2.471164e+02
2.478002e+02
2.485365e+02
2.493171e+02
2.501322e+02
2.509703e+02
2.518195e+02
2.526660e+02
2.534951e+02
2.542915e+02
2.550403e+02
2.557257e+02
2.563323e+02
2.568459e+02
2.572554e+02
2.575511e+02
2.577254e+02
2.577743e+02
2.576972e+02
2.574971e+02
2.571793e+02
2.567519e+02
2.562256e+02
2.556134e+02
2.549291e+02
2.541866e+02
2.534002e+02
2.525848e+02
2.517541e+02
2.509200e+02
2.500930e+02
2.492834e+02
2.484991e+02
2.477460e+02
2.470291e+02
2.463521e+02
2.457176e+02
2.451269e+02
2.445809e+02
2.440796e+02
2.436226e+02
2.432092e+02
2.428381e+02
2.425077e+02
2.422163e+02
2.419622e+02
2.417435e+02
2.415585e+02
2.414049e+02
2.412810e+02
2.411847e+02
2.411145e+02
2.410689e+02
2.410460e+02
2.410445e+02
2.410627e+02
2.410995e+02
2.411537e+02
2.412242e+02
2.413096e+02
2.414090e+02
2.415214e+02
2.416460e+02
2.417821e+02
2.419290e+02
2.420857e+02
2.422518e+02
2.424267e+02
2.426100e+02
2.428015e+02
2.430003e+02
2.432061e+02
2.434184e+02
2.436372e+02
2.438620e+02
2.440926e+02
2.443285e+02
2.445695e+02
2.448158e+02
2.450671e+02
2.453235e+02
2.455847e+02
2.458507e+02
2.461215e+02
2.463971e+02
2.466777e+02
2.469631e+02
2.472535e+02
2.475489e+02
2.478495e+02
2.481556e+02
2.484676e+02
2.487856e+02
2.491098e+02
2.494406e+02
2.497785e+02
2.501240e+02
2.504773e+02
2.508391e+02
2.512099e+02
2.515902e+02
2.519809e+02
2.523828e+02
2.527967e+02
2.532234e+02
2.536636e+02
2.541184e+02
2.545889e+02
2.550761e+02
2.555809e+02
2.561040e+02
2.566464e+02
2.572091e+02
2.577932e+02
2.583993e+02
2.590281e+02
2.596798e+02
2.603551e+02
2.610543e+02
2.617774e+02
2.625236e+02
2.632922e+02
2.640819e+02
2.648914e+02
2.657186e+02
2.665605e+02
2.674138e+02
2.682745e+02
2.691383e+02
2.700000e+02
2.708536e+02
2.716928e+02
2.725108e+02
2.733000e+02
2.740528e+02
2.747615e+02
2.754185e+02
2.760163e+02
2.765473e+02
2.770049e+02
2.773836e+02
2.776794e+02
2.778881e+02
2.780069e+02
2.780357e+02
2.779756e+02
2.778278e+02
2.775957e+02
2.772840e+02
2.768982e+02
2.764445e+02
2.759302e+02
2.753629e+02
2.747503e+02
2.741005e+02
2.734212e+02
2.727201e+02
2.720045e+02
2.712814e+02
2.705571e+02
2.698368e+02
2.691257e+02
2.684278e+02
2.677470e+02
2.670864e+02
2.664482e+02
2.658341e+02
2.652454e+02
2.646830e+02
2.641478e+02
2.636397e+02
2.631585e+02
2.627039e+02
2.622753e+02
2.618721e+02
2.614935e+02
2.611387e+02
2.608065e+02
2.604957e+02
2.602051e+02
2.599338e+02
2.596809e+02
2.594453e+02
2.592259e+02
2.590214e+02
2.588309e+02
2.586536e+02
2.584889e+02
2.583359e+02
2.581935e+02
2.580610e+02
2.579377e+02
2.578228e+02
2.577160e+02
2.576168e+02
2.575245e+02
2.574381e+02
2.573574e+02
2.572821e+02
2.572118e+02
2.571462e+02
2.570849e+02
2.570273e+02
2.569730e+02
2.569218e+02
2.568738e+02
2.568288e+02
2.567863e+02
2.567461e+02
2.567079e+02
2.566716e+02
2.566371e+02
2.566044e+02
2.565734e+02
2.565440e+02
2.565156e+02
2.564884e+02
2.564624e+02
2.564375e+02
2.564139e+02
2.563916e+02
2.563703e+02
2.563495e+02
2.563295e+02
2.563106e+02
2.562932e+02
2.562768e+02
2.562610e+02
2.562459e+02
2.562320e+02
2.562195e+02
2.562087e+02
2.561995e+02
2.561917e+02
2.561855e+02
2.561814e+02
2.561804e+02
2.561821e+02
2.561867e+02
2.561947e+02
2.562071e+02
2.562246e+02
2.562474e+02
2.562760e+02
2.563115e+02
2.563561e+02
2.564110e+02
2.564771e+02
2.565553e+02
2.566478e+02
2.567581e+02
2.568898e+02
2.570459e+02
2.572286e+02
2.574416e+02
2.576912e+02
2.579855e+02
2.583319e+02
2.587364e+02
2.592076e+02
2.597582e+02
2.604043e+02
2.611621e+02
2.620484e+02
2.630836e+02
2.642949e+02
2.657160e+02
2.673836e+02
2.693375e+02
2.716229e+02
2.742957e+02
2.774232e+02
2.810776e+02
2.853302e+02
2.902512e+02
2.959144e+02
3.023908e+02
3.097304e+02
3.179411e+02
3.269771e+02
3.367405e+02
3.470667e+02
3.577015e+02
3.683210e+02
3.785034e+02
3.878479e+02
3.959572e+02
4.024410e+02
4.069577e+02
4.092664e+02
4.092601e+02
4.069080e+02
4.022570e+02
3.955136e+02
3.869868e+02
3.770533e+02
3.661506e+02
3.547403e+02
3.432745e+02
3.321203e+02
3.215883e+02
3.118897e+02
3.031394e+02
2.953838e+02
2.886085e+02
2.827571e+02
2.777467e+02
2.734825e+02
2.698687e+02
2.668143e+02
2.642367e+02
2.620627e+02
2.602293e+02
2.586822e+02
2.573758e+02
2.562716e+02
2.553373e+02
2.545458e+02
2.538745e+02
2.533047e+02
2.528204e+02
2.524085e+02
2.520578e+02
2.517589e+02
2.515041e+02
2.512866e+02
2.511010e+02
2.509424e+02
2.508069e+02
2.506910e+02
2.505919e+02
2.505070e+02
2.504345e+02
2.503723e+02
2.503191e+02
2.502736e+02
2.502345e+02
2.502011e+02
2.501725e+02
2.501479e+02
2.501269e+02
2.501088e+02
2.500934e+02
2.500801e+02
2.500688e+02
2.500591e+02
2.500507e+02
2.500436e+02
2.500374e+02
2.500322e+02
2.500277e+02
2.500238e+02
2.500205e+02
2.500177e+02
2.500152e+02
2.500131e+02
2.500114e+02
2.500098e+02
2.500085e+02
2.500074e+02
2.500064e+02
2.500056e+02
2.500049e+02
2.500043e+02
2.500037e+02
2.500033e+02
2.500029e+02
2.500026e+02
2.500023e+02
2.500021e+02
2.500019e+02
2.500017e+02
2.500015e+02
2.500014e+02
2.500013e+02
2.500012e+02
2.500011e+02
2.500010e+02
2.500010e+02
2.500009e+02
2.500009e+02
2.500009e+02
2.500008e+02
2.500008e+02
2.500008e+02
2.500008e+02
2.500007e+02
2.500007e+02
2.500007e+02
2.500007e+02
2.500007e+02
2.500007e+02
2.500007e+02
2.500007e+02
2.500007e+02
2.500007e+02
2.500007e+02
2.500007e+02
2.500007e+02
2.500007e+02
2.500007e+02
2.500007e+02
2.500007e+02
2.500007e+02
2.500007e+02
2.500007e+02
2.500007e+02
2.500006e+02
2.500006e+02
2.500006e+02
2.500006e+02
2.500006e+02
2.500006e+02
2.500006e+02
2.500006e+02
2.500006e+02
2.500006e+02
2.500006e+02
2.500006e+02
2.500006e+02
2.500007e+02
2.500007e+02
2.500007e+02
2.500007e+02
2.500007e+02
2.500007e+02
2.500007e+02
2.500007e+02
2.500007e+02
