2.500472e+02
2.500477e+02
2.500488e+02
2.500435e+02
2.500419e+02
2.500357e+02
2.500291e+02
2.500305e+02
2.500301e+02
2.500726e+02
2.500741e+02
2.500586e+02
2.500410e+02
2.500458e+02
2.500538e+02
2.500461e+02
2.500431e+02
2.500411e+02
2.500438e+02
2.500424e+02
2.500451e+02
2.500489e+02
2.500547e+02
2.500471e+02
2.500422e+02
2.500423e+02
2.500402e+02
2.500329e+02
2.500273e+02
2.500459e+02
2.500402e+02
2.500426e+02
2.500413e+02
2.500399e+02
2.500407e+02
2.500386e+02
2.500386e+02
2.500421e+02
2.500439e+02
2.500455e+02
2.500471e+02
2.500457e+02
2.500422e+02
2.500390e+02
2.500404e+02
2.500443e+02
2.500435e+02
2.500382e+02
2.500334e+02
2.500334e+02
2.500397e+02
2.500501e+02
2.500578e+02
2.500570e+02
2.500482e+02
2.500382e+02
2.500332e+02
2.500351e+02
2.500404e+02
2.500434e+02
2.500412e+02
2.500362e+02
2.500340e+02
2.500382e+02
2.500468e+02
2.500541e+02
2.500549e+02
2.500488e+02
2.500403e+02
2.500357e+02
2.500379e+02
2.500436e+02
2.500468e+02
2.500431e+02
2.500340e+02
2.500264e+02
2.500271e+02
2.500378e+02
2.500529e+02
2.500629e+02
2.500611e+02
2.500479e+02
2.500314e+02
2.500218e+02
2.500251e+02
2.500391e+02
2.500550e+02
2.500623e+02
2.500566e+02
2.500417e+02
2.500264e+02
2.500207e+02
2.500272e+02
2.500421e+02
2.500564e+02
2.500619e+02
2.500561e+02
2.500434e+02
2.500314e+02
2.500270e+02
2.500314e+02
2.500409e+02
2.500493e+02
2.500513e+02
2.500474e+02
2.500404e+02
2.500355e+02
2.500359e+02
2.500399e+02
2.500436e+02
2.500439e+02
2.500394e+02
2.500345e+02
2.500337e+02
2.500406e+02
2.500531e+02
2.500654e+02
2.500683e+02
2.500572e+02
2.500335e+02
2.500068e+02
2.499903e+02
2.499945e+02
2.500208e+02
2.500609e+02
2.500976e+02
2.501133e+02
2.500996e+02
2.500591e+02
2.500083e+02
2.499685e+02
2.499578e+02
2.499825e+02
2.500335e+02
2.500905e+02
2.501294e+02
2.501328e+02
2.500991e+02
2.500406e+02
2.499812e+02
2.499451e+02
2.499468e+02
2.499864e+02
2.500483e+02
2.501082e+02
2.501432e+02
2.501397e+02
2.500995e+02
2.500382e+02
2.499789e+02
2.499430e+02
2.499426e+02
2.499768e+02
2.500320e+02
2.500884e+02
2.501270e+02
2.501357e+02
2.501139e+02
2.500707e+02
2.500213e+02
2.499814e+02
2.499619e+02
2.499666e+02
2.499914e+02
2.500273e+02
2.500637e+02
2.500914e+02
2.501052e+02
2.501035e+02
2.500884e+02
2.500635e+02
2.500343e+02
2.500061e+02
2.499840e+02
2.499728e+02
2.499763e+02
2.499957e+02
2.500290e+02
2.500701e+02
2.501092e+02
2.501354e+02
2.501393e+02
2.501162e+02
2.500695e+02
2.500092e+02
2.499513e+02
2.499133e+02
2.499083e+02
2.499415e+02
2.500068e+02
2.500881e+02
2.501629e+02
2.502088e+02
2.502106e+02
2.501644e+02
2.500798e+02
2.499789e+02
2.498891e+02
2.498363e+02
2.498373e+02
2.498947e+02
2.499953e+02
2.501137e+02
2.502180e+02
2.502796e+02
2.502801e+02
2.502170e+02
2.501051e+02
2.499721e+02
2.498520e+02
2.497766e+02
2.497661e+02
2.498245e+02
2.499392e+02
2.500824e+02
2.502196e+02
2.503165e+02
2.503488e+02
2.503077e+02
2.502025e+02
2.500569e+02
2.499051e+02
2.497819e+02
2.497162e+02
2.497234e+02
2.498021e+02
2.499352e+02
2.500937e+02
2.502428e+02
2.503501e+02
2.503925e+02
2.503607e+02
2.502614e+02
2.501152e+02
2.499526e+02
2.498067e+02
2.497070e+02
2.496731e+02
2.497116e+02
2.498150e+02
2.499635e+02
2.501283e+02
2.502781e+02
2.503845e+02
2.504275e+02
2.503987e+02
2.503033e+02
2.501583e+02
2.499899e+02
2.498283e+02
2.497025e+02
2.496349e+02
2.496381e+02
2.497122e+02
2.498456e+02
2.500159e+02
2.501945e+02
2.503502e+02
2.504561e+02
2.504928e+02
2.504527e+02
2.503411e+02
2.501757e+02
2.499832e+02
2.497955e+02
2.496444e+02
2.495555e+02
2.495450e+02
2.496163e+02
2.497598e+02
2.499532e+02
2.501664e+02
2.503646e+02
2.505151e+02
2.505922e+02
2.505818e+02
2.504837e+02
2.503125e+02
2.500940e+02
2.498622e+02
2.496535e+02
2.495010e+02
2.494293e+02
2.494506e+02
2.495631e+02
2.497508e+02
2.499864e+02
2.502349e+02
2.504585e+02
2.506233e+02
2.507036e+02
2.506862e+02
2.505731e+02
2.503803e+02
2.501354e+02
2.498733e+02
2.496318e+02
2.494452e+02
2.493398e+02
2.493309e+02
2.494197e+02
2.495950e+02
2.498334e+02
2.501032e+02
2.503680e+02
2.505923e+02
2.507454e+02
2.508069e+02
2.507682e+02
2.506340e+02
2.504213e+02
2.501572e+02
2.498750e+02
2.496100e+02
2.493953e+02
2.492568e+02
2.492118e+02
2.492662e+02
2.494146e+02
2.496403e+02
2.499179e+02
2.502155e+02
2.504983e+02
2.507334e+02
2.508928e+02
2.509566e+02
2.509160e+02
2.507739e+02
2.505450e+02
2.502537e+02
2.499315e+02
2.496132e+02
2.493334e+02
2.491231e+02
2.490059e+02
2.489964e+02
2.490987e+02
2.493048e+02
2.495960e+02
2.499442e+02
2.503145e+02
2.506685e+02
2.509685e+02
2.511807e+02
2.512799e+02
2.512519e+02
2.510957e+02
2.508242e+02
2.504629e+02
2.500462e+02
2.496150e+02
2.492122e+02
2.488790e+02
2.486494e+02
2.485486e+02
2.485901e+02
2.487743e+02
2.490879e+02
2.495049e+02
2.499893e+02
2.504956e+02
2.509756e+02
2.513809e+02
2.516697e+02
2.518101e+02
2.517841e+02
2.515903e+02
2.512435e+02
2.507743e+02
2.502243e+02
2.496439e+02
2.490851e+02
2.485984e+02
2.482282e+02
2.480077e+02
2.479581e+02
2.480877e+02
2.483896e+02
2.488411e+02
2.494071e+02
2.500419e+02
2.506924e+02
2.513025e+02
2.518182e+02
2.521923e+02
2.523893e+02
2.523891e+02
2.521895e+02
2.518063e+02
2.512717e+02
2.506297e+02
2.499327e+02
2.492374e+02
2.485980e+02
2.480635e+02
2.476739e+02
2.474575e+02
2.474302e+02
2.475947e+02
2.479408e+02
2.484439e+02
2.490694e+02
2.497735e+02
2.505050e+02
2.512103e+02
2.518368e+02
2.523361e+02
2.526705e+02
2.528156e+02
2.527605e+02
2.525096e+02
2.520833e+02
2.515164e+02
2.508495e+02
2.501315e+02
2.494122e+02
2.487389e+02
2.481528e+02
2.476885e+02
2.473727e+02
2.472209e+02
2.472391e+02
2.474239e+02
2.477630e+02
2.482347e+02
2.488101e+02
2.494548e+02
2.501316e+02
2.507988e+02
2.514170e+02
2.519499e+02
2.523669e+02
2.526440e+02
2.527670e+02
2.527328e+02
2.525468e+02
2.522238e+02
2.517868e+02
2.512650e+02
2.506895e+02
2.500929e+02
2.495068e+02
2.489608e+02
2.484793e+02
2.480820e+02
2.477838e+02
2.475937e+02
2.475158e+02
2.475496e+02
2.476898e+02
2.479270e+02
2.482484e+02
2.486385e+02
2.490795e+02
2.495522e+02
2.500370e+02
2.505141e+02
2.509646e+02
2.513713e+02
2.517194e+02
2.519972e+02
2.521956e+02
2.523089e+02
2.523352e+02
2.522763e+02
2.521370e+02
2.519243e+02
2.516476e+02
2.513180e+02
2.509482e+02
2.505509e+02
2.501388e+02
2.497246e+02
2.493202e+02
2.489365e+02
2.485835e+02
2.482703e+02
2.480048e+02
2.477936e+02
2.476421e+02
2.475546e+02
2.475343e+02
2.475833e+02
2.477019e+02
2.478891e+02
2.481427e+02
2.484583e+02
2.488298e+02
2.492495e+02
2.497087e+02
2.501957e+02
2.506972e+02
2.511991e+02
2.516862e+02
2.521424e+02
2.525514e+02
2.528980e+02
2.531682e+02
2.533493e+02
2.534316e+02
2.534093e+02
2.532799e+02
2.530447e+02
2.527082e+02
2.522790e+02
2.517696e+02
2.511949e+02
2.505713e+02
2.499165e+02
2.492492e+02
2.485873e+02
2.479482e+02
2.473488e+02
2.468039e+02
2.463266e+02
2.459287e+02
2.456206e+02
2.454103e+02
2.453034e+02
2.453048e+02
2.454176e+02
2.456421e+02
2.459761e+02
2.464168e+02
2.469588e+02
2.475936e+02
2.483097e+02
2.490939e+02
2.499301e+02
2.507989e+02
2.516789e+02
2.525474e+02
2.533802e+02
2.541526e+02
2.548398e+02
2.554186e+02
2.558685e+02
2.561731e+02
2.563205e+02
2.563040e+02
2.561219e+02
2.557792e+02
2.552869e+02
2.546600e+02
2.539166e+02
2.530791e+02
2.521717e+02
2.512177e+02
2.502394e+02
2.492593e+02
2.482979e+02
2.473726e+02
2.464984e+02
2.456873e+02
2.449495e+02
2.442933e+02
2.437250e+02
2.432494e+02
2.428699e+02
2.425891e+02
2.424084e+02
2.423280e+02
2.423486e+02
2.424701e+02
2.426913e+02
2.430112e+02
2.434287e+02
2.439412e+02
2.445449e+02
2.452359e+02
2.460098e+02
2.468597e+02
2.477765e+02
2.487501e+02
2.497688e+02
2.508182e+02
2.518829e+02
2.529452e+02
2.539858e+02
2.549852e+02
2.559229e+02
2.567777e+02
2.575286e+02
2.581581e+02
2.586514e+02
2.589958e+02
2.591820e+02
2.592062e+02
2.590699e+02
2.587779e+02
2.583394e+02
2.577675e+02
2.570790e+02
2.562925e+02
2.554267e+02
2.545005e+02
2.535336e+02
2.525453e+02
2.515526e+02
2.505692e+02
2.496076e+02
2.486787e+02
2.477903e+02
2.469484e+02
2.461575e+02
2.454203e+02
2.447383e+02
2.441121e+02
2.435411e+02
2.430240e+02
2.425592e+02
2.421450e+02
2.417793e+02
2.414595e+02
2.411830e+02
2.409472e+02
2.407497e+02
2.405877e+02
2.404590e+02
2.403615e+02
2.402931e+02
2.402519e+02
2.402356e+02
2.402422e+02
2.402703e+02
2.403183e+02
2.403847e+02
2.404682e+02
2.405679e+02
2.406825e+02
2.408107e+02
2.409514e+02
2.411040e+02
2.412678e+02
2.414421e+02
2.416260e+02
2.418192e+02
2.420210e+02
2.422308e+02
2.424478e+02
2.426718e+02
2.429027e+02
2.431403e+02
2.433840e+02
2.436338e+02
2.438893e+02
2.441503e+02
2.444164e+02
2.446878e+02
2.449645e+02
2.452466e+02
2.455339e+02
2.458262e+02
2.461235e+02
2.464258e+02
2.467332e+02
2.470458e+02
2.473639e+02
2.476879e+02
2.480176e+02
2.483533e+02
2.486950e+02
2.490429e+02
2.493976e+02
2.497594e+02
2.501288e+02
2.505061e+02
2.508918e+02
2.512863e+02
2.516899e+02
2.521032e+02
2.525272e+02
2.529626e+02
2.534099e+02
2.538697e+02
2.543427e+02
2.548294e+02
2.553302e+02
2.558457e+02
2.563768e+02
2.569240e+02
2.574879e+02
2.580687e+02
2.586665e+02
2.592814e+02
2.599133e+02
2.605619e+02
2.612271e+02
2.619084e+02
2.626047e+02
2.633144e+02
2.640359e+02
2.647672e+02
2.655060e+02
2.662492e+02
2.669938e+02
2.677366e+02
2.684736e+02
2.691999e+02
2.699104e+02
2.706003e+02
2.712645e+02
2.718975e+02
2.724936e+02
2.730478e+02
2.735551e+02
2.740106e+02
2.744091e+02
2.747467e+02
2.750206e+02
2.752289e+02
2.753694e+02
2.754411e+02
2.754447e+02
2.753816e+02
2.752530e+02
2.750615e+02
2.748109e+02
2.745058e+02
2.741509e+02
2.737511e+02
2.733114e+02
2.728377e+02
2.723355e+02
2.718098e+02
2.712660e+02
2.707096e+02
2.701459e+02
2.695791e+02
2.690129e+02
2.684510e+02
2.678970e+02
2.673535e+02
2.668226e+02
2.663063e+02
2.658066e+02
2.653253e+02
2.648627e+02
2.644190e+02
2.639948e+02
2.635906e+02
2.632061e+02
2.628409e+02
2.624948e+02
2.621679e+02
2.618598e+02
2.615693e+02
2.612954e+02
2.610375e+02
2.607954e+02
2.605682e+02
2.603549e+02
2.601547e+02
2.599674e+02
2.597925e+02
2.596289e+02
2.594754e+02
2.593316e+02
2.591974e+02
2.590718e+02
2.589541e+02
2.588440e+02
2.587410e+02
2.586450e+02
2.585550e+02
2.584702e+02
2.583904e+02
2.583155e+02
2.582455e+02
2.581794e+02
2.581168e+02
2.580580e+02
2.580032e+02
2.579515e+02
2.579019e+02
2.578545e+02
2.578097e+02
2.577675e+02
2.577272e+02
2.576888e+02
2.576520e+02
2.576173e+02
2.575845e+02
2.575526e+02
2.575212e+02
2.574909e+02
2.574620e+02
2.574346e+02
2.574077e+02
2.573811e+02
2.573557e+02
2.573316e+02
2.573080e+02
2.572844e+02
2.572609e+02
2.572382e+02
2.572165e+02
2.571953e+02
2.571746e+02
2.571541e+02
2.571341e+02
2.571150e+02
2.570963e+02
2.570773e+02
2.570587e+02
2.570409e+02
2.570240e+02
2.570076e+02
2.569913e+02
2.569759e+02
2.569616e+02
2.569476e+02
2.569339e+02
2.569211e+02
2.569098e+02
2.569001e+02
2.568915e+02
2.568841e+02
2.568791e+02
2.568766e+02
2.568768e+02
2.568794e+02
2.568843e+02
2.568928e+02
2.569070e+02
2.569267e+02
2.569517e+02
2.569825e+02
2.570213e+02
2.570706e+02
2.571313e+02
2.572029e+02
2.572873e+02
2.573884e+02
2.575104e+02
2.576561e+02
2.578273e+02
2.580270e+02
2.582626e+02
2.585413e+02
2.588702e+02
2.592554e+02
2.597051e+02
2.602316e+02
2.608516e+02
2.615821e+02
2.624393e+02
2.634427e+02
2.646188e+02
2.660031e+02
2.676346e+02
2.695535e+02
2.718055e+02
2.744493e+02
2.775559e+02
2.812048e+02
2.854759e+02
2.904497e+02
2.962113e+02
3.028472e+02
3.104270e+02
3.189839e+02
3.284952e+02
3.388779e+02
3.499843e+02
3.615629e+02
3.732906e+02
3.847300e+02
3.954227e+02
4.049384e+02
4.128484e+02
4.187541e+02
4.223624e+02
4.234853e+02
4.220677e+02
4.181186e+02
4.117559e+02
4.032761e+02
3.930386e+02
3.814892e+02
3.691265e+02
3.564649e+02
3.439716e+02
3.320181e+02
3.209123e+02
3.108263e+02
3.018465e+02
2.939844e+02
2.871922e+02
2.813840e+02
2.764536e+02
2.722896e+02
2.687842e+02
2.658389e+02
2.633661e+02
2.612901e+02
2.595464e+02
2.580805e+02
2.568467e+02
2.558070e+02
2.549298e+02
2.541887e+02
2.535619e+02
2.530310e+02
2.525809e+02
2.521990e+02
2.518745e+02
2.515987e+02
2.513640e+02
2.511642e+02
2.509940e+02
2.508489e+02
2.507252e+02
2.506196e+02
2.505296e+02
2.504527e+02
2.503870e+02
2.503309e+02
2.502830e+02
2.502421e+02
2.502071e+02
2.501772e+02
2.501516e+02
2.501297e+02
2.501111e+02
2.500951e+02
2.500814e+02
2.500697e+02
2.500597e+02
2.500512e+02
2.500439e+02
2.500376e+02
2.500323e+02
2.500277e+02
2.500238e+02
2.500204e+02
2.500176e+02
2.500151e+02
2.500130e+02
2.500112e+02
2.500097e+02
2.500084e+02
2.500073e+02
2.500063e+02
2.500055e+02
2.500048e+02
2.500042e+02
2.500037e+02
2.500032e+02
2.500029e+02
2.500026e+02
2.500023e+02
2.500020e+02
2.500018e+02
2.500017e+02
2.500015e+02
2.500014e+02
2.500013e+02
2.500012e+02
2.500011e+02
2.500011e+02
2.500010e+02
2.500010e+02
2.500009e+02
2.500009e+02
2.500008e+02
2.500008e+02
2.500008e+02
2.500008e+02
2.500008e+02
2.500007e+02
2.500007e+02
2.500007e+02
2.500007e+02
2.500007e+02
2.500007e+02
2.500007e+02
2.500007e+02
2.500007e+02
2.500007e+02
2.500007e+02
2.500007e+02
2.500007e+02
2.500007e+02
2.500007e+02
2.500007e+02
2.500007e+02
2.500007e+02
2.500007e+02
2.500007e+02
2.500007e+02
2.500007e+02
2.500007e+02
2.500007e+02
2.500007e+02
2.500007e+02
2.500007e+02
2.500007e+02
2.500007e+02
2.500007e+02
