2.498630e+02
2.498631e+02
2.498629e+02
2.498626e+02
2.498621e+02
2.498615e+02
2.498608e+02
2.498600e+02
2.498590e+02
2.498580e+02
2.498571e+02
2.498565e+02
2.498559e+02
2.498557e+02
2.498557e+02
2.498560e+02
2.498564e+02
2.498568e+02
2.498573e+02
2.498576e+02
2.498578e+02
2.498579e+02
2.498578e+02
2.498575e+02
2.498570e+02
2.498564e+02
2.498558e+02
2.498551e+02
2.498545e+02
2.498541e+02
2.498541e+02
2.498544e+02
2.498549e+02
2.498558e+02
2.498568e+02
2.498578e+02
2.498589e+02
2.498599e+02
2.498606e+02
2.498613e+02
2.498617e+02
2.498621e+02
2.498624e+02
2.498627e+02
2.498630e+02
2.498632e+02
2.498633e+02
2.498635e+02
2.498635e+02
2.498634e+02
2.498632e+02
2.498627e+02
2.498621e+02
2.498613e+02
2.498605e+02
2.498596e+02
2.498588e+02
2.498581e+02
2.498577e+02
2.498575e+02
2.498577e+02
2.498582e+02
2.498588e+02
2.498594e+02
2.498597e+02
2.498598e+02
2.498596e+02
2.498592e+02
2.498587e+02
2.498582e+02
2.498577e+02
2.498572e+02
2.498567e+02
2.498563e+02
2.498560e+02
2.498559e+02
2.498560e+02
2.498562e+02
2.498566e+02
2.498571e+02
2.498577e+02
2.498585e+02
2.498594e+02
2.498604e+02
2.498614e+02
2.498622e+02
2.498628e+02
2.498632e+02
2.498634e+02
2.498637e+02
2.498641e+02
2.498645e+02
2.498649e+02
2.498653e+02
2.498655e+02
2.498654e+02
2.498652e+02
2.498649e+02
2.498645e+02
2.498640e+02
2.498634e+02
2.498627e+02
2.498620e+02
2.498614e+02
2.498611e+02
2.498612e+02
2.498616e+02
2.498621e+02
2.498627e+02
2.498630e+02
2.498633e+02
2.498634e+02
2.498636e+02
2.498636e+02
2.498635e+02
2.498630e+02
2.498623e+02
2.498613e+02
2.498604e+02
2.498596e+02
2.498591e+02
2.498589e+02
2.498589e+02
2.498592e+02
2.498597e+02
2.498604e+02
2.498611e+02
2.498618e+02
2.498625e+02
2.498633e+02
2.498640e+02
2.498646e+02
2.498652e+02
2.498659e+02
2.498666e+02
2.498673e+02
2.498680e+02
2.498686e+02
2.498689e+02
2.498692e+02
2.498693e+02
2.498692e+02
2.498692e+02
2.498690e+02
2.498688e+02
2.498685e+02
2.498684e+02
2.498682e+02
2.498681e+02
2.498679e+02
2.498678e+02
2.498677e+02
2.498678e+02
2.498680e+02
2.498683e+02
2.498686e+02
2.498689e+02
2.498692e+02
2.498695e+02
2.498696e+02
2.498696e+02
2.498693e+02
2.498688e+02
2.498681e+02
2.498673e+02
2.498665e+02
2.498661e+02
2.498657e+02
2.498657e+02
2.498657e+02
2.498660e+02
2.498662e+02
2.498668e+02
2.498672e+02
2.498680e+02
2.498687e+02
2.498695e+02
2.498702e+02
2.498709e+02
2.498714e+02
2.498721e+02
2.498728e+02
2.498735e+02
2.498744e+02
2.498753e+02
2.498763e+02
2.498769e+02
2.498776e+02
2.498777e+02
2.498777e+02
2.498772e+02
2.498768e+02
2.498762e+02
2.498759e+02
2.498756e+02
2.498758e+02
2.498759e+02
2.498766e+02
2.498768e+02
2.498775e+02
2.498776e+02
2.498781e+02
2.498782e+02
2.498786e+02
2.498785e+02
2.498789e+02
2.498787e+02
2.498788e+02
2.498783e+02
2.498781e+02
2.498774e+02
2.498772e+02
2.498766e+02
2.498766e+02
2.498764e+02
2.498767e+02
2.498770e+02
2.498777e+02
2.498782e+02
2.498787e+02
2.498791e+02
2.498795e+02
2.498799e+02
2.498805e+02
2.498812e+02
2.498821e+02
2.498831e+02
2.498839e+02
2.498848e+02
2.498854e+02
2.498860e+02
2.498864e+02
2.498870e+02
2.498874e+02
2.498881e+02
2.498887e+02
2.498895e+02
2.498899e+02
2.498904e+02
2.498905e+02
2.498907e+02
2.498906e+02
2.498907e+02
2.498906e+02
2.498909e+02
2.498909e+02
2.498911e+02
2.498913e+02
2.498917e+02
2.498921e+02
2.498925e+02
2.498928e+02
2.498931e+02
2.498934e+02
2.498937e+02
2.498942e+02
2.498945e+02
2.498948e+02
2.498948e+02
2.498947e+02
2.498943e+02
2.498940e+02
2.498937e+02
2.498934e+02
2.498933e+02
2.498935e+02
2.498938e+02
2.498945e+02
2.498955e+02
2.498967e+02
2.498981e+02
2.498997e+02
2.499011e+02
2.499022e+02
2.499030e+02
2.499036e+02
2.499041e+02
2.499045e+02
2.499047e+02
2.499051e+02
2.499054e+02
2.499058e+02
2.499061e+02
2.499065e+02
2.499068e+02
2.499071e+02
2.499077e+02
2.499084e+02
2.499095e+02
2.499107e+02
2.499122e+02
2.499137e+02
2.499153e+02
2.499166e+02
2.499179e+02
2.499187e+02
2.499194e+02
2.499192e+02
2.499188e+02
2.499176e+02
2.499162e+02
2.499146e+02
2.499131e+02
2.499120e+02
2.499115e+02
2.499117e+02
2.499126e+02
2.499143e+02
2.499163e+02
2.499188e+02
2.499211e+02
2.499237e+02
2.499258e+02
2.499279e+02
2.499293e+02
2.499305e+02
2.499309e+02
2.499309e+02
2.499305e+02
2.499295e+02
2.499282e+02
2.499267e+02
2.499253e+02
2.499240e+02
2.499231e+02
2.499225e+02
2.499227e+02
2.499232e+02
2.499248e+02
2.499269e+02
2.499299e+02
2.499332e+02
2.499370e+02
2.499408e+02
2.499447e+02
2.499486e+02
2.499520e+02
2.499552e+02
2.499574e+02
2.499588e+02
2.499586e+02
2.499573e+02
2.499542e+02
2.499502e+02
2.499450e+02
2.499398e+02
2.499345e+02
2.499300e+02
2.499264e+02
2.499245e+02
2.499242e+02
2.499257e+02
2.499291e+02
2.499342e+02
2.499406e+02
2.499479e+02
2.499559e+02
2.499639e+02
2.499715e+02
2.499781e+02
2.499836e+02
2.499873e+02
2.499894e+02
2.499893e+02
2.499875e+02
2.499838e+02
2.499784e+02
2.499716e+02
2.499637e+02
2.499552e+02
2.499464e+02
2.499383e+02
2.499309e+02
2.499253e+02
2.499213e+02
2.499198e+02
2.499204e+02
2.499241e+02
2.499302e+02
2.499393e+02
2.499506e+02
2.499640e+02
2.499786e+02
2.499937e+02
2.500087e+02
2.500222e+02
2.500340e+02
2.500429e+02
2.500488e+02
2.500509e+02
2.500495e+02
2.500437e+02
2.500346e+02
2.500217e+02
2.500066e+02
2.499891e+02
2.499711e+02
2.499525e+02
2.499351e+02
2.499191e+02
2.499057e+02
2.498952e+02
2.498888e+02
2.498866e+02
2.498892e+02
2.498966e+02
2.499087e+02
2.499249e+02
2.499449e+02
2.499678e+02
2.499928e+02
2.500192e+02
2.500456e+02
2.500712e+02
2.500945e+02
2.501147e+02
2.501305e+02
2.501414e+02
2.501464e+02
2.501455e+02
2.501381e+02
2.501247e+02
2.501054e+02
2.500812e+02
2.500524e+02
2.500207e+02
2.499866e+02
2.499521e+02
2.499181e+02
2.498866e+02
2.498584e+02
2.498352e+02
2.498175e+02
2.498063e+02
2.498020e+02
2.498051e+02
2.498156e+02
2.498335e+02
2.498582e+02
2.498894e+02
2.499259e+02
2.499665e+02
2.500102e+02
2.500553e+02
2.501007e+02
2.501445e+02
2.501858e+02
2.502231e+02
2.502552e+02
2.502811e+02
2.502995e+02
2.503096e+02
2.503109e+02
2.503033e+02
2.502866e+02
2.502613e+02
2.502281e+02
2.501879e+02
2.501415e+02
2.500901e+02
2.500351e+02
2.499774e+02
2.499188e+02
2.498607e+02
2.498050e+02
2.497531e+02
2.497065e+02
2.496667e+02
2.496348e+02
2.496121e+02
2.495993e+02
2.495973e+02
2.496067e+02
2.496275e+02
2.496601e+02
2.497033e+02
2.497568e+02
2.498190e+02
2.498887e+02
2.499644e+02
2.500441e+02
2.501262e+02
2.502085e+02
2.502890e+02
2.503659e+02
2.504368e+02
2.505003e+02
2.505545e+02
2.505980e+02
2.506300e+02
2.506487e+02
2.506547e+02
2.506465e+02
2.506254e+02
2.505910e+02
2.505448e+02
2.504871e+02
2.504197e+02
2.503437e+02
2.502608e+02
2.501729e+02
2.500812e+02
2.499881e+02
2.498943e+02
2.498021e+02
2.497126e+02
2.496270e+02
2.495473e+02
2.494736e+02
2.494081e+02
2.493504e+02
2.493027e+02
2.492641e+02
2.492363e+02
2.492187e+02
2.492122e+02
2.492166e+02
2.492319e+02
2.492585e+02
2.492958e+02
2.493445e+02
2.494035e+02
2.494730e+02
2.495519e+02
2.496398e+02
2.497359e+02
2.498393e+02
2.499492e+02
2.500646e+02
2.501840e+02
2.503061e+02
2.504292e+02
2.505521e+02
2.506726e+02
2.507895e+02
2.509008e+02
2.510053e+02
2.511008e+02
2.511863e+02
2.512599e+02
2.513204e+02
2.513664e+02
2.513973e+02
2.514118e+02
2.514099e+02
2.513908e+02
2.513547e+02
2.513014e+02
2.512319e+02
2.511464e+02
2.510466e+02
2.509333e+02
2.508082e+02
2.506724e+02
2.505276e+02
2.503754e+02
2.502178e+02
2.500563e+02
2.498926e+02
2.497285e+02
2.495653e+02
2.494048e+02
2.492484e+02
2.490975e+02
2.489532e+02
2.488168e+02
2.486891e+02
2.485712e+02
2.484632e+02
2.483660e+02
2.482793e+02
2.482037e+02
2.481388e+02
2.480851e+02
2.480420e+02
2.480095e+02
2.479869e+02
2.479740e+02
2.479699e+02
2.479746e+02
2.479873e+02
2.480078e+02
2.480351e+02
2.480693e+02
2.481091e+02
2.481544e+02
2.482041e+02
2.482581e+02
2.483154e+02
2.483762e+02
2.484397e+02
2.485062e+02
2.485752e+02
2.486471e+02
2.487212e+02
2.487981e+02
2.488770e+02
2.489586e+02
2.490424e+02
2.491292e+02
2.492186e+02
2.493112e+02
2.494068e+02
2.495061e+02
2.496092e+02
2.497162e+02
2.498278e+02
2.499442e+02
2.500662e+02
2.501939e+02
2.503280e+02
2.504682e+02
2.506153e+02
2.507689e+02
2.509299e+02
2.510980e+02
2.512738e+02
2.514572e+02
2.516486e+02
2.518477e+02
2.520552e+02
2.522706e+02
2.524941e+02
2.527254e+02
2.529645e+02
2.532107e+02
2.534641e+02
2.537240e+02
2.539901e+02
2.542617e+02
2.545386e+02
2.548200e+02
2.551054e+02
2.553942e+02
2.556858e+02
2.559793e+02
2.562742e+02
2.565696e+02
2.568646e+02
2.571584e+02
2.574502e+02
2.577392e+02
2.580245e+02
2.583052e+02
2.585806e+02
2.588499e+02
2.591125e+02
2.593677e+02
2.596155e+02
2.598551e+02
2.600864e+02
2.603088e+02
2.605222e+02
2.607266e+02
2.609216e+02
2.611076e+02
2.612843e+02
2.614523e+02
2.616119e+02
2.617638e+02
2.619086e+02
2.620470e+02
2.621799e+02
2.623078e+02
2.624319e+02
2.625527e+02
2.626713e+02
2.627887e+02
2.629057e+02
2.630234e+02
2.631428e+02
2.632651e+02
2.633913e+02
2.635225e+02
2.636599e+02
2.638044e+02
2.639570e+02
2.641188e+02
2.642906e+02
2.644736e+02
2.646689e+02
2.648775e+02
2.651000e+02
2.653374e+02
2.655901e+02
2.658593e+02
2.661456e+02
2.664497e+02
2.667722e+02
2.671137e+02
2.674748e+02
2.678558e+02
2.682571e+02
2.686786e+02
2.691208e+02
2.695834e+02
2.700665e+02
2.705696e+02
2.710923e+02
2.716337e+02
2.721929e+02
2.727686e+02
2.733595e+02
2.739638e+02
2.745797e+02
2.752049e+02
2.758368e+02
2.764725e+02
2.771089e+02
2.777430e+02
2.783709e+02
2.789886e+02
2.795920e+02
2.801768e+02
2.807393e+02
2.812744e+02
2.817785e+02
2.822466e+02
2.826761e+02
2.830630e+02
2.834046e+02
2.836979e+02
2.839410e+02
2.841324e+02
2.842718e+02
2.843574e+02
2.843908e+02
2.843717e+02
2.843035e+02
2.841863e+02
2.840251e+02
2.838216e+02
2.835805e+02
2.833046e+02
2.829986e+02
2.826667e+02
2.823130e+02
2.819428e+02
2.815594e+02
2.811681e+02
2.807722e+02
2.803759e+02
2.799828e+02
2.795968e+02
2.792208e+02
2.788589e+02
2.785131e+02
2.781871e+02
2.778822e+02
2.776019e+02
2.773476e+02
2.771218e+02
2.769273e+02
2.767648e+02
2.766378e+02
2.765475e+02
2.764963e+02
2.764859e+02
2.765183e+02
2.765972e+02
2.767245e+02
2.769032e+02
2.771368e+02
2.774287e+02
2.777842e+02
2.782067e+02
2.787014e+02
2.792734e+02
2.799281e+02
2.806725e+02
2.815121e+02
2.824541e+02
2.835051e+02
2.846715e+02
2.859614e+02
2.873792e+02
2.889317e+02
2.906226e+02
2.924559e+02
2.944337e+02
2.965523e+02
2.988075e+02
3.011887e+02
3.036834e+02
3.062730e+02
3.089304e+02
3.116227e+02
3.143121e+02
3.169563e+02
3.195063e+02
3.219089e+02
3.241078e+02
3.260502e+02
3.276869e+02
3.289729e+02
3.298626e+02
3.303304e+02
3.303611e+02
3.299527e+02
3.291073e+02
3.278477e+02
3.262096e+02
3.242332e+02
3.219681e+02
3.194669e+02
3.167868e+02
3.139829e+02
3.111101e+02
3.082188e+02
3.053511e+02
3.025441e+02
2.998284e+02
2.972275e+02
2.947599e+02
2.924379e+02
2.902681e+02
2.882530e+02
2.863914e+02
2.846803e+02
2.831141e+02
2.816859e+02
2.803886e+02
2.792140e+02
2.781538e+02
2.771993e+02
2.763431e+02
2.755786e+02
2.748981e+02
2.742955e+02
2.737648e+02
2.733018e+02
2.729030e+02
2.725642e+02
2.722833e+02
2.720563e+02
2.718828e+02
2.717632e+02
2.716991e+02
2.716901e+02
2.717372e+02
2.718432e+02
2.720131e+02
2.722515e+02
2.725650e+02
2.729605e+02
2.734472e+02
2.740368e+02
2.747433e+02
2.755836e+02
2.765732e+02
2.777316e+02
2.790849e+02
2.806635e+02
2.825004e+02
2.846284e+02
2.870861e+02
2.899204e+02
2.931790e+02
2.969154e+02
3.011767e+02
3.060067e+02
3.114459e+02
3.175244e+02
3.242559e+02
3.316164e+02
3.395416e+02
3.479331e+02
3.566446e+02
3.654888e+02
3.742231e+02
3.825531e+02
3.902051e+02
3.969040e+02
4.023851e+02
4.064022e+02
4.087790e+02
4.094068e+02
4.082504e+02
4.053240e+02
4.007058e+02
3.945860e+02
3.871850e+02
3.787745e+02
3.696605e+02
3.601555e+02
3.505712e+02
3.411654e+02
3.321560e+02
3.237130e+02
3.159367e+02
3.088875e+02
3.025792e+02
2.969973e+02
2.920987e+02
2.878306e+02
2.841313e+02
2.809353e+02
2.781833e+02
2.758150e+02
2.737825e+02
2.720383e+02
2.705423e+02
2.692594e+02
2.681585e+02
2.672143e+02
2.664059e+02
2.657134e+02
2.651222e+02
2.646172e+02
2.641874e+02
2.638253e+02
2.635214e+02
2.632724e+02
2.630691e+02
2.629084e+02
2.627868e+02
2.627045e+02
2.626605e+02
2.626559e+02
2.626869e+02
2.627579e+02
2.628696e+02
2.630290e+02
2.632432e+02
2.635148e+02
2.638528e+02
2.642641e+02
2.647654e+02
2.653728e+02
2.661054e+02
2.669800e+02
2.680246e+02
2.692672e+02
2.707567e+02
2.725397e+02
2.746703e+02
2.772137e+02
2.802469e+02
2.838751e+02
2.882155e+02
2.933991e+02
2.995648e+02
3.068632e+02
3.154553e+02
3.255006e+02
3.371099e+02
3.503333e+02
3.651141e+02
3.812889e+02
3.985611e+02
4.164635e+02
4.344765e+02
4.519306e+02
4.681779e+02
4.826781e+02
4.949435e+02
5.045214e+02
5.111339e+02
5.145623e+02
5.146999e+02
5.115168e+02
5.050068e+02
4.953110e+02
4.826591e+02
4.673961e+02
4.499980e+02
4.310943e+02
4.114009e+02
3.916922e+02
3.726361e+02
3.548138e+02
3.386434e+02
3.243209e+02
3.119057e+02
3.013341e+02
2.924584e+02
2.850802e+02
2.789861e+02
2.739721e+02
2.698541e+02
2.664730e+02
2.636949e+02
2.614091e+02
2.595252e+02
2.579697e+02
2.566831e+02
2.556174e+02
2.547336e+02
2.540004e+02
2.533922e+02
2.528884e+02
2.524722e+02
2.521300e+02
2.518508e+02
2.516258e+02
2.514480e+02
2.513119e+02
2.512132e+02
2.511491e+02
2.511175e+02
