2.500001e+02
2.500001e+02
2.500001e+02
2.500001e+02
2.500001e+02
2.500001e+02
2.500001e+02
2.500001e+02
2.500001e+02
2.500001e+02
2.500001e+02
2.500001e+02
2.500001e+02
2.500001e+02
2.500001e+02
2.500001e+02
2.500001e+02
2.500001e+02
2.500001e+02
2.500001e+02
2.500001e+02
2.500001e+02
2.500001e+02
2.500001e+02
2.500001e+02
2.500002e+02
2.500002e+02
2.500002e+02
2.500002e+02
2.500002e+02
2.500001e+02
2.500002e+02
2.500002e+02
2.500002e+02
2.500002e+02
2.500002e+02
2.500002e+02
2.500002e+02
2.500002e+02
2.500002e+02
2.500002e+02
2.500002e+02
2.500002e+02
2.500002e+02
2.500002e+02
2.500002e+02
2.500002e+02
2.500002e+02
2.500002e+02
2.500002e+02
2.500002e+02
2.500002e+02
2.500002e+02
2.500002e+02
2.500002e+02
2.500002e+02
2.500002e+02
2.500002e+02
2.500002e+02
2.500002e+02
2.500002e+02
2.500002e+02
2.500002e+02
2.500002e+02
2.500002e+02
2.500002e+02
2.500002e+02
2.500002e+02
2.500002e+02
2.500002e+02
2.500002e+02
2.500002e+02
2.500002e+02
2.500002e+02
2.500002e+02
2.500002e+02
2.500002e+02
2.500002e+02
2.500002e+02
2.500002e+02
2.500002e+02
2.500002e+02
2.500002e+02
2.500002e+02
2.500002e+02
2.500002e+02
2.500002e+02
2.500002e+02
2.500002e+02
2.500002e+02
2.500002e+02
2.500002e+02
2.500002e+02
2.500002e+02
2.500002e+02
2.500002e+02
2.500002e+02
2.500002e+02
2.500002e+02
2.500002e+02
2.500002e+02
2.500002e+02
2.500002e+02
2.500002e+02
2.500002e+02
2.500002e+02
2.500002e+02
2.500002e+02
2.500002e+02
2.500002e+02
2.500002e+02
2.500002e+02
2.500002e+02
2.500002e+02
2.500002e+02
2.500002e+02
2.500002e+02
2.500002e+02
2.500002e+02
2.500002e+02
2.500002e+02
2.500002e+02
2.500002e+02
2.500002e+02
2.500002e+02
2.500002e+02
2.500002e+02
2.500002e+02
2.500002e+02
2.500002e+02
2.500002e+02
2.500002e+02
2.500002e+02
2.500002e+02
2.500002e+02
2.500002e+02
2.500002e+02
2.500003e+02
2.500003e+02
2.500003e+02
2.500003e+02
2.500003e+02
2.500003e+02
2.500003e+02
2.500003e+02
2.500002e+02
2.500002e+02
2.500002e+02
2.500002e+02
2.500002e+02
2.500002e+02
2.500002e+02
2.500003e+02
2.500003e+02
2.500003e+02
2.500003e+02
2.500003e+02
2.500003e+02
2.500003e+02
2.500003e+02
2.500003e+02
2.500003e+02
2.500003e+02
2.500003e+02
2.500003e+02
2.500003e+02
2.500003e+02
2.500003e+02
2.500003e+02
2.500003e+02
2.500003e+02
2.500003e+02
2.500003e+02
2.500003e+02
2.500003e+02
2.500003e+02
2.500003e+02
2.500003e+02
2.500003e+02
2.500003e+02
2.500003e+02
2.500003e+02
2.500003e+02
2.500003e+02
2.500003e+02
2.500003e+02
2.500003e+02
2.500003e+02
2.500003e+02
2.500003e+02
2.500003e+02
2.500003e+02
2.500003e+02
2.500003e+02
2.500003e+02
2.500003e+02
2.500002e+02
2.500002e+02
2.500002e+02
2.500003e+02
2.500003e+02
2.500003e+02
2.500003e+02
2.500003e+02
2.500003e+02
2.500004e+02
2.500004e+02
2.500004e+02
2.500004e+02
2.500004e+02
2.500004e+02
2.500004e+02
2.500004e+02
2.500004e+02
2.500004e+02
2.500004e+02
2.500003e+02
2.500003e+02
2.500003e+02
2.500003e+02
2.500002e+02
2.500002e+02
2.500002e+02
2.500002e+02
2.500002e+02
2.500002e+02
2.500002e+02
2.500003e+02
2.500003e+02
2.500003e+02
2.500003e+02
2.500004e+02
2.500004e+02
2.500005e+02
2.500005e+02
2.500005e+02
2.500005e+02
2.500006e+02
2.500006e+02
2.500005e+02
2.500005e+02
2.500005e+02
2.500005e+02
2.500004e+02
2.500004e+02
2.500003e+02
2.500002e+02
2.500002e+02
2.500001e+02
2.500001e+02
2.500001e+02
2.500000e+02
2.500000e+02
2.500000e+02
2.500001e+02
2.500001e+02
2.500002e+02
2.500002e+02
2.500003e+02
2.500004e+02
2.500005e+02
2.500006e+02
2.500006e+02
2.500007e+02
2.500008e+02
2.500008e+02
2.500008e+02
2.500008e+02
2.500008e+02
2.500008e+02
2.500007e+02
2.500006e+02
2.500006e+02
2.500004e+02
2.500003e+02
2.500002e+02
2.500001e+02
2.500000e+02
2.499999e+02
2.499998e+02
2.499997e+02
2.499997e+02
2.499997e+02
2.499997e+02
2.499997e+02
2.499998e+02
2.499999e+02
2.500000e+02
2.500001e+02
2.500003e+02
2.500004e+02
2.500006e+02
2.500008e+02
2.500010e+02
2.500011e+02
2.500013e+02
2.500014e+02
2.500014e+02
2.500015e+02
2.500015e+02
2.500014e+02
2.500013e+02
2.500012e+02
2.500010e+02
2.500008e+02
2.500006e+02
2.500004e+02
2.500001e+02
2.499998e+02
2.499996e+02
2.499993e+02
2.499991e+02
2.499989e+02
2.499988e+02
2.499987e+02
2.499986e+02
2.499986e+02
2.499987e+02
2.499989e+02
2.499991e+02
2.499994e+02
2.499997e+02
2.500000e+02
2.500004e+02
2.500008e+02
2.500012e+02
2.500016e+02
2.500020e+02
2.500023e+02
2.500026e+02
2.500028e+02
2.500030e+02
2.500030e+02
2.500030e+02
2.500029e+02
2.500027e+02
2.500025e+02
2.500021e+02
2.500017e+02
2.500012e+02
2.500007e+02
2.500001e+02
2.499995e+02
2.499989e+02
2.499984e+02
2.499978e+02
2.499974e+02
2.499969e+02
2.499966e+02
2.499964e+02
2.499963e+02
2.499963e+02
2.499964e+02
2.499967e+02
2.499970e+02
2.499975e+02
2.499980e+02
2.499987e+02
2.499994e+02
2.500002e+02
2.500010e+02
2.500018e+02
2.500026e+02
2.500034e+02
2.500042e+02
2.500048e+02
2.500054e+02
2.500059e+02
2.500062e+02
2.500064e+02
2.500065e+02
2.500064e+02
2.500062e+02
2.500058e+02
2.500052e+02
2.500045e+02
2.500037e+02
2.500028e+02
2.500017e+02
2.500006e+02
2.499994e+02
2.499982e+02
2.499970e+02
2.499958e+02
2.499946e+02
2.499936e+02
2.499926e+02
2.499918e+02
2.499911e+02
2.499906e+02
2.499903e+02
2.499903e+02
2.499904e+02
2.499908e+02
2.499914e+02
2.499922e+02
2.499933e+02
2.499946e+02
2.499960e+02
2.499977e+02
2.499994e+02
2.500013e+02
2.500033e+02
2.500053e+02
2.500073e+02
2.500092e+02
2.500110e+02
2.500127e+02
2.500142e+02
2.500155e+02
2.500166e+02
2.500173e+02
2.500177e+02
2.500178e+02
2.500175e+02
2.500168e+02
2.500158e+02
2.500144e+02
2.500126e+02
2.500105e+02
2.500080e+02
2.500053e+02
2.500024e+02
2.499993e+02
2.499961e+02
2.499928e+02
2.499895e+02
2.499862e+02
2.499831e+02
2.499802e+02
2.499775e+02
2.499752e+02
2.499732e+02
2.499717e+02
2.499707e+02
2.499701e+02
2.499701e+02
2.499706e+02
2.499718e+02
2.499734e+02
2.499757e+02
2.499784e+02
2.499817e+02
2.499854e+02
2.499895e+02
2.499939e+02
2.499987e+02
2.500036e+02
2.500087e+02
2.500138e+02
2.500188e+02
2.500238e+02
2.500285e+02
2.500330e+02
2.500370e+02
2.500407e+02
2.500438e+02
2.500464e+02
2.500484e+02
2.500497e+02
2.500503e+02
2.500501e+02
2.500493e+02
2.500477e+02
2.500454e+02
2.500423e+02
2.500386e+02
2.500343e+02
2.500293e+02
2.500238e+02
2.500178e+02
2.500113e+02
2.500046e+02
2.499975e+02
2.499903e+02
2.499829e+02
2.499755e+02
2.499682e+02
2.499610e+02
2.499540e+02
2.499473e+02
2.499410e+02
2.499352e+02
2.499299e+02
2.499252e+02
2.499212e+02
2.499179e+02
2.499153e+02
2.499136e+02
2.499127e+02
2.499127e+02
2.499136e+02
2.499154e+02
2.499182e+02
2.499219e+02
2.499266e+02
2.499322e+02
2.499387e+02
2.499461e+02
2.499543e+02
2.499634e+02
2.499732e+02
2.499838e+02
2.499950e+02
2.500068e+02
2.500190e+02
2.500317e+02
2.500448e+02
2.500580e+02
2.500714e+02
2.500848e+02
2.500981e+02
2.501112e+02
2.501239e+02
2.501361e+02
2.501477e+02
2.501586e+02
2.501687e+02
2.501777e+02
2.501856e+02
2.501923e+02
2.501976e+02
2.502015e+02
2.502038e+02
2.502044e+02
2.502033e+02
2.502003e+02
2.501955e+02
2.501888e+02
2.501801e+02
2.501695e+02
2.501569e+02
2.501424e+02
2.501259e+02
2.501076e+02
2.500875e+02
2.500658e+02
2.500424e+02
2.500175e+02
2.499914e+02
2.499640e+02
2.499355e+02
2.499063e+02
2.498763e+02
2.498458e+02
2.498151e+02
2.497843e+02
2.497535e+02
2.497231e+02
2.496933e+02
2.496642e+02
2.496360e+02
2.496090e+02
2.495834e+02
2.495593e+02
2.495369e+02
2.495165e+02
2.494980e+02
2.494818e+02
2.494679e+02
2.494565e+02
2.494476e+02
2.494413e+02
2.494378e+02
2.494371e+02
2.494392e+02
2.494442e+02
2.494521e+02
2.494629e+02
2.494765e+02
2.494930e+02
2.495124e+02
2.495345e+02
2.495594e+02
2.495869e+02
2.496171e+02
2.496498e+02
2.496850e+02
2.497225e+02
2.497624e+02
2.498045e+02
2.498487e+02
2.498950e+02
2.499432e+02
2.499934e+02
2.500453e+02
2.500991e+02
2.501546e+02
2.502118e+02
2.502706e+02
2.503310e+02
2.503930e+02
2.504565e+02
2.505217e+02
2.505884e+02
2.506567e+02
2.507267e+02
2.507983e+02
2.508716e+02
2.509467e+02
2.510236e+02
2.511024e+02
2.511831e+02
2.512659e+02
2.513507e+02
2.514377e+02
2.515269e+02
2.516185e+02
2.517124e+02
2.518088e+02
2.519077e+02
2.520091e+02
2.521131e+02
2.522197e+02
2.523289e+02
2.524408e+02
2.525553e+02
2.526724e+02
2.527920e+02
2.529141e+02
2.530386e+02
2.531654e+02
2.532944e+02
2.534254e+02
2.535583e+02
2.536928e+02
2.538288e+02
2.539661e+02
2.541044e+02
2.542435e+02
2.543830e+02
2.545227e+02
2.546623e+02
2.548015e+02
2.549399e+02
2.550772e+02
2.552131e+02
2.553472e+02
2.554792e+02
2.556088e+02
2.557357e+02
2.558594e+02
2.559798e+02
2.560965e+02
2.562092e+02
2.563178e+02
2.564219e+02
2.565215e+02
2.566162e+02
2.567061e+02
2.567909e+02
2.568707e+02
2.569453e+02
2.570149e+02
2.570794e+02
2.571389e+02
2.571936e+02
2.572436e+02
2.572891e+02
2.573303e+02
2.573676e+02
2.574012e+02
2.574314e+02
2.574587e+02
2.574833e+02
2.575058e+02
2.575265e+02
2.575458e+02
2.575643e+02
2.575824e+02
2.576006e+02
2.576193e+02
2.576391e+02
2.576603e+02
2.576835e+02
2.577092e+02
2.577376e+02
2.577693e+02
2.578046e+02
2.578440e+02
2.578876e+02
2.579360e+02
2.579892e+02
2.580476e+02
2.581114e+02
2.581807e+02
2.582555e+02
2.583361e+02
2.584223e+02
2.585142e+02
2.586117e+02
2.587146e+02
2.588228e+02
2.589359e+02
2.590538e+02
2.591760e+02
2.593022e+02
2.594319e+02
2.595646e+02
2.596997e+02
2.598366e+02
2.599747e+02
2.601133e+02
2.602517e+02
2.603891e+02
2.605248e+02
2.606578e+02
2.607874e+02
2.609128e+02
2.610330e+02
2.611474e+02
2.612549e+02
2.613548e+02
2.614464e+02
2.615288e+02
2.616012e+02
2.616631e+02
2.617138e+02
2.617528e+02
2.617794e+02
2.617933e+02
2.617940e+02
2.617814e+02
2.617552e+02
2.617153e+02
2.616615e+02
2.615940e+02
2.615129e+02
2.614184e+02
2.613107e+02
2.611901e+02
2.610572e+02
2.609124e+02
2.607561e+02
2.605892e+02
2.604120e+02
2.602255e+02
2.600302e+02
2.598270e+02
2.596165e+02
2.593996e+02
2.591771e+02
2.589498e+02
2.587184e+02
2.584836e+02
2.582464e+02
2.580074e+02
2.577672e+02
2.575267e+02
2.572864e+02
2.570469e+02
2.568089e+02
2.565728e+02
2.563393e+02
2.561086e+02
2.558813e+02
2.556578e+02
2.554383e+02
2.552232e+02
2.550127e+02
2.548071e+02
2.546066e+02
2.544113e+02
2.542214e+02
2.540370e+02
2.538581e+02
2.536848e+02
2.535171e+02
2.533550e+02
2.531985e+02
2.530476e+02
2.529022e+02
2.527622e+02
2.526276e+02
2.524983e+02
2.523742e+02
2.522551e+02
2.521410e+02
2.520318e+02
2.519272e+02
2.518272e+02
2.517317e+02
2.516404e+02
2.515533e+02
2.514703e+02
2.513911e+02
2.513157e+02
2.512439e+02
2.511756e+02
2.511106e+02
2.510488e+02
2.509902e+02
2.509344e+02
2.508815e+02
2.508314e+02
2.507838e+02
2.507387e+02
2.506959e+02
2.506554e+02
2.506171e+02
2.505809e+02
2.505466e+02
2.505141e+02
2.504835e+02
2.504545e+02
2.504271e+02
2.504013e+02
2.503769e+02
2.503539e+02
2.503322e+02
2.503118e+02
2.502925e+02
2.502743e+02
2.502572e+02
2.502411e+02
2.502259e+02
2.502117e+02
2.501982e+02
2.501856e+02
2.501738e+02
2.501626e+02
2.501521e+02
2.501423e+02
2.501330e+02
2.501244e+02
2.501162e+02
2.501086e+02
2.501014e+02
2.500947e+02
2.500884e+02
2.500825e+02
2.500770e+02
2.500718e+02
2.500670e+02
2.500625e+02
2.500582e+02
2.500543e+02
2.500506e+02
2.500471e+02
2.500439e+02
2.500408e+02
2.500380e+02
2.500354e+02
2.500329e+02
2.500306e+02
2.500285e+02
2.500265e+02
2.500246e+02
2.500228e+02
2.500212e+02
2.500197e+02
2.500183e+02
2.500170e+02
2.500158e+02
2.500146e+02
2.500136e+02
2.500126e+02
2.500117e+02
2.500108e+02
2.500101e+02
2.500093e+02
2.500086e+02
2.500080e+02
2.500074e+02
2.500069e+02
2.500064e+02
2.500059e+02
2.500055e+02
2.500051e+02
2.500047e+02
2.500043e+02
2.500040e+02
2.500037e+02
2.500035e+02
2.500032e+02
2.500030e+02
2.500027e+02
2.500025e+02
2.500024e+02
2.500022e+02
2.500020e+02
2.500019e+02
2.500017e+02
2.500016e+02
2.500015e+02
2.500014e+02
2.500013e+02
2.500012e+02
2.500011e+02
2.500010e+02
2.500010e+02
2.500009e+02
2.500009e+02
2.500008e+02
2.500007e+02
2.500007e+02
2.500007e+02
2.500006e+02
2.500006e+02
2.500005e+02
2.500005e+02
2.500005e+02
2.500005e+02
2.500004e+02
2.500004e+02
2.500004e+02
2.500004e+02
2.500004e+02
2.500003e+02
2.500003e+02
2.500003e+02
2.500003e+02
2.500003e+02
2.500003e+02
2.500003e+02
2.500003e+02
2.500003e+02
2.500003e+02
2.500003e+02
2.500003e+02
2.500002e+02
2.500002e+02
2.500002e+02
2.500002e+02
2.500002e+02
2.500002e+02
2.500002e+02
2.500002e+02
2.500002e+02
2.500002e+02
2.500002e+02
2.500002e+02
2.500002e+02
2.500002e+02
2.500002e+02
2.500002e+02
2.500002e+02
2.500002e+02
2.500002e+02
2.500002e+02
2.500002e+02
2.500002e+02
2.500002e+02
2.500002e+02
2.500002e+02
2.500002e+02
2.500002e+02
2.500002e+02
2.500002e+02
2.500002e+02
2.500002e+02
2.500002e+02
2.500002e+02
2.500002e+02
2.500002e+02
2.500002e+02
2.500002e+02
2.500002e+02
2.500002e+02
2.500002e+02
2.500002e+02
2.500002e+02
2.500002e+02
2.500002e+02
2.500002e+02
2.500002e+02
2.500002e+02
2.500002e+02
2.500002e+02
2.500002e+02
2.500002e+02
2.500002e+02
2.500002e+02
2.500002e+02
2.500002e+02
2.500002e+02
2.500002e+02
2.500002e+02
2.500002e+02
2.500002e+02
2.500002e+02
2.500002e+02
2.500002e+02
2.500002e+02
2.500002e+02
2.500002e+02
2.500002e+02
2.500002e+02
2.500002e+02
2.500002e+02
2.500002e+02
2.500002e+02
2.500002e+02
2.500002e+02
2.500002e+02
2.500002e+02
2.500002e+02
2.500002e+02
2.500002e+02
2.500002e+02
