2.500009e+02
2.500009e+02
2.500009e+02
2.500009e+02
2.500009e+02
2.500009e+02
2.500009e+02
2.500009e+02
2.500009e+02
2.500009e+02
2.500009e+02
2.500009e+02
2.500009e+02
2.500009e+02
2.500010e+02
2.500010e+02
2.500010e+02
2.500010e+02
2.500010e+02
2.500010e+02
2.500010e+02
2.500010e+02
2.500010e+02
2.500009e+02
2.500010e+02
2.500010e+02
2.500010e+02
2.500009e+02
2.500009e+02
2.500010e+02
2.500010e+02
2.500009e+02
2.500009e+02
2.500010e+02
2.500010e+02
2.500010e+02
2.500010e+02
2.500010e+02
2.500010e+02
2.500010e+02
2.500010e+02
2.500009e+02
2.500009e+02
2.500010e+02
2.500010e+02
2.500010e+02
2.500010e+02
2.500010e+02
2.500010e+02
2.500009e+02
2.500009e+02
2.500010e+02
2.500010e+02
2.500010e+02
2.500010e+02
2.500010e+02
2.500010e+02
2.500010e+02
2.500010e+02
2.500010e+02
2.500010e+02
2.500010e+02
2.500010e+02
2.500010e+02
2.500010e+02
2.500010e+02
2.500010e+02
2.500010e+02
2.500010e+02
2.500010e+02
2.500010e+02
2.500010e+02
2.500010e+02
2.500010e+02
2.500010e+02
2.500010e+02
2.500010e+02
2.500009e+02
2.500009e+02
2.500010e+02
2.500010e+02
2.500010e+02
2.500010e+02
2.500010e+02
2.500010e+02
2.500010e+02
2.500010e+02
2.500010e+02
2.500010e+02
2.500010e+02
2.500010e+02
2.500010e+02
2.500010e+02
2.500010e+02
2.500010e+02
2.500010e+02
2.500010e+02
2.500010e+02
2.500010e+02
2.500010e+02
2.500010e+02
2.500010e+02
2.500010e+02
2.500010e+02
2.500010e+02
2.500011e+02
2.500011e+02
2.500011e+02
2.500011e+02
2.500011e+02
2.500011e+02
2.500011e+02
2.500010e+02
2.500010e+02
2.500010e+02
2.500010e+02
2.500010e+02
2.500010e+02
2.500010e+02
2.500010e+02
2.500010e+02
2.500010e+02
2.500010e+02
2.500010e+02
2.500011e+02
2.500011e+02
2.500011e+02
2.500011e+02
2.500011e+02
2.500011e+02
2.500011e+02
2.500011e+02
2.500011e+02
2.500011e+02
2.500011e+02
2.500011e+02
2.500010e+02
2.500010e+02
2.500010e+02
2.500010e+02
2.500009e+02
2.500009e+02
2.500010e+02
2.500010e+02
2.500010e+02
2.500011e+02
2.500012e+02
2.500012e+02
2.500012e+02
2.500013e+02
2.500013e+02
2.500013e+02
2.500012e+02
2.500012e+02
2.500012e+02
2.500011e+02
2.500010e+02
2.500010e+02
2.500009e+02
2.500009e+02
2.500009e+02
2.500009e+02
2.500009e+02
2.500009e+02
2.500010e+02
2.500010e+02
2.500011e+02
2.500012e+02
2.500013e+02
2.500013e+02
2.500014e+02
2.500014e+02
2.500014e+02
2.500014e+02
2.500014e+02
2.500014e+02
2.500013e+02
2.500012e+02
2.500011e+02
2.500011e+02
2.500010e+02
2.500009e+02
2.500008e+02
2.500008e+02
2.500007e+02
2.500007e+02
2.500008e+02
2.500008e+02
2.500009e+02
2.500010e+02
2.500011e+02
2.500012e+02
2.500014e+02
2.500015e+02
2.500016e+02
2.500017e+02
2.500017e+02
2.500017e+02
2.500017e+02
2.500017e+02
2.500016e+02
2.500014e+02
2.500013e+02
2.500011e+02
2.500009e+02
2.500007e+02
2.500006e+02
2.500005e+02
2.500004e+02
2.500004e+02
2.500004e+02
2.500004e+02
2.500005e+02
2.500007e+02
2.500009e+02
2.500011e+02
2.500013e+02
2.500016e+02
2.500018e+02
2.500020e+02
2.500022e+02
2.500023e+02
2.500023e+02
2.500023e+02
2.500022e+02
2.500021e+02
2.500019e+02
2.500017e+02
2.500014e+02
2.500010e+02
2.500007e+02
2.500004e+02
2.500001e+02
2.499999e+02
2.499997e+02
2.499996e+02
2.499996e+02
2.499996e+02
2.499998e+02
2.500000e+02
2.500003e+02
2.500007e+02
2.500011e+02
2.500016e+02
2.500020e+02
2.500025e+02
2.500028e+02
2.500032e+02
2.500034e+02
2.500035e+02
2.500035e+02
2.500034e+02
2.500032e+02
2.500028e+02
2.500024e+02
2.500019e+02
2.500013e+02
2.500007e+02
2.500001e+02
2.499995e+02
2.499990e+02
2.499985e+02
2.499982e+02
2.499980e+02
2.499980e+02
2.499981e+02
2.499984e+02
2.499989e+02
2.499994e+02
2.500001e+02
2.500008e+02
2.500016e+02
2.500024e+02
2.500032e+02
2.500039e+02
2.500045e+02
2.500050e+02
2.500053e+02
2.500055e+02
2.500055e+02
2.500053e+02
2.500049e+02
2.500043e+02
2.500036e+02
2.500027e+02
2.500018e+02
2.500008e+02
2.499998e+02
2.499989e+02
2.499980e+02
2.499972e+02
2.499965e+02
2.499960e+02
2.499957e+02
2.499956e+02
2.499957e+02
2.499960e+02
2.499966e+02
2.499973e+02
2.499982e+02
2.499993e+02
2.500005e+02
2.500017e+02
2.500030e+02
2.500042e+02
2.500054e+02
2.500065e+02
2.500075e+02
2.500082e+02
2.500088e+02
2.500090e+02
2.500091e+02
2.500088e+02
2.500083e+02
2.500075e+02
2.500064e+02
2.500051e+02
2.500036e+02
2.500019e+02
2.500002e+02
2.499984e+02
2.499966e+02
2.499949e+02
2.499933e+02
2.499919e+02
2.499907e+02
2.499899e+02
2.499894e+02
2.499893e+02
2.499896e+02
2.499903e+02
2.499914e+02
2.499930e+02
2.499948e+02
2.499970e+02
2.499995e+02
2.500021e+02
2.500048e+02
2.500076e+02
2.500103e+02
2.500128e+02
2.500150e+02
2.500169e+02
2.500183e+02
2.500192e+02
2.500196e+02
2.500194e+02
2.500186e+02
2.500172e+02
2.500151e+02
2.500125e+02
2.500095e+02
2.500060e+02
2.500022e+02
2.499983e+02
2.499942e+02
2.499902e+02
2.499864e+02
2.499829e+02
2.499799e+02
2.499773e+02
2.499755e+02
2.499743e+02
2.499740e+02
2.499745e+02
2.499758e+02
2.499779e+02
2.499808e+02
2.499844e+02
2.499887e+02
2.499934e+02
2.499986e+02
2.500040e+02
2.500095e+02
2.500149e+02
2.500201e+02
2.500249e+02
2.500291e+02
2.500328e+02
2.500356e+02
2.500375e+02
2.500385e+02
2.500385e+02
2.500375e+02
2.500355e+02
2.500325e+02
2.500286e+02
2.500238e+02
2.500184e+02
2.500124e+02
2.500060e+02
2.499993e+02
2.499926e+02
2.499859e+02
2.499794e+02
2.499734e+02
2.499679e+02
2.499631e+02
2.499591e+02
2.499561e+02
2.499540e+02
2.499530e+02
2.499531e+02
2.499543e+02
2.499565e+02
2.499597e+02
2.499639e+02
2.499690e+02
2.499749e+02
2.499813e+02
2.499884e+02
2.499957e+02
2.500034e+02
2.500110e+02
2.500187e+02
2.500261e+02
2.500331e+02
2.500396e+02
2.500456e+02
2.500508e+02
2.500552e+02
2.500587e+02
2.500612e+02
2.500627e+02
2.500631e+02
2.500625e+02
2.500608e+02
2.500580e+02
2.500542e+02
2.500495e+02
2.500438e+02
2.500373e+02
2.500300e+02
2.500220e+02
2.500134e+02
2.500044e+02
2.499950e+02
2.499854e+02
2.499758e+02
2.499661e+02
2.499567e+02
2.499476e+02
2.499390e+02
2.499310e+02
2.499237e+02
2.499174e+02
2.499120e+02
2.499078e+02
2.499049e+02
2.499033e+02
2.499031e+02
2.499044e+02
2.499073e+02
2.499118e+02
2.499178e+02
2.499255e+02
2.499346e+02
2.499453e+02
2.499573e+02
2.499707e+02
2.499851e+02
2.500005e+02
2.500167e+02
2.500335e+02
2.500506e+02
2.500678e+02
2.500848e+02
2.501014e+02
2.501172e+02
2.501320e+02
2.501456e+02
2.501575e+02
2.501677e+02
2.501758e+02
2.501816e+02
2.501849e+02
2.501857e+02
2.501836e+02
2.501788e+02
2.501710e+02
2.501604e+02
2.501469e+02
2.501307e+02
2.501118e+02
2.500905e+02
2.500670e+02
2.500416e+02
2.500145e+02
2.499861e+02
2.499567e+02
2.499268e+02
2.498968e+02
2.498670e+02
2.498379e+02
2.498099e+02
2.497835e+02
2.497590e+02
2.497369e+02
2.497175e+02
2.497011e+02
2.496881e+02
2.496787e+02
2.496732e+02
2.496717e+02
2.496742e+02
2.496810e+02
2.496920e+02
2.497072e+02
2.497264e+02
2.497496e+02
2.497764e+02
2.498068e+02
2.498403e+02
2.498767e+02
2.499155e+02
2.499563e+02
2.499987e+02
2.500423e+02
2.500865e+02
2.501309e+02
2.501748e+02
2.502180e+02
2.502598e+02
2.502998e+02
2.503375e+02
2.503725e+02
2.504044e+02
2.504329e+02
2.504576e+02
2.504783e+02
2.504946e+02
2.505065e+02
2.505139e+02
2.505165e+02
2.505145e+02
2.505078e+02
2.504965e+02
2.504807e+02
2.504607e+02
2.504365e+02
2.504084e+02
2.503768e+02
2.503419e+02
2.503040e+02
2.502635e+02
2.502207e+02
2.501760e+02
2.501298e+02
2.500824e+02
2.500342e+02
2.499856e+02
2.499368e+02
2.498883e+02
2.498402e+02
2.497929e+02
2.497467e+02
2.497017e+02
2.496582e+02
2.496163e+02
2.495762e+02
2.495380e+02
2.495017e+02
2.494676e+02
2.494355e+02
2.494055e+02
2.493777e+02
2.493519e+02
2.493282e+02
2.493065e+02
2.492867e+02
2.492688e+02
2.492527e+02
2.492383e+02
2.492256e+02
2.492145e+02
2.492049e+02
2.491967e+02
2.491899e+02
2.491845e+02
2.491805e+02
2.491777e+02
2.491763e+02
2.491763e+02
2.491776e+02
2.491805e+02
2.491848e+02
2.491908e+02
2.491986e+02
2.492083e+02
2.492200e+02
2.492339e+02
2.492503e+02
2.492692e+02
2.492910e+02
2.493159e+02
2.493440e+02
2.493757e+02
2.494111e+02
2.494506e+02
2.494944e+02
2.495428e+02
2.495959e+02
2.496542e+02
2.497177e+02
2.497867e+02
2.498615e+02
2.499423e+02
2.500292e+02
2.501225e+02
2.502222e+02
2.503286e+02
2.504417e+02
2.505616e+02
2.506884e+02
2.508220e+02
2.509626e+02
2.511101e+02
2.512643e+02
2.514252e+02
2.515926e+02
2.517663e+02
2.519462e+02
2.521319e+02
2.523232e+02
2.525196e+02
2.527209e+02
2.529266e+02
2.531361e+02
2.533491e+02
2.535650e+02
2.537832e+02
2.540030e+02
2.542240e+02
2.544453e+02
2.546664e+02
2.548866e+02
2.551050e+02
2.553211e+02
2.555341e+02
2.557433e+02
2.559479e+02
2.561474e+02
2.563411e+02
2.565283e+02
2.567084e+02
2.568810e+02
2.570454e+02
2.572014e+02
2.573483e+02
2.574861e+02
2.576144e+02
2.577330e+02
2.578419e+02
2.579410e+02
2.580304e+02
2.581103e+02
2.581808e+02
2.582423e+02
2.582952e+02
2.583400e+02
2.583771e+02
2.584072e+02
2.584309e+02
2.584490e+02
2.584624e+02
2.584717e+02
2.584779e+02
2.584820e+02
2.584848e+02
2.584874e+02
2.584908e+02
2.584959e+02
2.585037e+02
2.585153e+02
2.585317e+02
2.585539e+02
2.585827e+02
2.586193e+02
2.586644e+02
2.587190e+02
2.587839e+02
2.588599e+02
2.589477e+02
2.590480e+02
2.591614e+02
2.592885e+02
2.594298e+02
2.595855e+02
2.597561e+02
2.599416e+02
2.601424e+02
2.603582e+02
2.605891e+02
2.608348e+02
2.610949e+02
2.613689e+02
2.616563e+02
2.619562e+02
2.622678e+02
2.625899e+02
2.629213e+02
2.632608e+02
2.636067e+02
2.639574e+02
2.643111e+02
2.646659e+02
2.650196e+02
2.653702e+02
2.657153e+02
2.660526e+02
2.663797e+02
2.666942e+02
2.669936e+02
2.672756e+02
2.675377e+02
2.677776e+02
2.679931e+02
2.681823e+02
2.683432e+02
2.684741e+02
2.685736e+02
2.686404e+02
2.686736e+02
2.686725e+02
2.686367e+02
2.685660e+02
2.684606e+02
2.683211e+02
2.681481e+02
2.679426e+02
2.677059e+02
2.674395e+02
2.671450e+02
2.668243e+02
2.664795e+02
2.661127e+02
2.657261e+02
2.653220e+02
2.649028e+02
2.644708e+02
2.640284e+02
2.635777e+02
2.631211e+02
2.626606e+02
2.621984e+02
2.617362e+02
2.612760e+02
2.608193e+02
2.603677e+02
2.599225e+02
2.594851e+02
2.590563e+02
2.586373e+02
2.582289e+02
2.578316e+02
2.574462e+02
2.570729e+02
2.567123e+02
2.563644e+02
2.560295e+02
2.557076e+02
2.553987e+02
2.551028e+02
2.548196e+02
2.545491e+02
2.542910e+02
2.540449e+02
2.538107e+02
2.535880e+02
2.533765e+02
2.531757e+02
2.529853e+02
2.528050e+02
2.526343e+02
2.524729e+02
2.523203e+02
2.521763e+02
2.520403e+02
2.519121e+02
2.517913e+02
2.516774e+02
2.515703e+02
2.514694e+02
2.513746e+02
2.512855e+02
2.512017e+02
2.511231e+02
2.510493e+02
2.509800e+02
2.509151e+02
2.508542e+02
2.507971e+02
2.507436e+02
2.506936e+02
2.506467e+02
2.506028e+02
2.505618e+02
2.505234e+02
2.504875e+02
2.504540e+02
2.504226e+02
2.503933e+02
2.503660e+02
2.503405e+02
2.503167e+02
2.502945e+02
2.502737e+02
2.502544e+02
2.502364e+02
2.502196e+02
2.502039e+02
2.501893e+02
2.501758e+02
2.501631e+02
2.501514e+02
2.501404e+02
2.501302e+02
2.501207e+02
2.501119e+02
2.501037e+02
2.500961e+02
2.500890e+02
2.500825e+02
2.500764e+02
2.500707e+02
2.500654e+02
2.500605e+02
2.500560e+02
2.500518e+02
2.500479e+02
2.500443e+02
2.500409e+02
2.500378e+02
2.500350e+02
2.500323e+02
2.500298e+02
2.500275e+02
2.500254e+02
2.500235e+02
2.500217e+02
2.500200e+02
2.500184e+02
2.500170e+02
2.500157e+02
2.500145e+02
2.500133e+02
2.500123e+02
2.500113e+02
2.500104e+02
2.500096e+02
2.500089e+02
2.500082e+02
2.500075e+02
2.500069e+02
2.500064e+02
2.500059e+02
2.500054e+02
2.500050e+02
2.500046e+02
2.500042e+02
2.500039e+02
2.500036e+02
2.500033e+02
2.500030e+02
2.500028e+02
2.500026e+02
2.500024e+02
2.500022e+02
2.500020e+02
2.500019e+02
2.500017e+02
2.500016e+02
2.500015e+02
2.500014e+02
2.500013e+02
2.500012e+02
2.500011e+02
2.500010e+02
2.500009e+02
2.500009e+02
2.500008e+02
2.500008e+02
2.500007e+02
2.500007e+02
2.500006e+02
2.500006e+02
2.500006e+02
2.500005e+02
2.500005e+02
2.500005e+02
2.500005e+02
2.500004e+02
2.500004e+02
2.500004e+02
2.500004e+02
2.500004e+02
2.500004e+02
2.500003e+02
2.500003e+02
2.500003e+02
2.500003e+02
2.500003e+02
2.500003e+02
2.500003e+02
2.500003e+02
2.500003e+02
2.500003e+02
2.500003e+02
2.500003e+02
2.500003e+02
2.500003e+02
2.500003e+02
2.500003e+02
2.500003e+02
2.500003e+02
2.500003e+02
2.500002e+02
2.500002e+02
2.500002e+02
2.500002e+02
2.500002e+02
2.500002e+02
2.500002e+02
2.500002e+02
2.500002e+02
2.500002e+02
2.500002e+02
2.500002e+02
2.500002e+02
2.500002e+02
2.500002e+02
2.500002e+02
2.500003e+02
2.500003e+02
2.500003e+02
2.500003e+02
2.500003e+02
2.500003e+02
2.500003e+02
2.500003e+02
2.500003e+02
2.500003e+02
2.500003e+02
2.500003e+02
2.500003e+02
2.500003e+02
2.500003e+02
2.500003e+02
2.500003e+02
2.500003e+02
2.500003e+02
2.500003e+02
2.500003e+02
2.500003e+02
2.500003e+02
2.500003e+02
2.500003e+02
2.500003e+02
2.500003e+02
2.500003e+02
2.500003e+02
2.500003e+02
2.500003e+02
2.500003e+02
2.500003e+02
2.500003e+02
2.500003e+02
2.500003e+02
2.500003e+02
2.500003e+02
2.500003e+02
2.500003e+02
2.500003e+02
2.500003e+02
2.500003e+02
2.500003e+02
2.500003e+02
2.500003e+02
2.500003e+02
2.500003e+02
2.500003e+02
2.500003e+02
2.500003e+02
2.500003e+02
2.500003e+02
2.500003e+02
2.500003e+02
2.500003e+02
2.500003e+02
2.500003e+02
2.500003e+02
2.500003e+02
2.500003e+02
2.500003e+02
2.500003e+02
2.500003e+02
2.500003e+02
2.500003e+02
2.500003e+02
2.500003e+02
