2.500033e+02
2.500033e+02
2.500033e+02
2.500033e+02
2.500033e+02
2.500034e+02
2.500034e+02
2.500034e+02
2.500034e+02
2.500033e+02
2.500033e+02
2.500033e+02
2.500033e+02
2.500033e+02
2.500033e+02
2.500034e+02
2.500034e+02
2.500034e+02
2.500033e+02
2.500033e+02
2.500034e+02
2.500035e+02
2.500034e+02
2.500033e+02
2.500033e+02
2.500033e+02
2.500033e+02
2.500033e+02
2.500033e+02
2.500034e+02
2.500034e+02
2.500034e+02
2.500034e+02
2.500033e+02
2.500033e+02
2.500033e+02
2.500034e+02
2.500034e+02
2.500034e+02
2.500033e+02
2.500033e+02
2.500032e+02
2.500032e+02
2.500033e+02
2.500034e+02
2.500035e+02
2.500035e+02
2.500035e+02
2.500035e+02
2.500034e+02
2.500033e+02
2.500033e+02
2.500033e+02
2.500033e+02
2.500034e+02
2.500034e+02
2.500034e+02
2.500034e+02
2.500033e+02
2.500033e+02
2.500033e+02
2.500033e+02
2.500034e+02
2.500035e+02
2.500036e+02
2.500036e+02
2.500035e+02
2.500035e+02
2.500034e+02
2.500033e+02
2.500032e+02
2.500032e+02
2.500032e+02
2.500032e+02
2.500033e+02
2.500034e+02
2.500035e+02
2.500035e+02
2.500035e+02
2.500035e+02
2.500035e+02
2.500035e+02
2.500034e+02
2.500034e+02
2.500034e+02
2.500034e+02
2.500034e+02
2.500034e+02
2.500034e+02
2.500033e+02
2.500033e+02
2.500032e+02
2.500032e+02
2.500032e+02
2.500033e+02
2.500033e+02
2.500035e+02
2.500036e+02
2.500037e+02
2.500038e+02
2.500039e+02
2.500038e+02
2.500038e+02
2.500036e+02
2.500034e+02
2.500033e+02
2.500031e+02
2.500030e+02
2.500029e+02
2.500029e+02
2.500030e+02
2.500031e+02
2.500033e+02
2.500035e+02
2.500037e+02
2.500039e+02
2.500040e+02
2.500040e+02
2.500040e+02
2.500040e+02
2.500039e+02
2.500037e+02
2.500036e+02
2.500034e+02
2.500032e+02
2.500031e+02
2.500029e+02
2.500029e+02
2.500028e+02
2.500028e+02
2.500029e+02
2.500031e+02
2.500032e+02
2.500034e+02
2.500037e+02
2.500039e+02
2.500041e+02
2.500043e+02
2.500044e+02
2.500044e+02
2.500044e+02
2.500043e+02
2.500040e+02
2.500037e+02
2.500034e+02
2.500031e+02
2.500027e+02
2.500025e+02
2.500023e+02
2.500022e+02
2.500022e+02
2.500023e+02
2.500026e+02
2.500030e+02
2.500034e+02
2.500039e+02
2.500044e+02
2.500048e+02
2.500051e+02
2.500053e+02
2.500054e+02
2.500053e+02
2.500050e+02
2.500046e+02
2.500041e+02
2.500035e+02
2.500029e+02
2.500024e+02
2.500018e+02
2.500014e+02
2.500012e+02
2.500011e+02
2.500013e+02
2.500016e+02
2.500021e+02
2.500027e+02
2.500034e+02
2.500042e+02
2.500050e+02
2.500056e+02
2.500062e+02
2.500066e+02
2.500067e+02
2.500067e+02
2.500064e+02
2.500058e+02
2.500051e+02
2.500043e+02
2.500033e+02
2.500023e+02
2.500014e+02
2.500006e+02
2.500000e+02
2.499996e+02
2.499995e+02
2.499997e+02
2.500002e+02
2.500009e+02
2.500018e+02
2.500029e+02
2.500041e+02
2.500053e+02
2.500064e+02
2.500073e+02
2.500081e+02
2.500085e+02
2.500087e+02
2.500085e+02
2.500079e+02
2.500071e+02
2.500061e+02
2.500048e+02
2.500034e+02
2.500021e+02
2.500007e+02
2.499995e+02
2.499986e+02
2.499979e+02
2.499975e+02
2.499975e+02
2.499979e+02
2.499986e+02
2.499996e+02
2.500009e+02
2.500023e+02
2.500039e+02
2.500055e+02
2.500071e+02
2.500085e+02
2.500097e+02
2.500106e+02
2.500112e+02
2.500114e+02
2.500111e+02
2.500105e+02
2.500095e+02
2.500081e+02
2.500064e+02
2.500045e+02
2.500025e+02
2.500005e+02
2.499985e+02
2.499967e+02
2.499952e+02
2.499940e+02
2.499933e+02
2.499930e+02
2.499934e+02
2.499942e+02
2.499956e+02
2.499975e+02
2.499997e+02
2.500024e+02
2.500052e+02
2.500081e+02
2.500109e+02
2.500136e+02
2.500158e+02
2.500176e+02
2.500187e+02
2.500192e+02
2.500188e+02
2.500177e+02
2.500158e+02
2.500131e+02
2.500098e+02
2.500061e+02
2.500020e+02
2.499977e+02
2.499936e+02
2.499897e+02
2.499864e+02
2.499838e+02
2.499820e+02
2.499812e+02
2.499816e+02
2.499830e+02
2.499856e+02
2.499891e+02
2.499936e+02
2.499987e+02
2.500043e+02
2.500102e+02
2.500159e+02
2.500213e+02
2.500261e+02
2.500300e+02
2.500328e+02
2.500343e+02
2.500344e+02
2.500330e+02
2.500302e+02
2.500261e+02
2.500207e+02
2.500144e+02
2.500074e+02
2.500000e+02
2.499925e+02
2.499853e+02
2.499787e+02
2.499730e+02
2.499685e+02
2.499655e+02
2.499641e+02
2.499644e+02
2.499664e+02
2.499700e+02
2.499753e+02
2.499818e+02
2.499895e+02
2.499979e+02
2.500067e+02
2.500156e+02
2.500242e+02
2.500320e+02
2.500389e+02
2.500445e+02
2.500485e+02
2.500508e+02
2.500512e+02
2.500498e+02
2.500465e+02
2.500416e+02
2.500351e+02
2.500273e+02
2.500186e+02
2.500092e+02
2.499995e+02
2.499899e+02
2.499807e+02
2.499722e+02
2.499648e+02
2.499587e+02
2.499541e+02
2.499513e+02
2.499502e+02
2.499509e+02
2.499534e+02
2.499576e+02
2.499633e+02
2.499704e+02
2.499785e+02
2.499875e+02
2.499970e+02
2.500068e+02
2.500165e+02
2.500259e+02
2.500346e+02
2.500424e+02
2.500492e+02
2.500547e+02
2.500587e+02
2.500613e+02
2.500623e+02
2.500617e+02
2.500595e+02
2.500558e+02
2.500507e+02
2.500444e+02
2.500369e+02
2.500284e+02
2.500192e+02
2.500095e+02
2.499994e+02
2.499892e+02
2.499792e+02
2.499695e+02
2.499604e+02
2.499520e+02
2.499447e+02
2.499385e+02
2.499336e+02
2.499302e+02
2.499285e+02
2.499284e+02
2.499301e+02
2.499337e+02
2.499390e+02
2.499461e+02
2.499549e+02
2.499652e+02
2.499770e+02
2.499900e+02
2.500039e+02
2.500185e+02
2.500334e+02
2.500484e+02
2.500631e+02
2.500770e+02
2.500898e+02
2.501012e+02
2.501107e+02
2.501181e+02
2.501230e+02
2.501253e+02
2.501245e+02
2.501208e+02
2.501139e+02
2.501039e+02
2.500909e+02
2.500750e+02
2.500566e+02
2.500359e+02
2.500134e+02
2.499896e+02
2.499649e+02
2.499401e+02
2.499156e+02
2.498921e+02
2.498702e+02
2.498506e+02
2.498339e+02
2.498205e+02
2.498110e+02
2.498057e+02
2.498050e+02
2.498090e+02
2.498179e+02
2.498316e+02
2.498500e+02
2.498728e+02
2.498996e+02
2.499299e+02
2.499632e+02
2.499987e+02
2.500357e+02
2.500734e+02
2.501108e+02
2.501472e+02
2.501816e+02
2.502131e+02
2.502410e+02
2.502645e+02
2.502830e+02
2.502958e+02
2.503025e+02
2.503028e+02
2.502965e+02
2.502835e+02
2.502641e+02
2.502385e+02
2.502070e+02
2.501703e+02
2.501290e+02
2.500839e+02
2.500359e+02
2.499859e+02
2.499349e+02
2.498841e+02
2.498344e+02
2.497868e+02
2.497425e+02
2.497024e+02
2.496672e+02
2.496379e+02
2.496150e+02
2.495992e+02
2.495909e+02
2.495902e+02
2.495974e+02
2.496123e+02
2.496349e+02
2.496648e+02
2.497014e+02
2.497443e+02
2.497927e+02
2.498457e+02
2.499024e+02
2.499619e+02
2.500230e+02
2.500847e+02
2.501459e+02
2.502054e+02
2.502623e+02
2.503155e+02
2.503641e+02
2.504072e+02
2.504440e+02
2.504739e+02
2.504964e+02
2.505110e+02
2.505176e+02
2.505160e+02
2.505063e+02
2.504886e+02
2.504632e+02
2.504307e+02
2.503914e+02
2.503462e+02
2.502956e+02
2.502406e+02
2.501820e+02
2.501208e+02
2.500578e+02
2.499940e+02
2.499303e+02
2.498677e+02
2.498070e+02
2.497490e+02
2.496945e+02
2.496442e+02
2.495986e+02
2.495584e+02
2.495239e+02
2.494954e+02
2.494732e+02
2.494574e+02
2.494481e+02
2.494453e+02
2.494487e+02
2.494583e+02
2.494737e+02
2.494946e+02
2.495206e+02
2.495513e+02
2.495862e+02
2.496247e+02
2.496664e+02
2.497107e+02
2.497571e+02
2.498051e+02
2.498540e+02
2.499035e+02
2.499530e+02
2.500021e+02
2.500504e+02
2.500976e+02
2.501432e+02
2.501871e+02
2.502290e+02
2.502687e+02
2.503061e+02
2.503411e+02
2.503736e+02
2.504035e+02
2.504309e+02
2.504559e+02
2.504783e+02
2.504984e+02
2.505162e+02
2.505318e+02
2.505452e+02
2.505566e+02
2.505660e+02
2.505735e+02
2.505791e+02
2.505829e+02
2.505848e+02
2.505848e+02
2.505830e+02
2.505792e+02
2.505734e+02
2.505655e+02
2.505553e+02
2.505426e+02
2.505275e+02
2.505096e+02
2.504889e+02
2.504650e+02
2.504380e+02
2.504075e+02
2.503734e+02
2.503357e+02
2.502941e+02
2.502485e+02
2.501990e+02
2.501453e+02
2.500876e+02
2.500258e+02
2.499600e+02
2.498903e+02
2.498168e+02
2.497398e+02
2.496593e+02
2.495757e+02
2.494893e+02
2.494004e+02
2.493093e+02
2.492166e+02
2.491225e+02
2.490276e+02
2.489323e+02
2.488371e+02
2.487427e+02
2.486494e+02
2.485578e+02
2.484686e+02
2.483821e+02
2.482991e+02
2.482200e+02
2.481454e+02
2.480759e+02
2.480118e+02
2.479539e+02
2.479025e+02
2.478581e+02
2.478212e+02
2.477923e+02
2.477717e+02
2.477598e+02
2.477571e+02
2.477639e+02
2.477805e+02
2.478071e+02
2.478441e+02
2.478918e+02
2.479502e+02
2.480197e+02
2.481004e+02
2.481924e+02
2.482959e+02
2.484108e+02
2.485373e+02
2.486753e+02
2.488248e+02
2.489858e+02
2.491581e+02
2.493416e+02
2.495361e+02
2.497414e+02
2.499573e+02
2.501833e+02
2.504192e+02
2.506645e+02
2.509188e+02
2.511816e+02
2.514523e+02
2.517303e+02
2.520149e+02
2.523055e+02
2.526013e+02
2.529013e+02
2.532048e+02
2.535109e+02
2.538185e+02
2.541267e+02
2.544344e+02
2.547406e+02
2.550441e+02
2.553439e+02
2.556388e+02
2.559276e+02
2.562093e+02
2.564829e+02
2.567471e+02
2.570010e+02
2.572436e+02
2.574740e+02
2.576914e+02
2.578949e+02
2.580839e+02
2.582578e+02
2.584161e+02
2.585585e+02
2.586848e+02
2.587947e+02
2.588883e+02
2.589658e+02
2.590273e+02
2.590734e+02
2.591043e+02
2.591209e+02
2.591238e+02
2.591140e+02
2.590922e+02
2.590597e+02
2.590175e+02
2.589668e+02
2.589089e+02
2.588452e+02
2.587771e+02
2.587059e+02
2.586332e+02
2.585605e+02
2.584892e+02
2.584209e+02
2.583571e+02
2.582994e+02
2.582493e+02
2.582084e+02
2.581780e+02
2.581599e+02
2.581553e+02
2.581659e+02
2.581930e+02
2.582381e+02
2.583026e+02
2.583878e+02
2.584950e+02
2.586257e+02
2.587810e+02
2.589621e+02
2.591703e+02
2.594065e+02
2.596720e+02
2.599674e+02
2.602938e+02
2.606518e+02
2.610419e+02
2.614647e+02
2.619203e+02
2.624087e+02
2.629297e+02
2.634828e+02
2.640672e+02
2.646819e+02
2.653252e+02
2.659954e+02
2.666901e+02
2.674068e+02
2.681422e+02
2.688927e+02
2.696542e+02
2.704221e+02
2.711915e+02
2.719571e+02
2.727130e+02
2.734532e+02
2.741713e+02
2.748609e+02
2.755155e+02
2.761285e+02
2.766934e+02
2.772042e+02
2.776549e+02
2.780405e+02
2.783560e+02
2.785974e+02
2.787615e+02
2.788458e+02
2.788490e+02
2.787705e+02
2.786106e+02
2.783704e+02
2.780526e+02
2.776601e+02
2.771967e+02
2.766670e+02
2.760763e+02
2.754301e+02
2.747345e+02
2.739958e+02
2.732206e+02
2.724153e+02
2.715864e+02
2.707401e+02
2.698826e+02
2.690194e+02
2.681561e+02
2.672974e+02
2.664479e+02
2.656116e+02
2.647920e+02
2.639921e+02
2.632146e+02
2.624615e+02
2.617346e+02
2.610352e+02
2.603642e+02
2.597223e+02
2.591098e+02
2.585266e+02
2.579727e+02
2.574477e+02
2.569510e+02
2.564820e+02
2.560398e+02
2.556236e+02
2.552324e+02
2.548651e+02
2.545209e+02
2.541986e+02
2.538970e+02
2.536153e+02
2.533523e+02
2.531071e+02
2.528785e+02
2.526656e+02
2.524675e+02
2.522833e+02
2.521122e+02
2.519532e+02
2.518056e+02
2.516687e+02
2.515417e+02
2.514240e+02
2.513149e+02
2.512139e+02
2.511203e+02
2.510338e+02
2.509537e+02
2.508796e+02
2.508111e+02
2.507478e+02
2.506893e+02
2.506353e+02
2.505853e+02
2.505392e+02
2.504967e+02
2.504574e+02
2.504211e+02
2.503877e+02
2.503568e+02
2.503284e+02
2.503021e+02
2.502780e+02
2.502557e+02
2.502351e+02
2.502162e+02
2.501988e+02
2.501827e+02
2.501679e+02
2.501543e+02
2.501418e+02
2.501302e+02
2.501196e+02
2.501098e+02
2.501008e+02
2.500926e+02
2.500850e+02
2.500780e+02
2.500716e+02
2.500656e+02
2.500602e+02
2.500552e+02
2.500506e+02
2.500464e+02
2.500426e+02
2.500390e+02
2.500358e+02
2.500328e+02
2.500300e+02
2.500275e+02
2.500252e+02
2.500231e+02
2.500211e+02
2.500194e+02
2.500177e+02
2.500162e+02
2.500149e+02
2.500136e+02
2.500124e+02
2.500114e+02
2.500104e+02
2.500095e+02
2.500087e+02
2.500080e+02
2.500073e+02
2.500067e+02
2.500061e+02
2.500056e+02
2.500051e+02
2.500047e+02
2.500043e+02
2.500039e+02
2.500036e+02
2.500033e+02
2.500030e+02
2.500028e+02
2.500025e+02
2.500023e+02
2.500021e+02
2.500020e+02
2.500018e+02
2.500017e+02
2.500015e+02
2.500014e+02
2.500013e+02
2.500012e+02
2.500011e+02
2.500010e+02
2.500010e+02
2.500009e+02
2.500008e+02
2.500008e+02
2.500007e+02
2.500007e+02
2.500006e+02
2.500006e+02
2.500006e+02
2.500005e+02
2.500005e+02
2.500005e+02
2.500005e+02
2.500004e+02
2.500004e+02
2.500004e+02
2.500004e+02
2.500004e+02
2.500004e+02
2.500004e+02
2.500003e+02
2.500003e+02
2.500003e+02
2.500003e+02
2.500003e+02
2.500003e+02
2.500003e+02
2.500003e+02
2.500003e+02
2.500003e+02
2.500003e+02
2.500003e+02
2.500003e+02
2.500003e+02
2.500003e+02
2.500003e+02
2.500003e+02
2.500003e+02
2.500003e+02
2.500003e+02
2.500003e+02
2.500003e+02
2.500003e+02
2.500003e+02
2.500003e+02
2.500003e+02
2.500003e+02
2.500003e+02
2.500003e+02
2.500003e+02
2.500003e+02
2.500003e+02
2.500003e+02
2.500003e+02
2.500003e+02
2.500003e+02
2.500003e+02
2.500003e+02
2.500003e+02
2.500003e+02
2.500003e+02
2.500003e+02
2.500003e+02
2.500003e+02
2.500003e+02
2.500003e+02
2.500003e+02
2.500003e+02
2.500003e+02
2.500003e+02
2.500003e+02
2.500003e+02
2.500003e+02
2.500003e+02
2.500003e+02
2.500003e+02
2.500003e+02
2.500003e+02
2.500003e+02
2.500003e+02
2.500003e+02
2.500003e+02
2.500003e+02
2.500003e+02
2.500003e+02
2.500003e+02
2.500003e+02
2.500003e+02
2.500003e+02
2.500003e+02
2.500003e+02
2.500003e+02
2.500003e+02
2.500003e+02
2.500003e+02
2.500003e+02
2.500003e+02
2.500003e+02
2.500003e+02
2.500003e+02
2.500003e+02
2.500003e+02
2.500003e+02
2.500003e+02
2.500003e+02
2.500003e+02
2.500003e+02
2.500003e+02
2.500003e+02
2.500003e+02
2.500003e+02
2.500003e+02
2.500003e+02
2.500003e+02
2.500003e+02
2.500003e+02
2.500003e+02
2.500003e+02
2.500003e+02
2.500003e+02
2.500003e+02
2.500003e+02
2.500003e+02
2.500003e+02
2.500003e+02
2.500003e+02
2.500003e+02
2.500003e+02
2.500003e+02
