2.499999e+02
2.499999e+02
2.499999e+02
2.499999e+02
2.499999e+02
2.499999e+02
2.499999e+02
2.499999e+02
2.499999e+02
2.499999e+02
2.499999e+02
2.499999e+02
2.499999e+02
2.499999e+02
2.499999e+02
2.499999e+02
2.499999e+02
2.499999e+02
2.499999e+02
2.499999e+02
2.499999e+02
2.499999e+02
2.499999e+02
2.499999e+02
2.499999e+02
2.499999e+02
2.499999e+02
2.499999e+02
2.499999e+02
2.499999e+02
2.499999e+02
2.499999e+02
2.499999e+02
2.499999e+02
2.499999e+02
2.499999e+02
2.499999e+02
2.499999e+02
2.499999e+02
2.499999e+02
2.499999e+02
2.499999e+02
2.499999e+02
2.499999e+02
2.499999e+02
2.499999e+02
2.499999e+02
2.499999e+02
2.499999e+02
2.499999e+02
2.499999e+02
2.499999e+02
2.499999e+02
2.499999e+02
2.499999e+02
2.499999e+02
2.499999e+02
2.499999e+02
2.499999e+02
2.499999e+02
2.499999e+02
2.499999e+02
2.499999e+02
2.499999e+02
2.499999e+02
2.499999e+02
2.499999e+02
2.499999e+02
2.499999e+02
2.499999e+02
2.499999e+02
2.499999e+02
2.499999e+02
2.499999e+02
2.499999e+02
2.499999e+02
2.499999e+02
2.499999e+02
2.499999e+02
2.499999e+02
2.499999e+02
2.499999e+02
2.499999e+02
2.499999e+02
2.499999e+02
2.499999e+02
2.499999e+02
2.499999e+02
2.499999e+02
2.499999e+02
2.499999e+02
2.499999e+02
2.499999e+02
2.499999e+02
2.499999e+02
2.499999e+02
2.499999e+02
2.499999e+02
2.499999e+02
2.499999e+02
2.499999e+02
2.499999e+02
2.499999e+02
2.499999e+02
2.499999e+02
2.499999e+02
2.499999e+02
2.499999e+02
2.499999e+02
2.499999e+02
2.499999e+02
2.499999e+02
2.499999e+02
2.499999e+02
2.499999e+02
2.499999e+02
2.499999e+02
2.499999e+02
2.499999e+02
2.499999e+02
2.499999e+02
2.499999e+02
2.499999e+02
2.499999e+02
2.499999e+02
2.499999e+02
2.499999e+02
2.499999e+02
2.499999e+02
2.499999e+02
2.499999e+02
2.499999e+02
2.499999e+02
2.499999e+02
2.499999e+02
2.499999e+02
2.499999e+02
2.499999e+02
2.499999e+02
2.499999e+02
2.499999e+02
2.499999e+02
2.499999e+02
2.499999e+02
2.499999e+02
2.499999e+02
2.499999e+02
2.499999e+02
2.499999e+02
2.499999e+02
2.499999e+02
2.499999e+02
2.499999e+02
2.499999e+02
2.499999e+02
2.499999e+02
2.499999e+02
2.499999e+02
2.499999e+02
2.499999e+02
2.499999e+02
2.499999e+02
2.499999e+02
2.499999e+02
2.499999e+02
2.499999e+02
2.499999e+02
2.499999e+02
2.499999e+02
2.499999e+02
2.499999e+02
2.499999e+02
2.499999e+02
2.499999e+02
2.499999e+02
2.499999e+02
2.499999e+02
2.499999e+02
2.499999e+02
2.500000e+02
2.500000e+02
2.500000e+02
2.500000e+02
2.500000e+02
2.500000e+02
2.500000e+02
2.500000e+02
2.500000e+02
2.500000e+02
2.500000e+02
2.500000e+02
2.500000e+02
2.500000e+02
2.500000e+02
2.500000e+02
2.500000e+02
2.500000e+02
2.500000e+02
2.500000e+02
2.500000e+02
2.500000e+02
2.500000e+02
2.500000e+02
2.500000e+02
2.500000e+02
2.500000e+02
2.500000e+02
2.500000e+02
2.500000e+02
2.500000e+02
2.500000e+02
2.500000e+02
2.500000e+02
2.500000e+02
2.500000e+02
2.500000e+02
2.500000e+02
2.500000e+02
2.500000e+02
2.500000e+02
2.500000e+02
2.500000e+02
2.500000e+02
2.500000e+02
2.500000e+02
2.500000e+02
2.500000e+02
2.500000e+02
2.500000e+02
2.500000e+02
2.500000e+02
2.500000e+02
2.500000e+02
2.500000e+02
2.500000e+02
2.500000e+02
2.500000e+02
2.500000e+02
2.500000e+02
2.500000e+02
2.500000e+02
2.500000e+02
2.500000e+02
2.500000e+02
2.500000e+02
2.500000e+02
2.500000e+02
2.500000e+02
2.500000e+02
2.500000e+02
2.500000e+02
2.500000e+02
2.500000e+02
2.500000e+02
2.500000e+02
2.500000e+02
2.500000e+02
2.500000e+02
2.500000e+02
2.500000e+02
2.500000e+02
2.500000e+02
2.500000e+02
2.500000e+02
2.500000e+02
2.500000e+02
2.500000e+02
2.500000e+02
2.500000e+02
2.500000e+02
2.500000e+02
2.500000e+02
2.500000e+02
2.500000e+02
2.500000e+02
2.500000e+02
2.500000e+02
2.500000e+02
2.500000e+02
2.500000e+02
2.500000e+02
2.500000e+02
2.500000e+02
2.500000e+02
2.500000e+02
2.500000e+02
2.500000e+02
2.500000e+02
2.500000e+02
2.500000e+02
2.500000e+02
2.500000e+02
2.500000e+02
2.500000e+02
2.500000e+02
2.500000e+02
2.500000e+02
2.500000e+02
2.500000e+02
2.500000e+02
2.500000e+02
2.500000e+02
2.500000e+02
2.500000e+02
2.500000e+02
2.500000e+02
2.500000e+02
2.500000e+02
2.500000e+02
2.500000e+02
2.500000e+02
2.500000e+02
2.500000e+02
2.500000e+02
2.500000e+02
2.500000e+02
2.500000e+02
2.500000e+02
2.499999e+02
2.499999e+02
2.499999e+02
2.499999e+02
2.499999e+02
2.499999e+02
2.499999e+02
2.499999e+02
2.499999e+02
2.499999e+02
2.500000e+02
2.500000e+02
2.500000e+02
2.500000e+02
2.500000e+02
2.500000e+02
2.500000e+02
2.500001e+02
2.500001e+02
2.500001e+02
2.500001e+02
2.500001e+02
2.500001e+02
2.500001e+02
2.500001e+02
2.500001e+02
2.500001e+02
2.500001e+02
2.500001e+02
2.500001e+02
2.500000e+02
2.500000e+02
2.500000e+02
2.500000e+02
2.499999e+02
2.499999e+02
2.499999e+02
2.499998e+02
2.499998e+02
2.499998e+02
2.499998e+02
2.499997e+02
2.499997e+02
2.499997e+02
2.499997e+02
2.499997e+02
2.499997e+02
2.499998e+02
2.499998e+02
2.499998e+02
2.499998e+02
2.499999e+02
2.499999e+02
2.500000e+02
2.500000e+02
2.500001e+02
2.500001e+02
2.500002e+02
2.500003e+02
2.500003e+02
2.500004e+02
2.500004e+02
2.500004e+02
2.500005e+02
2.500005e+02
2.500005e+02
2.500005e+02
2.500005e+02
2.500004e+02
2.500004e+02
2.500004e+02
2.500003e+02
2.500002e+02
2.500001e+02
2.500001e+02
2.500000e+02
2.499998e+02
2.499997e+02
2.499996e+02
2.499995e+02
2.499994e+02
2.499993e+02
2.499992e+02
2.499991e+02
2.499990e+02
2.499990e+02
2.499989e+02
2.499989e+02
2.499988e+02
2.499988e+02
2.499989e+02
2.499989e+02
2.499990e+02
2.499991e+02
2.499992e+02
2.499993e+02
2.499995e+02
2.499996e+02
2.499998e+02
2.500000e+02
2.500002e+02
2.500005e+02
2.500007e+02
2.500009e+02
2.500012e+02
2.500014e+02
2.500016e+02
2.500018e+02
2.500020e+02
2.500021e+02
2.500023e+02
2.500024e+02
2.500024e+02
2.500025e+02
2.500024e+02
2.500024e+02
2.500023e+02
2.500022e+02
2.500020e+02
2.500017e+02
2.500015e+02
2.500012e+02
2.500008e+02
2.500004e+02
2.500000e+02
2.499996e+02
2.499991e+02
2.499986e+02
2.499981e+02
2.499976e+02
2.499971e+02
2.499966e+02
2.499961e+02
2.499956e+02
2.499952e+02
2.499948e+02
2.499945e+02
2.499942e+02
2.499940e+02
2.499938e+02
2.499938e+02
2.499938e+02
2.499938e+02
2.499940e+02
2.499943e+02
2.499946e+02
2.499951e+02
2.499956e+02
2.499962e+02
2.499969e+02
2.499978e+02
2.499986e+02
2.499996e+02
2.500006e+02
2.500017e+02
2.500029e+02
2.500040e+02
2.500053e+02
2.500065e+02
2.500077e+02
2.500089e+02
2.500101e+02
2.500113e+02
2.500124e+02
2.500135e+02
2.500145e+02
2.500153e+02
2.500161e+02
2.500167e+02
2.500172e+02
2.500176e+02
2.500177e+02
2.500177e+02
2.500175e+02
2.500171e+02
2.500165e+02
2.500157e+02
2.500146e+02
2.500133e+02
2.500118e+02
2.500101e+02
2.500081e+02
2.500059e+02
2.500034e+02
2.500007e+02
2.499979e+02
2.499948e+02
2.499915e+02
2.499881e+02
2.499845e+02
2.499807e+02
2.499769e+02
2.499729e+02
2.499689e+02
2.499648e+02
2.499607e+02
2.499566e+02
2.499526e+02
2.499487e+02
2.499448e+02
2.499411e+02
2.499376e+02
2.499344e+02
2.499313e+02
2.499286e+02
2.499262e+02
2.499243e+02
2.499227e+02
2.499216e+02
2.499209e+02
2.499209e+02
2.499214e+02
2.499225e+02
2.499242e+02
2.499267e+02
2.499299e+02
2.499338e+02
2.499386e+02
2.499441e+02
2.499506e+02
2.499579e+02
2.499661e+02
2.499752e+02
2.499854e+02
2.499965e+02
2.500086e+02
2.500217e+02
2.500359e+02
2.500512e+02
2.500675e+02
2.500849e+02
2.501034e+02
2.501230e+02
2.501438e+02
2.501656e+02
2.501886e+02
2.502128e+02
2.502380e+02
2.502644e+02
2.502919e+02
2.503206e+02
2.503503e+02
2.503812e+02
2.504132e+02
2.504463e+02
2.504805e+02
2.505158e+02
2.505522e+02
2.505896e+02
2.506280e+02
2.506675e+02
2.507080e+02
2.507495e+02
2.507919e+02
2.508353e+02
2.508796e+02
2.509248e+02
2.509709e+02
2.510178e+02
2.510656e+02
2.511141e+02
2.511634e+02
2.512134e+02
2.512641e+02
2.513154e+02
2.513673e+02
2.514199e+02
2.514729e+02
2.515265e+02
2.515805e+02
2.516349e+02
2.516897e+02
2.517449e+02
2.518003e+02
2.518560e+02
2.519119e+02
2.519679e+02
2.520241e+02
2.520803e+02
2.521366e+02
2.521929e+02
2.522491e+02
2.523052e+02
2.523612e+02
2.524171e+02
2.524727e+02
2.525282e+02
2.525833e+02
2.526382e+02
2.526927e+02
2.527469e+02
2.528006e+02
2.528540e+02
2.529069e+02
2.529594e+02
2.530113e+02
2.530628e+02
2.531137e+02
2.531641e+02
2.532139e+02
2.532632e+02
2.533118e+02
2.533599e+02
2.534073e+02
2.534541e+02
2.535002e+02
2.535457e+02
2.535905e+02
2.536346e+02
2.536781e+02
2.537208e+02
2.537628e+02
2.538040e+02
2.538445e+02
2.538843e+02
2.539233e+02
2.539614e+02
2.539988e+02
2.540354e+02
2.540711e+02
2.541059e+02
2.541399e+02
2.541730e+02
2.542052e+02
2.542365e+02
2.542669e+02
2.542963e+02
2.543248e+02
2.543523e+02
2.543788e+02
2.544043e+02
2.544288e+02
2.544523e+02
2.544747e+02
2.544962e+02
2.545167e+02
2.545361e+02
2.545545e+02
2.545720e+02
2.545884e+02
2.546039e+02
2.546185e+02
2.546321e+02
2.546448e+02
2.546566e+02
2.546676e+02
2.546778e+02
2.546873e+02
2.546960e+02
2.547041e+02
2.547115e+02
2.547184e+02
2.547248e+02
2.547307e+02
2.547362e+02
2.547414e+02
2.547464e+02
2.547512e+02
2.547558e+02
2.547603e+02
2.547649e+02
2.547695e+02
2.547743e+02
2.547793e+02
2.547845e+02
2.547900e+02
2.547959e+02
2.548023e+02
2.548091e+02
2.548164e+02
2.548243e+02
2.548328e+02
2.548419e+02
2.548517e+02
2.548621e+02
2.548733e+02
2.548851e+02
2.548977e+02
2.549109e+02
2.549249e+02
2.549394e+02
2.549547e+02
2.549705e+02
2.549869e+02
2.550038e+02
2.550211e+02
2.550389e+02
2.550569e+02
2.550753e+02
2.550937e+02
2.551123e+02
2.551309e+02
2.551493e+02
2.551675e+02
2.551854e+02
2.552029e+02
2.552198e+02
2.552360e+02
2.552515e+02
2.552660e+02
2.552795e+02
2.552919e+02
2.553029e+02
2.553126e+02
2.553208e+02
2.553273e+02
2.553321e+02
2.553350e+02
2.553359e+02
2.553348e+02
2.553315e+02
2.553260e+02
2.553182e+02
2.553079e+02
2.552952e+02
2.552800e+02
2.552622e+02
2.552417e+02
2.552186e+02
2.551929e+02
2.551644e+02
2.551333e+02
2.550994e+02
2.550629e+02
2.550237e+02
2.549819e+02
2.549375e+02
2.548906e+02
2.548412e+02
2.547894e+02
2.547352e+02
2.546788e+02
2.546202e+02
2.545595e+02
2.544969e+02
2.544323e+02
2.543660e+02
2.542981e+02
2.542285e+02
2.541576e+02
2.540853e+02
2.540118e+02
2.539373e+02
2.538618e+02
2.537855e+02
2.537085e+02
2.536308e+02
2.535528e+02
2.534743e+02
2.533957e+02
2.533169e+02
2.532381e+02
2.531594e+02
2.530809e+02
2.530027e+02
2.529249e+02
2.528475e+02
2.527708e+02
2.526947e+02
2.526193e+02
2.525447e+02
2.524709e+02
2.523981e+02
2.523263e+02
2.522556e+02
2.521859e+02
2.521174e+02
2.520500e+02
2.519839e+02
2.519190e+02
2.518554e+02
2.517932e+02
2.517322e+02
2.516726e+02
2.516143e+02
2.515574e+02
2.515019e+02
2.514477e+02
2.513950e+02
2.513436e+02
2.512936e+02
2.512450e+02
2.511977e+02
2.511518e+02
2.511072e+02
2.510639e+02
2.510220e+02
2.509813e+02
2.509419e+02
2.509038e+02
2.508669e+02
2.508312e+02
2.507968e+02
2.507634e+02
2.507313e+02
2.507002e+02
2.506702e+02
2.506413e+02
2.506135e+02
2.505867e+02
2.505608e+02
2.505360e+02
2.505120e+02
2.504890e+02
2.504669e+02
2.504456e+02
2.504252e+02
2.504056e+02
2.503868e+02
2.503687e+02
2.503514e+02
2.503348e+02
2.503188e+02
2.503036e+02
2.502890e+02
2.502750e+02
2.502616e+02
2.502488e+02
2.502366e+02
2.502249e+02
2.502137e+02
2.502030e+02
2.501928e+02
2.501831e+02
2.501738e+02
2.501649e+02
2.501564e+02
2.501484e+02
2.501407e+02
2.501334e+02
2.501264e+02
2.501197e+02
2.501134e+02
2.501074e+02
2.501017e+02
2.500962e+02
2.500910e+02
2.500861e+02
2.500814e+02
2.500770e+02
2.500728e+02
2.500688e+02
2.500650e+02
2.500614e+02
2.500579e+02
2.500547e+02
2.500516e+02
2.500487e+02
2.500460e+02
2.500433e+02
2.500409e+02
2.500385e+02
2.500363e+02
2.500342e+02
2.500322e+02
2.500303e+02
2.500286e+02
2.500269e+02
2.500253e+02
2.500238e+02
2.500224e+02
2.500211e+02
2.500198e+02
2.500186e+02
2.500175e+02
2.500164e+02
2.500155e+02
2.500145e+02
2.500136e+02
2.500128e+02
2.500120e+02
2.500113e+02
2.500106e+02
2.500099e+02
2.500093e+02
2.500087e+02
2.500082e+02
2.500077e+02
2.500072e+02
2.500067e+02
2.500063e+02
2.500059e+02
2.500055e+02
2.500052e+02
2.500049e+02
2.500046e+02
2.500043e+02
2.500040e+02
2.500037e+02
2.500035e+02
2.500033e+02
2.500031e+02
2.500029e+02
2.500027e+02
2.500025e+02
2.500024e+02
2.500022e+02
2.500021e+02
2.500019e+02
2.500018e+02
2.500017e+02
2.500016e+02
2.500015e+02
2.500014e+02
2.500013e+02
2.500012e+02
2.500012e+02
2.500011e+02
2.500010e+02
2.500010e+02
2.500009e+02
2.500008e+02
2.500008e+02
2.500007e+02
2.500007e+02
2.500007e+02
2.500006e+02
2.500006e+02
2.500006e+02
2.500005e+02
2.500005e+02
2.500005e+02
2.500005e+02
2.500004e+02
2.500004e+02
2.500004e+02
2.500004e+02
2.500004e+02
2.500003e+02
2.500003e+02
2.500003e+02
2.500003e+02
2.500003e+02
2.500003e+02
2.500003e+02
2.500003e+02
2.500003e+02
2.500002e+02
2.500002e+02
2.500002e+02
2.500002e+02
2.500002e+02
2.500002e+02
2.500002e+02
2.500002e+02
2.500002e+02
2.500002e+02
2.500002e+02
2.500002e+02
2.500002e+02
2.500002e+02
2.500002e+02
2.500002e+02
2.500002e+02
2.500002e+02
2.500002e+02
2.500002e+02
2.500002e+02
2.500002e+02
2.500002e+02
2.500002e+02
2.500002e+02
2.500002e+02
2.500002e+02
2.500002e+02
2.500002e+02
2.500002e+02
2.500002e+02
2.500002e+02
2.500002e+02
2.500002e+02
2.500002e+02
2.500002e+02
2.500002e+02
2.500002e+02
2.500002e+02
2.500002e+02
2.500002e+02
2.500002e+02
2.500002e+02
2.500002e+02
2.500002e+02
