2.500005e+02
2.500005e+02
2.500005e+02
2.500005e+02
2.500005e+02
2.500005e+02
2.500005e+02
2.500005e+02
2.500005e+02
2.500005e+02
2.500005e+02
2.500005e+02
2.500005e+02
2.500005e+02
2.500005e+02
2.500005e+02
2.500005e+02
2.500005e+02
2.500005e+02
2.500005e+02
2.500005e+02
2.500005e+02
2.500005e+02
2.500005e+02
2.500005e+02
2.500005e+02
2.500005e+02
2.500005e+02
2.500005e+02
2.500005e+02
2.500005e+02
2.500005e+02
2.500005e+02
2.500005e+02
2.500005e+02
2.500005e+02
2.500005e+02
2.500005e+02
2.500005e+02
2.500005e+02
2.500005e+02
2.500005e+02
2.500005e+02
2.500005e+02
2.500005e+02
2.500005e+02
2.500005e+02
2.500005e+02
2.500005e+02
2.500005e+02
2.500005e+02
2.500005e+02
2.500005e+02
2.500005e+02
2.500005e+02
2.500005e+02
2.500005e+02
2.500005e+02
2.500005e+02
2.500005e+02
2.500005e+02
2.500005e+02
2.500005e+02
2.500005e+02
2.500005e+02
2.500005e+02
2.500005e+02
2.500005e+02
2.500005e+02
2.500005e+02
2.500005e+02
2.500005e+02
2.500005e+02
2.500005e+02
2.500005e+02
2.500005e+02
2.500005e+02
2.500005e+02
2.500005e+02
2.500005e+02
2.500005e+02
2.500005e+02
2.500005e+02
2.500005e+02
2.500005e+02
2.500005e+02
2.500005e+02
2.500005e+02
2.500005e+02
2.500005e+02
2.500005e+02
2.500005e+02
2.500005e+02
2.500005e+02
2.500005e+02
2.500005e+02
2.500005e+02
2.500005e+02
2.500006e+02
2.500006e+02
2.500006e+02
2.500005e+02
2.500005e+02
2.500005e+02
2.500005e+02
2.500005e+02
2.500005e+02
2.500006e+02
2.500006e+02
2.500006e+02
2.500006e+02
2.500006e+02
2.500005e+02
2.500005e+02
2.500005e+02
2.500005e+02
2.500005e+02
2.500005e+02
2.500005e+02
2.500006e+02
2.500006e+02
2.500006e+02
2.500006e+02
2.500006e+02
2.500006e+02
2.500006e+02
2.500006e+02
2.500006e+02
2.500006e+02
2.500006e+02
2.500006e+02
2.500005e+02
2.500005e+02
2.500005e+02
2.500006e+02
2.500006e+02
2.500006e+02
2.500006e+02
2.500006e+02
2.500006e+02
2.500006e+02
2.500006e+02
2.500006e+02
2.500006e+02
2.500006e+02
2.500006e+02
2.500006e+02
2.500006e+02
2.500006e+02
2.500006e+02
2.500006e+02
2.500006e+02
2.500006e+02
2.500006e+02
2.500006e+02
2.500006e+02
2.500005e+02
2.500005e+02
2.500005e+02
2.500006e+02
2.500006e+02
2.500006e+02
2.500006e+02
2.500006e+02
2.500007e+02
2.500007e+02
2.500007e+02
2.500007e+02
2.500007e+02
2.500007e+02
2.500007e+02
2.500007e+02
2.500007e+02
2.500006e+02
2.500006e+02
2.500006e+02
2.500005e+02
2.500005e+02
2.500005e+02
2.500005e+02
2.500005e+02
2.500005e+02
2.500005e+02
2.500006e+02
2.500006e+02
2.500007e+02
2.500007e+02
2.500007e+02
2.500008e+02
2.500008e+02
2.500008e+02
2.500008e+02
2.500008e+02
2.500008e+02
2.500008e+02
2.500008e+02
2.500007e+02
2.500007e+02
2.500006e+02
2.500006e+02
2.500005e+02
2.500005e+02
2.500004e+02
2.500004e+02
2.500004e+02
2.500004e+02
2.500004e+02
2.500005e+02
2.500005e+02
2.500006e+02
2.500007e+02
2.500007e+02
2.500008e+02
2.500009e+02
2.500010e+02
2.500010e+02
2.500011e+02
2.500011e+02
2.500011e+02
2.500010e+02
2.500010e+02
2.500009e+02
2.500008e+02
2.500007e+02
2.500006e+02
2.500005e+02
2.500004e+02
2.500003e+02
2.500002e+02
2.500002e+02
2.500001e+02
2.500001e+02
2.500002e+02
2.500002e+02
2.500003e+02
2.500004e+02
2.500006e+02
2.500007e+02
2.500009e+02
2.500010e+02
2.500012e+02
2.500013e+02
2.500014e+02
2.500015e+02
2.500015e+02
2.500015e+02
2.500015e+02
2.500014e+02
2.500013e+02
2.500011e+02
2.500009e+02
2.500007e+02
2.500005e+02
2.500003e+02
2.500001e+02
2.499999e+02
2.499998e+02
2.499996e+02
2.499996e+02
2.499995e+02
2.499996e+02
2.499997e+02
2.499998e+02
2.500000e+02
2.500002e+02
2.500005e+02
2.500008e+02
2.500011e+02
2.500014e+02
2.500017e+02
2.500020e+02
2.500022e+02
2.500023e+02
2.500024e+02
2.500025e+02
2.500024e+02
2.500023e+02
2.500021e+02
2.500018e+02
2.500015e+02
2.500011e+02
2.500006e+02
2.500002e+02
2.499998e+02
2.499993e+02
2.499990e+02
2.499986e+02
2.499984e+02
2.499982e+02
2.499982e+02
2.499982e+02
2.499984e+02
2.499986e+02
2.499990e+02
2.499994e+02
2.499999e+02
2.500005e+02
2.500011e+02
2.500017e+02
2.500023e+02
2.500029e+02
2.500034e+02
2.500038e+02
2.500041e+02
2.500043e+02
2.500043e+02
2.500043e+02
2.500040e+02
2.500037e+02
2.500032e+02
2.500026e+02
2.500019e+02
2.500012e+02
2.500004e+02
2.499996e+02
2.499988e+02
2.499980e+02
2.499973e+02
2.499967e+02
2.499963e+02
2.499959e+02
2.499957e+02
2.499957e+02
2.499959e+02
2.499962e+02
2.499967e+02
2.499973e+02
2.499980e+02
2.499989e+02
2.499999e+02
2.500009e+02
2.500020e+02
2.500031e+02
2.500041e+02
2.500050e+02
2.500059e+02
2.500067e+02
2.500073e+02
2.500077e+02
2.500079e+02
2.500079e+02
2.500077e+02
2.500073e+02
2.500066e+02
2.500058e+02
2.500048e+02
2.500036e+02
2.500023e+02
2.500008e+02
2.499993e+02
2.499978e+02
2.499962e+02
2.499948e+02
2.499934e+02
2.499922e+02
2.499911e+02
2.499903e+02
2.499897e+02
2.499895e+02
2.499895e+02
2.499899e+02
2.499905e+02
2.499915e+02
2.499928e+02
2.499944e+02
2.499963e+02
2.499984e+02
2.500006e+02
2.500029e+02
2.500054e+02
2.500077e+02
2.500101e+02
2.500122e+02
2.500142e+02
2.500159e+02
2.500172e+02
2.500182e+02
2.500187e+02
2.500188e+02
2.500184e+02
2.500175e+02
2.500161e+02
2.500142e+02
2.500118e+02
2.500091e+02
2.500060e+02
2.500027e+02
2.499991e+02
2.499955e+02
2.499918e+02
2.499882e+02
2.499847e+02
2.499815e+02
2.499787e+02
2.499763e+02
2.499745e+02
2.499732e+02
2.499725e+02
2.499725e+02
2.499732e+02
2.499746e+02
2.499767e+02
2.499794e+02
2.499828e+02
2.499866e+02
2.499910e+02
2.499957e+02
2.500007e+02
2.500058e+02
2.500110e+02
2.500161e+02
2.500210e+02
2.500257e+02
2.500299e+02
2.500336e+02
2.500367e+02
2.500391e+02
2.500407e+02
2.500416e+02
2.500416e+02
2.500407e+02
2.500390e+02
2.500365e+02
2.500332e+02
2.500291e+02
2.500244e+02
2.500191e+02
2.500133e+02
2.500071e+02
2.500007e+02
2.499941e+02
2.499874e+02
2.499809e+02
2.499746e+02
2.499686e+02
2.499630e+02
2.499579e+02
2.499535e+02
2.499498e+02
2.499469e+02
2.499448e+02
2.499436e+02
2.499432e+02
2.499438e+02
2.499453e+02
2.499477e+02
2.499510e+02
2.499552e+02
2.499601e+02
2.499658e+02
2.499721e+02
2.499790e+02
2.499864e+02
2.499942e+02
2.500023e+02
2.500106e+02
2.500190e+02
2.500275e+02
2.500358e+02
2.500439e+02
2.500517e+02
2.500590e+02
2.500659e+02
2.500721e+02
2.500777e+02
2.500824e+02
2.500863e+02
2.500892e+02
2.500911e+02
2.500919e+02
2.500916e+02
2.500901e+02
2.500875e+02
2.500836e+02
2.500786e+02
2.500723e+02
2.500649e+02
2.500563e+02
2.500466e+02
2.500359e+02
2.500243e+02
2.500118e+02
2.499985e+02
2.499847e+02
2.499703e+02
2.499556e+02
2.499408e+02
2.499259e+02
2.499113e+02
2.498969e+02
2.498831e+02
2.498701e+02
2.498580e+02
2.498470e+02
2.498373e+02
2.498291e+02
2.498225e+02
2.498178e+02
2.498150e+02
2.498142e+02
2.498156e+02
2.498193e+02
2.498253e+02
2.498336e+02
2.498442e+02
2.498572e+02
2.498724e+02
2.498898e+02
2.499093e+02
2.499307e+02
2.499538e+02
2.499786e+02
2.500047e+02
2.500319e+02
2.500599e+02
2.500885e+02
2.501174e+02
2.501462e+02
2.501747e+02
2.502025e+02
2.502293e+02
2.502548e+02
2.502787e+02
2.503007e+02
2.503204e+02
2.503377e+02
2.503522e+02
2.503638e+02
2.503723e+02
2.503775e+02
2.503793e+02
2.503775e+02
2.503722e+02
2.503632e+02
2.503507e+02
2.503346e+02
2.503150e+02
2.502921e+02
2.502660e+02
2.502369e+02
2.502050e+02
2.501705e+02
2.501337e+02
2.500948e+02
2.500542e+02
2.500121e+02
2.499689e+02
2.499249e+02
2.498804e+02
2.498357e+02
2.497912e+02
2.497471e+02
2.497038e+02
2.496614e+02
2.496204e+02
2.495809e+02
2.495432e+02
2.495075e+02
2.494740e+02
2.494428e+02
2.494141e+02
2.493880e+02
2.493646e+02
2.493440e+02
2.493262e+02
2.493113e+02
2.492993e+02
2.492901e+02
2.492838e+02
2.492803e+02
2.492795e+02
2.492815e+02
2.492860e+02
2.492932e+02
2.493027e+02
2.493147e+02
2.493289e+02
2.493453e+02
2.493638e+02
2.493843e+02
2.494068e+02
2.494312e+02
2.494574e+02
2.494854e+02
2.495152e+02
2.495467e+02
2.495799e+02
2.496149e+02
2.496517e+02
2.496902e+02
2.497306e+02
2.497730e+02
2.498173e+02
2.498638e+02
2.499125e+02
2.499635e+02
2.500171e+02
2.500732e+02
2.501321e+02
2.501940e+02
2.502589e+02
2.503271e+02
2.503988e+02
2.504740e+02
2.505530e+02
2.506360e+02
2.507230e+02
2.508142e+02
2.509099e+02
2.510100e+02
2.511146e+02
2.512240e+02
2.513382e+02
2.514571e+02
2.515809e+02
2.517095e+02
2.518430e+02
2.519812e+02
2.521241e+02
2.522716e+02
2.524236e+02
2.525799e+02
2.527403e+02
2.529045e+02
2.530723e+02
2.532434e+02
2.534176e+02
2.535943e+02
2.537733e+02
2.539541e+02
2.541363e+02
2.543194e+02
2.545030e+02
2.546865e+02
2.548695e+02
2.550513e+02
2.552316e+02
2.554097e+02
2.555851e+02
2.557573e+02
2.559258e+02
2.560900e+02
2.562496e+02
2.564039e+02
2.565527e+02
2.566955e+02
2.568320e+02
2.569618e+02
2.570847e+02
2.572005e+02
2.573090e+02
2.574101e+02
2.575038e+02
2.575901e+02
2.576691e+02
2.577409e+02
2.578056e+02
2.578637e+02
2.579153e+02
2.579608e+02
2.580008e+02
2.580355e+02
2.580657e+02
2.580918e+02
2.581144e+02
2.581343e+02
2.581520e+02
2.581682e+02
2.581837e+02
2.581993e+02
2.582156e+02
2.582334e+02
2.582534e+02
2.582764e+02
2.583032e+02
2.583343e+02
2.583706e+02
2.584126e+02
2.584610e+02
2.585164e+02
2.585793e+02
2.586503e+02
2.587298e+02
2.588182e+02
2.589158e+02
2.590230e+02
2.591400e+02
2.592669e+02
2.594038e+02
2.595506e+02
2.597074e+02
2.598739e+02
2.600499e+02
2.602350e+02
2.604289e+02
2.606309e+02
2.608405e+02
2.610570e+02
2.612795e+02
2.615071e+02
2.617389e+02
2.619737e+02
2.622105e+02
2.624480e+02
2.626848e+02
2.629196e+02
2.631509e+02
2.633774e+02
2.635974e+02
2.638095e+02
2.640122e+02
2.642039e+02
2.643831e+02
2.645484e+02
2.646984e+02
2.648317e+02
2.649472e+02
2.650437e+02
2.651201e+02
2.651756e+02
2.652095e+02
2.652210e+02
2.652099e+02
2.651758e+02
2.651186e+02
2.650383e+02
2.649352e+02
2.648096e+02
2.646621e+02
2.644934e+02
2.643042e+02
2.640955e+02
2.638684e+02
2.636240e+02
2.633635e+02
2.630884e+02
2.627999e+02
2.624994e+02
2.621885e+02
2.618685e+02
2.615408e+02
2.612070e+02
2.608683e+02
2.605262e+02
2.601819e+02
2.598367e+02
2.594918e+02
2.591482e+02
2.588070e+02
2.584691e+02
2.581355e+02
2.578069e+02
2.574840e+02
2.571674e+02
2.568578e+02
2.565555e+02
2.562610e+02
2.559747e+02
2.556967e+02
2.554273e+02
2.551668e+02
2.549150e+02
2.546722e+02
2.544383e+02
2.542133e+02
2.539972e+02
2.537897e+02
2.535909e+02
2.534005e+02
2.532184e+02
2.530444e+02
2.528783e+02
2.527199e+02
2.525689e+02
2.524252e+02
2.522884e+02
2.521584e+02
2.520348e+02
2.519176e+02
2.518063e+02
2.517008e+02
2.516009e+02
2.515062e+02
2.514166e+02
2.513319e+02
2.512518e+02
2.511760e+02
2.511045e+02
2.510370e+02
2.509733e+02
2.509132e+02
2.508566e+02
2.508032e+02
2.507529e+02
2.507056e+02
2.506610e+02
2.506191e+02
2.505796e+02
2.505425e+02
2.505077e+02
2.504749e+02
2.504441e+02
2.504152e+02
2.503881e+02
2.503627e+02
2.503388e+02
2.503164e+02
2.502955e+02
2.502758e+02
2.502574e+02
2.502401e+02
2.502240e+02
2.502089e+02
2.501947e+02
2.501815e+02
2.501691e+02
2.501575e+02
2.501467e+02
2.501366e+02
2.501271e+02
2.501183e+02
2.501101e+02
2.501024e+02
2.500952e+02
2.500885e+02
2.500823e+02
2.500764e+02
2.500710e+02
2.500660e+02
2.500612e+02
2.500569e+02
2.500528e+02
2.500490e+02
2.500454e+02
2.500421e+02
2.500391e+02
2.500362e+02
2.500336e+02
2.500311e+02
2.500288e+02
2.500267e+02
2.500247e+02
2.500229e+02
2.500212e+02
2.500196e+02
2.500181e+02
2.500168e+02
2.500155e+02
2.500144e+02
2.500133e+02
2.500123e+02
2.500113e+02
2.500105e+02
2.500097e+02
2.500089e+02
2.500083e+02
2.500076e+02
2.500070e+02
2.500065e+02
2.500060e+02
2.500056e+02
2.500051e+02
2.500047e+02
2.500044e+02
2.500040e+02
2.500037e+02
2.500034e+02
2.500032e+02
2.500029e+02
2.500027e+02
2.500025e+02
2.500023e+02
2.500021e+02
2.500020e+02
2.500018e+02
2.500017e+02
2.500016e+02
2.500015e+02
2.500014e+02
2.500013e+02
2.500012e+02
2.500011e+02
2.500010e+02
2.500009e+02
2.500009e+02
2.500008e+02
2.500008e+02
2.500007e+02
2.500007e+02
2.500006e+02
2.500006e+02
2.500006e+02
2.500005e+02
2.500005e+02
2.500005e+02
2.500004e+02
2.500004e+02
2.500004e+02
2.500004e+02
2.500004e+02
2.500004e+02
2.500003e+02
2.500003e+02
2.500003e+02
2.500003e+02
2.500003e+02
2.500003e+02
2.500003e+02
2.500003e+02
2.500003e+02
2.500003e+02
2.500003e+02
2.500003e+02
2.500003e+02
2.500003e+02
2.500002e+02
2.500002e+02
2.500002e+02
2.500002e+02
2.500002e+02
2.500002e+02
2.500002e+02
2.500002e+02
2.500002e+02
2.500002e+02
2.500002e+02
2.500002e+02
2.500002e+02
2.500002e+02
2.500002e+02
2.500002e+02
2.500002e+02
2.500002e+02
2.500002e+02
2.500002e+02
2.500002e+02
2.500002e+02
2.500002e+02
2.500002e+02
2.500002e+02
2.500002e+02
2.500002e+02
2.500002e+02
2.500002e+02
2.500002e+02
2.500002e+02
2.500002e+02
2.500002e+02
2.500002e+02
2.500002e+02
2.500002e+02
2.500002e+02
2.500002e+02
2.500002e+02
2.500002e+02
2.500002e+02
2.500002e+02
2.500002e+02
2.500002e+02
2.500002e+02
2.500002e+02
2.500002e+02
2.500002e+02
2.500002e+02
2.500002e+02
2.500002e+02
2.500002e+02
2.500002e+02
2.500002e+02
2.500002e+02
2.500002e+02
2.500002e+02
2.500002e+02
2.500002e+02
2.500002e+02
2.500002e+02
2.500003e+02
2.500003e+02
2.500003e+02
2.500003e+02
2.500003e+02
2.500003e+02
2.500003e+02
2.500003e+02
2.500003e+02
2.500003e+02
2.500003e+02
2.500003e+02
2.500003e+02
2.500003e+02
2.500003e+02
2.500003e+02
2.500003e+02
2.500003e+02
2.500003e+02
2.500003e+02
2.500003e+02
2.500003e+02
2.500003e+02
2.500003e+02
