2.500016e+02
2.500016e+02
2.500016e+02
2.500016e+02
2.500016e+02
2.500016e+02
2.500016e+02
2.500016e+02
2.500016e+02
2.500016e+02
2.500016e+02
2.500016e+02
2.500016e+02
2.500016e+02
2.500016e+02
2.500016e+02
2.500016e+02
2.500016e+02
2.500016e+02
2.500016e+02
2.500016e+02
2.500016e+02
2.500016e+02
2.500016e+02
2.500016e+02
2.500016e+02
2.500016e+02
2.500016e+02
2.500016e+02
2.500016e+02
2.500016e+02
2.500016e+02
2.500016e+02
2.500016e+02
2.500016e+02
2.500016e+02
2.500016e+02
2.500016e+02
2.500016e+02
2.500016e+02
2.500016e+02
2.500016e+02
2.500016e+02
2.500016e+02
2.500016e+02
2.500016e+02
2.500016e+02
2.500015e+02
2.500016e+02
2.500016e+02
2.500016e+02
2.500016e+02
2.500016e+02
2.500016e+02
2.500016e+02
2.500016e+02
2.500016e+02
2.500016e+02
2.500017e+02
2.500017e+02
2.500017e+02
2.500017e+02
2.500016e+02
2.500016e+02
2.500016e+02
2.500016e+02
2.500016e+02
2.500016e+02
2.500016e+02
2.500017e+02
2.500017e+02
2.500017e+02
2.500016e+02
2.500016e+02
2.500016e+02
2.500016e+02
2.500016e+02
2.500016e+02
2.500017e+02
2.500017e+02
2.500017e+02
2.500016e+02
2.500016e+02
2.500016e+02
2.500016e+02
2.500016e+02
2.500016e+02
2.500016e+02
2.500016e+02
2.500016e+02
2.500017e+02
2.500017e+02
2.500017e+02
2.500018e+02
2.500017e+02
2.500017e+02
2.500017e+02
2.500016e+02
2.500016e+02
2.500016e+02
2.500016e+02
2.500016e+02
2.500016e+02
2.500016e+02
2.500016e+02
2.500017e+02
2.500017e+02
2.500017e+02
2.500017e+02
2.500017e+02
2.500017e+02
2.500017e+02
2.500017e+02
2.500018e+02
2.500018e+02
2.500018e+02
2.500018e+02
2.500017e+02
2.500017e+02
2.500017e+02
2.500016e+02
2.500016e+02
2.500015e+02
2.500015e+02
2.500015e+02
2.500015e+02
2.500016e+02
2.500016e+02
2.500017e+02
2.500018e+02
2.500019e+02
2.500020e+02
2.500020e+02
2.500020e+02
2.500020e+02
2.500019e+02
2.500018e+02
2.500018e+02
2.500017e+02
2.500016e+02
2.500015e+02
2.500014e+02
2.500014e+02
2.500014e+02
2.500014e+02
2.500015e+02
2.500016e+02
2.500017e+02
2.500018e+02
2.500019e+02
2.500020e+02
2.500020e+02
2.500021e+02
2.500021e+02
2.500021e+02
2.500021e+02
2.500020e+02
2.500020e+02
2.500019e+02
2.500018e+02
2.500016e+02
2.500015e+02
2.500014e+02
2.500013e+02
2.500013e+02
2.500012e+02
2.500012e+02
2.500013e+02
2.500014e+02
2.500015e+02
2.500017e+02
2.500018e+02
2.500020e+02
2.500022e+02
2.500023e+02
2.500025e+02
2.500025e+02
2.500025e+02
2.500025e+02
2.500024e+02
2.500023e+02
2.500021e+02
2.500019e+02
2.500016e+02
2.500014e+02
2.500011e+02
2.500009e+02
2.500008e+02
2.500007e+02
2.500007e+02
2.500008e+02
2.500010e+02
2.500012e+02
2.500014e+02
2.500017e+02
2.500021e+02
2.500024e+02
2.500027e+02
2.500029e+02
2.500031e+02
2.500032e+02
2.500033e+02
2.500032e+02
2.500030e+02
2.500028e+02
2.500024e+02
2.500020e+02
2.500016e+02
2.500012e+02
2.500008e+02
2.500004e+02
2.500001e+02
2.499999e+02
2.499998e+02
2.499999e+02
2.500000e+02
2.500003e+02
2.500007e+02
2.500012e+02
2.500017e+02
2.500023e+02
2.500029e+02
2.500034e+02
2.500039e+02
2.500042e+02
2.500045e+02
2.500046e+02
2.500045e+02
2.500043e+02
2.500039e+02
2.500034e+02
2.500028e+02
2.500021e+02
2.500013e+02
2.500005e+02
2.499998e+02
2.499992e+02
2.499987e+02
2.499984e+02
2.499982e+02
2.499983e+02
2.499985e+02
2.499989e+02
2.499995e+02
2.500003e+02
2.500012e+02
2.500021e+02
2.500031e+02
2.500040e+02
2.500048e+02
2.500055e+02
2.500061e+02
2.500064e+02
2.500066e+02
2.500065e+02
2.500061e+02
2.500055e+02
2.500048e+02
2.500039e+02
2.500028e+02
2.500017e+02
2.500005e+02
2.499994e+02
2.499984e+02
2.499975e+02
2.499967e+02
2.499962e+02
2.499959e+02
2.499959e+02
2.499962e+02
2.499967e+02
2.499974e+02
2.499984e+02
2.499996e+02
2.500009e+02
2.500023e+02
2.500037e+02
2.500051e+02
2.500064e+02
2.500076e+02
2.500086e+02
2.500094e+02
2.500098e+02
2.500100e+02
2.500098e+02
2.500094e+02
2.500085e+02
2.500074e+02
2.500060e+02
2.500043e+02
2.500025e+02
2.500006e+02
2.499986e+02
2.499966e+02
2.499948e+02
2.499931e+02
2.499917e+02
2.499907e+02
2.499901e+02
2.499899e+02
2.499902e+02
2.499909e+02
2.499922e+02
2.499939e+02
2.499960e+02
2.499985e+02
2.500012e+02
2.500041e+02
2.500071e+02
2.500100e+02
2.500127e+02
2.500151e+02
2.500172e+02
2.500187e+02
2.500197e+02
2.500200e+02
2.500195e+02
2.500184e+02
2.500166e+02
2.500141e+02
2.500110e+02
2.500074e+02
2.500035e+02
2.499993e+02
2.499950e+02
2.499908e+02
2.499868e+02
2.499832e+02
2.499802e+02
2.499779e+02
2.499764e+02
2.499757e+02
2.499760e+02
2.499773e+02
2.499796e+02
2.499827e+02
2.499866e+02
2.499913e+02
2.499965e+02
2.500021e+02
2.500078e+02
2.500135e+02
2.500190e+02
2.500241e+02
2.500286e+02
2.500323e+02
2.500350e+02
2.500367e+02
2.500372e+02
2.500366e+02
2.500347e+02
2.500318e+02
2.500277e+02
2.500227e+02
2.500169e+02
2.500105e+02
2.500036e+02
2.499965e+02
2.499894e+02
2.499826e+02
2.499762e+02
2.499705e+02
2.499656e+02
2.499618e+02
2.499591e+02
2.499576e+02
2.499574e+02
2.499586e+02
2.499610e+02
2.499646e+02
2.499694e+02
2.499752e+02
2.499818e+02
2.499890e+02
2.499967e+02
2.500047e+02
2.500126e+02
2.500204e+02
2.500278e+02
2.500346e+02
2.500406e+02
2.500457e+02
2.500497e+02
2.500526e+02
2.500543e+02
2.500546e+02
2.500537e+02
2.500516e+02
2.500483e+02
2.500438e+02
2.500383e+02
2.500319e+02
2.500248e+02
2.500171e+02
2.500089e+02
2.500005e+02
2.499920e+02
2.499836e+02
2.499754e+02
2.499676e+02
2.499604e+02
2.499539e+02
2.499482e+02
2.499435e+02
2.499398e+02
2.499372e+02
2.499358e+02
2.499357e+02
2.499367e+02
2.499391e+02
2.499426e+02
2.499474e+02
2.499533e+02
2.499603e+02
2.499683e+02
2.499772e+02
2.499869e+02
2.499972e+02
2.500080e+02
2.500192e+02
2.500304e+02
2.500417e+02
2.500527e+02
2.500632e+02
2.500731e+02
2.500821e+02
2.500901e+02
2.500968e+02
2.501021e+02
2.501058e+02
2.501078e+02
2.501078e+02
2.501059e+02
2.501020e+02
2.500959e+02
2.500879e+02
2.500778e+02
2.500658e+02
2.500520e+02
2.500365e+02
2.500197e+02
2.500016e+02
2.499827e+02
2.499632e+02
2.499434e+02
2.499238e+02
2.499047e+02
2.498864e+02
2.498694e+02
2.498540e+02
2.498406e+02
2.498296e+02
2.498211e+02
2.498156e+02
2.498132e+02
2.498141e+02
2.498184e+02
2.498262e+02
2.498375e+02
2.498523e+02
2.498703e+02
2.498914e+02
2.499154e+02
2.499418e+02
2.499704e+02
2.500007e+02
2.500322e+02
2.500645e+02
2.500969e+02
2.501289e+02
2.501600e+02
2.501895e+02
2.502170e+02
2.502419e+02
2.502637e+02
2.502818e+02
2.502961e+02
2.503060e+02
2.503112e+02
2.503117e+02
2.503072e+02
2.502977e+02
2.502833e+02
2.502640e+02
2.502401e+02
2.502118e+02
2.501795e+02
2.501435e+02
2.501045e+02
2.500629e+02
2.500193e+02
2.499743e+02
2.499285e+02
2.498828e+02
2.498376e+02
2.497936e+02
2.497516e+02
2.497121e+02
2.496757e+02
2.496429e+02
2.496143e+02
2.495902e+02
2.495711e+02
2.495572e+02
2.495488e+02
2.495460e+02
2.495489e+02
2.495575e+02
2.495718e+02
2.495915e+02
2.496165e+02
2.496465e+02
2.496811e+02
2.497200e+02
2.497626e+02
2.498085e+02
2.498571e+02
2.499079e+02
2.499603e+02
2.500137e+02
2.500674e+02
2.501209e+02
2.501737e+02
2.502250e+02
2.502744e+02
2.503214e+02
2.503655e+02
2.504062e+02
2.504432e+02
2.504761e+02
2.505048e+02
2.505288e+02
2.505482e+02
2.505627e+02
2.505724e+02
2.505772e+02
2.505773e+02
2.505726e+02
2.505634e+02
2.505499e+02
2.505323e+02
2.505108e+02
2.504858e+02
2.504575e+02
2.504263e+02
2.503924e+02
2.503564e+02
2.503183e+02
2.502787e+02
2.502377e+02
2.501957e+02
2.501530e+02
2.501098e+02
2.500664e+02
2.500229e+02
2.499796e+02
2.499366e+02
2.498941e+02
2.498520e+02
2.498106e+02
2.497698e+02
2.497297e+02
2.496903e+02
2.496516e+02
2.496135e+02
2.495761e+02
2.495393e+02
2.495029e+02
2.494671e+02
2.494317e+02
2.493966e+02
2.493619e+02
2.493274e+02
2.492932e+02
2.492593e+02
2.492256e+02
2.491922e+02
2.491591e+02
2.491264e+02
2.490942e+02
2.490625e+02
2.490316e+02
2.490015e+02
2.489724e+02
2.489446e+02
2.489182e+02
2.488934e+02
2.488706e+02
2.488500e+02
2.488319e+02
2.488166e+02
2.488044e+02
2.487956e+02
2.487905e+02
2.487895e+02
2.487930e+02
2.488012e+02
2.488145e+02
2.488333e+02
2.488578e+02
2.488884e+02
2.489254e+02
2.489691e+02
2.490198e+02
2.490778e+02
2.491433e+02
2.492166e+02
2.492978e+02
2.493872e+02
2.494849e+02
2.495910e+02
2.497058e+02
2.498292e+02
2.499612e+02
2.501020e+02
2.502514e+02
2.504095e+02
2.505761e+02
2.507510e+02
2.509342e+02
2.511253e+02
2.513241e+02
2.515303e+02
2.517435e+02
2.519634e+02
2.521894e+02
2.524211e+02
2.526580e+02
2.528993e+02
2.531446e+02
2.533932e+02
2.536442e+02
2.538970e+02
2.541509e+02
2.544049e+02
2.546583e+02
2.549101e+02
2.551596e+02
2.554059e+02
2.556481e+02
2.558853e+02
2.561167e+02
2.563414e+02
2.565587e+02
2.567678e+02
2.569680e+02
2.571587e+02
2.573392e+02
2.575090e+02
2.576677e+02
2.578149e+02
2.579503e+02
2.580738e+02
2.581852e+02
2.582845e+02
2.583719e+02
2.584475e+02
2.585116e+02
2.585647e+02
2.586072e+02
2.586398e+02
2.586630e+02
2.586777e+02
2.586847e+02
2.586848e+02
2.586791e+02
2.586687e+02
2.586545e+02
2.586377e+02
2.586195e+02
2.586010e+02
2.585836e+02
2.585684e+02
2.585566e+02
2.585495e+02
2.585483e+02
2.585543e+02
2.585686e+02
2.585925e+02
2.586271e+02
2.586735e+02
2.587329e+02
2.588062e+02
2.588945e+02
2.589987e+02
2.591197e+02
2.592583e+02
2.594152e+02
2.595912e+02
2.597868e+02
2.600024e+02
2.602384e+02
2.604951e+02
2.607726e+02
2.610708e+02
2.613897e+02
2.617289e+02
2.620879e+02
2.624659e+02
2.628623e+02
2.632757e+02
2.637051e+02
2.641487e+02
2.646050e+02
2.650718e+02
2.655471e+02
2.660284e+02
2.665129e+02
2.669979e+02
2.674804e+02
2.679570e+02
2.684244e+02
2.688792e+02
2.693178e+02
2.697365e+02
2.701319e+02
2.705004e+02
2.708385e+02
2.711431e+02
2.714109e+02
2.716393e+02
2.718257e+02
2.719679e+02
2.720642e+02
2.721132e+02
2.721140e+02
2.720661e+02
2.719696e+02
2.718247e+02
2.716326e+02
2.713945e+02
2.711122e+02
2.707878e+02
2.704237e+02
2.700227e+02
2.695877e+02
2.691221e+02
2.686291e+02
2.681121e+02
2.675748e+02
2.670205e+02
2.664527e+02
2.658748e+02
2.652900e+02
2.647014e+02
2.641120e+02
2.635244e+02
2.629412e+02
2.623647e+02
2.617969e+02
2.612396e+02
2.606945e+02
2.601630e+02
2.596461e+02
2.591449e+02
2.586601e+02
2.581924e+02
2.577421e+02
2.573094e+02
2.568947e+02
2.564978e+02
2.561186e+02
2.557570e+02
2.554127e+02
2.550853e+02
2.547745e+02
2.544797e+02
2.542005e+02
2.539365e+02
2.536869e+02
2.534513e+02
2.532291e+02
2.530197e+02
2.528226e+02
2.526372e+02
2.524629e+02
2.522992e+02
2.521455e+02
2.520013e+02
2.518661e+02
2.517395e+02
2.516209e+02
2.515099e+02
2.514060e+02
2.513089e+02
2.512182e+02
2.511334e+02
2.510542e+02
2.509803e+02
2.509113e+02
2.508469e+02
2.507869e+02
2.507310e+02
2.506788e+02
2.506303e+02
2.505850e+02
2.505429e+02
2.505037e+02
2.504672e+02
2.504333e+02
2.504017e+02
2.503724e+02
2.503451e+02
2.503198e+02
2.502962e+02
2.502744e+02
2.502540e+02
2.502352e+02
2.502177e+02
2.502014e+02
2.501864e+02
2.501724e+02
2.501594e+02
2.501474e+02
2.501363e+02
2.501259e+02
2.501164e+02
2.501075e+02
2.500993e+02
2.500917e+02
2.500847e+02
2.500782e+02
2.500721e+02
2.500666e+02
2.500614e+02
2.500566e+02
2.500522e+02
2.500482e+02
2.500444e+02
2.500409e+02
2.500377e+02
2.500347e+02
2.500320e+02
2.500295e+02
2.500271e+02
2.500250e+02
2.500230e+02
2.500212e+02
2.500195e+02
2.500179e+02
2.500165e+02
2.500152e+02
2.500139e+02
2.500128e+02
2.500118e+02
2.500108e+02
2.500100e+02
2.500092e+02
2.500084e+02
2.500077e+02
2.500071e+02
2.500065e+02
2.500060e+02
2.500055e+02
2.500051e+02
2.500047e+02
2.500043e+02
2.500039e+02
2.500036e+02
2.500033e+02
2.500031e+02
2.500028e+02
2.500026e+02
2.500024e+02
2.500022e+02
2.500020e+02
2.500019e+02
2.500017e+02
2.500016e+02
2.500015e+02
2.500014e+02
2.500013e+02
2.500012e+02
2.500011e+02
2.500010e+02
2.500009e+02
2.500009e+02
2.500008e+02
2.500008e+02
2.500007e+02
2.500007e+02
2.500006e+02
2.500006e+02
2.500006e+02
2.500005e+02
2.500005e+02
2.500005e+02
2.500004e+02
2.500004e+02
2.500004e+02
2.500004e+02
2.500004e+02
2.500004e+02
2.500004e+02
2.500003e+02
2.500003e+02
2.500003e+02
2.500003e+02
2.500003e+02
2.500003e+02
2.500003e+02
2.500003e+02
2.500003e+02
2.500003e+02
2.500003e+02
2.500003e+02
2.500003e+02
2.500003e+02
2.500003e+02
2.500003e+02
2.500003e+02
2.500003e+02
2.500003e+02
2.500003e+02
2.500003e+02
2.500003e+02
2.500003e+02
2.500003e+02
2.500003e+02
2.500003e+02
2.500003e+02
2.500003e+02
2.500003e+02
2.500003e+02
2.500003e+02
2.500003e+02
2.500003e+02
2.500003e+02
2.500003e+02
2.500003e+02
2.500003e+02
2.500003e+02
2.500003e+02
2.500003e+02
2.500003e+02
2.500003e+02
2.500003e+02
2.500003e+02
2.500003e+02
2.500003e+02
2.500003e+02
2.500003e+02
2.500003e+02
2.500003e+02
2.500003e+02
2.500003e+02
2.500003e+02
2.500003e+02
2.500003e+02
2.500003e+02
2.500003e+02
2.500003e+02
2.500003e+02
2.500003e+02
2.500003e+02
2.500003e+02
2.500003e+02
2.500003e+02
2.500003e+02
2.500003e+02
2.500003e+02
2.500003e+02
2.500003e+02
2.500003e+02
2.500003e+02
2.500003e+02
2.500003e+02
2.500003e+02
2.500003e+02
2.500003e+02
2.500003e+02
2.500003e+02
2.500003e+02
2.500003e+02
2.500003e+02
2.500003e+02
2.500003e+02
2.500003e+02
2.500003e+02
2.500003e+02
2.500003e+02
2.500003e+02
2.500003e+02
2.500003e+02
2.500003e+02
2.500003e+02
2.500003e+02
2.500003e+02
2.500003e+02
2.500003e+02
2.500003e+02
2.500003e+02
2.500003e+02
2.500003e+02
2.500003e+02
2.500003e+02
2.500003e+02
2.500003e+02
2.500003e+02
2.500003e+02
