2.499999e+02
2.499999e+02
2.499999e+02
2.499999e+02
2.499999e+02
2.499999e+02
2.499999e+02
2.499999e+02
2.499999e+02
2.499999e+02
2.499999e+02
2.499999e+02
2.499999e+02
2.499999e+02
2.499999e+02
2.499999e+02
2.499999e+02
2.499999e+02
2.499999e+02
2.499999e+02
2.499999e+02
2.499999e+02
2.499999e+02
2.499999e+02
2.499999e+02
2.499999e+02
2.499999e+02
2.499999e+02
2.499999e+02
2.500000e+02
2.500000e+02
2.500000e+02
2.500000e+02
2.500000e+02
2.500000e+02
2.500000e+02
2.500000e+02
2.500000e+02
2.500000e+02
2.500000e+02
2.500000e+02
2.500000e+02
2.500000e+02
2.500000e+02
2.500000e+02
2.500000e+02
2.500000e+02
2.500000e+02
2.500000e+02
2.500000e+02
2.500000e+02
2.500000e+02
2.500000e+02
2.500000e+02
2.500000e+02
2.500000e+02
2.500000e+02
2.500000e+02
2.500000e+02
2.500000e+02
2.500000e+02
2.500000e+02
2.500000e+02
2.500000e+02
2.500000e+02
2.500000e+02
2.500000e+02
2.500000e+02
2.500000e+02
2.500000e+02
2.500000e+02
2.500000e+02
2.500000e+02
2.500000e+02
2.500000e+02
2.500000e+02
2.500000e+02
2.500000e+02
2.500000e+02
2.500000e+02
2.500000e+02
2.500000e+02
2.500000e+02
2.500000e+02
2.500000e+02
2.500000e+02
2.500000e+02
2.500000e+02
2.500000e+02
2.500000e+02
2.500000e+02
2.500000e+02
2.500000e+02
2.500000e+02
2.500000e+02
2.500000e+02
2.500000e+02
2.500000e+02
2.500000e+02
2.500000e+02
2.500000e+02
2.500000e+02
2.500000e+02
2.500000e+02
2.500000e+02
2.500000e+02
2.500000e+02
2.500000e+02
2.500000e+02
2.500000e+02
2.500000e+02
2.500000e+02
2.500000e+02
2.500000e+02
2.500000e+02
2.500000e+02
2.500000e+02
2.500000e+02
2.500000e+02
2.500000e+02
2.500000e+02
2.500000e+02
2.500000e+02
2.500000e+02
2.500000e+02
2.500000e+02
2.500000e+02
2.500000e+02
2.500000e+02
2.500000e+02
2.500000e+02
2.500000e+02
2.500000e+02
2.500000e+02
2.500000e+02
2.500000e+02
2.500000e+02
2.500000e+02
2.500000e+02
2.500000e+02
2.500000e+02
2.500000e+02
2.500000e+02
2.500000e+02
2.500000e+02
2.500000e+02
2.500000e+02
2.500000e+02
2.500000e+02
2.500000e+02
2.500000e+02
2.500000e+02
2.500000e+02
2.500000e+02
2.500000e+02
2.500000e+02
2.500000e+02
2.500000e+02
2.500000e+02
2.500001e+02
2.500001e+02
2.500001e+02
2.500001e+02
2.500001e+02
2.500001e+02
2.500001e+02
2.500001e+02
2.500001e+02
2.500001e+02
2.500001e+02
2.500001e+02
2.500001e+02
2.500001e+02
2.500001e+02
2.500001e+02
2.500001e+02
2.500001e+02
2.500001e+02
2.500001e+02
2.500001e+02
2.500001e+02
2.500001e+02
2.500001e+02
2.500001e+02
2.500001e+02
2.500001e+02
2.500001e+02
2.500001e+02
2.500001e+02
2.500001e+02
2.500001e+02
2.500001e+02
2.500001e+02
2.500001e+02
2.500001e+02
2.500001e+02
2.500001e+02
2.500001e+02
2.500001e+02
2.500001e+02
2.500001e+02
2.500001e+02
2.500001e+02
2.500001e+02
2.500001e+02
2.500001e+02
2.500001e+02
2.500001e+02
2.500001e+02
2.500001e+02
2.500001e+02
2.500001e+02
2.500001e+02
2.500001e+02
2.500001e+02
2.500001e+02
2.500001e+02
2.500001e+02
2.500001e+02
2.500001e+02
2.500001e+02
2.500001e+02
2.500001e+02
2.500001e+02
2.500001e+02
2.500001e+02
2.500001e+02
2.500001e+02
2.500001e+02
2.500001e+02
2.500001e+02
2.500001e+02
2.500001e+02
2.500001e+02
2.500001e+02
2.500001e+02
2.500001e+02
2.500001e+02
2.500001e+02
2.500001e+02
2.500001e+02
2.500001e+02
2.500001e+02
2.500001e+02
2.500001e+02
2.500001e+02
2.500001e+02
2.500001e+02
2.500001e+02
2.500001e+02
2.500001e+02
2.500002e+02
2.500002e+02
2.500002e+02
2.500002e+02
2.500002e+02
2.500002e+02
2.500002e+02
2.500002e+02
2.500002e+02
2.500002e+02
2.500002e+02
2.500001e+02
2.500001e+02
2.500001e+02
2.500001e+02
2.500001e+02
2.500001e+02
2.500000e+02
2.500000e+02
2.500000e+02
2.500000e+02
2.500000e+02
2.500000e+02
2.500000e+02
2.500000e+02
2.500001e+02
2.500001e+02
2.500001e+02
2.500001e+02
2.500002e+02
2.500002e+02
2.500002e+02
2.500002e+02
2.500003e+02
2.500003e+02
2.500003e+02
2.500003e+02
2.500003e+02
2.500003e+02
2.500003e+02
2.500003e+02
2.500003e+02
2.500002e+02
2.500002e+02
2.500001e+02
2.500001e+02
2.500001e+02
2.500000e+02
2.500000e+02
2.499999e+02
2.499999e+02
2.499998e+02
2.499998e+02
2.499998e+02
2.499998e+02
2.499998e+02
2.499998e+02
2.499999e+02
2.499999e+02
2.500000e+02
2.500000e+02
2.500001e+02
2.500002e+02
2.500003e+02
2.500003e+02
2.500004e+02
2.500005e+02
2.500005e+02
2.500006e+02
2.500006e+02
2.500006e+02
2.500007e+02
2.500006e+02
2.500006e+02
2.500006e+02
2.500005e+02
2.500004e+02
2.500004e+02
2.500003e+02
2.500001e+02
2.500000e+02
2.499999e+02
2.499998e+02
2.499997e+02
2.499996e+02
2.499995e+02
2.499994e+02
2.499993e+02
2.499993e+02
2.499992e+02
2.499992e+02
2.499993e+02
2.499993e+02
2.499994e+02
2.499995e+02
2.499996e+02
2.499998e+02
2.499999e+02
2.500001e+02
2.500003e+02
2.500005e+02
2.500007e+02
2.500009e+02
2.500011e+02
2.500012e+02
2.500014e+02
2.500015e+02
2.500016e+02
2.500016e+02
2.500016e+02
2.500016e+02
2.500015e+02
2.500014e+02
2.500013e+02
2.500011e+02
2.500008e+02
2.500006e+02
2.500003e+02
2.500000e+02
2.499996e+02
2.499993e+02
2.499990e+02
2.499987e+02
2.499984e+02
2.499981e+02
2.499979e+02
2.499977e+02
2.499975e+02
2.499974e+02
2.499974e+02
2.499974e+02
2.499975e+02
2.499977e+02
2.499979e+02
2.499982e+02
2.499986e+02
2.499990e+02
2.499995e+02
2.499999e+02
2.500005e+02
2.500010e+02
2.500015e+02
2.500021e+02
2.500026e+02
2.500031e+02
2.500035e+02
2.500039e+02
2.500043e+02
2.500045e+02
2.500047e+02
2.500048e+02
2.500048e+02
2.500047e+02
2.500044e+02
2.500041e+02
2.500037e+02
2.500032e+02
2.500027e+02
2.500020e+02
2.500013e+02
2.500005e+02
2.499996e+02
2.499987e+02
2.499979e+02
2.499970e+02
2.499961e+02
2.499953e+02
2.499945e+02
2.499937e+02
2.499931e+02
2.499925e+02
2.499921e+02
2.499918e+02
2.499916e+02
2.499915e+02
2.499916e+02
2.499919e+02
2.499923e+02
2.499928e+02
2.499936e+02
2.499944e+02
2.499954e+02
2.499965e+02
2.499978e+02
2.499991e+02
2.500006e+02
2.500021e+02
2.500036e+02
2.500052e+02
2.500068e+02
2.500083e+02
2.500098e+02
2.500113e+02
2.500126e+02
2.500138e+02
2.500149e+02
2.500157e+02
2.500164e+02
2.500169e+02
2.500171e+02
2.500171e+02
2.500168e+02
2.500162e+02
2.500154e+02
2.500143e+02
2.500130e+02
2.500113e+02
2.500094e+02
2.500073e+02
2.500049e+02
2.500024e+02
2.499997e+02
2.499968e+02
2.499938e+02
2.499908e+02
2.499877e+02
2.499846e+02
2.499816e+02
2.499786e+02
2.499758e+02
2.499732e+02
2.499708e+02
2.499686e+02
2.499668e+02
2.499653e+02
2.499641e+02
2.499634e+02
2.499631e+02
2.499632e+02
2.499639e+02
2.499650e+02
2.499665e+02
2.499686e+02
2.499712e+02
2.499742e+02
2.499777e+02
2.499816e+02
2.499859e+02
2.499906e+02
2.499956e+02
2.500010e+02
2.500066e+02
2.500124e+02
2.500183e+02
2.500243e+02
2.500304e+02
2.500364e+02
2.500424e+02
2.500482e+02
2.500538e+02
2.500591e+02
2.500641e+02
2.500687e+02
2.500729e+02
2.500766e+02
2.500798e+02
2.500823e+02
2.500843e+02
2.500855e+02
2.500861e+02
2.500860e+02
2.500851e+02
2.500834e+02
2.500809e+02
2.500776e+02
2.500736e+02
2.500687e+02
2.500631e+02
2.500566e+02
2.500494e+02
2.500415e+02
2.500328e+02
2.500234e+02
2.500134e+02
2.500027e+02
2.499915e+02
2.499797e+02
2.499674e+02
2.499547e+02
2.499416e+02
2.499282e+02
2.499146e+02
2.499007e+02
2.498867e+02
2.498727e+02
2.498587e+02
2.498448e+02
2.498311e+02
2.498177e+02
2.498045e+02
2.497919e+02
2.497797e+02
2.497681e+02
2.497573e+02
2.497472e+02
2.497379e+02
2.497297e+02
2.497225e+02
2.497164e+02
2.497115e+02
2.497080e+02
2.497058e+02
2.497051e+02
2.497060e+02
2.497085e+02
2.497127e+02
2.497186e+02
2.497264e+02
2.497361e+02
2.497478e+02
2.497614e+02
2.497771e+02
2.497949e+02
2.498148e+02
2.498368e+02
2.498610e+02
2.498874e+02
2.499160e+02
2.499468e+02
2.499797e+02
2.500148e+02
2.500521e+02
2.500915e+02
2.501330e+02
2.501765e+02
2.502221e+02
2.502697e+02
2.503192e+02
2.503706e+02
2.504238e+02
2.504788e+02
2.505355e+02
2.505938e+02
2.506537e+02
2.507151e+02
2.507780e+02
2.508422e+02
2.509078e+02
2.509746e+02
2.510426e+02
2.511118e+02
2.511820e+02
2.512533e+02
2.513255e+02
2.513986e+02
2.514727e+02
2.515476e+02
2.516233e+02
2.516998e+02
2.517770e+02
2.518550e+02
2.519336e+02
2.520130e+02
2.520931e+02
2.521738e+02
2.522552e+02
2.523373e+02
2.524200e+02
2.525034e+02
2.525874e+02
2.526720e+02
2.527573e+02
2.528432e+02
2.529298e+02
2.530169e+02
2.531046e+02
2.531929e+02
2.532817e+02
2.533710e+02
2.534607e+02
2.535509e+02
2.536414e+02
2.537322e+02
2.538232e+02
2.539144e+02
2.540056e+02
2.540968e+02
2.541879e+02
2.542787e+02
2.543692e+02
2.544592e+02
2.545485e+02
2.546371e+02
2.547249e+02
2.548116e+02
2.548971e+02
2.549814e+02
2.550641e+02
2.551453e+02
2.552247e+02
2.553021e+02
2.553776e+02
2.554509e+02
2.555219e+02
2.555905e+02
2.556566e+02
2.557201e+02
2.557809e+02
2.558390e+02
2.558942e+02
2.559466e+02
2.559961e+02
2.560427e+02
2.560865e+02
2.561274e+02
2.561655e+02
2.562009e+02
2.562336e+02
2.562637e+02
2.562914e+02
2.563168e+02
2.563400e+02
2.563612e+02
2.563805e+02
2.563982e+02
2.564144e+02
2.564294e+02
2.564434e+02
2.564566e+02
2.564692e+02
2.564814e+02
2.564936e+02
2.565058e+02
2.565185e+02
2.565317e+02
2.565457e+02
2.565608e+02
2.565771e+02
2.565949e+02
2.566143e+02
2.566355e+02
2.566587e+02
2.566839e+02
2.567114e+02
2.567413e+02
2.567736e+02
2.568083e+02
2.568456e+02
2.568855e+02
2.569279e+02
2.569728e+02
2.570203e+02
2.570701e+02
2.571222e+02
2.571764e+02
2.572327e+02
2.572908e+02
2.573506e+02
2.574118e+02
2.574742e+02
2.575374e+02
2.576013e+02
2.576655e+02
2.577297e+02
2.577935e+02
2.578567e+02
2.579188e+02
2.579794e+02
2.580382e+02
2.580949e+02
2.581489e+02
2.581999e+02
2.582476e+02
2.582916e+02
2.583315e+02
2.583669e+02
2.583975e+02
2.584230e+02
2.584430e+02
2.584573e+02
2.584656e+02
2.584677e+02
2.584634e+02
2.584525e+02
2.584349e+02
2.584104e+02
2.583789e+02
2.583405e+02
2.582950e+02
2.582426e+02
2.581832e+02
2.581170e+02
2.580440e+02
2.579644e+02
2.578785e+02
2.577863e+02
2.576881e+02
2.575841e+02
2.574748e+02
2.573602e+02
2.572408e+02
2.571169e+02
2.569887e+02
2.568568e+02
2.567213e+02
2.565827e+02
2.564413e+02
2.562975e+02
2.561517e+02
2.560041e+02
2.558552e+02
2.557054e+02
2.555548e+02
2.554039e+02
2.552530e+02
2.551024e+02
2.549523e+02
2.548030e+02
2.546548e+02
2.545079e+02
2.543626e+02
2.542190e+02
2.540774e+02
2.539379e+02
2.538006e+02
2.536658e+02
2.535336e+02
2.534040e+02
2.532772e+02
2.531532e+02
2.530322e+02
2.529142e+02
2.527992e+02
2.526872e+02
2.525784e+02
2.524726e+02
2.523700e+02
2.522705e+02
2.521741e+02
2.520808e+02
2.519905e+02
2.519033e+02
2.518190e+02
2.517377e+02
2.516593e+02
2.515837e+02
2.515110e+02
2.514410e+02
2.513736e+02
2.513089e+02
2.512467e+02
2.511870e+02
2.511297e+02
2.510748e+02
2.510222e+02
2.509718e+02
2.509235e+02
2.508773e+02
2.508331e+02
2.507909e+02
2.507506e+02
2.507120e+02
2.506752e+02
2.506401e+02
2.506066e+02
2.505747e+02
2.505443e+02
2.505153e+02
2.504877e+02
2.504615e+02
2.504365e+02
2.504127e+02
2.503902e+02
2.503687e+02
2.503483e+02
2.503289e+02
2.503106e+02
2.502931e+02
2.502766e+02
2.502609e+02
2.502460e+02
2.502319e+02
2.502186e+02
2.502060e+02
2.501940e+02
2.501827e+02
2.501720e+02
2.501618e+02
2.501523e+02
2.501432e+02
2.501347e+02
2.501266e+02
2.501190e+02
2.501118e+02
2.501050e+02
2.500986e+02
2.500926e+02
2.500869e+02
2.500815e+02
2.500765e+02
2.500717e+02
2.500672e+02
2.500630e+02
2.500591e+02
2.500553e+02
2.500518e+02
2.500485e+02
2.500454e+02
2.500425e+02
2.500398e+02
2.500372e+02
2.500348e+02
2.500325e+02
2.500304e+02
2.500284e+02
2.500265e+02
2.500248e+02
2.500231e+02
2.500216e+02
2.500202e+02
2.500188e+02
2.500176e+02
2.500164e+02
2.500153e+02
2.500142e+02
2.500133e+02
2.500124e+02
2.500115e+02
2.500107e+02
2.500100e+02
2.500093e+02
2.500087e+02
2.500081e+02
2.500075e+02
2.500070e+02
2.500065e+02
2.500061e+02
2.500056e+02
2.500052e+02
2.500049e+02
2.500045e+02
2.500042e+02
2.500039e+02
2.500037e+02
2.500034e+02
2.500032e+02
2.500029e+02
2.500027e+02
2.500025e+02
2.500024e+02
2.500022e+02
2.500020e+02
2.500019e+02
2.500018e+02
2.500017e+02
2.500015e+02
2.500014e+02
2.500013e+02
2.500012e+02
2.500012e+02
2.500011e+02
2.500010e+02
2.500010e+02
2.500009e+02
2.500008e+02
2.500008e+02
2.500007e+02
2.500007e+02
2.500006e+02
2.500006e+02
2.500006e+02
2.500005e+02
2.500005e+02
2.500005e+02
2.500005e+02
2.500004e+02
2.500004e+02
2.500004e+02
2.500004e+02
2.500004e+02
2.500003e+02
2.500003e+02
2.500003e+02
2.500003e+02
2.500003e+02
2.500003e+02
2.500003e+02
2.500003e+02
2.500003e+02
2.500003e+02
2.500002e+02
2.500002e+02
2.500002e+02
2.500002e+02
2.500002e+02
2.500002e+02
2.500002e+02
2.500002e+02
2.500002e+02
2.500002e+02
2.500002e+02
2.500002e+02
2.500002e+02
2.500002e+02
2.500002e+02
2.500002e+02
2.500002e+02
2.500002e+02
2.500002e+02
2.500002e+02
2.500002e+02
2.500002e+02
2.500002e+02
2.500002e+02
2.500002e+02
2.500002e+02
2.500002e+02
2.500002e+02
2.500002e+02
2.500002e+02
2.500002e+02
2.500002e+02
2.500002e+02
2.500002e+02
2.500002e+02
2.500002e+02
2.500002e+02
2.500002e+02
2.500002e+02
2.500002e+02
2.500002e+02
2.500002e+02
2.500002e+02
2.500002e+02
2.500002e+02
2.500002e+02
2.500002e+02
2.500002e+02
2.500002e+02
2.500002e+02
2.500002e+02
2.500002e+02
2.500002e+02
2.500002e+02
2.500002e+02
2.500002e+02
2.500002e+02
2.500002e+02
2.500002e+02
2.500002e+02
2.500002e+02
2.500002e+02
2.500002e+02
2.500002e+02
2.500002e+02
2.500002e+02
2.500002e+02
2.500002e+02
2.500002e+02
