2.499999e+02
2.499999e+02
2.499999e+02
2.499999e+02
2.499999e+02
2.499999e+02
2.499999e+02
2.499999e+02
2.499999e+02
2.499999e+02
2.499999e+02
2.499999e+02
2.499999e+02
2.499999e+02
2.499999e+02
2.499999e+02
2.499999e+02
2.499999e+02
2.499999e+02
2.499999e+02
2.499999e+02
2.499999e+02
2.499999e+02
2.499999e+02
2.499999e+02
2.499999e+02
2.499999e+02
2.499999e+02
2.499999e+02
2.499999e+02
2.499999e+02
2.499999e+02
2.499999e+02
2.499999e+02
2.499999e+02
2.499999e+02
2.499999e+02
2.499999e+02
2.499999e+02
2.499999e+02
2.499999e+02
2.499999e+02
2.499999e+02
2.499999e+02
2.499999e+02
2.499999e+02
2.499999e+02
2.499999e+02
2.499999e+02
2.499999e+02
2.499999e+02
2.499999e+02
2.499999e+02
2.499999e+02
2.499999e+02
2.499999e+02
2.499999e+02
2.499999e+02
2.499999e+02
2.499999e+02
2.499999e+02
2.499999e+02
2.499999e+02
2.499999e+02
2.499999e+02
2.499999e+02
2.499999e+02
2.499999e+02
2.499999e+02
2.499999e+02
2.499999e+02
2.499999e+02
2.499999e+02
2.499999e+02
2.499999e+02
2.499999e+02
2.499999e+02
2.499999e+02
2.499999e+02
2.499999e+02
2.499999e+02
2.499999e+02
2.499999e+02
2.499999e+02
2.499999e+02
2.499999e+02
2.499999e+02
2.499999e+02
2.499999e+02
2.499999e+02
2.499999e+02
2.499999e+02
2.499999e+02
2.499999e+02
2.499999e+02
2.499999e+02
2.499999e+02
2.499999e+02
2.499999e+02
2.499999e+02
2.499999e+02
2.499999e+02
2.499999e+02
2.499999e+02
2.499999e+02
2.499999e+02
2.499999e+02
2.499999e+02
2.499999e+02
2.499999e+02
2.499999e+02
2.499999e+02
2.499999e+02
2.499999e+02
2.499999e+02
2.499999e+02
2.499999e+02
2.499999e+02
2.499999e+02
2.499999e+02
2.499999e+02
2.499999e+02
2.499999e+02
2.499999e+02
2.499999e+02
2.499999e+02
2.499999e+02
2.499999e+02
2.499999e+02
2.499999e+02
2.499999e+02
2.499999e+02
2.499999e+02
2.499999e+02
2.499999e+02
2.499999e+02
2.499999e+02
2.499999e+02
2.499999e+02
2.499999e+02
2.499999e+02
2.499999e+02
2.499999e+02
2.499999e+02
2.499999e+02
2.499999e+02
2.499999e+02
2.499999e+02
2.499999e+02
2.499999e+02
2.499999e+02
2.499999e+02
2.499999e+02
2.499999e+02
2.499999e+02
2.499999e+02
2.499999e+02
2.499999e+02
2.499999e+02
2.499999e+02
2.499999e+02
2.499999e+02
2.499999e+02
2.499999e+02
2.499999e+02
2.499999e+02
2.499999e+02
2.499999e+02
2.499999e+02
2.499999e+02
2.499999e+02
2.499999e+02
2.499999e+02
2.499999e+02
2.499999e+02
2.499999e+02
2.499999e+02
2.499999e+02
2.499999e+02
2.499999e+02
2.499999e+02
2.499999e+02
2.499999e+02
2.499999e+02
2.499999e+02
2.499999e+02
2.499999e+02
2.499999e+02
2.499999e+02
2.499999e+02
2.499999e+02
2.499999e+02
2.499999e+02
2.499999e+02
2.499999e+02
2.499999e+02
2.499999e+02
2.499999e+02
2.499999e+02
2.499999e+02
2.499999e+02
2.499999e+02
2.499999e+02
2.499999e+02
2.499999e+02
2.499999e+02
2.499999e+02
2.499999e+02
2.499999e+02
2.499999e+02
2.499999e+02
2.499999e+02
2.499999e+02
2.499999e+02
2.499999e+02
2.499999e+02
2.499999e+02
2.499999e+02
2.499999e+02
2.499999e+02
2.499999e+02
2.499999e+02
2.499999e+02
2.499999e+02
2.499999e+02
2.499999e+02
2.499999e+02
2.499999e+02
2.499999e+02
2.499999e+02
2.499999e+02
2.499999e+02
2.499999e+02
2.499999e+02
2.499999e+02
2.499999e+02
2.499999e+02
2.499999e+02
2.499999e+02
2.499999e+02
2.499999e+02
2.499999e+02
2.499999e+02
2.499999e+02
2.499999e+02
2.499999e+02
2.499999e+02
2.499999e+02
2.499999e+02
2.499999e+02
2.499999e+02
2.499999e+02
2.499999e+02
2.499999e+02
2.499999e+02
2.499999e+02
2.499999e+02
2.499999e+02
2.499999e+02
2.499999e+02
2.499999e+02
2.499999e+02
2.499999e+02
2.499999e+02
2.499999e+02
2.499999e+02
2.499999e+02
2.499999e+02
2.499999e+02
2.499999e+02
2.499999e+02
2.499999e+02
2.499999e+02
2.499999e+02
2.499999e+02
2.499999e+02
2.499999e+02
2.499999e+02
2.499999e+02
2.499999e+02
2.499999e+02
2.499999e+02
2.499999e+02
2.499999e+02
2.499999e+02
2.499999e+02
2.499999e+02
2.499999e+02
2.499999e+02
2.499999e+02
2.499999e+02
2.499999e+02
2.499999e+02
2.499999e+02
2.499999e+02
2.499999e+02
2.499999e+02
2.499999e+02
2.499999e+02
2.499999e+02
2.499999e+02
2.499999e+02
2.499999e+02
2.499999e+02
2.499999e+02
2.499999e+02
2.499999e+02
2.499999e+02
2.499999e+02
2.499999e+02
2.499999e+02
2.499999e+02
2.499999e+02
2.499999e+02
2.499999e+02
2.499999e+02
2.499999e+02
2.499999e+02
2.499999e+02
2.499999e+02
2.499999e+02
2.499999e+02
2.499999e+02
2.499999e+02
2.499999e+02
2.499999e+02
2.499999e+02
2.499999e+02
2.499999e+02
2.499999e+02
2.499999e+02
2.499999e+02
2.499999e+02
2.499999e+02
2.499999e+02
2.499999e+02
2.499999e+02
2.499999e+02
2.499999e+02
2.499999e+02
2.499999e+02
2.499999e+02
2.499999e+02
2.499999e+02
2.499999e+02
2.499999e+02
2.499999e+02
2.499999e+02
2.499999e+02
2.499999e+02
2.499999e+02
2.499999e+02
2.499999e+02
2.499999e+02
2.499999e+02
2.499999e+02
2.499999e+02
2.499999e+02
2.499999e+02
2.499999e+02
2.499999e+02
2.499999e+02
2.499999e+02
2.499999e+02
2.499999e+02
2.499999e+02
2.499999e+02
2.499999e+02
2.499999e+02
2.499999e+02
2.499999e+02
2.499999e+02
2.499999e+02
2.499999e+02
2.499999e+02
2.499999e+02
2.499999e+02
2.499999e+02
2.500000e+02
2.500000e+02
2.500000e+02
2.500000e+02
2.500000e+02
2.500000e+02
2.500000e+02
2.500000e+02
2.500000e+02
2.500000e+02
2.500000e+02
2.500000e+02
2.500000e+02
2.500000e+02
2.500000e+02
2.500000e+02
2.500000e+02
2.500000e+02
2.500000e+02
2.500000e+02
2.500000e+02
2.500000e+02
2.500000e+02
2.500000e+02
2.500000e+02
2.500000e+02
2.500000e+02
2.500000e+02
2.500000e+02
2.500001e+02
2.500001e+02
2.500001e+02
2.500001e+02
2.500001e+02
2.500002e+02
2.500002e+02
2.500002e+02
2.500003e+02
2.500003e+02
2.500004e+02
2.500004e+02
2.500005e+02
2.500005e+02
2.500006e+02
2.500007e+02
2.500008e+02
2.500009e+02
2.500010e+02
2.500011e+02
2.500012e+02
2.500013e+02
2.500015e+02
2.500016e+02
2.500017e+02
2.500019e+02
2.500021e+02
2.500023e+02
2.500024e+02
2.500026e+02
2.500029e+02
2.500031e+02
2.500033e+02
2.500036e+02
2.500038e+02
2.500041e+02
2.500044e+02
2.500047e+02
2.500050e+02
2.500053e+02
2.500057e+02
2.500061e+02
2.500064e+02
2.500069e+02
2.500073e+02
2.500078e+02
2.500083e+02
2.500088e+02
2.500093e+02
2.500099e+02
2.500105e+02
2.500112e+02
2.500119e+02
2.500127e+02
2.500135e+02
2.500143e+02
2.500152e+02
2.500162e+02
2.500172e+02
2.500184e+02
2.500195e+02
2.500208e+02
2.500221e+02
2.500236e+02
2.500251e+02
2.500267e+02
2.500285e+02
2.500303e+02
2.500323e+02
2.500344e+02
2.500366e+02
2.500390e+02
2.500415e+02
2.500442e+02
2.500470e+02
2.500500e+02
2.500531e+02
2.500565e+02
2.500600e+02
2.500638e+02
2.500677e+02
2.500718e+02
2.500762e+02
2.500808e+02
2.500856e+02
2.500907e+02
2.500960e+02
2.501016e+02
2.501074e+02
2.501135e+02
2.501199e+02
2.501265e+02
2.501335e+02
2.501407e+02
2.501483e+02
2.501561e+02
2.501643e+02
2.501727e+02
2.501815e+02
2.501906e+02
2.502001e+02
2.502098e+02
2.502199e+02
2.502304e+02
2.502412e+02
2.502523e+02
2.502638e+02
2.502756e+02
2.502878e+02
2.503003e+02
2.503132e+02
2.503264e+02
2.503400e+02
2.503539e+02
2.503682e+02
2.503828e+02
2.503978e+02
2.504131e+02
2.504287e+02
2.504447e+02
2.504610e+02
2.504776e+02
2.504946e+02
2.505119e+02
2.505295e+02
2.505474e+02
2.505656e+02
2.505841e+02
2.506029e+02
2.506219e+02
2.506413e+02
2.506609e+02
2.506807e+02
2.507009e+02
2.507212e+02
2.507418e+02
2.507626e+02
2.507837e+02
2.508049e+02
2.508263e+02
2.508479e+02
2.508697e+02
2.508917e+02
2.509138e+02
2.509360e+02
2.509584e+02
2.509809e+02
2.510035e+02
2.510262e+02
2.510490e+02
2.510719e+02
2.510948e+02
2.511178e+02
2.511408e+02
2.511639e+02
2.511869e+02
2.512100e+02
2.512331e+02
2.512561e+02
2.512792e+02
2.513021e+02
2.513251e+02
2.513479e+02
2.513707e+02
2.513935e+02
2.514161e+02
2.514386e+02
2.514610e+02
2.514832e+02
2.515054e+02
2.515273e+02
2.515492e+02
2.515708e+02
2.515923e+02
2.516136e+02
2.516347e+02
2.516556e+02
2.516763e+02
2.516968e+02
2.517170e+02
2.517371e+02
2.517568e+02
2.517764e+02
2.517957e+02
2.518147e+02
2.518335e+02
2.518519e+02
2.518702e+02
2.518881e+02
2.519058e+02
2.519231e+02
2.519402e+02
2.519570e+02
2.519734e+02
2.519896e+02
2.520055e+02
2.520211e+02
2.520363e+02
2.520513e+02
2.520659e+02
2.520802e+02
2.520942e+02
2.521079e+02
2.521213e+02
2.521343e+02
2.521471e+02
2.521595e+02
2.521716e+02
2.521835e+02
2.521950e+02
2.522062e+02
2.522171e+02
2.522277e+02
2.522379e+02
2.522479e+02
2.522576e+02
2.522670e+02
2.522762e+02
2.522850e+02
2.522935e+02
2.523018e+02
2.523098e+02
2.523176e+02
2.523250e+02
2.523323e+02
2.523392e+02
2.523459e+02
2.523524e+02
2.523587e+02
2.523647e+02
2.523704e+02
2.523760e+02
2.523813e+02
2.523864e+02
2.523914e+02
2.523961e+02
2.524006e+02
2.524049e+02
2.524091e+02
2.524131e+02
2.524169e+02
2.524205e+02
2.524240e+02
2.524273e+02
2.524305e+02
2.524335e+02
2.524364e+02
2.524392e+02
2.524418e+02
2.524443e+02
2.524467e+02
2.524490e+02
2.524512e+02
2.524532e+02
2.524552e+02
2.524571e+02
2.524589e+02
2.524606e+02
2.524623e+02
2.524638e+02
2.524653e+02
2.524667e+02
2.524681e+02
2.524694e+02
2.524706e+02
2.524718e+02
2.524730e+02
2.524741e+02
2.524752e+02
2.524762e+02
2.524772e+02
2.524782e+02
2.524791e+02
2.524800e+02
2.524809e+02
2.524818e+02
2.524827e+02
2.524835e+02
2.524844e+02
2.524852e+02
2.524860e+02
2.524869e+02
2.524877e+02
2.524886e+02
2.524894e+02
2.524903e+02
2.524912e+02
2.524920e+02
2.524929e+02
2.524939e+02
2.524948e+02
2.524957e+02
2.524967e+02
2.524977e+02
2.524987e+02
2.524997e+02
2.525008e+02
2.525019e+02
2.525030e+02
2.525041e+02
2.525052e+02
2.525064e+02
2.525075e+02
2.525087e+02
2.525099e+02
2.525111e+02
2.525122e+02
2.525134e+02
2.525146e+02
2.525157e+02
2.525169e+02
2.525180e+02
2.525190e+02
2.525201e+02
2.525211e+02
2.525220e+02
2.525228e+02
2.525236e+02
2.525243e+02
2.525249e+02
2.525254e+02
2.525257e+02
2.525260e+02
2.525260e+02
2.525260e+02
2.525257e+02
2.525253e+02
2.525247e+02
2.525239e+02
2.525228e+02
2.525215e+02
2.525200e+02
2.525181e+02
2.525160e+02
2.525136e+02
2.525109e+02
2.525079e+02
2.525045e+02
2.525007e+02
2.524966e+02
2.524921e+02
2.524872e+02
2.524819e+02
2.524762e+02
2.524700e+02
2.524634e+02
2.524563e+02
2.524488e+02
2.524407e+02
2.524322e+02
2.524232e+02
2.524137e+02
2.524036e+02
2.523931e+02
2.523820e+02
2.523704e+02
2.523582e+02
2.523456e+02
2.523323e+02
2.523186e+02
2.523043e+02
2.522895e+02
2.522741e+02
2.522582e+02
2.522418e+02
2.522249e+02
2.522074e+02
2.521894e+02
2.521710e+02
2.521520e+02
2.521326e+02
2.521127e+02
2.520923e+02
2.520715e+02
2.520502e+02
2.520286e+02
2.520065e+02
2.519840e+02
2.519612e+02
2.519380e+02
2.519144e+02
2.518905e+02
2.518664e+02
2.518419e+02
2.518172e+02
2.517922e+02
2.517670e+02
2.517415e+02
2.517159e+02
2.516901e+02
2.516641e+02
2.516380e+02
2.516118e+02
2.515855e+02
2.515591e+02
2.515327e+02
2.515062e+02
2.514797e+02
2.514532e+02
2.514267e+02
2.514003e+02
2.513739e+02
2.513475e+02
2.513213e+02
2.512952e+02
2.512691e+02
2.512432e+02
2.512175e+02
2.511919e+02
2.511665e+02
2.511413e+02
2.511163e+02
2.510915e+02
2.510670e+02
2.510427e+02
2.510186e+02
2.509948e+02
2.509712e+02
2.509480e+02
2.509250e+02
2.509023e+02
2.508800e+02
2.508579e+02
2.508361e+02
2.508147e+02
2.507936e+02
2.507728e+02
2.507524e+02
2.507323e+02
2.507125e+02
2.506931e+02
2.506741e+02
2.506553e+02
2.506370e+02
2.506189e+02
2.506013e+02
2.505840e+02
2.505670e+02
2.505504e+02
2.505341e+02
2.505182e+02
2.505026e+02
2.504874e+02
2.504725e+02
2.504580e+02
2.504438e+02
2.504299e+02
2.504163e+02
2.504031e+02
2.503902e+02
2.503777e+02
2.503654e+02
2.503535e+02
2.503419e+02
2.503305e+02
2.503195e+02
2.503088e+02
2.502984e+02
2.502882e+02
2.502784e+02
2.502688e+02
2.502594e+02
2.502504e+02
2.502416e+02
2.502331e+02
2.502248e+02
2.502168e+02
2.502090e+02
2.502014e+02
2.501941e+02
2.501870e+02
2.501801e+02
2.501734e+02
2.501670e+02
2.501607e+02
2.501547e+02
2.501488e+02
2.501432e+02
2.501377e+02
2.501324e+02
2.501273e+02
2.501224e+02
2.501176e+02
2.501130e+02
2.501085e+02
2.501042e+02
2.501001e+02
2.500961e+02
2.500922e+02
2.500885e+02
2.500849e+02
2.500815e+02
2.500781e+02
2.500749e+02
2.500718e+02
2.500688e+02
2.500660e+02
2.500632e+02
2.500605e+02
2.500580e+02
2.500555e+02
2.500532e+02
2.500509e+02
2.500487e+02
2.500466e+02
2.500446e+02
2.500427e+02
2.500408e+02
2.500390e+02
2.500373e+02
2.500356e+02
2.500341e+02
2.500325e+02
2.500311e+02
2.500297e+02
2.500284e+02
2.500271e+02
2.500258e+02
2.500247e+02
2.500235e+02
2.500225e+02
2.500214e+02
2.500204e+02
2.500195e+02
2.500186e+02
2.500177e+02
2.500169e+02
2.500161e+02
2.500153e+02
2.500146e+02
2.500139e+02
2.500133e+02
2.500126e+02
2.500120e+02
2.500114e+02
2.500109e+02
2.500104e+02
2.500099e+02
2.500094e+02
2.500089e+02
2.500085e+02
2.500081e+02
2.500077e+02
2.500073e+02
2.500069e+02
2.500066e+02
2.500063e+02
2.500060e+02
2.500057e+02
2.500054e+02
2.500051e+02
2.500049e+02
2.500046e+02
2.500044e+02
2.500042e+02
2.500040e+02
2.500038e+02
2.500036e+02
2.500034e+02
2.500032e+02
2.500031e+02
2.500029e+02
2.500028e+02
2.500027e+02
2.500025e+02
2.500024e+02
2.500023e+02
2.500022e+02
2.500021e+02
2.500020e+02
2.500019e+02
2.500018e+02
2.500017e+02
2.500017e+02
2.500016e+02
2.500015e+02
2.500015e+02
2.500014e+02
2.500014e+02
2.500013e+02
2.500013e+02
2.500012e+02
2.500012e+02
2.500012e+02
2.500011e+02
2.500011e+02
2.500011e+02
2.500011e+02
2.500011e+02
2.500010e+02
2.500010e+02
2.500010e+02
2.500010e+02
