2.500024e+02
2.500024e+02
2.500024e+02
2.500024e+02
2.500024e+02
2.500024e+02
2.500024e+02
2.500024e+02
2.500024e+02
2.500024e+02
2.500024e+02
2.500024e+02
2.500024e+02
2.500024e+02
2.500024e+02
2.500024e+02
2.500024e+02
2.500024e+02
2.500024e+02
2.500024e+02
2.500024e+02
2.500024e+02
2.500024e+02
2.500024e+02
2.500024e+02
2.500024e+02
2.500024e+02
2.500024e+02
2.500024e+02
2.500024e+02
2.500024e+02
2.500024e+02
2.500024e+02
2.500024e+02
2.500024e+02
2.500023e+02
2.500023e+02
2.500023e+02
2.500024e+02
2.500024e+02
2.500024e+02
2.500024e+02
2.500024e+02
2.500024e+02
2.500024e+02
2.500024e+02
2.500024e+02
2.500025e+02
2.500025e+02
2.500025e+02
2.500024e+02
2.500023e+02
2.500023e+02
2.500023e+02
2.500024e+02
2.500024e+02
2.500024e+02
2.500025e+02
2.500025e+02
2.500025e+02
2.500024e+02
2.500024e+02
2.500024e+02
2.500024e+02
2.500024e+02
2.500024e+02
2.500025e+02
2.500025e+02
2.500024e+02
2.500024e+02
2.500024e+02
2.500023e+02
2.500023e+02
2.500023e+02
2.500024e+02
2.500024e+02
2.500025e+02
2.500025e+02
2.500026e+02
2.500026e+02
2.500025e+02
2.500025e+02
2.500024e+02
2.500024e+02
2.500023e+02
2.500023e+02
2.500023e+02
2.500023e+02
2.500024e+02
2.500024e+02
2.500025e+02
2.500025e+02
2.500025e+02
2.500025e+02
2.500025e+02
2.500025e+02
2.500025e+02
2.500025e+02
2.500025e+02
2.500026e+02
2.500026e+02
2.500025e+02
2.500025e+02
2.500025e+02
2.500024e+02
2.500023e+02
2.500023e+02
2.500022e+02
2.500022e+02
2.500023e+02
2.500023e+02
2.500024e+02
2.500025e+02
2.500027e+02
2.500028e+02
2.500028e+02
2.500029e+02
2.500028e+02
2.500028e+02
2.500027e+02
2.500025e+02
2.500024e+02
2.500023e+02
2.500022e+02
2.500021e+02
2.500021e+02
2.500021e+02
2.500022e+02
2.500023e+02
2.500024e+02
2.500025e+02
2.500027e+02
2.500028e+02
2.500029e+02
2.500030e+02
2.500030e+02
2.500030e+02
2.500029e+02
2.500029e+02
2.500027e+02
2.500026e+02
2.500025e+02
2.500023e+02
2.500022e+02
2.500021e+02
2.500020e+02
2.500019e+02
2.500019e+02
2.500020e+02
2.500021e+02
2.500022e+02
2.500024e+02
2.500026e+02
2.500028e+02
2.500031e+02
2.500032e+02
2.500034e+02
2.500034e+02
2.500034e+02
2.500034e+02
2.500032e+02
2.500030e+02
2.500027e+02
2.500024e+02
2.500021e+02
2.500018e+02
2.500016e+02
2.500014e+02
2.500013e+02
2.500013e+02
2.500014e+02
2.500016e+02
2.500019e+02
2.500023e+02
2.500027e+02
2.500031e+02
2.500035e+02
2.500038e+02
2.500041e+02
2.500042e+02
2.500043e+02
2.500042e+02
2.500040e+02
2.500037e+02
2.500033e+02
2.500028e+02
2.500022e+02
2.500017e+02
2.500012e+02
2.500008e+02
2.500005e+02
2.500004e+02
2.500004e+02
2.500005e+02
2.500008e+02
2.500013e+02
2.500018e+02
2.500025e+02
2.500031e+02
2.500038e+02
2.500044e+02
2.500050e+02
2.500054e+02
2.500056e+02
2.500056e+02
2.500055e+02
2.500051e+02
2.500045e+02
2.500038e+02
2.500030e+02
2.500022e+02
2.500013e+02
2.500005e+02
2.499998e+02
2.499992e+02
2.499989e+02
2.499987e+02
2.499988e+02
2.499992e+02
2.499998e+02
2.500006e+02
2.500015e+02
2.500026e+02
2.500037e+02
2.500047e+02
2.500057e+02
2.500065e+02
2.500071e+02
2.500075e+02
2.500076e+02
2.500074e+02
2.500070e+02
2.500063e+02
2.500053e+02
2.500042e+02
2.500030e+02
2.500017e+02
2.500004e+02
2.499993e+02
2.499982e+02
2.499974e+02
2.499968e+02
2.499965e+02
2.499966e+02
2.499969e+02
2.499976e+02
2.499985e+02
2.499996e+02
2.500010e+02
2.500025e+02
2.500040e+02
2.500055e+02
2.500070e+02
2.500083e+02
2.500093e+02
2.500101e+02
2.500106e+02
2.500107e+02
2.500105e+02
2.500098e+02
2.500088e+02
2.500075e+02
2.500059e+02
2.500041e+02
2.500021e+02
2.500000e+02
2.499980e+02
2.499961e+02
2.499944e+02
2.499929e+02
2.499919e+02
2.499913e+02
2.499912e+02
2.499916e+02
2.499926e+02
2.499940e+02
2.499960e+02
2.499983e+02
2.500010e+02
2.500039e+02
2.500070e+02
2.500099e+02
2.500127e+02
2.500152e+02
2.500173e+02
2.500188e+02
2.500196e+02
2.500197e+02
2.500191e+02
2.500176e+02
2.500155e+02
2.500126e+02
2.500091e+02
2.500052e+02
2.500010e+02
2.499966e+02
2.499923e+02
2.499883e+02
2.499847e+02
2.499817e+02
2.499796e+02
2.499783e+02
2.499781e+02
2.499790e+02
2.499808e+02
2.499838e+02
2.499876e+02
2.499923e+02
2.499976e+02
2.500033e+02
2.500092e+02
2.500150e+02
2.500206e+02
2.500256e+02
2.500298e+02
2.500330e+02
2.500352e+02
2.500360e+02
2.500355e+02
2.500337e+02
2.500306e+02
2.500263e+02
2.500209e+02
2.500146e+02
2.500077e+02
2.500004e+02
2.499930e+02
2.499858e+02
2.499790e+02
2.499730e+02
2.499680e+02
2.499641e+02
2.499616e+02
2.499606e+02
2.499611e+02
2.499631e+02
2.499666e+02
2.499714e+02
2.499775e+02
2.499845e+02
2.499923e+02
2.500006e+02
2.500091e+02
2.500175e+02
2.500256e+02
2.500329e+02
2.500394e+02
2.500447e+02
2.500487e+02
2.500512e+02
2.500522e+02
2.500517e+02
2.500496e+02
2.500460e+02
2.500410e+02
2.500348e+02
2.500276e+02
2.500196e+02
2.500110e+02
2.500021e+02
2.499932e+02
2.499844e+02
2.499762e+02
2.499686e+02
2.499619e+02
2.499562e+02
2.499518e+02
2.499486e+02
2.499469e+02
2.499466e+02
2.499477e+02
2.499503e+02
2.499541e+02
2.499592e+02
2.499654e+02
2.499725e+02
2.499805e+02
2.499891e+02
2.499981e+02
2.500073e+02
2.500166e+02
2.500258e+02
2.500346e+02
2.500429e+02
2.500505e+02
2.500572e+02
2.500629e+02
2.500675e+02
2.500708e+02
2.500728e+02
2.500733e+02
2.500724e+02
2.500699e+02
2.500660e+02
2.500606e+02
2.500538e+02
2.500456e+02
2.500362e+02
2.500256e+02
2.500142e+02
2.500020e+02
2.499892e+02
2.499761e+02
2.499630e+02
2.499501e+02
2.499377e+02
2.499261e+02
2.499156e+02
2.499064e+02
2.498988e+02
2.498930e+02
2.498894e+02
2.498880e+02
2.498891e+02
2.498926e+02
2.498988e+02
2.499075e+02
2.499187e+02
2.499323e+02
2.499482e+02
2.499660e+02
2.499855e+02
2.500064e+02
2.500282e+02
2.500505e+02
2.500729e+02
2.500948e+02
2.501157e+02
2.501352e+02
2.501528e+02
2.501679e+02
2.501802e+02
2.501892e+02
2.501947e+02
2.501963e+02
2.501938e+02
2.501872e+02
2.501764e+02
2.501615e+02
2.501427e+02
2.501201e+02
2.500943e+02
2.500654e+02
2.500342e+02
2.500011e+02
2.499667e+02
2.499318e+02
2.498969e+02
2.498629e+02
2.498305e+02
2.498003e+02
2.497729e+02
2.497491e+02
2.497295e+02
2.497144e+02
2.497043e+02
2.496996e+02
2.497005e+02
2.497071e+02
2.497195e+02
2.497375e+02
2.497610e+02
2.497896e+02
2.498229e+02
2.498605e+02
2.499017e+02
2.499458e+02
2.499922e+02
2.500400e+02
2.500883e+02
2.501365e+02
2.501834e+02
2.502284e+02
2.502706e+02
2.503092e+02
2.503435e+02
2.503728e+02
2.503966e+02
2.504143e+02
2.504257e+02
2.504303e+02
2.504281e+02
2.504190e+02
2.504031e+02
2.503807e+02
2.503519e+02
2.503172e+02
2.502772e+02
2.502324e+02
2.501835e+02
2.501312e+02
2.500763e+02
2.500196e+02
2.499620e+02
2.499043e+02
2.498473e+02
2.497919e+02
2.497389e+02
2.496890e+02
2.496429e+02
2.496012e+02
2.495644e+02
2.495331e+02
2.495076e+02
2.494883e+02
2.494753e+02
2.494688e+02
2.494687e+02
2.494752e+02
2.494879e+02
2.495067e+02
2.495313e+02
2.495614e+02
2.495965e+02
2.496361e+02
2.496797e+02
2.497268e+02
2.497767e+02
2.498290e+02
2.498828e+02
2.499377e+02
2.499931e+02
2.500482e+02
2.501027e+02
2.501558e+02
2.502072e+02
2.502563e+02
2.503028e+02
2.503463e+02
2.503864e+02
2.504230e+02
2.504557e+02
2.504845e+02
2.505092e+02
2.505299e+02
2.505464e+02
2.505589e+02
2.505674e+02
2.505721e+02
2.505731e+02
2.505705e+02
2.505647e+02
2.505557e+02
2.505438e+02
2.505292e+02
2.505122e+02
2.504929e+02
2.504716e+02
2.504484e+02
2.504236e+02
2.503973e+02
2.503696e+02
2.503406e+02
2.503104e+02
2.502791e+02
2.502468e+02
2.502134e+02
2.501789e+02
2.501434e+02
2.501068e+02
2.500690e+02
2.500300e+02
2.499897e+02
2.499482e+02
2.499052e+02
2.498607e+02
2.498147e+02
2.497672e+02
2.497181e+02
2.496673e+02
2.496150e+02
2.495611e+02
2.495056e+02
2.494487e+02
2.493904e+02
2.493309e+02
2.492703e+02
2.492088e+02
2.491467e+02
2.490841e+02
2.490214e+02
2.489588e+02
2.488966e+02
2.488351e+02
2.487748e+02
2.487160e+02
2.486591e+02
2.486045e+02
2.485526e+02
2.485038e+02
2.484585e+02
2.484173e+02
2.483805e+02
2.483485e+02
2.483217e+02
2.483007e+02
2.482858e+02
2.482773e+02
2.482758e+02
2.482815e+02
2.482949e+02
2.483162e+02
2.483459e+02
2.483841e+02
2.484312e+02
2.484875e+02
2.485532e+02
2.486284e+02
2.487135e+02
2.488084e+02
2.489135e+02
2.490287e+02
2.491541e+02
2.492897e+02
2.494356e+02
2.495917e+02
2.497579e+02
2.499340e+02
2.501200e+02
2.503156e+02
2.505205e+02
2.507345e+02
2.509572e+02
2.511882e+02
2.514271e+02
2.516734e+02
2.519265e+02
2.521860e+02
2.524510e+02
2.527210e+02
2.529951e+02
2.532727e+02
2.535529e+02
2.538348e+02
2.541174e+02
2.544000e+02
2.546815e+02
2.549609e+02
2.552372e+02
2.555094e+02
2.557766e+02
2.560377e+02
2.562917e+02
2.565376e+02
2.567747e+02
2.570019e+02
2.572185e+02
2.574237e+02
2.576168e+02
2.577972e+02
2.579645e+02
2.581181e+02
2.582578e+02
2.583833e+02
2.584945e+02
2.585915e+02
2.586744e+02
2.587433e+02
2.587987e+02
2.588410e+02
2.588708e+02
2.588888e+02
2.588956e+02
2.588923e+02
2.588798e+02
2.588590e+02
2.588312e+02
2.587974e+02
2.587590e+02
2.587172e+02
2.586733e+02
2.586287e+02
2.585848e+02
2.585429e+02
2.585046e+02
2.584711e+02
2.584440e+02
2.584246e+02
2.584143e+02
2.584145e+02
2.584267e+02
2.584520e+02
2.584919e+02
2.585475e+02
2.586202e+02
2.587112e+02
2.588216e+02
2.589524e+02
2.591048e+02
2.592797e+02
2.594780e+02
2.597006e+02
2.599481e+02
2.602212e+02
2.605204e+02
2.608460e+02
2.611983e+02
2.615774e+02
2.619831e+02
2.624151e+02
2.628727e+02
2.633554e+02
2.638620e+02
2.643911e+02
2.649412e+02
2.655103e+02
2.660961e+02
2.666962e+02
2.673075e+02
2.679268e+02
2.685505e+02
2.691747e+02
2.697953e+02
2.704079e+02
2.710078e+02
2.715901e+02
2.721500e+02
2.726825e+02
2.731826e+02
2.736456e+02
2.740666e+02
2.744413e+02
2.747656e+02
2.750357e+02
2.752485e+02
2.754012e+02
2.754917e+02
2.755188e+02
2.754815e+02
2.753798e+02
2.752141e+02
2.749859e+02
2.746969e+02
2.743498e+02
2.739474e+02
2.734933e+02
2.729915e+02
2.724462e+02
2.718621e+02
2.712438e+02
2.705962e+02
2.699243e+02
2.692328e+02
2.685265e+02
2.678100e+02
2.670877e+02
2.663638e+02
2.656419e+02
2.649258e+02
2.642184e+02
2.635228e+02
2.628414e+02
2.621763e+02
2.615294e+02
2.609023e+02
2.602962e+02
2.597119e+02
2.591503e+02
2.586117e+02
2.580964e+02
2.576045e+02
2.571358e+02
2.566901e+02
2.562670e+02
2.558661e+02
2.554867e+02
2.551282e+02
2.547900e+02
2.544713e+02
2.541712e+02
2.538891e+02
2.536242e+02
2.533755e+02
2.531425e+02
2.529241e+02
2.527198e+02
2.525287e+02
2.523501e+02
2.521833e+02
2.520276e+02
2.518824e+02
2.517470e+02
2.516208e+02
2.515033e+02
2.513939e+02
2.512921e+02
2.511974e+02
2.511094e+02
2.510275e+02
2.509515e+02
2.508809e+02
2.508153e+02
2.507545e+02
2.506980e+02
2.506456e+02
2.505971e+02
2.505520e+02
2.505103e+02
2.504716e+02
2.504357e+02
2.504025e+02
2.503718e+02
2.503433e+02
2.503170e+02
2.502926e+02
2.502701e+02
2.502492e+02
2.502299e+02
2.502121e+02
2.501956e+02
2.501803e+02
2.501662e+02
2.501532e+02
2.501412e+02
2.501301e+02
2.501199e+02
2.501104e+02
2.501017e+02
2.500936e+02
2.500862e+02
2.500793e+02
2.500730e+02
2.500671e+02
2.500618e+02
2.500568e+02
2.500522e+02
2.500480e+02
2.500441e+02
2.500406e+02
2.500373e+02
2.500343e+02
2.500315e+02
2.500289e+02
2.500265e+02
2.500244e+02
2.500224e+02
2.500205e+02
2.500189e+02
2.500173e+02
2.500159e+02
2.500146e+02
2.500134e+02
2.500123e+02
2.500112e+02
2.500103e+02
2.500095e+02
2.500087e+02
2.500080e+02
2.500073e+02
2.500067e+02
2.500061e+02
2.500056e+02
2.500052e+02
2.500047e+02
2.500043e+02
2.500040e+02
2.500037e+02
2.500034e+02
2.500031e+02
2.500028e+02
2.500026e+02
2.500024e+02
2.500022e+02
2.500020e+02
2.500019e+02
2.500017e+02
2.500016e+02
2.500015e+02
2.500013e+02
2.500012e+02
2.500012e+02
2.500011e+02
2.500010e+02
2.500009e+02
2.500009e+02
2.500008e+02
2.500008e+02
2.500007e+02
2.500007e+02
2.500006e+02
2.500006e+02
2.500006e+02
2.500005e+02
2.500005e+02
2.500005e+02
2.500004e+02
2.500004e+02
2.500004e+02
2.500004e+02
2.500004e+02
2.500004e+02
2.500004e+02
2.500003e+02
2.500003e+02
2.500003e+02
2.500003e+02
2.500003e+02
2.500003e+02
2.500003e+02
2.500003e+02
2.500003e+02
2.500003e+02
2.500003e+02
2.500003e+02
2.500003e+02
2.500003e+02
2.500003e+02
2.500003e+02
2.500003e+02
2.500003e+02
2.500003e+02
2.500003e+02
2.500003e+02
2.500003e+02
2.500003e+02
2.500003e+02
2.500003e+02
2.500003e+02
2.500003e+02
2.500003e+02
2.500003e+02
2.500003e+02
2.500003e+02
2.500003e+02
2.500003e+02
2.500003e+02
2.500003e+02
2.500003e+02
2.500003e+02
2.500003e+02
2.500003e+02
2.500003e+02
2.500003e+02
2.500003e+02
2.500003e+02
2.500003e+02
2.500003e+02
2.500003e+02
2.500003e+02
2.500003e+02
2.500003e+02
2.500003e+02
2.500003e+02
2.500003e+02
2.500003e+02
2.500003e+02
2.500003e+02
2.500003e+02
2.500003e+02
2.500003e+02
2.500003e+02
2.500003e+02
2.500003e+02
2.500003e+02
2.500003e+02
2.500003e+02
2.500003e+02
2.500003e+02
2.500003e+02
2.500003e+02
2.500003e+02
2.500003e+02
2.500003e+02
2.500003e+02
2.500003e+02
2.500003e+02
2.500003e+02
2.500003e+02
2.500003e+02
2.500003e+02
2.500003e+02
2.500003e+02
2.500003e+02
2.500003e+02
2.500003e+02
2.500003e+02
2.500003e+02
2.500003e+02
2.500003e+02
2.500003e+02
2.500003e+02
2.500003e+02
2.500003e+02
2.500003e+02
2.500003e+02
2.500003e+02
2.500003e+02
2.500003e+02
2.500003e+02
2.500003e+02
2.500003e+02
2.500003e+02
2.500003e+02
2.500003e+02
2.500003e+02
2.500003e+02
2.500003e+02
2.500003e+02
2.500003e+02
2.500003e+02
