2.500045e+02
2.500045e+02
2.500044e+02
2.500044e+02
2.500045e+02
2.500045e+02
2.500045e+02
2.500045e+02
2.500045e+02
2.500045e+02
2.500045e+02
2.500045e+02
2.500044e+02
2.500045e+02
2.500045e+02
2.500046e+02
2.500044e+02
2.500043e+02
2.500044e+02
2.500046e+02
2.500046e+02
2.500045e+02
2.500045e+02
2.500045e+02
2.500045e+02
2.500045e+02
2.500044e+02
2.500044e+02
2.500045e+02
2.500045e+02
2.500045e+02
2.500044e+02
2.500044e+02
2.500045e+02
2.500045e+02
2.500046e+02
2.500046e+02
2.500046e+02
2.500045e+02
2.500044e+02
2.500043e+02
2.500043e+02
2.500044e+02
2.500044e+02
2.500045e+02
2.500045e+02
2.500045e+02
2.500045e+02
2.500045e+02
2.500045e+02
2.500045e+02
2.500046e+02
2.500046e+02
2.500046e+02
2.500046e+02
2.500046e+02
2.500044e+02
2.500043e+02
2.500043e+02
2.500043e+02
2.500043e+02
2.500045e+02
2.500046e+02
2.500046e+02
2.500047e+02
2.500048e+02
2.500048e+02
2.500047e+02
2.500045e+02
2.500045e+02
2.500044e+02
2.500044e+02
2.500044e+02
2.500044e+02
2.500044e+02
2.500044e+02
2.500044e+02
2.500044e+02
2.500044e+02
2.500044e+02
2.500045e+02
2.500045e+02
2.500047e+02
2.500048e+02
2.500049e+02
2.500049e+02
2.500049e+02
2.500048e+02
2.500047e+02
2.500045e+02
2.500042e+02
2.500041e+02
2.500040e+02
2.500039e+02
2.500040e+02
2.500042e+02
2.500044e+02
2.500047e+02
2.500049e+02
2.500051e+02
2.500052e+02
2.500053e+02
2.500052e+02
2.500051e+02
2.500049e+02
2.500046e+02
2.500044e+02
2.500042e+02
2.500040e+02
2.500039e+02
2.500039e+02
2.500039e+02
2.500040e+02
2.500041e+02
2.500043e+02
2.500045e+02
2.500048e+02
2.500050e+02
2.500052e+02
2.500054e+02
2.500055e+02
2.500055e+02
2.500054e+02
2.500053e+02
2.500051e+02
2.500048e+02
2.500045e+02
2.500041e+02
2.500037e+02
2.500035e+02
2.500033e+02
2.500033e+02
2.500033e+02
2.500035e+02
2.500039e+02
2.500043e+02
2.500048e+02
2.500054e+02
2.500058e+02
2.500062e+02
2.500065e+02
2.500066e+02
2.500064e+02
2.500062e+02
2.500057e+02
2.500051e+02
2.500045e+02
2.500038e+02
2.500032e+02
2.500026e+02
2.500023e+02
2.500021e+02
2.500022e+02
2.500025e+02
2.500030e+02
2.500037e+02
2.500045e+02
2.500053e+02
2.500062e+02
2.500069e+02
2.500075e+02
2.500078e+02
2.500079e+02
2.500077e+02
2.500073e+02
2.500066e+02
2.500057e+02
2.500047e+02
2.500036e+02
2.500026e+02
2.500018e+02
2.500011e+02
2.500007e+02
2.500006e+02
2.500008e+02
2.500014e+02
2.500022e+02
2.500033e+02
2.500045e+02
2.500058e+02
2.500070e+02
2.500081e+02
2.500090e+02
2.500096e+02
2.500098e+02
2.500097e+02
2.500092e+02
2.500083e+02
2.500071e+02
2.500058e+02
2.500043e+02
2.500028e+02
2.500014e+02
2.500002e+02
2.499993e+02
2.499987e+02
2.499986e+02
2.499988e+02
2.499995e+02
2.500005e+02
2.500019e+02
2.500034e+02
2.500051e+02
2.500068e+02
2.500084e+02
2.500098e+02
2.500110e+02
2.500118e+02
2.500121e+02
2.500121e+02
2.500115e+02
2.500106e+02
2.500092e+02
2.500076e+02
2.500057e+02
2.500037e+02
2.500017e+02
2.499998e+02
2.499981e+02
2.499967e+02
2.499958e+02
2.499953e+02
2.499953e+02
2.499958e+02
2.499969e+02
2.499985e+02
2.500005e+02
2.500029e+02
2.500055e+02
2.500082e+02
2.500108e+02
2.500133e+02
2.500154e+02
2.500170e+02
2.500180e+02
2.500184e+02
2.500179e+02
2.500167e+02
2.500148e+02
2.500121e+02
2.500089e+02
2.500053e+02
2.500014e+02
2.499975e+02
2.499938e+02
2.499905e+02
2.499878e+02
2.499860e+02
2.499851e+02
2.499852e+02
2.499865e+02
2.499889e+02
2.499922e+02
2.499965e+02
2.500015e+02
2.500068e+02
2.500124e+02
2.500178e+02
2.500227e+02
2.500269e+02
2.500300e+02
2.500320e+02
2.500325e+02
2.500316e+02
2.500291e+02
2.500253e+02
2.500201e+02
2.500140e+02
2.500071e+02
2.499998e+02
2.499925e+02
2.499855e+02
2.499794e+02
2.499743e+02
2.499706e+02
2.499685e+02
2.499683e+02
2.499699e+02
2.499733e+02
2.499785e+02
2.499851e+02
2.499929e+02
2.500015e+02
2.500105e+02
2.500195e+02
2.500280e+02
2.500356e+02
2.500418e+02
2.500465e+02
2.500493e+02
2.500500e+02
2.500486e+02
2.500451e+02
2.500397e+02
2.500326e+02
2.500241e+02
2.500145e+02
2.500043e+02
2.499940e+02
2.499840e+02
2.499748e+02
2.499668e+02
2.499603e+02
2.499557e+02
2.499531e+02
2.499527e+02
2.499545e+02
2.499584e+02
2.499642e+02
2.499718e+02
2.499808e+02
2.499908e+02
2.500014e+02
2.500122e+02
2.500228e+02
2.500327e+02
2.500416e+02
2.500491e+02
2.500550e+02
2.500590e+02
2.500611e+02
2.500611e+02
2.500590e+02
2.500551e+02
2.500493e+02
2.500421e+02
2.500335e+02
2.500240e+02
2.500138e+02
2.500033e+02
2.499928e+02
2.499827e+02
2.499733e+02
2.499648e+02
2.499575e+02
2.499516e+02
2.499473e+02
2.499447e+02
2.499437e+02
2.499446e+02
2.499471e+02
2.499514e+02
2.499571e+02
2.499643e+02
2.499726e+02
2.499820e+02
2.499923e+02
2.500030e+02
2.500141e+02
2.500252e+02
2.500361e+02
2.500464e+02
2.500561e+02
2.500647e+02
2.500720e+02
2.500778e+02
2.500820e+02
2.500842e+02
2.500845e+02
2.500827e+02
2.500787e+02
2.500725e+02
2.500643e+02
2.500540e+02
2.500419e+02
2.500282e+02
2.500132e+02
2.499971e+02
2.499805e+02
2.499636e+02
2.499469e+02
2.499310e+02
2.499163e+02
2.499033e+02
2.498924e+02
2.498840e+02
2.498786e+02
2.498764e+02
2.498777e+02
2.498826e+02
2.498912e+02
2.499034e+02
2.499190e+02
2.499379e+02
2.499595e+02
2.499835e+02
2.500093e+02
2.500362e+02
2.500636e+02
2.500906e+02
2.501165e+02
2.501405e+02
2.501619e+02
2.501799e+02
2.501940e+02
2.502034e+02
2.502078e+02
2.502069e+02
2.502005e+02
2.501884e+02
2.501709e+02
2.501482e+02
2.501208e+02
2.500891e+02
2.500540e+02
2.500162e+02
2.499766e+02
2.499363e+02
2.498963e+02
2.498576e+02
2.498213e+02
2.497885e+02
2.497600e+02
2.497367e+02
2.497194e+02
2.497088e+02
2.497051e+02
2.497089e+02
2.497200e+02
2.497385e+02
2.497642e+02
2.497964e+02
2.498347e+02
2.498782e+02
2.499260e+02
2.499771e+02
2.500302e+02
2.500842e+02
2.501378e+02
2.501896e+02
2.502385e+02
2.502832e+02
2.503226e+02
2.503557e+02
2.503815e+02
2.503994e+02
2.504088e+02
2.504093e+02
2.504009e+02
2.503835e+02
2.503575e+02
2.503232e+02
2.502813e+02
2.502328e+02
2.501784e+02
2.501195e+02
2.500571e+02
2.499925e+02
2.499272e+02
2.498624e+02
2.497995e+02
2.497398e+02
2.496846e+02
2.496350e+02
2.495920e+02
2.495565e+02
2.495293e+02
2.495109e+02
2.495017e+02
2.495019e+02
2.495116e+02
2.495306e+02
2.495585e+02
2.495949e+02
2.496391e+02
2.496903e+02
2.497475e+02
2.498097e+02
2.498758e+02
2.499446e+02
2.500148e+02
2.500852e+02
2.501546e+02
2.502216e+02
2.502852e+02
2.503444e+02
2.503979e+02
2.504452e+02
2.504852e+02
2.505175e+02
2.505416e+02
2.505572e+02
2.505640e+02
2.505622e+02
2.505518e+02
2.505331e+02
2.505066e+02
2.504727e+02
2.504322e+02
2.503858e+02
2.503343e+02
2.502785e+02
2.502195e+02
2.501580e+02
2.500951e+02
2.500317e+02
2.499686e+02
2.499068e+02
2.498470e+02
2.497900e+02
2.497364e+02
2.496867e+02
2.496416e+02
2.496014e+02
2.495664e+02
2.495368e+02
2.495127e+02
2.494943e+02
2.494815e+02
2.494742e+02
2.494722e+02
2.494754e+02
2.494833e+02
2.494958e+02
2.495125e+02
2.495329e+02
2.495568e+02
2.495837e+02
2.496132e+02
2.496450e+02
2.496786e+02
2.497138e+02
2.497503e+02
2.497876e+02
2.498256e+02
2.498640e+02
2.499027e+02
2.499415e+02
2.499802e+02
2.500188e+02
2.500572e+02
2.500953e+02
2.501332e+02
2.501708e+02
2.502082e+02
2.502453e+02
2.502822e+02
2.503188e+02
2.503552e+02
2.503913e+02
2.504271e+02
2.504625e+02
2.504975e+02
2.505319e+02
2.505656e+02
2.505983e+02
2.506299e+02
2.506601e+02
2.506887e+02
2.507153e+02
2.507395e+02
2.507611e+02
2.507797e+02
2.507948e+02
2.508060e+02
2.508130e+02
2.508154e+02
2.508127e+02
2.508046e+02
2.507908e+02
2.507710e+02
2.507448e+02
2.507121e+02
2.506726e+02
2.506262e+02
2.505729e+02
2.505125e+02
2.504452e+02
2.503710e+02
2.502902e+02
2.502028e+02
2.501093e+02
2.500099e+02
2.499051e+02
2.497953e+02
2.496810e+02
2.495628e+02
2.494412e+02
2.493168e+02
2.491904e+02
2.490626e+02
2.489340e+02
2.488055e+02
2.486777e+02
2.485513e+02
2.484271e+02
2.483057e+02
2.481879e+02
2.480744e+02
2.479658e+02
2.478628e+02
2.477660e+02
2.476760e+02
2.475933e+02
2.475187e+02
2.474524e+02
2.473951e+02
2.473472e+02
2.473092e+02
2.472813e+02
2.472640e+02
2.472576e+02
2.472625e+02
2.472788e+02
2.473068e+02
2.473468e+02
2.473990e+02
2.474634e+02
2.475402e+02
2.476296e+02
2.477315e+02
2.478460e+02
2.479733e+02
2.481131e+02
2.482655e+02
2.484303e+02
2.486075e+02
2.487969e+02
2.489984e+02
2.492115e+02
2.494361e+02
2.496719e+02
2.499185e+02
2.501755e+02
2.504424e+02
2.507187e+02
2.510038e+02
2.512971e+02
2.515980e+02
2.519058e+02
2.522196e+02
2.525386e+02
2.528619e+02
2.531886e+02
2.535177e+02
2.538481e+02
2.541787e+02
2.545085e+02
2.548362e+02
2.551606e+02
2.554806e+02
2.557949e+02
2.561023e+02
2.564015e+02
2.566915e+02
2.569710e+02
2.572389e+02
2.574941e+02
2.577357e+02
2.579627e+02
2.581742e+02
2.583696e+02
2.585482e+02
2.587094e+02
2.588530e+02
2.589785e+02
2.590859e+02
2.591752e+02
2.592465e+02
2.593001e+02
2.593363e+02
2.593558e+02
2.593592e+02
2.593472e+02
2.593209e+02
2.592812e+02
2.592293e+02
2.591662e+02
2.590934e+02
2.590122e+02
2.589240e+02
2.588302e+02
2.587324e+02
2.586320e+02
2.585308e+02
2.584302e+02
2.583318e+02
2.582372e+02
2.581482e+02
2.580661e+02
2.579927e+02
2.579295e+02
2.578781e+02
2.578400e+02
2.578168e+02
2.578101e+02
2.578213e+02
2.578520e+02
2.579037e+02
2.579778e+02
2.580758e+02
2.581993e+02
2.583496e+02
2.585282e+02
2.587365e+02
2.589757e+02
2.592474e+02
2.595527e+02
2.598928e+02
2.602687e+02
2.606815e+02
2.611320e+02
2.616209e+02
2.621486e+02
2.627153e+02
2.633211e+02
2.639657e+02
2.646483e+02
2.653677e+02
2.661226e+02
2.669108e+02
2.677298e+02
2.685766e+02
2.694474e+02
2.703380e+02
2.712435e+02
2.721583e+02
2.730763e+02
2.739909e+02
2.748948e+02
2.757805e+02
2.766399e+02
2.774649e+02
2.782471e+02
2.789783e+02
2.796502e+02
2.802550e+02
2.807854e+02
2.812348e+02
2.815973e+02
2.818677e+02
2.820424e+02
2.821185e+02
2.820948e+02
2.819709e+02
2.817475e+02
2.814272e+02
2.810134e+02
2.805106e+02
2.799242e+02
2.792606e+02
2.785268e+02
2.777305e+02
2.768797e+02
2.759826e+02
2.750476e+02
2.740829e+02
2.730967e+02
2.720965e+02
2.710898e+02
2.700833e+02
2.690834e+02
2.680955e+02
2.671248e+02
2.661756e+02
2.652517e+02
2.643560e+02
2.634912e+02
2.626592e+02
2.618614e+02
2.610989e+02
2.603722e+02
2.596814e+02
2.590265e+02
2.584071e+02
2.578224e+02
2.572716e+02
2.567538e+02
2.562678e+02
2.558123e+02
2.553861e+02
2.549879e+02
2.546162e+02
2.542698e+02
2.539472e+02
2.536472e+02
2.533683e+02
2.531094e+02
2.528692e+02
2.526465e+02
2.524402e+02
2.522492e+02
2.520725e+02
2.519090e+02
2.517580e+02
2.516184e+02
2.514896e+02
2.513706e+02
2.512609e+02
2.511597e+02
2.510663e+02
2.509803e+02
2.509010e+02
2.508280e+02
2.507608e+02
2.506989e+02
2.506419e+02
2.505895e+02
2.505412e+02
2.504969e+02
2.504560e+02
2.504185e+02
2.503840e+02
2.503523e+02
2.503232e+02
2.502964e+02
2.502718e+02
2.502492e+02
2.502285e+02
2.502094e+02
2.501920e+02
2.501759e+02
2.501612e+02
2.501477e+02
2.501353e+02
2.501239e+02
2.501134e+02
2.501039e+02
2.500951e+02
2.500870e+02
2.500797e+02
2.500729e+02
2.500667e+02
2.500610e+02
2.500558e+02
2.500511e+02
2.500467e+02
2.500427e+02
2.500390e+02
2.500357e+02
2.500326e+02
2.500298e+02
2.500272e+02
2.500249e+02
2.500228e+02
2.500208e+02
2.500190e+02
2.500173e+02
2.500158e+02
2.500145e+02
2.500132e+02
2.500121e+02
2.500110e+02
2.500101e+02
2.500092e+02
2.500084e+02
2.500077e+02
2.500070e+02
2.500064e+02
2.500058e+02
2.500053e+02
2.500049e+02
2.500045e+02
2.500041e+02
2.500037e+02
2.500034e+02
2.500031e+02
2.500029e+02
2.500026e+02
2.500024e+02
2.500022e+02
2.500020e+02
2.500019e+02
2.500017e+02
2.500016e+02
2.500014e+02
2.500013e+02
2.500012e+02
2.500011e+02
2.500011e+02
2.500010e+02
2.500009e+02
2.500008e+02
2.500008e+02
2.500007e+02
2.500007e+02
2.500006e+02
2.500006e+02
2.500006e+02
2.500005e+02
2.500005e+02
2.500005e+02
2.500005e+02
2.500005e+02
2.500004e+02
2.500004e+02
2.500004e+02
2.500004e+02
2.500004e+02
2.500004e+02
2.500004e+02
2.500003e+02
2.500003e+02
2.500003e+02
2.500003e+02
2.500003e+02
2.500003e+02
2.500003e+02
2.500003e+02
2.500003e+02
2.500003e+02
2.500003e+02
2.500003e+02
2.500003e+02
2.500003e+02
2.500003e+02
2.500003e+02
2.500003e+02
2.500003e+02
2.500003e+02
2.500003e+02
2.500003e+02
2.500003e+02
2.500003e+02
2.500003e+02
2.500003e+02
2.500003e+02
2.500003e+02
2.500003e+02
2.500003e+02
2.500003e+02
2.500003e+02
2.500003e+02
2.500003e+02
2.500003e+02
2.500003e+02
2.500003e+02
2.500003e+02
2.500003e+02
2.500003e+02
2.500003e+02
2.500003e+02
2.500003e+02
2.500003e+02
2.500003e+02
2.500003e+02
2.500003e+02
2.500003e+02
2.500003e+02
2.500003e+02
2.500003e+02
2.500003e+02
2.500003e+02
2.500003e+02
2.500003e+02
2.500003e+02
2.500003e+02
2.500003e+02
2.500003e+02
2.500003e+02
2.500003e+02
2.500003e+02
2.500003e+02
2.500003e+02
2.500003e+02
2.500003e+02
2.500003e+02
2.500003e+02
2.500003e+02
2.500003e+02
2.500003e+02
2.500003e+02
2.500003e+02
2.500004e+02
2.500004e+02
2.500004e+02
2.500004e+02
2.500004e+02
2.500004e+02
2.500004e+02
2.500004e+02
2.500004e+02
2.500004e+02
2.500004e+02
2.500004e+02
2.500004e+02
2.500004e+02
2.500004e+02
2.500004e+02
2.500004e+02
2.500004e+02
2.500004e+02
2.500004e+02
2.500004e+02
2.500004e+02
2.500004e+02
2.500004e+02
2.500004e+02
2.500004e+02
2.500004e+02
2.500004e+02
2.500004e+02
2.500004e+02
2.500004e+02
2.500004e+02
2.500004e+02
2.500004e+02
2.500004e+02
2.500004e+02
2.500004e+02
