2.500193e+02
2.500194e+02
2.500201e+02
2.500217e+02
2.500225e+02
2.500221e+02
2.500212e+02
2.500209e+02
2.500206e+02
2.500210e+02
2.500208e+02
2.500197e+02
2.500197e+02
2.500200e+02
2.500204e+02
2.500212e+02
2.500215e+02
2.500218e+02
2.500220e+02
2.500219e+02
2.500218e+02
2.500210e+02
2.500211e+02
2.500211e+02
2.500206e+02
2.500195e+02
2.500192e+02
2.500194e+02
2.500202e+02
2.500207e+02
2.500215e+02
2.500222e+02
2.500228e+02
2.500228e+02
2.500221e+02
2.500217e+02
2.500209e+02
2.500199e+02
2.500189e+02
2.500180e+02
2.500180e+02
2.500181e+02
2.500188e+02
2.500208e+02
2.500225e+02
2.500236e+02
2.500247e+02
2.500247e+02
2.500232e+02
2.500217e+02
2.500206e+02
2.500195e+02
2.500184e+02
2.500176e+02
2.500174e+02
2.500179e+02
2.500189e+02
2.500200e+02
2.500212e+02
2.500225e+02
2.500238e+02
2.500249e+02
2.500253e+02
2.500251e+02
2.500244e+02
2.500231e+02
2.500212e+02
2.500190e+02
2.500169e+02
2.500153e+02
2.500144e+02
2.500146e+02
2.500158e+02
2.500179e+02
2.500207e+02
2.500238e+02
2.500266e+02
2.500287e+02
2.500296e+02
2.500292e+02
2.500274e+02
2.500245e+02
2.500209e+02
2.500170e+02
2.500136e+02
2.500110e+02
2.500099e+02
2.500104e+02
2.500124e+02
2.500157e+02
2.500199e+02
2.500243e+02
2.500285e+02
2.500317e+02
2.500335e+02
2.500336e+02
2.500321e+02
2.500290e+02
2.500249e+02
2.500201e+02
2.500154e+02
2.500113e+02
2.500084e+02
2.500070e+02
2.500073e+02
2.500092e+02
2.500126e+02
2.500170e+02
2.500219e+02
2.500268e+02
2.500311e+02
2.500343e+02
2.500362e+02
2.500364e+02
2.500350e+02
2.500322e+02
2.500280e+02
2.500230e+02
2.500177e+02
2.500125e+02
2.500079e+02
2.500045e+02
2.500026e+02
2.500024e+02
2.500041e+02
2.500074e+02
2.500124e+02
2.500185e+02
2.500252e+02
2.500319e+02
2.500380e+02
2.500428e+02
2.500457e+02
2.500464e+02
2.500445e+02
2.500401e+02
2.500334e+02
2.500249e+02
2.500155e+02
2.500060e+02
2.499973e+02
2.499905e+02
2.499863e+02
2.499854e+02
2.499882e+02
2.499945e+02
2.500040e+02
2.500158e+02
2.500289e+02
2.500420e+02
2.500538e+02
2.500630e+02
2.500685e+02
2.500695e+02
2.500657e+02
2.500572e+02
2.500447e+02
2.500292e+02
2.500121e+02
2.499951e+02
2.499799e+02
2.499680e+02
2.499608e+02
2.499591e+02
2.499633e+02
2.499731e+02
2.499879e+02
2.500064e+02
2.500268e+02
2.500474e+02
2.500662e+02
2.500815e+02
2.500916e+02
2.500955e+02
2.500928e+02
2.500836e+02
2.500685e+02
2.500489e+02
2.500265e+02
2.500032e+02
2.499810e+02
2.499619e+02
2.499476e+02
2.499393e+02
2.499379e+02
2.499435e+02
2.499556e+02
2.499732e+02
2.499949e+02
2.500189e+02
2.500433e+02
2.500659e+02
2.500850e+02
2.500992e+02
2.501072e+02
2.501086e+02
2.501034e+02
2.500919e+02
2.500752e+02
2.500546e+02
2.500317e+02
2.500082e+02
2.499859e+02
2.499663e+02
2.499508e+02
2.499403e+02
2.499355e+02
2.499366e+02
2.499432e+02
2.499549e+02
2.499706e+02
2.499893e+02
2.500097e+02
2.500305e+02
2.500503e+02
2.500680e+02
2.500828e+02
2.500938e+02
2.501005e+02
2.501028e+02
2.501006e+02
2.500942e+02
2.500840e+02
2.500706e+02
2.500548e+02
2.500372e+02
2.500187e+02
2.500001e+02
2.499823e+02
2.499661e+02
2.499521e+02
2.499410e+02
2.499334e+02
2.499298e+02
2.499304e+02
2.499355e+02
2.499449e+02
2.499587e+02
2.499763e+02
2.499972e+02
2.500205e+02
2.500453e+02
2.500704e+02
2.500946e+02
2.501166e+02
2.501349e+02
2.501483e+02
2.501559e+02
2.501566e+02
2.501500e+02
2.501359e+02
2.501145e+02
2.500866e+02
2.500533e+02
2.500160e+02
2.499766e+02
2.499372e+02
2.499000e+02
2.498673e+02
2.498412e+02
2.498236e+02
2.498159e+02
2.498192e+02
2.498340e+02
2.498599e+02
2.498963e+02
2.499416e+02
2.499938e+02
2.500502e+02
2.501079e+02
2.501638e+02
2.502147e+02
2.502576e+02
2.502896e+02
2.503085e+02
2.503127e+02
2.503014e+02
2.502745e+02
2.502328e+02
2.501781e+02
2.501127e+02
2.500398e+02
2.499630e+02
2.498862e+02
2.498134e+02
2.497487e+02
2.496957e+02
2.496575e+02
2.496366e+02
2.496346e+02
2.496522e+02
2.496890e+02
2.497438e+02
2.498144e+02
2.498975e+02
2.499895e+02
2.500859e+02
2.501820e+02
2.502731e+02
2.503546e+02
2.504221e+02
2.504720e+02
2.505015e+02
2.505087e+02
2.504928e+02
2.504540e+02
2.503938e+02
2.503145e+02
2.502196e+02
2.501134e+02
2.500004e+02
2.498859e+02
2.497752e+02
2.496734e+02
2.495852e+02
2.495148e+02
2.494657e+02
2.494404e+02
2.494402e+02
2.494657e+02
2.495159e+02
2.495890e+02
2.496821e+02
2.497914e+02
2.499123e+02
2.500398e+02
2.501685e+02
2.502928e+02
2.504075e+02
2.505075e+02
2.505885e+02
2.506469e+02
2.506801e+02
2.506866e+02
2.506658e+02
2.506186e+02
2.505466e+02
2.504528e+02
2.503409e+02
2.502154e+02
2.500811e+02
2.499435e+02
2.498079e+02
2.496797e+02
2.495638e+02
2.494646e+02
2.493860e+02
2.493309e+02
2.493014e+02
2.492986e+02
2.493224e+02
2.493721e+02
2.494457e+02
2.495404e+02
2.496528e+02
2.497787e+02
2.499136e+02
2.500524e+02
2.501903e+02
2.503222e+02
2.504436e+02
2.505501e+02
2.506380e+02
2.507045e+02
2.507473e+02
2.507651e+02
2.507575e+02
2.507252e+02
2.506694e+02
2.505922e+02
2.504967e+02
2.503861e+02
2.502645e+02
2.501359e+02
2.500047e+02
2.498752e+02
2.497515e+02
2.496374e+02
2.495363e+02
2.494513e+02
2.493845e+02
2.493378e+02
2.493122e+02
2.493080e+02
2.493249e+02
2.493619e+02
2.494176e+02
2.494899e+02
2.495762e+02
2.496738e+02
2.497796e+02
2.498903e+02
2.500026e+02
2.501134e+02
2.502195e+02
2.503181e+02
2.504066e+02
2.504830e+02
2.505455e+02
2.505928e+02
2.506242e+02
2.506393e+02
2.506385e+02
2.506222e+02
2.505915e+02
2.505477e+02
2.504925e+02
2.504278e+02
2.503556e+02
2.502780e+02
2.501970e+02
2.501148e+02
2.500333e+02
2.499543e+02
2.498795e+02
2.498103e+02
2.497478e+02
2.496930e+02
2.496465e+02
2.496088e+02
2.495801e+02
2.495603e+02
2.495493e+02
2.495465e+02
2.495516e+02
2.495640e+02
2.495828e+02
2.496075e+02
2.496373e+02
2.496715e+02
2.497093e+02
2.497502e+02
2.497934e+02
2.498385e+02
2.498850e+02
2.499325e+02
2.499806e+02
2.500290e+02
2.500776e+02
2.501259e+02
2.501738e+02
2.502210e+02
2.502672e+02
2.503121e+02
2.503553e+02
2.503965e+02
2.504351e+02
2.504705e+02
2.505023e+02
2.505297e+02
2.505522e+02
2.505689e+02
2.505792e+02
2.505824e+02
2.505780e+02
2.505652e+02
2.505437e+02
2.505131e+02
2.504732e+02
2.504239e+02
2.503654e+02
2.502979e+02
2.502220e+02
2.501383e+02
2.500479e+02
2.499516e+02
2.498510e+02
2.497473e+02
2.496423e+02
2.495375e+02
2.494349e+02
2.493363e+02
2.492436e+02
2.491586e+02
2.490833e+02
2.490193e+02
2.489684e+02
2.489320e+02
2.489114e+02
2.489078e+02
2.489219e+02
2.489545e+02
2.490057e+02
2.490756e+02
2.491638e+02
2.492699e+02
2.493927e+02
2.495309e+02
2.496830e+02
2.498470e+02
2.500208e+02
2.502019e+02
2.503877e+02
2.505752e+02
2.507615e+02
2.509436e+02
2.511183e+02
2.512826e+02
2.514333e+02
2.515678e+02
2.516831e+02
2.517770e+02
2.518471e+02
2.518918e+02
2.519097e+02
2.518998e+02
2.518613e+02
2.517944e+02
2.516994e+02
2.515770e+02
2.514286e+02
2.512558e+02
2.510606e+02
2.508455e+02
2.506134e+02
2.503670e+02
2.501095e+02
2.498444e+02
2.495749e+02
2.493046e+02
2.490368e+02
2.487751e+02
2.485226e+02
2.482825e+02
2.480578e+02
2.478514e+02
2.476658e+02
2.475034e+02
2.473662e+02
2.472561e+02
2.471746e+02
2.471231e+02
2.471024e+02
2.471132e+02
2.471560e+02
2.472308e+02
2.473373e+02
2.474750e+02
2.476431e+02
2.478403e+02
2.480653e+02
2.483162e+02
2.485911e+02
2.488874e+02
2.492025e+02
2.495337e+02
2.498777e+02
2.502312e+02
2.505905e+02
2.509521e+02
2.513121e+02
2.516666e+02
2.520116e+02
2.523433e+02
2.526578e+02
2.529515e+02
2.532207e+02
2.534622e+02
2.536728e+02
2.538501e+02
2.539916e+02
2.540956e+02
2.541605e+02
2.541855e+02
2.541701e+02
2.541144e+02
2.540188e+02
2.538845e+02
2.537127e+02
2.535054e+02
2.532647e+02
2.529934e+02
2.526940e+02
2.523698e+02
2.520237e+02
2.516591e+02
2.512795e+02
2.508881e+02
2.504884e+02
2.500833e+02
2.496761e+02
2.492698e+02
2.488670e+02
2.484703e+02
2.480820e+02
2.477043e+02
2.473390e+02
2.469878e+02
2.466523e+02
2.463335e+02
2.460327e+02
2.457507e+02
2.454882e+02
2.452457e+02
2.450237e+02
2.448224e+02
2.446420e+02
2.444826e+02
2.443441e+02
2.442264e+02
2.441293e+02
2.440527e+02
2.439963e+02
2.439597e+02
2.439427e+02
2.439450e+02
2.439661e+02
2.440058e+02
2.440637e+02
2.441394e+02
2.442326e+02
2.443430e+02
2.444702e+02
2.446139e+02
2.447739e+02
2.449497e+02
2.451413e+02
2.453483e+02
2.455703e+02
2.458072e+02
2.460586e+02
2.463244e+02
2.466042e+02
2.468977e+02
2.472047e+02
2.475248e+02
2.478577e+02
2.482031e+02
2.485604e+02
2.489293e+02
2.493092e+02
2.496996e+02
2.501000e+02
2.505097e+02
2.509280e+02
2.513541e+02
2.517872e+02
2.522265e+02
2.526708e+02
2.531193e+02
2.535707e+02
2.540238e+02
2.544774e+02
2.549300e+02
2.553803e+02
2.558267e+02
2.562677e+02
2.567017e+02
2.571270e+02
2.575421e+02
2.579451e+02
2.583345e+02
2.587086e+02
2.590659e+02
2.594047e+02
2.597236e+02
2.600212e+02
2.602962e+02
2.605474e+02
2.607740e+02
2.609749e+02
2.611495e+02
2.612973e+02
2.614178e+02
2.615110e+02
2.615769e+02
2.616156e+02
2.616275e+02
2.616133e+02
2.615737e+02
2.615095e+02
2.614218e+02
2.613118e+02
2.611808e+02
2.610302e+02
2.608613e+02
2.606759e+02
2.604755e+02
2.602617e+02
2.600362e+02
2.598005e+02
2.595564e+02
2.593054e+02
2.590492e+02
2.587892e+02
2.585269e+02
2.582637e+02
2.580009e+02
2.577399e+02
2.574818e+02
2.572276e+02
2.569786e+02
2.567356e+02
2.564996e+02
2.562713e+02
2.560516e+02
2.558413e+02
2.556409e+02
2.554512e+02
2.552728e+02
2.551063e+02
2.549523e+02
2.548114e+02
2.546841e+02
2.545711e+02
2.544731e+02
2.543908e+02
2.543249e+02
2.542762e+02
2.542456e+02
2.542342e+02
2.542430e+02
2.542732e+02
2.543262e+02
2.544035e+02
2.545067e+02
2.546378e+02
2.547987e+02
2.549918e+02
2.552194e+02
2.554843e+02
2.557896e+02
2.561384e+02
2.565342e+02
2.569809e+02
2.574825e+02
2.580433e+02
2.586678e+02
2.593609e+02
2.601275e+02
2.609727e+02
2.619016e+02
2.629194e+02
2.640309e+02
2.652409e+02
2.665536e+02
2.679725e+02
2.695001e+02
2.711382e+02
2.728869e+02
2.747447e+02
2.767081e+02
2.787711e+02
2.809254e+02
2.831600e+02
2.854607e+02
2.878101e+02
2.901877e+02
2.925698e+02
2.949302e+02
2.972402e+02
2.994693e+02
3.015856e+02
3.035566e+02
3.053501e+02
3.069356e+02
3.082847e+02
3.093723e+02
3.101771e+02
3.106830e+02
3.108800e+02
3.107633e+02
3.103337e+02
3.095981e+02
3.085701e+02
3.072684e+02
3.057155e+02
3.039384e+02
3.019667e+02
2.998320e+02
2.975673e+02
2.952053e+02
2.927783e+02
2.903167e+02
2.878492e+02
2.854013e+02
2.829959e+02
2.806522e+02
2.783864e+02
2.762117e+02
2.741378e+02
2.721720e+02
2.703186e+02
2.685800e+02
2.669563e+02
2.654463e+02
2.640472e+02
2.627553e+02
2.615661e+02
2.604743e+02
2.594747e+02
2.585615e+02
2.577289e+02
2.569712e+02
2.562829e+02
2.556586e+02
2.550930e+02
2.545814e+02
2.541189e+02
2.537014e+02
2.533248e+02
2.529854e+02
2.526797e+02
2.524045e+02
2.521570e+02
2.519345e+02
2.517345e+02
2.515549e+02
2.513936e+02
2.512488e+02
2.511189e+02
2.510023e+02
2.508978e+02
2.508041e+02
2.507201e+02
2.506448e+02
2.505773e+02
2.505168e+02
2.504627e+02
2.504142e+02
2.503707e+02
2.503318e+02
2.502970e+02
2.502658e+02
2.502378e+02
2.502128e+02
2.501904e+02
2.501704e+02
2.501525e+02
2.501364e+02
2.501220e+02
2.501092e+02
2.500977e+02
2.500874e+02
2.500782e+02
2.500700e+02
2.500626e+02
2.500560e+02
2.500501e+02
2.500448e+02
2.500401e+02
2.500359e+02
2.500321e+02
2.500287e+02
2.500257e+02
2.500230e+02
2.500206e+02
2.500184e+02
2.500165e+02
2.500148e+02
2.500132e+02
2.500119e+02
2.500106e+02
2.500095e+02
2.500085e+02
2.500077e+02
2.500069e+02
2.500062e+02
2.500055e+02
2.500050e+02
2.500045e+02
2.500040e+02
2.500036e+02
2.500033e+02
2.500030e+02
2.500027e+02
2.500024e+02
2.500022e+02
2.500020e+02
2.500018e+02
2.500017e+02
2.500015e+02
2.500014e+02
2.500013e+02
2.500012e+02
2.500011e+02
2.500010e+02
2.500009e+02
2.500009e+02
2.500008e+02
2.500008e+02
2.500007e+02
2.500007e+02
2.500006e+02
2.500006e+02
2.500006e+02
2.500006e+02
2.500005e+02
2.500005e+02
2.500005e+02
2.500005e+02
2.500005e+02
2.500005e+02
2.500005e+02
2.500004e+02
2.500004e+02
2.500004e+02
2.500004e+02
2.500004e+02
2.500004e+02
2.500004e+02
2.500004e+02
2.500004e+02
2.500004e+02
2.500004e+02
2.500004e+02
2.500004e+02
2.500004e+02
2.500004e+02
2.500004e+02
2.500004e+02
2.500004e+02
2.500004e+02
2.500004e+02
2.500004e+02
2.500004e+02
2.500004e+02
2.500004e+02
2.500004e+02
2.500004e+02
2.500004e+02
2.500004e+02
2.500004e+02
2.500004e+02
2.500004e+02
2.500004e+02
2.500004e+02
2.500004e+02
2.500004e+02
2.500004e+02
2.500004e+02
2.500004e+02
2.500004e+02
2.500005e+02
2.500005e+02
2.500005e+02
2.500005e+02
2.500005e+02
2.500005e+02
2.500005e+02
2.500005e+02
2.500005e+02
2.500005e+02
2.500005e+02
2.500005e+02
2.500005e+02
2.500005e+02
2.500005e+02
2.500005e+02
2.500005e+02
2.500005e+02
2.500005e+02
2.500005e+02
2.500005e+02
2.500005e+02
2.500005e+02
2.500005e+02
2.500005e+02
2.500005e+02
2.500005e+02
2.500005e+02
2.500005e+02
2.500005e+02
2.500005e+02
2.500005e+02
2.500005e+02
2.500005e+02
2.500005e+02
2.500005e+02
2.500005e+02
2.500005e+02
2.500005e+02
2.500005e+02
2.500005e+02
2.500005e+02
2.500005e+02
2.500005e+02
2.500005e+02
2.500005e+02
2.500005e+02
2.500005e+02
2.500005e+02
2.500005e+02
2.500005e+02
2.500005e+02
2.500005e+02
2.500005e+02
2.500005e+02
2.500005e+02
2.500005e+02
2.500005e+02
2.500005e+02
2.500005e+02
2.500005e+02
2.500005e+02
2.500005e+02
2.500005e+02
2.500005e+02
2.500005e+02
2.500005e+02
