2.500472e+02
2.500436e+02
2.500380e+02
2.500331e+02
2.500328e+02
2.500329e+02
2.500315e+02
2.500332e+02
2.500376e+02
2.500425e+02
2.500460e+02
2.500462e+02
2.500435e+02
2.500400e+02
2.500362e+02
2.500338e+02
2.500328e+02
2.500330e+02
2.500330e+02
2.500339e+02
2.500346e+02
2.500377e+02
2.500422e+02
2.500453e+02
2.500448e+02
2.500442e+02
2.500438e+02
2.500427e+02
2.500372e+02
2.500304e+02
2.500266e+02
2.500237e+02
2.500271e+02
2.500331e+02
2.500394e+02
2.500465e+02
2.500494e+02
2.500508e+02
2.500514e+02
2.500488e+02
2.500455e+02
2.500401e+02
2.500293e+02
2.500199e+02
2.500188e+02
2.500229e+02
2.500275e+02
2.500329e+02
2.500399e+02
2.500475e+02
2.500539e+02
2.500580e+02
2.500587e+02
2.500556e+02
2.500487e+02
2.500391e+02
2.500288e+02
2.500203e+02
2.500149e+02
2.500133e+02
2.500158e+02
2.500223e+02
2.500319e+02
2.500429e+02
2.500533e+02
2.500611e+02
2.500652e+02
2.500649e+02
2.500603e+02
2.500522e+02
2.500418e+02
2.500307e+02
2.500207e+02
2.500131e+02
2.500090e+02
2.500088e+02
2.500126e+02
2.500199e+02
2.500300e+02
2.500416e+02
2.500531e+02
2.500634e+02
2.500710e+02
2.500748e+02
2.500740e+02
2.500684e+02
2.500584e+02
2.500449e+02
2.500295e+02
2.500139e+02
2.500004e+02
2.499910e+02
2.499873e+02
2.499905e+02
2.500007e+02
2.500171e+02
2.500378e+02
2.500603e+02
2.500814e+02
2.500981e+02
2.501076e+02
2.501080e+02
2.500986e+02
2.500800e+02
2.500544e+02
2.500248e+02
2.499952e+02
2.499698e+02
2.499524e+02
2.499456e+02
2.499511e+02
2.499686e+02
2.499963e+02
2.500308e+02
2.500677e+02
2.501022e+02
2.501296e+02
2.501462e+02
2.501493e+02
2.501384e+02
2.501144e+02
2.500800e+02
2.500396e+02
2.499982e+02
2.499609e+02
2.499323e+02
2.499163e+02
2.499148e+02
2.499280e+02
2.499545e+02
2.499912e+02
2.500337e+02
2.500770e+02
2.501161e+02
2.501464e+02
2.501645e+02
2.501685e+02
2.501582e+02
2.501349e+02
2.501014e+02
2.500615e+02
2.500197e+02
2.499803e+02
2.499476e+02
2.499247e+02
2.499137e+02
2.499151e+02
2.499285e+02
2.499520e+02
2.499830e+02
2.500182e+02
2.500541e+02
2.500875e+02
2.501155e+02
2.501359e+02
2.501475e+02
2.501497e+02
2.501430e+02
2.501283e+02
2.501074e+02
2.500819e+02
2.500540e+02
2.500257e+02
2.499987e+02
2.499748e+02
2.499551e+02
2.499408e+02
2.499326e+02
2.499308e+02
2.499358e+02
2.499475e+02
2.499655e+02
2.499890e+02
2.500172e+02
2.500486e+02
2.500816e+02
2.501141e+02
2.501438e+02
2.501684e+02
2.501857e+02
2.501936e+02
2.501905e+02
2.501756e+02
2.501489e+02
2.501113e+02
2.500648e+02
2.500122e+02
2.499573e+02
2.499043e+02
2.498577e+02
2.498220e+02
2.498008e+02
2.497971e+02
2.498127e+02
2.498476e+02
2.499003e+02
2.499678e+02
2.500456e+02
2.501281e+02
2.502087e+02
2.502808e+02
2.503380e+02
2.503749e+02
2.503871e+02
2.503725e+02
2.503306e+02
2.502635e+02
2.501752e+02
2.500718e+02
2.499606e+02
2.498498e+02
2.497483e+02
2.496642e+02
2.496049e+02
2.495758e+02
2.495804e+02
2.496196e+02
2.496920e+02
2.497932e+02
2.499167e+02
2.500541e+02
2.501957e+02
2.503311e+02
2.504500e+02
2.505433e+02
2.506032e+02
2.506244e+02
2.506042e+02
2.505430e+02
2.504441e+02
2.503137e+02
2.501600e+02
2.499934e+02
2.498253e+02
2.496674e+02
2.495307e+02
2.494250e+02
2.493581e+02
2.493355e+02
2.493594e+02
2.494291e+02
2.495409e+02
2.496880e+02
2.498614e+02
2.500500e+02
2.502418e+02
2.504244e+02
2.505855e+02
2.507145e+02
2.508025e+02
2.508434e+02
2.508340e+02
2.507742e+02
2.506674e+02
2.505200e+02
2.503408e+02
2.501406e+02
2.499316e+02
2.497266e+02
2.495381e+02
2.493775e+02
2.492544e+02
2.491765e+02
2.491485e+02
2.491722e+02
2.492466e+02
2.493674e+02
2.495278e+02
2.497188e+02
2.499294e+02
2.501476e+02
2.503610e+02
2.505575e+02
2.507259e+02
2.508566e+02
2.509423e+02
2.509784e+02
2.509630e+02
2.508969e+02
2.507840e+02
2.506308e+02
2.504458e+02
2.502392e+02
2.500222e+02
2.498065e+02
2.496033e+02
2.494230e+02
2.492748e+02
2.491662e+02
2.491023e+02
2.490858e+02
2.491170e+02
2.491940e+02
2.493123e+02
2.494658e+02
2.496464e+02
2.498449e+02
2.500514e+02
2.502556e+02
2.504476e+02
2.506184e+02
2.507601e+02
2.508661e+02
2.509319e+02
2.509552e+02
2.509357e+02
2.508750e+02
2.507768e+02
2.506465e+02
2.504907e+02
2.503173e+02
2.501344e+02
2.499505e+02
2.497738e+02
2.496118e+02
2.494713e+02
2.493577e+02
2.492751e+02
2.492263e+02
2.492123e+02
2.492324e+02
2.492849e+02
2.493667e+02
2.494734e+02
2.495999e+02
2.497404e+02
2.498889e+02
2.500390e+02
2.501849e+02
2.503209e+02
2.504421e+02
2.505446e+02
2.506250e+02
2.506812e+02
2.507122e+02
2.507181e+02
2.506998e+02
2.506591e+02
2.505985e+02
2.505214e+02
2.504313e+02
2.503319e+02
2.502272e+02
2.501210e+02
2.500166e+02
2.499175e+02
2.498261e+02
2.497450e+02
2.496757e+02
2.496195e+02
2.495769e+02
2.495482e+02
2.495332e+02
2.495312e+02
2.495414e+02
2.495626e+02
2.495937e+02
2.496334e+02
2.496804e+02
2.497333e+02
2.497911e+02
2.498526e+02
2.499168e+02
2.499826e+02
2.500493e+02
2.501161e+02
2.501822e+02
2.502467e+02
2.503089e+02
2.503679e+02
2.504227e+02
2.504724e+02
2.505157e+02
2.505516e+02
2.505790e+02
2.505965e+02
2.506031e+02
2.505978e+02
2.505796e+02
2.505480e+02
2.505026e+02
2.504434e+02
2.503707e+02
2.502854e+02
2.501886e+02
2.500821e+02
2.499678e+02
2.498483e+02
2.497264e+02
2.496052e+02
2.494880e+02
2.493782e+02
2.492793e+02
2.491946e+02
2.491272e+02
2.490802e+02
2.490558e+02
2.490561e+02
2.490823e+02
2.491354e+02
2.492151e+02
2.493209e+02
2.494510e+02
2.496033e+02
2.497748e+02
2.499616e+02
2.501593e+02
2.503630e+02
2.505677e+02
2.507676e+02
2.509570e+02
2.511304e+02
2.512823e+02
2.514078e+02
2.515023e+02
2.515621e+02
2.515843e+02
2.515671e+02
2.515095e+02
2.514117e+02
2.512750e+02
2.511020e+02
2.508960e+02
2.506614e+02
2.504034e+02
2.501279e+02
2.498414e+02
2.495506e+02
2.492627e+02
2.489846e+02
2.487232e+02
2.484850e+02
2.482761e+02
2.481021e+02
2.479677e+02
2.478768e+02
2.478326e+02
2.478372e+02
2.478916e+02
2.479957e+02
2.481485e+02
2.483480e+02
2.485908e+02
2.488725e+02
2.491878e+02
2.495307e+02
2.498944e+02
2.502711e+02
2.506526e+02
2.510306e+02
2.513967e+02
2.517422e+02
2.520589e+02
2.523391e+02
2.525755e+02
2.527621e+02
2.528939e+02
2.529667e+02
2.529780e+02
2.529267e+02
2.528130e+02
2.526386e+02
2.524067e+02
2.521215e+02
2.517886e+02
2.514148e+02
2.510073e+02
2.505741e+02
2.501237e+02
2.496648e+02
2.492061e+02
2.487562e+02
2.483234e+02
2.479156e+02
2.475399e+02
2.472032e+02
2.469112e+02
2.466692e+02
2.464815e+02
2.463513e+02
2.462814e+02
2.462733e+02
2.463279e+02
2.464447e+02
2.466228e+02
2.468599e+02
2.471534e+02
2.474993e+02
2.478929e+02
2.483285e+02
2.487997e+02
2.492997e+02
2.498208e+02
2.503546e+02
2.508924e+02
2.514252e+02
2.519442e+02
2.524401e+02
2.529042e+02
2.533280e+02
2.537037e+02
2.540242e+02
2.542833e+02
2.544757e+02
2.545978e+02
2.546472e+02
2.546225e+02
2.545237e+02
2.543524e+02
2.541118e+02
2.538061e+02
2.534402e+02
2.530203e+02
2.525532e+02
2.520468e+02
2.515091e+02
2.509484e+02
2.503726e+02
2.497901e+02
2.492090e+02
2.486368e+02
2.480807e+02
2.475474e+02
2.470428e+02
2.465724e+02
2.461410e+02
2.457530e+02
2.454121e+02
2.451212e+02
2.448827e+02
2.446986e+02
2.445704e+02
2.444990e+02
2.444849e+02
2.445280e+02
2.446280e+02
2.447839e+02
2.449947e+02
2.452586e+02
2.455735e+02
2.459368e+02
2.463455e+02
2.467965e+02
2.472859e+02
2.478092e+02
2.483616e+02
2.489382e+02
2.495334e+02
2.501413e+02
2.507555e+02
2.513696e+02
2.519770e+02
2.525711e+02
2.531447e+02
2.536913e+02
2.542042e+02
2.546775e+02
2.551051e+02
2.554814e+02
2.558019e+02
2.560626e+02
2.562604e+02
2.563928e+02
2.564584e+02
2.564566e+02
2.563880e+02
2.562541e+02
2.560570e+02
2.557998e+02
2.554862e+02
2.551205e+02
2.547080e+02
2.542539e+02
2.537640e+02
2.532436e+02
2.526988e+02
2.521356e+02
2.515599e+02
2.509768e+02
2.503914e+02
2.498087e+02
2.492330e+02
2.486685e+02
2.481185e+02
2.475861e+02
2.470742e+02
2.465847e+02
2.461197e+02
2.456805e+02
2.452683e+02
2.448841e+02
2.445282e+02
2.442010e+02
2.439027e+02
2.436331e+02
2.433919e+02
2.431787e+02
2.429931e+02
2.428345e+02
2.427022e+02
2.425954e+02
2.425134e+02
2.424557e+02
2.424212e+02
2.424093e+02
2.424191e+02
2.424501e+02
2.425014e+02
2.425724e+02
2.426623e+02
2.427707e+02
2.428968e+02
2.430402e+02
2.432003e+02
2.433766e+02
2.435688e+02
2.437763e+02
2.439987e+02
2.442358e+02
2.444872e+02
2.447525e+02
2.450314e+02
2.453236e+02
2.456290e+02
2.459472e+02
2.462778e+02
2.466206e+02
2.469753e+02
2.473417e+02
2.477194e+02
2.481079e+02
2.485070e+02
2.489161e+02
2.493347e+02
2.497625e+02
2.501988e+02
2.506430e+02
2.510943e+02
2.515520e+02
2.520154e+02
2.524837e+02
2.529556e+02
2.534303e+02
2.539067e+02
2.543835e+02
2.548596e+02
2.553333e+02
2.558036e+02
2.562688e+02
2.567274e+02
2.571778e+02
2.576184e+02
2.580477e+02
2.584639e+02
2.588654e+02
2.592507e+02
2.596182e+02
2.599664e+02
2.602937e+02
2.605989e+02
2.608808e+02
2.611383e+02
2.613704e+02
2.615762e+02
2.617551e+02
2.619067e+02
2.620305e+02
2.621266e+02
2.621950e+02
2.622359e+02
2.622495e+02
2.622368e+02
2.621984e+02
2.621352e+02
2.620481e+02
2.619385e+02
2.618076e+02
2.616568e+02
2.614876e+02
2.613013e+02
2.610998e+02
2.608844e+02
2.606568e+02
2.604186e+02
2.601714e+02
2.599167e+02
2.596560e+02
2.593906e+02
2.591221e+02
2.588519e+02
2.585808e+02
2.583102e+02
2.580412e+02
2.577747e+02
2.575116e+02
2.572526e+02
2.569985e+02
2.567500e+02
2.565074e+02
2.562714e+02
2.560423e+02
2.558206e+02
2.556062e+02
2.553995e+02
2.552009e+02
2.550102e+02
2.548276e+02
2.546531e+02
2.544866e+02
2.543284e+02
2.541781e+02
2.540358e+02
2.539014e+02
2.537749e+02
2.536561e+02
2.535449e+02
2.534414e+02
2.533454e+02
2.532568e+02
2.531756e+02
2.531018e+02
2.530357e+02
2.529769e+02
2.529257e+02
2.528823e+02
2.528468e+02
2.528196e+02
2.528007e+02
2.527908e+02
2.527902e+02
2.527994e+02
2.528191e+02
2.528502e+02
2.528934e+02
2.529498e+02
2.530204e+02
2.531067e+02
2.532104e+02
2.533331e+02
2.534766e+02
2.536432e+02
2.538356e+02
2.540566e+02
2.543094e+02
2.545973e+02
2.549244e+02
2.552951e+02
2.557143e+02
2.561875e+02
2.567206e+02
2.573199e+02
2.579925e+02
2.587461e+02
2.595893e+02
2.605308e+02
2.615797e+02
2.627460e+02
2.640398e+02
2.654716e+02
2.670517e+02
2.687901e+02
2.706961e+02
2.727781e+02
2.750428e+02
2.774953e+02
2.801375e+02
2.829681e+02
2.859816e+02
2.891678e+02
2.925114e+02
2.959907e+02
2.995780e+02
3.032385e+02
3.069312e+02
3.106090e+02
3.142200e+02
3.177083e+02
3.210151e+02
3.240801e+02
3.268443e+02
3.292513e+02
3.312503e+02
3.327971e+02
3.338552e+02
3.344020e+02
3.344218e+02
3.339126e+02
3.328841e+02
3.313559e+02
3.293629e+02
3.269454e+02
3.241525e+02
3.210390e+02
3.176643e+02
3.140891e+02
3.103745e+02
3.065795e+02
3.027593e+02
2.989641e+02
2.952383e+02
2.916196e+02
2.881387e+02
2.848200e+02
2.816812e+02
2.787343e+02
2.759859e+02
2.734381e+02
2.710890e+02
2.689337e+02
2.669651e+02
2.651739e+02
2.635501e+02
2.620825e+02
2.607600e+02
2.595711e+02
2.585049e+02
2.575504e+02
2.566976e+02
2.559367e+02
2.552589e+02
2.546558e+02
2.541197e+02
2.536437e+02
2.532214e+02
2.528470e+02
2.525153e+02
2.522216e+02
2.519617e+02
2.517319e+02
2.515286e+02
2.513490e+02
2.511903e+02
2.510501e+02
2.509263e+02
2.508170e+02
2.507205e+02
2.506354e+02
2.505603e+02
2.504940e+02
2.504356e+02
2.503840e+02
2.503385e+02
2.502984e+02
2.502631e+02
2.502319e+02
2.502044e+02
2.501802e+02
2.501588e+02
2.501400e+02
2.501234e+02
2.501087e+02
2.500959e+02
2.500845e+02
2.500745e+02
2.500657e+02
2.500579e+02
2.500510e+02
2.500450e+02
2.500397e+02
2.500350e+02
2.500309e+02
2.500272e+02
2.500240e+02
2.500212e+02
2.500187e+02
2.500165e+02
2.500146e+02
2.500129e+02
2.500114e+02
2.500101e+02
2.500089e+02
2.500079e+02
2.500070e+02
2.500062e+02
2.500055e+02
2.500049e+02
2.500044e+02
2.500039e+02
2.500035e+02
2.500031e+02
2.500028e+02
2.500025e+02
2.500023e+02
2.500020e+02
2.500018e+02
2.500017e+02
2.500015e+02
2.500014e+02
2.500013e+02
2.500012e+02
2.500011e+02
2.500010e+02
2.500009e+02
2.500009e+02
2.500008e+02
2.500008e+02
2.500008e+02
2.500007e+02
2.500007e+02
2.500007e+02
2.500006e+02
2.500006e+02
2.500006e+02
2.500006e+02
2.500006e+02
2.500006e+02
2.500006e+02
2.500005e+02
2.500005e+02
2.500005e+02
2.500005e+02
2.500005e+02
2.500005e+02
2.500005e+02
2.500005e+02
2.500005e+02
2.500005e+02
2.500005e+02
2.500005e+02
2.500005e+02
2.500005e+02
2.500005e+02
2.500005e+02
2.500005e+02
2.500005e+02
2.500005e+02
2.500005e+02
2.500005e+02
2.500005e+02
2.500005e+02
2.500005e+02
2.500005e+02
2.500005e+02
2.500005e+02
2.500005e+02
2.500005e+02
2.500005e+02
2.500005e+02
2.500006e+02
2.500006e+02
2.500006e+02
2.500006e+02
2.500006e+02
2.500006e+02
2.500006e+02
2.500006e+02
2.500006e+02
2.500006e+02
2.500006e+02
2.500006e+02
2.500006e+02
2.500006e+02
2.500006e+02
2.500006e+02
2.500006e+02
2.500006e+02
2.500006e+02
2.500006e+02
2.500006e+02
2.500006e+02
2.500006e+02
2.500006e+02
2.500006e+02
2.500006e+02
2.500006e+02
2.500006e+02
2.500006e+02
2.500006e+02
2.500006e+02
2.500006e+02
2.500006e+02
2.500006e+02
2.500006e+02
2.500006e+02
2.500006e+02
2.500006e+02
2.500006e+02
2.500006e+02
2.500006e+02
2.500006e+02
2.500006e+02
2.500006e+02
2.500006e+02
2.500006e+02
2.500006e+02
2.500006e+02
2.500006e+02
2.500006e+02
2.500006e+02
2.500006e+02
2.500006e+02
2.500006e+02
2.500006e+02
2.500006e+02
2.500006e+02
2.500006e+02
2.500006e+02
2.500006e+02
2.500006e+02
2.500006e+02
