2.500582e+02
2.500484e+02
2.500523e+02
2.500581e+02
2.500583e+02
2.500568e+02
2.500504e+02
2.500436e+02
2.500467e+02
2.500486e+02
2.500496e+02
2.500514e+02
2.500485e+02
2.500501e+02
2.500590e+02
2.500693e+02
2.500761e+02
2.500703e+02
2.500535e+02
2.500332e+02
2.500179e+02
2.500170e+02
2.500299e+02
2.500451e+02
2.500587e+02
2.500742e+02
2.500855e+02
2.500883e+02
2.500781e+02
2.500616e+02
2.500465e+02
2.500313e+02
2.500213e+02
2.500162e+02
2.500200e+02
2.500323e+02
2.500454e+02
2.500645e+02
2.500837e+02
2.500885e+02
2.500862e+02
2.500853e+02
2.500782e+02
2.500623e+02
2.500455e+02
2.500299e+02
2.500140e+02
2.500035e+02
2.500067e+02
2.500228e+02
2.500431e+02
2.500613e+02
2.500772e+02
2.500919e+02
2.501024e+02
2.501045e+02
2.500966e+02
2.500808e+02
2.500601e+02
2.500371e+02
2.500147e+02
2.499964e+02
2.499854e+02
2.499845e+02
2.499949e+02
2.500161e+02
2.500453e+02
2.500786e+02
2.501106e+02
2.501353e+02
2.501476e+02
2.501442e+02
2.501244e+02
2.500903e+02
2.500468e+02
2.500007e+02
2.499602e+02
2.499329e+02
2.499243e+02
2.499372e+02
2.499706e+02
2.500201e+02
2.500779e+02
2.501343e+02
2.501799e+02
2.502063e+02
2.502087e+02
2.501861e+02
2.501411e+02
2.500807e+02
2.500144e+02
2.499527e+02
2.499054e+02
2.498800e+02
2.498805e+02
2.499072e+02
2.499560e+02
2.500197e+02
2.500885e+02
2.501520e+02
2.502009e+02
2.502284e+02
2.502309e+02
2.502084e+02
2.501646e+02
2.501063e+02
2.500418e+02
2.499801e+02
2.499295e+02
2.498961e+02
2.498836e+02
2.498924e+02
2.499203e+02
2.499628e+02
2.500139e+02
2.500670e+02
2.501157e+02
2.501548e+02
2.501808e+02
2.501920e+02
2.501887e+02
2.501725e+02
2.501463e+02
2.501132e+02
2.500767e+02
2.500400e+02
2.500058e+02
2.499762e+02
2.499526e+02
2.499362e+02
2.499276e+02
2.499275e+02
2.499364e+02
2.499543e+02
2.499810e+02
2.500159e+02
2.500574e+02
2.501028e+02
2.501488e+02
2.501916e+02
2.502264e+02
2.502487e+02
2.502544e+02
2.502408e+02
2.502067e+02
2.501533e+02
2.500838e+02
2.500039e+02
2.499210e+02
2.498435e+02
2.497803e+02
2.497396e+02
2.497277e+02
2.497487e+02
2.498029e+02
2.498874e+02
2.499958e+02
2.501183e+02
2.502431e+02
2.503571e+02
2.504477e+02
2.505040e+02
2.505180e+02
2.504854e+02
2.504071e+02
2.502884e+02
2.501395e+02
2.499735e+02
2.498065e+02
2.496549e+02
2.495348e+02
2.494593e+02
2.494377e+02
2.494746e+02
2.495686e+02
2.497130e+02
2.498961e+02
2.501017e+02
2.503112e+02
2.505047e+02
2.506635e+02
2.507716e+02
2.508172e+02
2.507941e+02
2.507026e+02
2.505490e+02
2.503459e+02
2.501103e+02
2.498627e+02
2.496247e+02
2.494177e+02
2.492605e+02
2.491677e+02
2.491488e+02
2.492068e+02
2.493383e+02
2.495334e+02
2.497765e+02
2.500479e+02
2.503253e+02
2.505855e+02
2.508064e+02
2.509692e+02
2.510595e+02
2.510692e+02
2.509965e+02
2.508465e+02
2.506308e+02
2.503663e+02
2.500737e+02
2.497762e+02
2.494969e+02
2.492578e+02
2.490775e+02
2.489698e+02
2.489433e+02
2.490003e+02
2.491366e+02
2.493423e+02
2.496021e+02
2.498970e+02
2.502051e+02
2.505037e+02
2.507706e+02
2.509862e+02
2.511350e+02
2.512061e+02
2.511949e+02
2.511025e+02
2.509358e+02
2.507073e+02
2.504335e+02
2.501340e+02
2.498298e+02
2.495418e+02
2.492895e+02
2.490895e+02
2.489546e+02
2.488930e+02
2.489080e+02
2.489978e+02
2.491554e+02
2.493696e+02
2.496260e+02
2.499074e+02
2.501954e+02
2.504714e+02
2.507180e+02
2.509200e+02
2.510653e+02
2.511457e+02
2.511576e+02
2.511016e+02
2.509825e+02
2.508093e+02
2.505938e+02
2.503501e+02
2.500936e+02
2.498398e+02
2.496037e+02
2.493985e+02
2.492353e+02
2.491220e+02
2.490635e+02
2.490614e+02
2.491140e+02
2.492167e+02
2.493620e+02
2.495404e+02
2.497411e+02
2.499524e+02
2.501626e+02
2.503604e+02
2.505357e+02
2.506803e+02
2.507878e+02
2.508543e+02
2.508782e+02
2.508604e+02
2.508038e+02
2.507133e+02
2.505951e+02
2.504567e+02
2.503057e+02
2.501502e+02
2.499975e+02
2.498546e+02
2.497271e+02
2.496200e+02
2.495363e+02
2.494779e+02
2.494453e+02
2.494381e+02
2.494546e+02
2.494921e+02
2.495477e+02
2.496179e+02
2.496992e+02
2.497878e+02
2.498805e+02
2.499743e+02
2.500663e+02
2.501544e+02
2.502367e+02
2.503118e+02
2.503786e+02
2.504362e+02
2.504841e+02
2.505216e+02
2.505482e+02
2.505635e+02
2.505669e+02
2.505577e+02
2.505356e+02
2.505001e+02
2.504510e+02
2.503882e+02
2.503123e+02
2.502241e+02
2.501250e+02
2.500169e+02
2.499023e+02
2.497845e+02
2.496671e+02
2.495541e+02
2.494498e+02
2.493588e+02
2.492855e+02
2.492341e+02
2.492082e+02
2.492107e+02
2.492438e+02
2.493085e+02
2.494047e+02
2.495311e+02
2.496847e+02
2.498615e+02
2.500563e+02
2.502627e+02
2.504733e+02
2.506803e+02
2.508753e+02
2.510503e+02
2.511972e+02
2.513088e+02
2.513789e+02
2.514026e+02
2.513768e+02
2.513003e+02
2.511735e+02
2.509994e+02
2.507824e+02
2.505292e+02
2.502477e+02
2.499472e+02
2.496383e+02
2.493317e+02
2.490386e+02
2.487701e+02
2.485364e+02
2.483471e+02
2.482101e+02
2.481321e+02
2.481176e+02
2.481690e+02
2.482868e+02
2.484691e+02
2.487118e+02
2.490085e+02
2.493509e+02
2.497288e+02
2.501303e+02
2.505426e+02
2.509516e+02
2.513431e+02
2.517033e+02
2.520190e+02
2.522780e+02
2.524698e+02
2.525862e+02
2.526215e+02
2.525727e+02
2.524396e+02
2.522247e+02
2.519339e+02
2.515754e+02
2.511600e+02
2.507001e+02
2.502096e+02
2.497034e+02
2.491972e+02
2.487062e+02
2.482453e+02
2.478287e+02
2.474690e+02
2.471774e+02
2.469631e+02
2.468333e+02
2.467927e+02
2.468439e+02
2.469872e+02
2.472201e+02
2.475378e+02
2.479331e+02
2.483966e+02
2.489165e+02
2.494796e+02
2.500706e+02
2.506735e+02
2.512716e+02
2.518475e+02
2.523840e+02
2.528651e+02
2.532762e+02
2.536042e+02
2.538381e+02
2.539697e+02
2.539940e+02
2.539096e+02
2.537178e+02
2.534231e+02
2.530330e+02
2.525580e+02
2.520111e+02
2.514067e+02
2.507604e+02
2.500889e+02
2.494096e+02
2.487395e+02
2.480946e+02
2.474904e+02
2.469408e+02
2.464586e+02
2.460546e+02
2.457378e+02
2.455151e+02
2.453920e+02
2.453717e+02
2.454553e+02
2.456416e+02
2.459275e+02
2.463083e+02
2.467773e+02
2.473251e+02
2.479408e+02
2.486121e+02
2.493256e+02
2.500659e+02
2.508166e+02
2.515606e+02
2.522813e+02
2.529616e+02
2.535851e+02
2.541363e+02
2.546016e+02
2.549692e+02
2.552297e+02
2.553759e+02
2.554038e+02
2.553123e+02
2.551037e+02
2.547828e+02
2.543574e+02
2.538372e+02
2.532343e+02
2.525629e+02
2.518379e+02
2.510748e+02
2.502895e+02
2.494979e+02
2.487155e+02
2.479566e+02
2.472348e+02
2.465625e+02
2.459505e+02
2.454083e+02
2.449439e+02
2.445643e+02
2.442748e+02
2.440791e+02
2.439798e+02
2.439780e+02
2.440740e+02
2.442664e+02
2.445526e+02
2.449287e+02
2.453898e+02
2.459300e+02
2.465416e+02
2.472160e+02
2.479431e+02
2.487124e+02
2.495118e+02
2.503288e+02
2.511497e+02
2.519610e+02
2.527485e+02
2.534980e+02
2.541960e+02
2.548296e+02
2.553870e+02
2.558572e+02
2.562311e+02
2.565014e+02
2.566633e+02
2.567140e+02
2.566525e+02
2.564803e+02
2.562014e+02
2.558220e+02
2.553499e+02
2.547944e+02
2.541657e+02
2.534757e+02
2.527368e+02
2.519618e+02
2.511630e+02
2.503526e+02
2.495424e+02
2.487438e+02
2.479670e+02
2.472210e+02
2.465142e+02
2.458539e+02
2.452462e+02
2.446965e+02
2.442092e+02
2.437879e+02
2.434353e+02
2.431534e+02
2.429436e+02
2.428066e+02
2.427427e+02
2.427518e+02
2.428331e+02
2.429853e+02
2.432069e+02
2.434961e+02
2.438504e+02
2.442669e+02
2.447421e+02
2.452723e+02
2.458535e+02
2.464807e+02
2.471483e+02
2.478503e+02
2.485804e+02
2.493317e+02
2.500965e+02
2.508671e+02
2.516351e+02
2.523924e+02
2.531301e+02
2.538395e+02
2.545122e+02
2.551399e+02
2.557149e+02
2.562297e+02
2.566777e+02
2.570531e+02
2.573515e+02
2.575693e+02
2.577039e+02
2.577542e+02
2.577204e+02
2.576040e+02
2.574075e+02
2.571348e+02
2.567903e+02
2.563795e+02
2.559090e+02
2.553858e+02
2.548171e+02
2.542103e+02
2.535728e+02
2.529123e+02
2.522364e+02
2.515520e+02
2.508655e+02
2.501829e+02
2.495096e+02
2.488510e+02
2.482112e+02
2.475939e+02
2.470021e+02
2.464384e+02
2.459048e+02
2.454029e+02
2.449340e+02
2.444987e+02
2.440974e+02
2.437302e+02
2.433970e+02
2.430973e+02
2.428307e+02
2.425964e+02
2.423937e+02
2.422216e+02
2.420792e+02
2.419654e+02
2.418792e+02
2.418195e+02
2.417853e+02
2.417756e+02
2.417894e+02
2.418258e+02
2.418837e+02
2.419623e+02
2.420607e+02
2.421782e+02
2.423140e+02
2.424674e+02
2.426377e+02
2.428245e+02
2.430270e+02
2.432447e+02
2.434770e+02
2.437236e+02
2.439840e+02
2.442578e+02
2.445446e+02
2.448441e+02
2.451558e+02
2.454793e+02
2.458143e+02
2.461605e+02
2.465175e+02
2.468849e+02
2.472624e+02
2.476495e+02
2.480459e+02
2.484509e+02
2.488640e+02
2.492848e+02
2.497127e+02
2.501471e+02
2.505872e+02
2.510324e+02
2.514818e+02
2.519345e+02
2.523899e+02
2.528468e+02
2.533043e+02
2.537614e+02
2.542168e+02
2.546694e+02
2.551180e+02
2.555612e+02
2.559977e+02
2.564263e+02
2.568456e+02
2.572541e+02
2.576506e+02
2.580335e+02
2.584016e+02
2.587535e+02
2.590880e+02
2.594041e+02
2.597004e+02
2.599760e+02
2.602299e+02
2.604614e+02
2.606697e+02
2.608543e+02
2.610149e+02
2.611511e+02
2.612628e+02
2.613500e+02
2.614130e+02
2.614520e+02
2.614674e+02
2.614600e+02
2.614305e+02
2.613797e+02
2.613085e+02
2.612180e+02
2.611093e+02
2.609836e+02
2.608422e+02
2.606863e+02
2.605173e+02
2.603365e+02
2.601452e+02
2.599447e+02
2.597363e+02
2.595215e+02
2.593013e+02
2.590770e+02
2.588498e+02
2.586207e+02
2.583906e+02
2.581606e+02
2.579316e+02
2.577044e+02
2.574797e+02
2.572582e+02
2.570403e+02
2.568267e+02
2.566179e+02
2.564141e+02
2.562159e+02
2.560235e+02
2.558370e+02
2.556567e+02
2.554826e+02
2.553149e+02
2.551536e+02
2.549987e+02
2.548503e+02
2.547083e+02
2.545726e+02
2.544430e+02
2.543194e+02
2.542018e+02
2.540901e+02
2.539840e+02
2.538834e+02
2.537882e+02
2.536981e+02
2.536129e+02
2.535324e+02
2.534565e+02
2.533852e+02
2.533182e+02
2.532551e+02
2.531960e+02
2.531407e+02
2.530891e+02
2.530409e+02
2.529962e+02
2.529548e+02
2.529165e+02
2.528813e+02
2.528491e+02
2.528198e+02
2.527934e+02
2.527698e+02
2.527490e+02
2.527312e+02
2.527163e+02
2.527042e+02
2.526952e+02
2.526895e+02
2.526871e+02
2.526883e+02
2.526934e+02
2.527026e+02
2.527162e+02
2.527346e+02
2.527583e+02
2.527881e+02
2.528244e+02
2.528681e+02
2.529200e+02
2.529810e+02
2.530523e+02
2.531353e+02
2.532314e+02
2.533424e+02
2.534702e+02
2.536168e+02
2.537848e+02
2.539772e+02
2.541971e+02
2.544482e+02
2.547344e+02
2.550604e+02
2.554314e+02
2.558532e+02
2.563325e+02
2.568765e+02
2.574930e+02
2.581910e+02
2.589804e+02
2.598721e+02
2.608782e+02
2.620110e+02
2.632841e+02
2.647121e+02
2.663104e+02
2.680947e+02
2.700809e+02
2.722842e+02
2.747192e+02
2.773993e+02
2.803355e+02
2.835359e+02
2.870037e+02
2.907370e+02
2.947272e+02
2.989584e+02
3.034059e+02
3.080356e+02
3.128029e+02
3.176528e+02
3.225208e+02
3.273347e+02
3.320159e+02
3.364802e+02
3.406410e+02
3.444121e+02
3.477113e+02
3.504641e+02
3.526053e+02
3.540809e+02
3.548575e+02
3.549104e+02
3.542363e+02
3.528493e+02
3.507771e+02
3.480704e+02
3.447879e+02
3.410011e+02
3.367901e+02
3.322409e+02
3.274420e+02
3.224814e+02
3.174432e+02
3.124054e+02
3.074382e+02
3.026020e+02
2.979466e+02
2.935113e+02
2.893255e+02
2.854091e+02
2.817732e+02
2.784215e+02
2.753512e+02
2.725550e+02
2.700211e+02
2.677355e+02
2.656820e+02
2.638438e+02
2.622035e+02
2.607438e+02
2.594480e+02
2.583003e+02
2.572856e+02
2.563900e+02
2.556007e+02
2.549060e+02
2.542952e+02
2.537587e+02
2.532879e+02
2.528751e+02
2.525133e+02
2.521964e+02
2.519190e+02
2.516763e+02
2.514640e+02
2.512784e+02
2.511162e+02
2.509744e+02
2.508505e+02
2.507423e+02
2.506479e+02
2.505654e+02
2.504933e+02
2.504305e+02
2.503756e+02
2.503277e+02
2.502859e+02
2.502494e+02
2.502176e+02
2.501899e+02
2.501656e+02
2.501445e+02
2.501261e+02
2.501100e+02
2.500960e+02
2.500838e+02
2.500731e+02
2.500638e+02
2.500557e+02
2.500486e+02
2.500424e+02
2.500371e+02
2.500324e+02
2.500283e+02
2.500247e+02
2.500216e+02
2.500189e+02
2.500165e+02
2.500145e+02
2.500127e+02
2.500111e+02
2.500097e+02
2.500086e+02
2.500075e+02
2.500066e+02
2.500058e+02
2.500052e+02
2.500046e+02
2.500040e+02
2.500036e+02
2.500032e+02
2.500028e+02
2.500025e+02
2.500023e+02
2.500021e+02
2.500019e+02
2.500017e+02
2.500015e+02
2.500014e+02
2.500013e+02
2.500012e+02
2.500011e+02
2.500010e+02
2.500010e+02
2.500009e+02
2.500009e+02
2.500008e+02
2.500008e+02
2.500008e+02
2.500008e+02
2.500007e+02
2.500007e+02
2.500007e+02
2.500007e+02
2.500007e+02
2.500007e+02
2.500007e+02
2.500006e+02
2.500006e+02
2.500006e+02
2.500006e+02
2.500006e+02
2.500006e+02
2.500006e+02
2.500006e+02
2.500006e+02
2.500006e+02
2.500006e+02
2.500006e+02
2.500006e+02
2.500006e+02
2.500006e+02
2.500006e+02
2.500006e+02
2.500006e+02
2.500006e+02
2.500006e+02
2.500006e+02
2.500006e+02
2.500006e+02
2.500006e+02
2.500006e+02
2.500006e+02
2.500006e+02
2.500006e+02
2.500006e+02
2.500006e+02
2.500006e+02
2.500006e+02
2.500007e+02
2.500007e+02
2.500007e+02
2.500007e+02
2.500007e+02
2.500007e+02
2.500007e+02
2.500007e+02
2.500007e+02
2.500007e+02
2.500007e+02
2.500007e+02
2.500007e+02
2.500007e+02
2.500007e+02
2.500007e+02
2.500007e+02
2.500007e+02
2.500007e+02
2.500007e+02
2.500007e+02
2.500007e+02
2.500007e+02
2.500007e+02
2.500007e+02
2.500007e+02
2.500007e+02
2.500007e+02
2.500007e+02
2.500007e+02
2.500007e+02
2.500007e+02
2.500007e+02
2.500007e+02
2.500007e+02
2.500007e+02
2.500007e+02
2.500007e+02
2.500007e+02
2.500007e+02
2.500007e+02
2.500007e+02
2.500007e+02
2.500007e+02
2.500007e+02
2.500007e+02
