2.500270e+02
2.500528e+02
2.500738e+02
2.500782e+02
2.500780e+02
2.500836e+02
2.500895e+02
2.500923e+02
2.500803e+02
2.500536e+02
2.500210e+02
2.500004e+02
2.500030e+02
2.500389e+02
2.500897e+02
2.501392e+02
2.501501e+02
2.501260e+02
2.500775e+02
2.500338e+02
2.500064e+02
2.500043e+02
2.500152e+02
2.500293e+02
2.500407e+02
2.500656e+02
2.500978e+02
2.501159e+02
2.501198e+02
2.501127e+02
2.500972e+02
2.500715e+02
2.500509e+02
2.500385e+02
2.500182e+02
2.500046e+02
2.500095e+02
2.500182e+02
2.500314e+02
2.500593e+02
2.500955e+02
2.501305e+02
2.501579e+02
2.501640e+02
2.501397e+02
2.500972e+02
2.500554e+02
2.500179e+02
2.499799e+02
2.499469e+02
2.499347e+02
2.499540e+02
2.500010e+02
2.500644e+02
2.501316e+02
2.501905e+02
2.502288e+02
2.502361e+02
2.502081e+02
2.501480e+02
2.500665e+02
2.499797e+02
2.499053e+02
2.498588e+02
2.498507e+02
2.498843e+02
2.499544e+02
2.500480e+02
2.501473e+02
2.502333e+02
2.502888e+02
2.503033e+02
2.502737e+02
2.502056e+02
2.501117e+02
2.500092e+02
2.499169e+02
2.498510e+02
2.498227e+02
2.498357e+02
2.498868e+02
2.499659e+02
2.500585e+02
2.501488e+02
2.502222e+02
2.502678e+02
2.502799e+02
2.502588e+02
2.502104e+02
2.501446e+02
2.500724e+02
2.500047e+02
2.499506e+02
2.499159e+02
2.499028e+02
2.499099e+02
2.499335e+02
2.499680e+02
2.500080e+02
2.500489e+02
2.500874e+02
2.501213e+02
2.501496e+02
2.501721e+02
2.501886e+02
2.501984e+02
2.502001e+02
2.501918e+02
2.501712e+02
2.501371e+02
2.500896e+02
2.500308e+02
2.499655e+02
2.499006e+02
2.498449e+02
2.498077e+02
2.497972e+02
2.498193e+02
2.498758e+02
2.499642e+02
2.500764e+02
2.502004e+02
2.503208e+02
2.504210e+02
2.504853e+02
2.505016e+02
2.504631e+02
2.503700e+02
2.502298e+02
2.500568e+02
2.498708e+02
2.496948e+02
2.495519e+02
2.494623e+02
2.494408e+02
2.494944e+02
2.496208e+02
2.498089e+02
2.500393e+02
2.502861e+02
2.505199e+02
2.507122e+02
2.508382e+02
2.508795e+02
2.508276e+02
2.506849e+02
2.504645e+02
2.501889e+02
2.498877e+02
2.495944e+02
2.493424e+02
2.491611e+02
2.490726e+02
2.490894e+02
2.492127e+02
2.494318e+02
2.497255e+02
2.500644e+02
2.504129e+02
2.507339e+02
2.509927e+02
2.511606e+02
2.512182e+02
2.511574e+02
2.509825e+02
2.507102e+02
2.503669e+02
2.499867e+02
2.496074e+02
2.492672e+02
2.490000e+02
2.488328e+02
2.487824e+02
2.488550e+02
2.490444e+02
2.493334e+02
2.496949e+02
2.500952e+02
2.504965e+02
2.508611e+02
2.511544e+02
2.513488e+02
2.514262e+02
2.513791e+02
2.512119e+02
2.509403e+02
2.505895e+02
2.501914e+02
2.497816e+02
2.493963e+02
2.490693e+02
2.488285e+02
2.486938e+02
2.486757e+02
2.487749e+02
2.489820e+02
2.492784e+02
2.496386e+02
2.500319e+02
2.504252e+02
2.507860e+02
2.510847e+02
2.512977e+02
2.514088e+02
2.514107e+02
2.513049e+02
2.511020e+02
2.508204e+02
2.504840e+02
2.501204e+02
2.497587e+02
2.494265e+02
2.491487e+02
2.489446e+02
2.488277e+02
2.488040e+02
2.488730e+02
2.490269e+02
2.492520e+02
2.495297e+02
2.498386e+02
2.501553e+02
2.504569e+02
2.507223e+02
2.509339e+02
2.510789e+02
2.511495e+02
2.511440e+02
2.510658e+02
2.509236e+02
2.507299e+02
2.505003e+02
2.502519e+02
2.500021e+02
2.497674e+02
2.495618e+02
2.493969e+02
2.492806e+02
2.492172e+02
2.492071e+02
2.492477e+02
2.493331e+02
2.494550e+02
2.496036e+02
2.497682e+02
2.499384e+02
2.501041e+02
2.502567e+02
2.503892e+02
2.504964e+02
2.505751e+02
2.506245e+02
2.506453e+02
2.506396e+02
2.506106e+02
2.505623e+02
2.504988e+02
2.504243e+02
2.503426e+02
2.502568e+02
2.501694e+02
2.500823e+02
2.499971e+02
2.499147e+02
2.498358e+02
2.497614e+02
2.496925e+02
2.496305e+02
2.495771e+02
2.495346e+02
2.495056e+02
2.494927e+02
2.494989e+02
2.495267e+02
2.495777e+02
2.496530e+02
2.497526e+02
2.498748e+02
2.500169e+02
2.501742e+02
2.503409e+02
2.505095e+02
2.506719e+02
2.508192e+02
2.509425e+02
2.510333e+02
2.510840e+02
2.510888e+02
2.510438e+02
2.509475e+02
2.508012e+02
2.506088e+02
2.503768e+02
2.501146e+02
2.498336e+02
2.495466e+02
2.492674e+02
2.490106e+02
2.487899e+02
2.486179e+02
2.485055e+02
2.484610e+02
2.484904e+02
2.485957e+02
2.487755e+02
2.490245e+02
2.493344e+02
2.496933e+02
2.500862e+02
2.504957e+02
2.509032e+02
2.512894e+02
2.516347e+02
2.519210e+02
2.521323e+02
2.522561e+02
2.522836e+02
2.522099e+02
2.520351e+02
2.517643e+02
2.514077e+02
2.509791e+02
2.504956e+02
2.499774e+02
2.494469e+02
2.489271e+02
2.484404e+02
2.480080e+02
2.476496e+02
2.473822e+02
2.472188e+02
2.471682e+02
2.472351e+02
2.474201e+02
2.477187e+02
2.481214e+02
2.486142e+02
2.491796e+02
2.497968e+02
2.504419e+02
2.510886e+02
2.517104e+02
2.522810e+02
2.527759e+02
2.531727e+02
2.534523e+02
2.536009e+02
2.536104e+02
2.534781e+02
2.532070e+02
2.528057e+02
2.522893e+02
2.516773e+02
2.509928e+02
2.502608e+02
2.495089e+02
2.487651e+02
2.480570e+02
2.474102e+02
2.468478e+02
2.463899e+02
2.460536e+02
2.458518e+02
2.457923e+02
2.458786e+02
2.461097e+02
2.464804e+02
2.469805e+02
2.475950e+02
2.483047e+02
2.490875e+02
2.499185e+02
2.507696e+02
2.516113e+02
2.524139e+02
2.531485e+02
2.537884e+02
2.543091e+02
2.546903e+02
2.549165e+02
2.549784e+02
2.548728e+02
2.546020e+02
2.541743e+02
2.536041e+02
2.529112e+02
2.521191e+02
2.512539e+02
2.503435e+02
2.494173e+02
2.485043e+02
2.476320e+02
2.468259e+02
2.461095e+02
2.455027e+02
2.450222e+02
2.446811e+02
2.444889e+02
2.444511e+02
2.445696e+02
2.448421e+02
2.452624e+02
2.458210e+02
2.465046e+02
2.472958e+02
2.481743e+02
2.491170e+02
2.500986e+02
2.510917e+02
2.520681e+02
2.529990e+02
2.538560e+02
2.546131e+02
2.552472e+02
2.557379e+02
2.560687e+02
2.562286e+02
2.562126e+02
2.560213e+02
2.556602e+02
2.551402e+02
2.544769e+02
2.536906e+02
2.528051e+02
2.518453e+02
2.508371e+02
2.498080e+02
2.487845e+02
2.477922e+02
2.468540e+02
2.459911e+02
2.452223e+02
2.445635e+02
2.440279e+02
2.436255e+02
2.433638e+02
2.432476e+02
2.432794e+02
2.434582e+02
2.437802e+02
2.442397e+02
2.448288e+02
2.455362e+02
2.463481e+02
2.472481e+02
2.482184e+02
2.492391e+02
2.502880e+02
2.513413e+02
2.523751e+02
2.533656e+02
2.542887e+02
2.551214e+02
2.558426e+02
2.564343e+02
2.568815e+02
2.571724e+02
2.572994e+02
2.572596e+02
2.570546e+02
2.566907e+02
2.561779e+02
2.555296e+02
2.547625e+02
2.538962e+02
2.529520e+02
2.519518e+02
2.509173e+02
2.498706e+02
2.488329e+02
2.478239e+02
2.468612e+02
2.459611e+02
2.451378e+02
2.444032e+02
2.437671e+02
2.432377e+02
2.428215e+02
2.425233e+02
2.423456e+02
2.422894e+02
2.423551e+02
2.425414e+02
2.428452e+02
2.432622e+02
2.437865e+02
2.444114e+02
2.451289e+02
2.459288e+02
2.467996e+02
2.477286e+02
2.487020e+02
2.497049e+02
2.507208e+02
2.517327e+02
2.527234e+02
2.536751e+02
2.545703e+02
2.553925e+02
2.561263e+02
2.567572e+02
2.572728e+02
2.576630e+02
2.579206e+02
2.580413e+02
2.580235e+02
2.578681e+02
2.575794e+02
2.571648e+02
2.566341e+02
2.559988e+02
2.552718e+02
2.544675e+02
2.536016e+02
2.526904e+02
2.517494e+02
2.507933e+02
2.498368e+02
2.488936e+02
2.479764e+02
2.470958e+02
2.462616e+02
2.454822e+02
2.447647e+02
2.441147e+02
2.435372e+02
2.430357e+02
2.426130e+02
2.422710e+02
2.420109e+02
2.418331e+02
2.417375e+02
2.417237e+02
2.417906e+02
2.419367e+02
2.421601e+02
2.424584e+02
2.428294e+02
2.432697e+02
2.437758e+02
2.443435e+02
2.449684e+02
2.456456e+02
2.463692e+02
2.471329e+02
2.479296e+02
2.487521e+02
2.495925e+02
2.504421e+02
2.512918e+02
2.521327e+02
2.529551e+02
2.537495e+02
2.545062e+02
2.552161e+02
2.558704e+02
2.564608e+02
2.569794e+02
2.574197e+02
2.577763e+02
2.580450e+02
2.582228e+02
2.583081e+02
2.583006e+02
2.582020e+02
2.580149e+02
2.577435e+02
2.573926e+02
2.569684e+02
2.564780e+02
2.559292e+02
2.553302e+02
2.546891e+02
2.540144e+02
2.533143e+02
2.525974e+02
2.518714e+02
2.511436e+02
2.504204e+02
2.497079e+02
2.490117e+02
2.483366e+02
2.476864e+02
2.470645e+02
2.464735e+02
2.459157e+02
2.453927e+02
2.449056e+02
2.444550e+02
2.440413e+02
2.436646e+02
2.433246e+02
2.430207e+02
2.427523e+02
2.425184e+02
2.423182e+02
2.421506e+02
2.420144e+02
2.419085e+02
2.418316e+02
2.417827e+02
2.417605e+02
2.417639e+02
2.417917e+02
2.418429e+02
2.419163e+02
2.420110e+02
2.421261e+02
2.422607e+02
2.424138e+02
2.425846e+02
2.427724e+02
2.429765e+02
2.431962e+02
2.434308e+02
2.436795e+02
2.439420e+02
2.442175e+02
2.445056e+02
2.448056e+02
2.451171e+02
2.454394e+02
2.457722e+02
2.461149e+02
2.464669e+02
2.468277e+02
2.471967e+02
2.475735e+02
2.479574e+02
2.483478e+02
2.487440e+02
2.491453e+02
2.495512e+02
2.499607e+02
2.503731e+02
2.507877e+02
2.512035e+02
2.516197e+02
2.520355e+02
2.524498e+02
2.528617e+02
2.532703e+02
2.536744e+02
2.540730e+02
2.544652e+02
2.548497e+02
2.552257e+02
2.555919e+02
2.559473e+02
2.562910e+02
2.566218e+02
2.569389e+02
2.572413e+02
2.575282e+02
2.577987e+02
2.580521e+02
2.582878e+02
2.585053e+02
2.587040e+02
2.588835e+02
2.590437e+02
2.591844e+02
2.593054e+02
2.594069e+02
2.594890e+02
2.595520e+02
2.595963e+02
2.596223e+02
2.596305e+02
2.596216e+02
2.595964e+02
2.595555e+02
2.594998e+02
2.594302e+02
2.593475e+02
2.592528e+02
2.591470e+02
2.590311e+02
2.589061e+02
2.587729e+02
2.586326e+02
2.584861e+02
2.583344e+02
2.581783e+02
2.580188e+02
2.578566e+02
2.576926e+02
2.575275e+02
2.573621e+02
2.571969e+02
2.570326e+02
2.568698e+02
2.567088e+02
2.565502e+02
2.563943e+02
2.562416e+02
2.560922e+02
2.559465e+02
2.558047e+02
2.556671e+02
2.555336e+02
2.554045e+02
2.552799e+02
2.551598e+02
2.550442e+02
2.549332e+02
2.548267e+02
2.547247e+02
2.546272e+02
2.545341e+02
2.544452e+02
2.543606e+02
2.542801e+02
2.542035e+02
2.541308e+02
2.540619e+02
2.539966e+02
2.539348e+02
2.538763e+02
2.538210e+02
2.537688e+02
2.537196e+02
2.536732e+02
2.536295e+02
2.535884e+02
2.535498e+02
2.535135e+02
2.534794e+02
2.534475e+02
2.534175e+02
2.533894e+02
2.533630e+02
2.533384e+02
2.533153e+02
2.532937e+02
2.532734e+02
2.532545e+02
2.532368e+02
2.532202e+02
2.532048e+02
2.531904e+02
2.531770e+02
2.531645e+02
2.531530e+02
2.531424e+02
2.531326e+02
2.531237e+02
2.531156e+02
2.531083e+02
2.531017e+02
2.530960e+02
2.530912e+02
2.530872e+02
2.530841e+02
2.530819e+02
2.530807e+02
2.530807e+02
2.530819e+02
2.530845e+02
2.530885e+02
2.530941e+02
2.531017e+02
2.531113e+02
2.531235e+02
2.531384e+02
2.531563e+02
2.531776e+02
2.532029e+02
2.532328e+02
2.532680e+02
2.533091e+02
2.533570e+02
2.534124e+02
2.534767e+02
2.535512e+02
2.536373e+02
2.537367e+02
2.538512e+02
2.539830e+02
2.541346e+02
2.543091e+02
2.545098e+02
2.547402e+02
2.550045e+02
2.553075e+02
2.556548e+02
2.560527e+02
2.565082e+02
2.570291e+02
2.576242e+02
2.583034e+02
2.590779e+02
2.599604e+02
2.609646e+02
2.621054e+02
2.633991e+02
2.648634e+02
2.665176e+02
2.683821e+02
2.704777e+02
2.728253e+02
2.754458e+02
2.783592e+02
2.815838e+02
2.851348e+02
2.890227e+02
2.932520e+02
2.978195e+02
3.027132e+02
3.079106e+02
3.133771e+02
3.190645e+02
3.249104e+02
3.308392e+02
3.367638e+02
3.425877e+02
3.482063e+02
3.535095e+02
3.583859e+02
3.627275e+02
3.664342e+02
3.694167e+02
3.716000e+02
3.729316e+02
3.733708e+02
3.729053e+02
3.715439e+02
3.693118e+02
3.662652e+02
3.624737e+02
3.580227e+02
3.530108e+02
3.475460e+02
3.417413e+02
3.357104e+02
3.295635e+02
3.234034e+02
3.173236e+02
3.114049e+02
3.057143e+02
3.003041e+02
2.952136e+02
2.904688e+02
2.860839e+02
2.820628e+02
2.784010e+02
2.750871e+02
2.721046e+02
2.694335e+02
2.670516e+02
2.649359e+02
2.630627e+02
2.614092e+02
2.599534e+02
2.586745e+02
2.575531e+02
2.565716e+02
2.557138e+02
2.549650e+02
2.543121e+02
2.537434e+02
2.532484e+02
2.528179e+02
2.524438e+02
2.521187e+02
2.518365e+02
2.515916e+02
2.513791e+02
2.511948e+02
2.510350e+02
2.508964e+02
2.507764e+02
2.506723e+02
2.505822e+02
2.505041e+02
2.504365e+02
2.503779e+02
2.503272e+02
2.502833e+02
2.502453e+02
2.502123e+02
2.501838e+02
2.501592e+02
2.501378e+02
2.501193e+02
2.501033e+02
2.500895e+02
2.500775e+02
2.500671e+02
2.500582e+02
2.500504e+02
2.500437e+02
2.500379e+02
2.500328e+02
2.500285e+02
2.500247e+02
2.500215e+02
2.500186e+02
2.500162e+02
2.500141e+02
2.500123e+02
2.500107e+02
2.500093e+02
2.500081e+02
2.500071e+02
2.500062e+02
2.500055e+02
2.500048e+02
2.500043e+02
2.500038e+02
2.500033e+02
2.500030e+02
2.500027e+02
2.500024e+02
2.500021e+02
2.500019e+02
2.500018e+02
2.500016e+02
2.500015e+02
2.500014e+02
2.500013e+02
2.500012e+02
2.500011e+02
2.500010e+02
2.500010e+02
2.500009e+02
2.500009e+02
2.500009e+02
2.500008e+02
2.500008e+02
2.500008e+02
2.500008e+02
2.500008e+02
2.500008e+02
2.500007e+02
2.500007e+02
2.500007e+02
2.500007e+02
2.500007e+02
2.500007e+02
2.500007e+02
2.500007e+02
2.500007e+02
2.500007e+02
2.500007e+02
2.500007e+02
2.500007e+02
2.500007e+02
2.500007e+02
2.500007e+02
2.500007e+02
2.500007e+02
2.500007e+02
2.500007e+02
2.500007e+02
2.500007e+02
2.500007e+02
2.500007e+02
2.500007e+02
2.500007e+02
2.500007e+02
2.500007e+02
2.500007e+02
2.500007e+02
2.500007e+02
2.500007e+02
2.500007e+02
2.500007e+02
2.500007e+02
2.500007e+02
2.500007e+02
2.500007e+02
2.500007e+02
2.500007e+02
2.500007e+02
2.500007e+02
2.500007e+02
2.500007e+02
2.500007e+02
2.500007e+02
2.500007e+02
2.500007e+02
2.500007e+02
2.500007e+02
2.500007e+02
2.500007e+02
2.500007e+02
2.500007e+02
2.500007e+02
2.500007e+02
2.500007e+02
2.500007e+02
2.500007e+02
2.500007e+02
2.500007e+02
2.500007e+02
2.500007e+02
2.500007e+02
2.500007e+02
2.500007e+02
