2.500755e+02
2.500257e+02
2.500071e+02
2.500507e+02
2.501145e+02
2.501348e+02
2.501674e+02
2.501758e+02
2.501119e+02
2.500231e+02
2.499528e+02
2.499465e+02
2.499807e+02
2.500462e+02
2.501161e+02
2.501696e+02
2.501884e+02
2.501600e+02
2.501040e+02
2.500608e+02
2.500335e+02
2.500340e+02
2.500336e+02
2.500244e+02
2.500162e+02
2.500332e+02
2.500605e+02
2.500734e+02
2.500944e+02
2.501120e+02
2.501378e+02
2.501889e+02
2.502035e+02
2.501575e+02
2.500879e+02
2.499930e+02
2.498981e+02
2.498691e+02
2.499005e+02
2.499510e+02
2.500327e+02
2.501566e+02
2.502714e+02
2.503230e+02
2.503133e+02
2.502634e+02
2.501730e+02
2.500424e+02
2.499013e+02
2.497957e+02
2.497575e+02
2.497924e+02
2.498894e+02
2.500288e+02
2.501811e+02
2.503119e+02
2.503914e+02
2.504027e+02
2.503443e+02
2.502295e+02
2.500841e+02
2.499402e+02
2.498275e+02
2.497676e+02
2.497703e+02
2.498319e+02
2.499364e+02
2.500602e+02
2.501780e+02
2.502678e+02
2.503156e+02
2.503169e+02
2.502767e+02
2.502079e+02
2.501266e+02
2.500489e+02
2.499877e+02
2.499497e+02
2.499353e+02
2.499402e+02
2.499576e+02
2.499794e+02
2.499999e+02
2.500171e+02
2.500326e+02
2.500505e+02
2.500755e+02
2.501111e+02
2.501570e+02
2.502088e+02
2.502577e+02
2.502923e+02
2.503007e+02
2.502736e+02
2.502070e+02
2.501044e+02
2.499772e+02
2.498433e+02
2.497251e+02
2.496458e+02
2.496242e+02
2.496714e+02
2.497881e+02
2.499636e+02
2.501759e+02
2.503950e+02
2.505868e+02
2.507186e+02
2.507644e+02
2.507102e+02
2.505567e+02
2.503199e+02
2.500297e+02
2.497256e+02
2.494510e+02
2.492474e+02
2.491481e+02
2.491727e+02
2.493243e+02
2.495878e+02
2.499321e+02
2.503129e+02
2.506794e+02
2.509811e+02
2.511742e+02
2.512285e+02
2.511320e+02
2.508930e+02
2.505384e+02
2.501111e+02
2.496645e+02
2.492557e+02
2.489370e+02
2.487502e+02
2.487221e+02
2.488592e+02
2.491479e+02
2.495560e+02
2.500363e+02
2.505314e+02
2.509816e+02
2.513325e+02
2.515412e+02
2.515807e+02
2.514448e+02
2.511481e+02
2.507241e+02
2.502205e+02
2.496945e+02
2.492061e+02
2.488101e+02
2.485500e+02
2.484543e+02
2.485336e+02
2.487792e+02
2.491644e+02
2.496480e+02
2.501786e+02
2.506990e+02
2.511540e+02
2.514955e+02
2.516884e+02
2.517134e+02
2.515692e+02
2.512729e+02
2.508570e+02
2.503651e+02
2.498476e+02
2.493568e+02
2.489409e+02
2.486393e+02
2.484792e+02
2.484733e+02
2.486193e+02
2.489003e+02
2.492869e+02
2.497407e+02
2.502178e+02
2.506727e+02
2.510636e+02
2.513558e+02
2.515249e+02
2.515584e+02
2.514575e+02
2.512356e+02
2.509169e+02
2.505334e+02
2.501212e+02
2.497177e+02
2.493576e+02
2.490703e+02
2.488772e+02
2.487904e+02
2.488123e+02
2.489363e+02
2.491471e+02
2.494232e+02
2.497387e+02
2.500661e+02
2.503781e+02
2.506504e+02
2.508634e+02
2.510038e+02
2.510654e+02
2.510491e+02
2.509616e+02
2.508151e+02
2.506254e+02
2.504103e+02
2.501881e+02
2.499759e+02
2.497882e+02
2.496357e+02
2.495253e+02
2.494596e+02
2.494374e+02
2.494542e+02
2.495038e+02
2.495782e+02
2.496687e+02
2.497673e+02
2.498669e+02
2.499621e+02
2.500494e+02
2.501272e+02
2.501958e+02
2.502565e+02
2.503111e+02
2.503614e+02
2.504086e+02
2.504533e+02
2.504944e+02
2.505296e+02
2.505553e+02
2.505668e+02
2.505594e+02
2.505281e+02
2.504693e+02
2.503807e+02
2.502624e+02
2.501168e+02
2.499492e+02
2.497674e+02
2.495815e+02
2.494034e+02
2.492460e+02
2.491221e+02
2.490439e+02
2.490212e+02
2.490613e+02
2.491674e+02
2.493389e+02
2.495703e+02
2.498515e+02
2.501687e+02
2.505043e+02
2.508381e+02
2.511485e+02
2.514139e+02
2.516146e+02
2.517335e+02
2.517581e+02
2.516814e+02
2.515026e+02
2.512275e+02
2.508680e+02
2.504419e+02
2.499720e+02
2.494843e+02
2.490069e+02
2.485683e+02
2.481954e+02
2.479124e+02
2.477387e+02
2.476885e+02
2.477696e+02
2.479826e+02
2.483205e+02
2.487694e+02
2.493086e+02
2.499114e+02
2.505467e+02
2.511802e+02
2.517764e+02
2.523003e+02
2.527202e+02
2.530093e+02
2.531476e+02
2.531231e+02
2.529325e+02
2.525823e+02
2.520879e+02
2.514730e+02
2.507674e+02
2.500067e+02
2.492295e+02
2.484749e+02
2.477813e+02
2.471844e+02
2.467150e+02
2.463980e+02
2.462510e+02
2.462849e+02
2.465020e+02
2.468954e+02
2.474500e+02
2.481434e+02
2.489466e+02
2.498234e+02
2.507326e+02
2.516315e+02
2.524769e+02
2.532261e+02
2.538393e+02
2.542838e+02
2.545359e+02
2.545804e+02
2.544113e+02
2.540333e+02
2.534631e+02
2.527274e+02
2.518591e+02
2.508962e+02
2.498819e+02
2.488626e+02
2.478829e+02
2.469839e+02
2.462030e+02
2.455737e+02
2.451232e+02
2.448707e+02
2.448265e+02
2.449948e+02
2.453723e+02
2.459471e+02
2.466982e+02
2.475975e+02
2.486122e+02
2.497042e+02
2.508296e+02
2.519410e+02
2.529919e+02
2.539381e+02
2.547381e+02
2.553549e+02
2.557593e+02
2.559324e+02
2.558662e+02
2.555619e+02
2.550303e+02
2.542929e+02
2.533816e+02
2.523344e+02
2.511926e+02
2.500002e+02
2.488030e+02
2.476462e+02
2.465717e+02
2.456163e+02
2.448118e+02
2.441849e+02
2.437571e+02
2.435424e+02
2.435473e+02
2.437718e+02
2.442108e+02
2.448525e+02
2.456777e+02
2.466605e+02
2.477697e+02
2.489708e+02
2.502245e+02
2.514878e+02
2.527152e+02
2.538628e+02
2.548888e+02
2.557550e+02
2.564276e+02
2.568797e+02
2.570939e+02
2.570621e+02
2.567855e+02
2.562737e+02
2.555457e+02
2.546294e+02
2.535592e+02
2.523731e+02
2.511110e+02
2.498155e+02
2.485280e+02
2.472884e+02
2.461324e+02
2.450927e+02
2.441969e+02
2.434680e+02
2.429235e+02
2.425764e+02
2.424348e+02
2.425022e+02
2.427764e+02
2.432508e+02
2.439141e+02
2.447510e+02
2.457410e+02
2.468584e+02
2.480742e+02
2.493564e+02
2.506700e+02
2.519777e+02
2.532415e+02
2.544223e+02
2.554839e+02
2.563936e+02
2.571228e+02
2.576473e+02
2.579493e+02
2.580197e+02
2.578579e+02
2.574698e+02
2.568685e+02
2.560735e+02
2.551112e+02
2.540129e+02
2.528122e+02
2.515431e+02
2.502409e+02
2.489407e+02
2.476757e+02
2.464752e+02
2.453658e+02
2.443708e+02
2.435098e+02
2.427990e+02
2.422504e+02
2.418727e+02
2.416718e+02
2.416503e+02
2.418079e+02
2.421402e+02
2.426406e+02
2.433004e+02
2.441079e+02
2.450472e+02
2.460998e+02
2.472447e+02
2.484592e+02
2.497176e+02
2.509915e+02
2.522518e+02
2.534698e+02
2.546159e+02
2.556615e+02
2.565798e+02
2.573476e+02
2.579454e+02
2.583574e+02
2.585732e+02
2.585877e+02
2.584022e+02
2.580233e+02
2.574627e+02
2.567365e+02
2.558645e+02
2.548701e+02
2.537797e+02
2.526199e+02
2.514171e+02
2.501976e+02
2.489868e+02
2.478082e+02
2.466826e+02
2.456287e+02
2.446628e+02
2.437985e+02
2.430468e+02
2.424164e+02
2.419142e+02
2.415455e+02
2.413128e+02
2.412168e+02
2.412572e+02
2.414328e+02
2.417405e+02
2.421754e+02
2.427312e+02
2.434006e+02
2.441749e+02
2.450439e+02
2.459950e+02
2.470142e+02
2.480868e+02
2.491963e+02
2.503254e+02
2.514551e+02
2.525660e+02
2.536383e+02
2.546523e+02
2.555894e+02
2.564317e+02
2.571629e+02
2.577685e+02
2.582368e+02
2.585590e+02
2.587298e+02
2.587470e+02
2.586112e+02
2.583266e+02
2.579014e+02
2.573465e+02
2.566748e+02
2.559005e+02
2.550399e+02
2.541104e+02
2.531302e+02
2.521168e+02
2.510864e+02
2.500551e+02
2.490384e+02
2.480501e+02
2.471019e+02
2.462043e+02
2.453663e+02
2.445952e+02
2.438971e+02
2.432767e+02
2.427377e+02
2.422826e+02
2.419134e+02
2.416310e+02
2.414356e+02
2.413266e+02
2.413032e+02
2.413641e+02
2.415074e+02
2.417309e+02
2.420320e+02
2.424081e+02
2.428558e+02
2.433713e+02
2.439501e+02
2.445875e+02
2.452782e+02
2.460166e+02
2.467959e+02
2.476090e+02
2.484485e+02
2.493062e+02
2.501736e+02
2.510411e+02
2.518998e+02
2.527398e+02
2.535514e+02
2.543248e+02
2.550509e+02
2.557208e+02
2.563262e+02
2.568593e+02
2.573133e+02
2.576828e+02
2.579637e+02
2.581530e+02
2.582493e+02
2.582524e+02
2.581638e+02
2.579864e+02
2.577245e+02
2.573834e+02
2.569688e+02
2.564880e+02
2.559490e+02
2.553599e+02
2.547292e+02
2.540653e+02
2.533765e+02
2.526713e+02
2.519576e+02
2.512427e+02
2.505330e+02
2.498347e+02
2.491530e+02
2.484929e+02
2.478584e+02
2.472528e+02
2.466789e+02
2.461388e+02
2.456339e+02
2.451654e+02
2.447340e+02
2.443399e+02
2.439832e+02
2.436635e+02
2.433803e+02
2.431330e+02
2.429207e+02
2.427425e+02
2.425971e+02
2.424833e+02
2.423999e+02
2.423457e+02
2.423197e+02
2.423204e+02
2.423468e+02
2.423976e+02
2.424718e+02
2.425682e+02
2.426858e+02
2.428234e+02
2.429798e+02
2.431542e+02
2.433456e+02
2.435533e+02
2.437763e+02
2.440138e+02
2.442648e+02
2.445286e+02
2.448043e+02
2.450911e+02
2.453883e+02
2.456950e+02
2.460104e+02
2.463340e+02
2.466649e+02
2.470024e+02
2.473458e+02
2.476940e+02
2.480464e+02
2.484022e+02
2.487605e+02
2.491203e+02
2.494808e+02
2.498414e+02
2.502011e+02
2.505591e+02
2.509144e+02
2.512662e+02
2.516137e+02
2.519558e+02
2.522918e+02
2.526209e+02
2.529424e+02
2.532554e+02
2.535591e+02
2.538530e+02
2.541363e+02
2.544084e+02
2.546685e+02
2.549162e+02
2.551508e+02
2.553720e+02
2.555795e+02
2.557730e+02
2.559521e+02
2.561169e+02
2.562671e+02
2.564027e+02
2.565237e+02
2.566303e+02
2.567225e+02
2.568007e+02
2.568652e+02
2.569164e+02
2.569548e+02
2.569808e+02
2.569949e+02
2.569978e+02
2.569899e+02
2.569719e+02
2.569444e+02
2.569080e+02
2.568635e+02
2.568115e+02
2.567528e+02
2.566880e+02
2.566178e+02
2.565428e+02
2.564637e+02
2.563809e+02
2.562951e+02
2.562069e+02
2.561169e+02
2.560256e+02
2.559336e+02
2.558412e+02
2.557490e+02
2.556573e+02
2.555663e+02
2.554765e+02
2.553881e+02
2.553013e+02
2.552163e+02
2.551334e+02
2.550529e+02
2.549748e+02
2.548992e+02
2.548263e+02
2.547561e+02
2.546886e+02
2.546239e+02
2.545620e+02
2.545029e+02
2.544466e+02
2.543931e+02
2.543424e+02
2.542945e+02
2.542492e+02
2.542066e+02
2.541665e+02
2.541288e+02
2.540934e+02
2.540602e+02
2.540290e+02
2.539999e+02
2.539729e+02
2.539477e+02
2.539244e+02
2.539027e+02
2.538826e+02
2.538640e+02
2.538468e+02
2.538309e+02
2.538162e+02
2.538028e+02
2.537903e+02
2.537790e+02
2.537687e+02
2.537593e+02
2.537508e+02
2.537430e+02
2.537358e+02
2.537291e+02
2.537230e+02
2.537175e+02
2.537124e+02
2.537076e+02
2.537032e+02
2.536992e+02
2.536955e+02
2.536921e+02
2.536890e+02
2.536861e+02
2.536834e+02
2.536808e+02
2.536784e+02
2.536760e+02
2.536738e+02
2.536717e+02
2.536697e+02
2.536677e+02
2.536658e+02
2.536638e+02
2.536619e+02
2.536600e+02
2.536580e+02
2.536559e+02
2.536537e+02
2.536516e+02
2.536495e+02
2.536474e+02
2.536454e+02
2.536434e+02
2.536416e+02
2.536398e+02
2.536381e+02
2.536364e+02
2.536348e+02
2.536334e+02
2.536323e+02
2.536315e+02
2.536309e+02
2.536306e+02
2.536308e+02
2.536316e+02
2.536331e+02
2.536353e+02
2.536383e+02
2.536423e+02
2.536475e+02
2.536540e+02
2.536623e+02
2.536726e+02
2.536850e+02
2.537001e+02
2.537180e+02
2.537393e+02
2.537646e+02
2.537946e+02
2.538297e+02
2.538709e+02
2.539189e+02
2.539749e+02
2.540401e+02
2.541161e+02
2.542044e+02
2.543069e+02
2.544256e+02
2.545632e+02
2.547225e+02
2.549069e+02
2.551200e+02
2.553660e+02
2.556497e+02
2.559771e+02
2.563546e+02
2.567896e+02
2.572903e+02
2.578659e+02
2.585271e+02
2.592863e+02
2.601573e+02
2.611551e+02
2.622964e+02
2.635995e+02
2.650851e+02
2.667754e+02
2.686947e+02
2.708679e+02
2.733211e+02
2.760805e+02
2.791723e+02
2.826212e+02
2.864494e+02
2.906743e+02
2.953070e+02
3.003504e+02
3.057974e+02
3.116285e+02
3.178103e+02
3.242931e+02
3.310099e+02
3.378767e+02
3.447943e+02
3.516513e+02
3.583258e+02
3.646877e+02
3.706035e+02
3.759421e+02
3.805803e+02
3.844068e+02
3.873255e+02
3.892643e+02
3.901697e+02
3.900134e+02
3.887977e+02
3.865447e+02
3.833071e+02
3.791625e+02
3.742050e+02
3.685467e+02
3.623130e+02
3.556375e+02
3.486570e+02
3.415059e+02
3.343114e+02
3.271901e+02
3.202446e+02
3.135607e+02
3.072060e+02
3.012312e+02
2.956707e+02
2.905436e+02
2.858556e+02
2.816017e+02
2.777675e+02
2.743324e+02
2.712713e+02
2.685561e+02
2.661575e+02
2.640463e+02
2.621938e+02
2.605726e+02
2.591572e+02
2.579241e+02
2.568515e+02
2.559200e+02
2.551121e+02
2.544122e+02
2.538064e+02
2.532825e+02
2.528298e+02
2.524388e+02
2.521013e+02
2.518101e+02
2.515590e+02
2.513425e+02
2.511559e+02
2.509951e+02
2.508566e+02
2.507373e+02
2.506346e+02
2.505462e+02
2.504701e+02
2.504045e+02
2.503481e+02
2.502996e+02
2.502578e+02
2.502218e+02
2.501909e+02
2.501643e+02
2.501414e+02
2.501217e+02
2.501048e+02
2.500902e+02
2.500777e+02
2.500669e+02
2.500576e+02
2.500496e+02
2.500428e+02
2.500369e+02
2.500318e+02
2.500274e+02
2.500237e+02
2.500204e+02
2.500177e+02
2.500153e+02
2.500132e+02
2.500115e+02
2.500100e+02
2.500087e+02
2.500075e+02
2.500066e+02
2.500057e+02
2.500050e+02
2.500044e+02
2.500039e+02
2.500035e+02
2.500031e+02
2.500027e+02
2.500024e+02
2.500022e+02
2.500020e+02
2.500018e+02
2.500017e+02
2.500015e+02
2.500014e+02
2.500013e+02
2.500012e+02
2.500012e+02
2.500011e+02
2.500010e+02
2.500010e+02
2.500010e+02
2.500009e+02
2.500009e+02
2.500009e+02
2.500009e+02
2.500008e+02
2.500008e+02
2.500008e+02
2.500008e+02
2.500008e+02
2.500008e+02
2.500008e+02
2.500008e+02
2.500008e+02
2.500008e+02
2.500008e+02
2.500008e+02
2.500008e+02
2.500008e+02
2.500008e+02
2.500008e+02
2.500008e+02
2.500008e+02
2.500008e+02
2.500008e+02
2.500008e+02
2.500008e+02
2.500008e+02
2.500008e+02
2.500008e+02
2.500008e+02
2.500008e+02
2.500008e+02
2.500008e+02
2.500008e+02
2.500008e+02
2.500008e+02
2.500008e+02
2.500008e+02
2.500008e+02
2.500008e+02
2.500008e+02
2.500008e+02
2.500008e+02
2.500008e+02
2.500008e+02
2.500008e+02
2.500008e+02
2.500008e+02
2.500008e+02
2.500008e+02
2.500008e+02
2.500008e+02
2.500008e+02
2.500008e+02
2.500008e+02
2.500008e+02
2.500008e+02
2.500008e+02
2.500008e+02
