2.499888e+02
2.500217e+02
2.500160e+02
2.500425e+02
2.501495e+02
2.502558e+02
2.502710e+02
2.501924e+02
2.500881e+02
2.499669e+02
2.498953e+02
2.499090e+02
2.499917e+02
2.500940e+02
2.501656e+02
2.501848e+02
2.501590e+02
2.501077e+02
2.500734e+02
2.500752e+02
2.501176e+02
2.501652e+02
2.501732e+02
2.501024e+02
2.499969e+02
2.499076e+02
2.498578e+02
2.498796e+02
2.499648e+02
2.501244e+02
2.503289e+02
2.504604e+02
2.504656e+02
2.503512e+02
2.501292e+02
2.498793e+02
2.497124e+02
2.496446e+02
2.496588e+02
2.497897e+02
2.500326e+02
2.502919e+02
2.504733e+02
2.505456e+02
2.505147e+02
2.503898e+02
2.501853e+02
2.499448e+02
2.497384e+02
2.496270e+02
2.496326e+02
2.497413e+02
2.499193e+02
2.501218e+02
2.502994e+02
2.504114e+02
2.504391e+02
2.503866e+02
2.502751e+02
2.501374e+02
2.500104e+02
2.499233e+02
2.498887e+02
2.499040e+02
2.499544e+02
2.500173e+02
2.500696e+02
2.500956e+02
2.500919e+02
2.500661e+02
2.500342e+02
2.500154e+02
2.500277e+02
2.500787e+02
2.501626e+02
2.502619e+02
2.503510e+02
2.504013e+02
2.503890e+02
2.503032e+02
2.501503e+02
2.499522e+02
2.497444e+02
2.495698e+02
2.494693e+02
2.494729e+02
2.495929e+02
2.498190e+02
2.501194e+02
2.504452e+02
2.507382e+02
2.509411e+02
2.510094e+02
2.509206e+02
2.506794e+02
2.503175e+02
2.498890e+02
2.494622e+02
2.491093e+02
2.488932e+02
2.488559e+02
2.490121e+02
2.493461e+02
2.498135e+02
2.503458e+02
2.508621e+02
2.512812e+02
2.515346e+02
2.515779e+02
2.513979e+02
2.510151e+02
2.504817e+02
2.498737e+02
2.492780e+02
2.487801e+02
2.484532e+02
2.483473e+02
2.484809e+02
2.488390e+02
2.493757e+02
2.500195e+02
2.506832e+02
2.512766e+02
2.517185e+02
2.519471e+02
2.519298e+02
2.516682e+02
2.511964e+02
2.505755e+02
2.498864e+02
2.492183e+02
2.486557e+02
2.482680e+02
2.481030e+02
2.481805e+02
2.484893e+02
2.489901e+02
2.496217e+02
2.503066e+02
2.509611e+02
2.515073e+02
2.518811e+02
2.520400e+02
2.519679e+02
2.516771e+02
2.512061e+02
2.506126e+02
2.499670e+02
2.493442e+02
2.488142e+02
2.484332e+02
2.482389e+02
2.482479e+02
2.484540e+02
2.488290e+02
2.493282e+02
2.498947e+02
2.504660e+02
2.509810e+02
2.513868e+02
2.516442e+02
2.517317e+02
2.516466e+02
2.514055e+02
2.510403e+02
2.505943e+02
2.501163e+02
2.496562e+02
2.492593e+02
2.489613e+02
2.487854e+02
2.487416e+02
2.488259e+02
2.490219e+02
2.493036e+02
2.496379e+02
2.499894e+02
2.503234e+02
2.506096e+02
2.508251e+02
2.509560e+02
2.509982e+02
2.509568e+02
2.508441e+02
2.506786e+02
2.504821e+02
2.502771e+02
2.500841e+02
2.499194e+02
2.497933e+02
2.497111e+02
2.496720e+02
2.496705e+02
2.496971e+02
2.497407e+02
2.497904e+02
2.498361e+02
2.498710e+02
2.498916e+02
2.498986e+02
2.498968e+02
2.498932e+02
2.498964e+02
2.499154e+02
2.499584e+02
2.500307e+02
2.501332e+02
2.502622e+02
2.504095e+02
2.505637e+02
2.507098e+02
2.508310e+02
2.509104e+02
2.509333e+02
2.508890e+02
2.507716e+02
2.505820e+02
2.503284e+02
2.500255e+02
2.496936e+02
2.493571e+02
2.490429e+02
2.487786e+02
2.485900e+02
2.484984e+02
2.485187e+02
2.486574e+02
2.489128e+02
2.492740e+02
2.497211e+02
2.502259e+02
2.507537e+02
2.512660e+02
2.517239e+02
2.520898e+02
2.523312e+02
2.524237e+02
2.523530e+02
2.521168e+02
2.517243e+02
2.511969e+02
2.505667e+02
2.498743e+02
2.491655e+02
2.484874e+02
2.478865e+02
2.474059e+02
2.470817e+02
2.469400e+02
2.469962e+02
2.472539e+02
2.477031e+02
2.483217e+02
2.490757e+02
2.499217e+02
2.508085e+02
2.516802e+02
2.524794e+02
2.531515e+02
2.536492e+02
2.539353e+02
2.539861e+02
2.537918e+02
2.533595e+02
2.527119e+02
2.518857e+02
2.509286e+02
2.498970e+02
2.488518e+02
2.478544e+02
2.469629e+02
2.462300e+02
2.456991e+02
2.454019e+02
2.453590e+02
2.455779e+02
2.460518e+02
2.467591e+02
2.476659e+02
2.487270e+02
2.498879e+02
2.510858e+02
2.522541e+02
2.533261e+02
2.542380e+02
2.549349e+02
2.553738e+02
2.555258e+02
2.553775e+02
2.549337e+02
2.542172e+02
2.532668e+02
2.521326e+02
2.508746e+02
2.495593e+02
2.482556e+02
2.470283e+02
2.459383e+02
2.450392e+02
2.443743e+02
2.439752e+02
2.438621e+02
2.440437e+02
2.445142e+02
2.452543e+02
2.462334e+02
2.474106e+02
2.487342e+02
2.501419e+02
2.515668e+02
2.529413e+02
2.541976e+02
2.552695e+02
2.560996e+02
2.566444e+02
2.568761e+02
2.567804e+02
2.563577e+02
2.556281e+02
2.546304e+02
2.534151e+02
2.520383e+02
2.505631e+02
2.490587e+02
2.475942e+02
2.462310e+02
2.450235e+02
2.440201e+02
2.432616e+02
2.427780e+02
2.425858e+02
2.426914e+02
2.430935e+02
2.437802e+02
2.447265e+02
2.458964e+02
2.472463e+02
2.487270e+02
2.502804e+02
2.518416e+02
2.533444e+02
2.547257e+02
2.559251e+02
2.568878e+02
2.575686e+02
2.579359e+02
2.579742e+02
2.576818e+02
2.570704e+02
2.561670e+02
2.550138e+02
2.536626e+02
2.521702e+02
2.505958e+02
2.490018e+02
2.474498e+02
2.459960e+02
2.446897e+02
2.435724e+02
2.426790e+02
2.420375e+02
2.416669e+02
2.415767e+02
2.417678e+02
2.422350e+02
2.429660e+02
2.439397e+02
2.451251e+02
2.464844e+02
2.479756e+02
2.495522e+02
2.511606e+02
2.527425e+02
2.542406e+02
2.556005e+02
2.567719e+02
2.577093e+02
2.583746e+02
2.587417e+02
2.587979e+02
2.585430e+02
2.579870e+02
2.571518e+02
2.560714e+02
2.547894e+02
2.533547e+02
2.518179e+02
2.502312e+02
2.486475e+02
2.471164e+02
2.456824e+02
2.443852e+02
2.432583e+02
2.423288e+02
2.416180e+02
2.411411e+02
2.409079e+02
2.409226e+02
2.411834e+02
2.416826e+02
2.424084e+02
2.433445e+02
2.444683e+02
2.457508e+02
2.471584e+02
2.486555e+02
2.502015e+02
2.517535e+02
2.532650e+02
2.546903e+02
2.559848e+02
2.571090e+02
2.580275e+02
2.587097e+02
2.591321e+02
2.592820e+02
2.591575e+02
2.587649e+02
2.581181e+02
2.572395e+02
2.561597e+02
2.549162e+02
2.535495e+02
2.520996e+02
2.506070e+02
2.491129e+02
2.476570e+02
2.462735e+02
2.449924e+02
2.438398e+02
2.428378e+02
2.420043e+02
2.413529e+02
2.408931e+02
2.406302e+02
2.405669e+02
2.407033e+02
2.410352e+02
2.415553e+02
2.422538e+02
2.431179e+02
2.441313e+02
2.452742e+02
2.465243e+02
2.478565e+02
2.492432e+02
2.506534e+02
2.520548e+02
2.534157e+02
2.547035e+02
2.558854e+02
2.569308e+02
2.578134e+02
2.585112e+02
2.590065e+02
2.592861e+02
2.593433e+02
2.591787e+02
2.587997e+02
2.582192e+02
2.574547e+02
2.565277e+02
2.554642e+02
2.542937e+02
2.530461e+02
2.517505e+02
2.504353e+02
2.491283e+02
2.478559e+02
2.466409e+02
2.455036e+02
2.444610e+02
2.435271e+02
2.427136e+02
2.420295e+02
2.414821e+02
2.410764e+02
2.408145e+02
2.406969e+02
2.407229e+02
2.408912e+02
2.411984e+02
2.416391e+02
2.422061e+02
2.428915e+02
2.436870e+02
2.445821e+02
2.455639e+02
2.466175e+02
2.477268e+02
2.488757e+02
2.500463e+02
2.512190e+02
2.523737e+02
2.534896e+02
2.545462e+02
2.555246e+02
2.564066e+02
2.571752e+02
2.578146e+02
2.583127e+02
2.586606e+02
2.588533e+02
2.588885e+02
2.587665e+02
2.584914e+02
2.580715e+02
2.575185e+02
2.568462e+02
2.560691e+02
2.552035e+02
2.542673e+02
2.532796e+02
2.522586e+02
2.512213e+02
2.501835e+02
2.491607e+02
2.481671e+02
2.472153e+02
2.463158e+02
2.454774e+02
2.447072e+02
2.440107e+02
2.433932e+02
2.428583e+02
2.424087e+02
2.420456e+02
2.417693e+02
2.415796e+02
2.414761e+02
2.414580e+02
2.415237e+02
2.416706e+02
2.418957e+02
2.421964e+02
2.425700e+02
2.430131e+02
2.435212e+02
2.440891e+02
2.447117e+02
2.453839e+02
2.461003e+02
2.468541e+02
2.476378e+02
2.484434e+02
2.492633e+02
2.500892e+02
2.509125e+02
2.517242e+02
2.525150e+02
2.532755e+02
2.539971e+02
2.546718e+02
2.552918e+02
2.558494e+02
2.563373e+02
2.567497e+02
2.570824e+02
2.573326e+02
2.574981e+02
2.575778e+02
2.575716e+02
2.574814e+02
2.573105e+02
2.570634e+02
2.567450e+02
2.563608e+02
2.559171e+02
2.554217e+02
2.548827e+02
2.543078e+02
2.537044e+02
2.530798e+02
2.524412e+02
2.517964e+02
2.511523e+02
2.505147e+02
2.498890e+02
2.492797e+02
2.486912e+02
2.481273e+02
2.475913e+02
2.470855e+02
2.466115e+02
2.461704e+02
2.457635e+02
2.453918e+02
2.450558e+02
2.447555e+02
2.444899e+02
2.442584e+02
2.440603e+02
2.438953e+02
2.437625e+02
2.436610e+02
2.435891e+02
2.435454e+02
2.435290e+02
2.435388e+02
2.435736e+02
2.436322e+02
2.437128e+02
2.438140e+02
2.439349e+02
2.440745e+02
2.442318e+02
2.444055e+02
2.445940e+02
2.447958e+02
2.450102e+02
2.452362e+02
2.454731e+02
2.457194e+02
2.459740e+02
2.462356e+02
2.465034e+02
2.467767e+02
2.470547e+02
2.473360e+02
2.476192e+02
2.479034e+02
2.481880e+02
2.484723e+02
2.487556e+02
2.490367e+02
2.493144e+02
2.495878e+02
2.498563e+02
2.501194e+02
2.503765e+02
2.506268e+02
2.508694e+02
2.511037e+02
2.513294e+02
2.515465e+02
2.517543e+02
2.519524e+02
2.521402e+02
2.523173e+02
2.524837e+02
2.526398e+02
2.527855e+02
2.529206e+02
2.530449e+02
2.531582e+02
2.532610e+02
2.533536e+02
2.534365e+02
2.535097e+02
2.535733e+02
2.536276e+02
2.536733e+02
2.537111e+02
2.537414e+02
2.537647e+02
2.537809e+02
2.537904e+02
2.537941e+02
2.537927e+02
2.537868e+02
2.537769e+02
2.537631e+02
2.537457e+02
2.537253e+02
2.537028e+02
2.536785e+02
2.536528e+02
2.536256e+02
2.535973e+02
2.535684e+02
2.535398e+02
2.535117e+02
2.534841e+02
2.534571e+02
2.534308e+02
2.534054e+02
2.533813e+02
2.533591e+02
2.533388e+02
2.533200e+02
2.533028e+02
2.532874e+02
2.532740e+02
2.532629e+02
2.532538e+02
2.532466e+02
2.532411e+02
2.532372e+02
2.532354e+02
2.532357e+02
2.532382e+02
2.532424e+02
2.532483e+02
2.532555e+02
2.532643e+02
2.532749e+02
2.532872e+02
2.533008e+02
2.533157e+02
2.533316e+02
2.533485e+02
2.533666e+02
2.533860e+02
2.534063e+02
2.534271e+02
2.534483e+02
2.534699e+02
2.534920e+02
2.535149e+02
2.535384e+02
2.535620e+02
2.535856e+02
2.536093e+02
2.536330e+02
2.536570e+02
2.536810e+02
2.537050e+02
2.537285e+02
2.537515e+02
2.537745e+02
2.537973e+02
2.538199e+02
2.538422e+02
2.538638e+02
2.538848e+02
2.539049e+02
2.539247e+02
2.539441e+02
2.539630e+02
2.539811e+02
2.539985e+02
2.540151e+02
2.540311e+02
2.540467e+02
2.540619e+02
2.540763e+02
2.540898e+02
2.541026e+02
2.541147e+02
2.541263e+02
2.541375e+02
2.541482e+02
2.541581e+02
2.541672e+02
2.541756e+02
2.541834e+02
2.541908e+02
2.541978e+02
2.542040e+02
2.542096e+02
2.542144e+02
2.542190e+02
2.542232e+02
2.542271e+02
2.542307e+02
2.542338e+02
2.542363e+02
2.542384e+02
2.542400e+02
2.542415e+02
2.542428e+02
2.542437e+02
2.542441e+02
2.542440e+02
2.542437e+02
2.542433e+02
2.542427e+02
2.542417e+02
2.542404e+02
2.542388e+02
2.542369e+02
2.542348e+02
2.542327e+02
2.542308e+02
2.542287e+02
2.542264e+02
2.542239e+02
2.542214e+02
2.542191e+02
2.542169e+02
2.542148e+02
2.542127e+02
2.542106e+02
2.542087e+02
2.542072e+02
2.542061e+02
2.542057e+02
2.542059e+02
2.542066e+02
2.542079e+02
2.542101e+02
2.542135e+02
2.542187e+02
2.542254e+02
2.542339e+02
2.542444e+02
2.542573e+02
2.542732e+02
2.542927e+02
2.543162e+02
2.543443e+02
2.543775e+02
2.544164e+02
2.544623e+02
2.545165e+02
2.545803e+02
2.546552e+02
2.547428e+02
2.548447e+02
2.549635e+02
2.551020e+02
2.552636e+02
2.554517e+02
2.556700e+02
2.559233e+02
2.562169e+02
2.565574e+02
2.569522e+02
2.574091e+02
2.579376e+02
2.585483e+02
2.592532e+02
2.600664e+02
2.610034e+02
2.620818e+02
2.633212e+02
2.647431e+02
2.663714e+02
2.682325e+02
2.703547e+02
2.727678e+02
2.755027e+02
2.785909e+02
2.820638e+02
2.859507e+02
2.902779e+02
2.950656e+02
3.003265e+02
3.060632e+02
3.122658e+02
3.189097e+02
3.259523e+02
3.333312e+02
3.409642e+02
3.487497e+02
3.565692e+02
3.642908e+02
3.717709e+02
3.788583e+02
3.854005e+02
3.912500e+02
3.962697e+02
4.003380e+02
4.033526e+02
4.052387e+02
4.059418e+02
4.054401e+02
4.037426e+02
4.008812e+02
3.969250e+02
3.919658e+02
3.861154e+02
3.795061e+02
3.722840e+02
3.646034e+02
3.566214e+02
3.484912e+02
3.403570e+02
3.323500e+02
3.245838e+02
3.171521e+02
3.101270e+02
3.035608e+02
2.974870e+02
2.919213e+02
2.868646e+02
2.823055e+02
2.782230e+02
2.745893e+02
2.713722e+02
2.685372e+02
2.660490e+02
2.638728e+02
2.619754e+02
2.603252e+02
2.588934e+02
2.576534e+02
2.565814e+02
2.556558e+02
2.548577e+02
2.541703e+02
2.535786e+02
2.530698e+02
2.526325e+02
2.522570e+02
2.519346e+02
2.516579e+02
2.514205e+02
2.512170e+02
2.510425e+02
2.508930e+02
2.507648e+02
2.506550e+02
2.505609e+02
2.504803e+02
2.504113e+02
2.503522e+02
2.503016e+02
2.502582e+02
2.502211e+02
2.501894e+02
2.501622e+02
2.501389e+02
2.501190e+02
2.501019e+02
2.500873e+02
2.500748e+02
2.500641e+02
2.500550e+02
2.500471e+02
2.500404e+02
2.500347e+02
2.500298e+02
2.500256e+02
2.500220e+02
2.500189e+02
2.500163e+02
2.500141e+02
2.500121e+02
2.500105e+02
2.500091e+02
2.500079e+02
2.500068e+02
2.500060e+02
2.500052e+02
2.500046e+02
2.500040e+02
2.500035e+02
2.500031e+02
2.500028e+02
2.500025e+02
2.500023e+02
2.500020e+02
2.500019e+02
2.500017e+02
2.500016e+02
2.500015e+02
2.500014e+02
2.500013e+02
2.500012e+02
2.500011e+02
2.500011e+02
2.500010e+02
2.500010e+02
2.500010e+02
2.500010e+02
2.500009e+02
2.500009e+02
2.500009e+02
2.500009e+02
2.500009e+02
2.500009e+02
2.500009e+02
2.500008e+02
2.500008e+02
2.500008e+02
2.500008e+02
2.500008e+02
2.500008e+02
2.500008e+02
2.500008e+02
2.500008e+02
2.500008e+02
2.500008e+02
2.500008e+02
2.500008e+02
2.500008e+02
2.500008e+02
2.500008e+02
2.500008e+02
2.500008e+02
2.500008e+02
2.500008e+02
2.500008e+02
2.500008e+02
2.500008e+02
2.500008e+02
2.500008e+02
2.500008e+02
2.500008e+02
2.500008e+02
2.500008e+02
2.500008e+02
2.500008e+02
2.500008e+02
2.500008e+02
2.500008e+02
2.500008e+02
2.500008e+02
2.500008e+02
