2.496688e+02
2.500029e+02
2.502674e+02
2.502199e+02
2.501416e+02
2.502615e+02
2.503368e+02
2.501863e+02
2.499775e+02
2.498705e+02
2.498960e+02
2.500200e+02
2.501444e+02
2.502015e+02
2.501416e+02
2.500240e+02
2.499300e+02
2.499217e+02
2.500278e+02
2.502288e+02
2.504380e+02
2.505407e+02
2.504273e+02
2.501224e+02
2.497496e+02
2.494856e+02
2.494415e+02
2.496146e+02
2.499644e+02
2.504003e+02
2.507491e+02
2.508819e+02
2.507494e+02
2.503895e+02
2.499608e+02
2.496139e+02
2.493916e+02
2.493235e+02
2.494811e+02
2.498564e+02
2.502976e+02
2.506236e+02
2.507438e+02
2.506735e+02
2.504793e+02
2.502229e+02
2.499503e+02
2.497200e+02
2.496046e+02
2.496431e+02
2.498074e+02
2.500233e+02
2.502154e+02
2.503300e+02
2.503408e+02
2.502571e+02
2.501218e+02
2.499892e+02
2.499067e+02
2.499076e+02
2.500005e+02
2.501595e+02
2.503321e+02
2.504589e+02
2.504918e+02
2.504044e+02
2.502022e+02
2.499254e+02
2.496399e+02
2.494201e+02
2.493304e+02
2.494098e+02
2.496596e+02
2.500401e+02
2.504774e+02
2.508804e+02
2.511583e+02
2.512389e+02
2.510879e+02
2.507206e+02
2.501964e+02
2.496093e+02
2.490712e+02
2.486893e+02
2.485445e+02
2.486768e+02
2.490756e+02
2.496798e+02
2.503883e+02
2.510783e+02
2.516248e+02
2.519241e+02
2.519155e+02
2.515910e+02
2.509975e+02
2.502298e+02
2.494132e+02
2.486824e+02
2.481590e+02
2.479314e+02
2.480409e+02
2.484753e+02
2.491716e+02
2.500245e+02
2.509026e+02
2.516700e+02
2.522060e+02
2.524260e+02
2.522951e+02
2.518327e+02
2.511079e+02
2.502285e+02
2.493249e+02
2.485278e+02
2.479507e+02
2.476741e+02
2.477345e+02
2.481205e+02
2.487764e+02
2.496096e+02
2.505035e+02
2.513348e+02
2.519909e+02
2.523841e+02
2.524645e+02
2.522272e+02
2.517116e+02
2.509919e+02
2.501669e+02
2.493475e+02
2.486385e+02
2.481261e+02
2.478689e+02
2.478918e+02
2.481830e+02
2.486978e+02
2.493661e+02
2.501006e+02
2.508084e+02
2.514051e+02
2.518224e+02
2.520165e+02
2.519739e+02
2.517110e+02
2.512702e+02
2.507130e+02
2.501113e+02
2.495383e+02
2.490590e+02
2.487228e+02
2.485587e+02
2.485744e+02
2.487560e+02
2.490710e+02
2.494736e+02
2.499116e+02
2.503325e+02
2.506899e+02
2.509483e+02
2.510870e+02
2.511016e+02
2.510037e+02
2.508174e+02
2.505750e+02
2.503130e+02
2.500661e+02
2.498633e+02
2.497243e+02
2.496581e+02
2.496620e+02
2.497241e+02
2.498248e+02
2.499400e+02
2.500452e+02
2.501200e+02
2.501497e+02
2.501283e+02
2.500589e+02
2.499538e+02
2.498326e+02
2.497178e+02
2.496331e+02
2.496002e+02
2.496350e+02
2.497446e+02
2.499263e+02
2.501674e+02
2.504458e+02
2.507324e+02
2.509932e+02
2.511941e+02
2.513051e+02
2.513033e+02
2.511762e+02
2.509241e+02
2.505612e+02
2.501140e+02
2.496193e+02
2.491213e+02
2.486679e+02
2.483055e+02
2.480737e+02
2.480032e+02
2.481120e+02
2.484030e+02
2.488617e+02
2.494578e+02
2.501479e+02
2.508773e+02
2.515846e+02
2.522069e+02
2.526858e+02
2.529728e+02
2.530342e+02
2.528540e+02
2.524363e+02
2.518071e+02
2.510103e+02
2.501042e+02
2.491569e+02
2.482415e+02
2.474307e+02
2.467899e+02
2.463717e+02
2.462141e+02
2.463386e+02
2.467454e+02
2.474131e+02
2.483010e+02
2.493521e+02
2.504951e+02
2.516473e+02
2.527227e+02
2.536387e+02
2.543226e+02
2.547170e+02
2.547847e+02
2.545125e+02
2.539138e+02
2.530268e+02
2.519108e+02
2.506408e+02
2.493034e+02
2.479895e+02
2.467865e+02
2.457757e+02
2.450250e+02
2.445851e+02
2.444879e+02
2.447461e+02
2.453506e+02
2.462692e+02
2.474502e+02
2.488256e+02
2.503126e+02
2.518181e+02
2.532437e+02
2.544945e+02
2.554846e+02
2.561444e+02
2.564251e+02
2.563027e+02
2.557803e+02
2.548894e+02
2.536862e+02
2.522449e+02
2.506538e+02
2.490107e+02
2.474128e+02
2.459518e+02
2.447109e+02
2.437597e+02
2.431502e+02
2.429152e+02
2.430705e+02
2.436126e+02
2.445164e+02
2.457376e+02
2.472152e+02
2.488733e+02
2.506240e+02
2.523697e+02
2.540115e+02
2.554525e+02
2.566063e+02
2.574025e+02
2.577919e+02
2.577485e+02
2.572715e+02
2.563882e+02
2.551512e+02
2.536316e+02
2.519135e+02
2.500910e+02
2.482618e+02
2.465185e+02
2.449458e+02
2.436190e+02
2.425995e+02
2.419316e+02
2.416432e+02
2.417488e+02
2.422463e+02
2.431147e+02
2.443164e+02
2.458006e+02
2.475038e+02
2.493486e+02
2.512465e+02
2.531060e+02
2.548367e+02
2.563491e+02
2.575613e+02
2.584087e+02
2.588485e+02
2.588575e+02
2.584321e+02
2.575935e+02
2.563893e+02
2.548858e+02
2.531574e+02
2.512857e+02
2.493597e+02
2.474710e+02
2.456995e+02
2.441149e+02
2.427782e+02
2.417414e+02
2.410429e+02
2.407041e+02
2.407337e+02
2.411317e+02
2.418873e+02
2.429729e+02
2.443461e+02
2.459558e+02
2.477447e+02
2.496453e+02
2.515776e+02
2.534586e+02
2.552093e+02
2.567544e+02
2.580233e+02
2.589551e+02
2.595060e+02
2.596537e+02
2.593942e+02
2.587386e+02
2.577171e+02
2.563799e+02
2.547917e+02
2.530229e+02
2.511461e+02
2.492355e+02
2.473672e+02
2.456096e+02
2.440226e+02
2.426548e+02
2.415462e+02
2.407300e+02
2.402293e+02
2.400557e+02
2.402102e+02
2.406865e+02
2.414720e+02
2.425452e+02
2.438726e+02
2.454111e+02
2.471132e+02
2.489265e+02
2.507914e+02
2.526398e+02
2.544046e+02
2.560212e+02
2.574296e+02
2.585754e+02
2.594121e+02
2.599064e+02
2.600410e+02
2.598141e+02
2.592364e+02
2.583318e+02
2.571391e+02
2.557087e+02
2.540977e+02
2.523646e+02
2.505696e+02
2.487740e+02
2.470354e+02
2.454038e+02
2.439237e+02
2.426328e+02
2.415615e+02
2.407330e+02
2.401639e+02
2.398643e+02
2.398387e+02
2.400855e+02
2.405968e+02
2.413598e+02
2.423567e+02
2.435635e+02
2.449500e+02
2.464802e+02
2.481149e+02
2.498109e+02
2.515198e+02
2.531918e+02
2.547766e+02
2.562243e+02
2.574898e+02
2.585333e+02
2.593208e+02
2.598256e+02
2.600322e+02
2.599373e+02
2.595470e+02
2.588768e+02
2.579514e+02
2.568044e+02
2.554765e+02
2.540117e+02
2.524548e+02
2.508507e+02
2.492443e+02
2.476785e+02
2.461895e+02
2.448103e+02
2.435691e+02
2.424893e+02
2.415891e+02
2.408821e+02
2.403778e+02
2.400821e+02
2.399976e+02
2.401238e+02
2.404555e+02
2.409844e+02
2.417002e+02
2.425907e+02
2.436390e+02
2.448236e+02
2.461204e+02
2.475042e+02
2.489469e+02
2.504167e+02
2.518786e+02
2.532995e+02
2.546457e+02
2.558836e+02
2.569817e+02
2.579117e+02
2.586503e+02
2.591790e+02
2.594846e+02
2.595608e+02
2.594079e+02
2.590329e+02
2.584493e+02
2.576760e+02
2.567361e+02
2.556563e+02
2.544662e+02
2.531972e+02
2.518799e+02
2.505440e+02
2.492177e+02
2.479277e+02
2.466971e+02
2.455464e+02
2.444932e+02
2.435521e+02
2.427341e+02
2.420475e+02
2.414992e+02
2.410941e+02
2.408347e+02
2.407205e+02
2.407497e+02
2.409203e+02
2.412290e+02
2.416701e+02
2.422359e+02
2.429175e+02
2.437059e+02
2.445905e+02
2.455582e+02
2.465941e+02
2.476822e+02
2.488060e+02
2.499476e+02
2.510883e+02
2.522082e+02
2.532875e+02
2.543064e+02
2.552464e+02
2.560908e+02
2.568238e+02
2.574312e+02
2.579014e+02
2.582266e+02
2.584028e+02
2.584287e+02
2.583051e+02
2.580367e+02
2.576321e+02
2.571028e+02
2.564620e+02
2.557239e+02
2.549042e+02
2.540203e+02
2.530899e+02
2.521304e+02
2.511579e+02
2.501876e+02
2.492335e+02
2.483090e+02
2.474260e+02
2.465944e+02
2.458221e+02
2.451156e+02
2.444804e+02
2.439213e+02
2.434414e+02
2.430424e+02
2.427253e+02
2.424903e+02
2.423372e+02
2.422648e+02
2.422717e+02
2.423560e+02
2.425146e+02
2.427442e+02
2.430418e+02
2.434043e+02
2.438275e+02
2.443061e+02
2.448348e+02
2.454089e+02
2.460232e+02
2.466715e+02
2.473468e+02
2.480418e+02
2.487498e+02
2.494637e+02
2.501760e+02
2.508788e+02
2.515645e+02
2.522254e+02
2.528541e+02
2.534438e+02
2.539886e+02
2.544822e+02
2.549188e+02
2.552936e+02
2.556036e+02
2.558466e+02
2.560205e+02
2.561241e+02
2.561577e+02
2.561231e+02
2.560228e+02
2.558598e+02
2.556382e+02
2.553622e+02
2.550372e+02
2.546686e+02
2.542631e+02
2.538268e+02
2.533657e+02
2.528853e+02
2.523915e+02
2.518909e+02
2.513893e+02
2.508912e+02
2.504006e+02
2.499216e+02
2.494586e+02
2.490151e+02
2.485933e+02
2.481953e+02
2.478228e+02
2.474776e+02
2.471605e+02
2.468722e+02
2.466135e+02
2.463843e+02
2.461838e+02
2.460117e+02
2.458678e+02
2.457518e+02
2.456625e+02
2.455983e+02
2.455578e+02
2.455405e+02
2.455456e+02
2.455714e+02
2.456162e+02
2.456786e+02
2.457574e+02
2.458513e+02
2.459589e+02
2.460789e+02
2.462100e+02
2.463505e+02
2.464989e+02
2.466541e+02
2.468154e+02
2.469816e+02
2.471510e+02
2.473219e+02
2.474936e+02
2.476658e+02
2.478375e+02
2.480071e+02
2.481736e+02
2.483363e+02
2.484949e+02
2.486487e+02
2.487968e+02
2.489389e+02
2.490744e+02
2.492028e+02
2.493237e+02
2.494372e+02
2.495435e+02
2.496424e+02
2.497331e+02
2.498155e+02
2.498902e+02
2.499580e+02
2.500187e+02
2.500720e+02
2.501179e+02
2.501573e+02
2.501907e+02
2.502183e+02
2.502403e+02
2.502573e+02
2.502698e+02
2.502778e+02
2.502818e+02
2.502827e+02
2.502814e+02
2.502779e+02
2.502720e+02
2.502642e+02
2.502557e+02
2.502471e+02
2.502383e+02
2.502293e+02
2.502206e+02
2.502127e+02
2.502061e+02
2.502009e+02
2.501973e+02
2.501957e+02
2.501961e+02
2.501985e+02
2.502031e+02
2.502106e+02
2.502212e+02
2.502346e+02
2.502504e+02
2.502689e+02
2.502906e+02
2.503159e+02
2.503442e+02
2.503753e+02
2.504091e+02
2.504461e+02
2.504862e+02
2.505292e+02
2.505749e+02
2.506234e+02
2.506748e+02
2.507283e+02
2.507840e+02
2.508420e+02
2.509028e+02
2.509658e+02
2.510302e+02
2.510961e+02
2.511638e+02
2.512336e+02
2.513050e+02
2.513774e+02
2.514507e+02
2.515252e+02
2.516008e+02
2.516771e+02
2.517541e+02
2.518318e+02
2.519100e+02
2.519882e+02
2.520662e+02
2.521441e+02
2.522223e+02
2.523007e+02
2.523785e+02
2.524552e+02
2.525313e+02
2.526074e+02
2.526830e+02
2.527576e+02
2.528312e+02
2.529038e+02
2.529757e+02
2.530465e+02
2.531161e+02
2.531846e+02
2.532522e+02
2.533185e+02
2.533831e+02
2.534460e+02
2.535078e+02
2.535687e+02
2.536281e+02
2.536855e+02
2.537411e+02
2.537954e+02
2.538486e+02
2.539002e+02
2.539500e+02
2.539982e+02
2.540450e+02
2.540903e+02
2.541339e+02
2.541759e+02
2.542167e+02
2.542563e+02
2.542942e+02
2.543301e+02
2.543644e+02
2.543977e+02
2.544299e+02
2.544606e+02
2.544893e+02
2.545164e+02
2.545425e+02
2.545675e+02
2.545909e+02
2.546130e+02
2.546338e+02
2.546537e+02
2.546723e+02
2.546894e+02
2.547054e+02
2.547209e+02
2.547356e+02
2.547490e+02
2.547610e+02
2.547719e+02
2.547825e+02
2.547926e+02
2.548015e+02
2.548092e+02
2.548161e+02
2.548225e+02
2.548283e+02
2.548331e+02
2.548372e+02
2.548410e+02
2.548445e+02
2.548471e+02
2.548488e+02
2.548501e+02
2.548514e+02
2.548528e+02
2.548535e+02
2.548531e+02
2.548523e+02
2.548517e+02
2.548510e+02
2.548498e+02
2.548478e+02
2.548457e+02
2.548436e+02
2.548412e+02
2.548381e+02
2.548347e+02
2.548315e+02
2.548285e+02
2.548250e+02
2.548208e+02
2.548163e+02
2.548125e+02
2.548090e+02
2.548051e+02
2.548007e+02
2.547961e+02
2.547920e+02
2.547882e+02
2.547844e+02
2.547802e+02
2.547764e+02
2.547730e+02
2.547700e+02
2.547669e+02
2.547639e+02
2.547618e+02
2.547609e+02
2.547606e+02
2.547605e+02
2.547612e+02
2.547635e+02
2.547679e+02
2.547740e+02
2.547815e+02
2.547910e+02
2.548035e+02
2.548195e+02
2.548391e+02
2.548625e+02
2.548905e+02
2.549244e+02
2.549653e+02
2.550135e+02
2.550700e+02
2.551369e+02
2.552163e+02
2.553097e+02
2.554190e+02
2.555467e+02
2.556962e+02
2.558716e+02
2.560767e+02
2.563154e+02
2.565930e+02
2.569167e+02
2.572942e+02
2.577331e+02
2.582425e+02
2.588331e+02
2.595184e+02
2.603133e+02
2.612336e+02
2.622972e+02
2.635245e+02
2.649395e+02
2.665685e+02
2.684397e+02
2.705837e+02
2.730339e+02
2.758256e+02
2.789951e+02
2.825786e+02
2.866113e+02
2.911259e+02
2.961501e+02
3.017034e+02
3.077937e+02
3.144164e+02
3.215519e+02
3.291617e+02
3.371835e+02
3.455326e+02
3.541017e+02
3.627647e+02
3.713794e+02
3.797894e+02
3.878273e+02
3.953227e+02
4.021100e+02
4.080346e+02
4.129541e+02
4.167463e+02
4.193228e+02
4.206095e+02
4.205702e+02
4.192058e+02
4.165346e+02
4.126188e+02
4.075499e+02
4.014413e+02
3.944297e+02
3.866700e+02
3.783307e+02
3.695867e+02
3.606120e+02
3.515729e+02
3.426237e+02
3.339014e+02
3.255214e+02
3.175749e+02
3.101297e+02
3.032311e+02
2.969037e+02
2.911537e+02
2.859718e+02
2.813364e+02
2.772171e+02
2.735778e+02
2.703786e+02
2.675788e+02
2.651379e+02
2.630167e+02
2.611786e+02
2.595897e+02
2.582190e+02
2.570386e+02
2.560237e+02
2.551521e+02
2.544045e+02
2.537637e+02
2.532150e+02
2.527455e+02
2.523439e+02
2.520006e+02
2.517072e+02
2.514566e+02
2.512427e+02
2.510600e+02
2.509041e+02
2.507711e+02
2.506576e+02
2.505608e+02
2.504782e+02
2.504078e+02
2.503477e+02
2.502965e+02
2.502528e+02
2.502156e+02
2.501839e+02
2.501568e+02
2.501338e+02
2.501141e+02
2.500974e+02
2.500831e+02
2.500709e+02
2.500605e+02
2.500517e+02
2.500442e+02
2.500378e+02
2.500323e+02
2.500276e+02
2.500236e+02
2.500203e+02
2.500174e+02
2.500149e+02
2.500128e+02
2.500111e+02
2.500095e+02
2.500082e+02
2.500071e+02
2.500062e+02
2.500054e+02
2.500047e+02
2.500041e+02
2.500036e+02
2.500032e+02
2.500029e+02
2.500026e+02
2.500023e+02
2.500021e+02
2.500019e+02
2.500017e+02
2.500016e+02
2.500015e+02
2.500014e+02
2.500013e+02
2.500012e+02
2.500012e+02
2.500011e+02
2.500011e+02
2.500010e+02
2.500010e+02
2.500010e+02
2.500010e+02
2.500009e+02
2.500009e+02
2.500009e+02
2.500009e+02
2.500009e+02
2.500009e+02
2.500009e+02
2.500009e+02
2.500009e+02
2.500009e+02
2.500009e+02
2.500009e+02
2.500009e+02
2.500009e+02
2.500009e+02
2.500009e+02
2.500009e+02
2.500009e+02
2.500009e+02
2.500009e+02
2.500009e+02
2.500009e+02
2.500009e+02
2.500009e+02
2.500009e+02
2.500009e+02
2.500009e+02
2.500009e+02
2.500009e+02
2.500009e+02
2.500009e+02
