2.495471e+02
2.497789e+02
2.502889e+02
2.507027e+02
2.505747e+02
2.500969e+02
2.498191e+02
2.498417e+02
2.499422e+02
2.500623e+02
2.502844e+02
2.504644e+02
2.504283e+02
2.501381e+02
2.497189e+02
2.494021e+02
2.493840e+02
2.497083e+02
2.502967e+02
2.509097e+02
2.512430e+02
2.511049e+02
2.505099e+02
2.496764e+02
2.489729e+02
2.487102e+02
2.489805e+02
2.496379e+02
2.504310e+02
2.510814e+02
2.513750e+02
2.512194e+02
2.507195e+02
2.500922e+02
2.495276e+02
2.491383e+02
2.489894e+02
2.491796e+02
2.497325e+02
2.504228e+02
2.509020e+02
2.509706e+02
2.506948e+02
2.503055e+02
2.499774e+02
2.497396e+02
2.495933e+02
2.496071e+02
2.498310e+02
2.501883e+02
2.505111e+02
2.506604e+02
2.505886e+02
2.503179e+02
2.499236e+02
2.495278e+02
2.492637e+02
2.492253e+02
2.494422e+02
2.498800e+02
2.504415e+02
2.509823e+02
2.513505e+02
2.514350e+02
2.511925e+02
2.506555e+02
2.499309e+02
2.491796e+02
2.485758e+02
2.482652e+02
2.483337e+02
2.487889e+02
2.495542e+02
2.504813e+02
2.513816e+02
2.520664e+02
2.523831e+02
2.522518e+02
2.516844e+02
2.507810e+02
2.497089e+02
2.486709e+02
2.478648e+02
2.474454e+02
2.474977e+02
2.480212e+02
2.489298e+02
2.500667e+02
2.512318e+02
2.522179e+02
2.528474e+02
2.530049e+02
2.526604e+02
2.518724e+02
2.507760e+02
2.495567e+02
2.484179e+02
2.475457e+02
2.470803e+02
2.470932e+02
2.475783e+02
2.484563e+02
2.495874e+02
2.507917e+02
2.518807e+02
2.526856e+02
2.530839e+02
2.530201e+02
2.525137e+02
2.516515e+02
2.505719e+02
2.494414e+02
2.484276e+02
2.476734e+02
2.472806e+02
2.472943e+02
2.476998e+02
2.484275e+02
2.493664e+02
2.503778e+02
2.513169e+02
2.520551e+02
2.524962e+02
2.525908e+02
2.523408e+02
2.517969e+02
2.510487e+02
2.502080e+02
2.493938e+02
2.487142e+02
2.482514e+02
2.480528e+02
2.481293e+02
2.484536e+02
2.489669e+02
2.495890e+02
2.502304e+02
2.508036e+02
2.512373e+02
2.514841e+02
2.515261e+02
2.513743e+02
2.510668e+02
2.506601e+02
2.502203e+02
2.498127e+02
2.494926e+02
2.492983e+02
2.492464e+02
2.493312e+02
2.495268e+02
2.497923e+02
2.500777e+02
2.503323e+02
2.505134e+02
2.505912e+02
2.505539e+02
2.504087e+02
2.501806e+02
2.499083e+02
2.496387e+02
2.494203e+02
2.492952e+02
2.492932e+02
2.494266e+02
2.496886e+02
2.500532e+02
2.504778e+02
2.509081e+02
2.512858e+02
2.515552e+02
2.516697e+02
2.515995e+02
2.513373e+02
2.508989e+02
2.503223e+02
2.496635e+02
2.489918e+02
2.483820e+02
2.479049e+02
2.476204e+02
2.475715e+02
2.477786e+02
2.482359e+02
2.489116e+02
2.497512e+02
2.506793e+02
2.516074e+02
2.524419e+02
2.530942e+02
2.534909e+02
2.535806e+02
2.533396e+02
2.527775e+02
2.519363e+02
2.508850e+02
2.497132e+02
2.485235e+02
2.474228e+02
2.465119e+02
2.458747e+02
2.455740e+02
2.456471e+02
2.461012e+02
2.469095e+02
2.480149e+02
2.493356e+02
2.507684e+02
2.521939e+02
2.534899e+02
2.545415e+02
2.552521e+02
2.555519e+02
2.554044e+02
2.548113e+02
2.538150e+02
2.524929e+02
2.509470e+02
2.492972e+02
2.476714e+02
2.461944e+02
2.449804e+02
2.441205e+02
2.436797e+02
2.436975e+02
2.441827e+02
2.451078e+02
2.464134e+02
2.480156e+02
2.498065e+02
2.516578e+02
2.534320e+02
2.549949e+02
2.562250e+02
2.570230e+02
2.573211e+02
2.570903e+02
2.563430e+02
2.551319e+02
2.535444e+02
2.516933e+02
2.497104e+02
2.477319e+02
2.458892e+02
2.443029e+02
2.430758e+02
2.422841e+02
2.419757e+02
2.421736e+02
2.428729e+02
2.440356e+02
2.455939e+02
2.474574e+02
2.495167e+02
2.516440e+02
2.537012e+02
2.555507e+02
2.570660e+02
2.581422e+02
2.587030e+02
2.587056e+02
2.581460e+02
2.570623e+02
2.555292e+02
2.536474e+02
2.515365e+02
2.493286e+02
2.471600e+02
2.451545e+02
2.434226e+02
2.420583e+02
2.411321e+02
2.406889e+02
2.407517e+02
2.413202e+02
2.423676e+02
2.438417e+02
2.456693e+02
2.477578e+02
2.499964e+02
2.522624e+02
2.544275e+02
2.563641e+02
2.579546e+02
2.591017e+02
2.597362e+02
2.598187e+02
2.593420e+02
2.583352e+02
2.568633e+02
2.550171e+02
2.529029e+02
2.506393e+02
2.483511e+02
2.461569e+02
2.441618e+02
2.424592e+02
2.411254e+02
2.402158e+02
2.397647e+02
2.397904e+02
2.402933e+02
2.412517e+02
2.426231e+02
2.443493e+02
2.463579e+02
2.485589e+02
2.508478e+02
2.531132e+02
2.552460e+02
2.571361e+02
2.586804e+02
2.597949e+02
2.604233e+02
2.605351e+02
2.601226e+02
2.592061e+02
2.578404e+02
2.561068e+02
2.540959e+02
2.519037e+02
2.496370e+02
2.474045e+02
2.453043e+02
2.434177e+02
2.418141e+02
2.405539e+02
2.396825e+02
2.392253e+02
2.391912e+02
2.395808e+02
2.403827e+02
2.415687e+02
2.430931e+02
2.448978e+02
2.469186e+02
2.490813e+02
2.512968e+02
2.534682e+02
2.555038e+02
2.573161e+02
2.588229e+02
2.599517e+02
2.606487e+02
2.608851e+02
2.606549e+02
2.599699e+02
2.588629e+02
2.573904e+02
2.556264e+02
2.536528e+02
2.515522e+02
2.494103e+02
2.473113e+02
2.453335e+02
2.435443e+02
2.419983e+02
2.407388e+02
2.398008e+02
2.392101e+02
2.389794e+02
2.391096e+02
2.395936e+02
2.404180e+02
2.415600e+02
2.429842e+02
2.446448e+02
2.464898e+02
2.484632e+02
2.505000e+02
2.525271e+02
2.544698e+02
2.562575e+02
2.578230e+02
2.591060e+02
2.600547e+02
2.606313e+02
2.608157e+02
2.606055e+02
2.600116e+02
2.590601e+02
2.577936e+02
2.562674e+02
2.545437e+02
2.526870e+02
2.507633e+02
2.488385e+02
2.469753e+02
2.452273e+02
2.436418e+02
2.422593e+02
2.411112e+02
2.402209e+02
2.396052e+02
2.392746e+02
2.392332e+02
2.394789e+02
2.400030e+02
2.407908e+02
2.418239e+02
2.430779e+02
2.445212e+02
2.461157e+02
2.478198e+02
2.495884e+02
2.513724e+02
2.531195e+02
2.547760e+02
2.562900e+02
2.576147e+02
2.587088e+02
2.595369e+02
2.600710e+02
2.602955e+02
2.602068e+02
2.598120e+02
2.591282e+02
2.581817e+02
2.570067e+02
2.556459e+02
2.541464e+02
2.525547e+02
2.509167e+02
2.492783e+02
2.476841e+02
2.461717e+02
2.447738e+02
2.435184e+02
2.424292e+02
2.415245e+02
2.408171e+02
2.403159e+02
2.400263e+02
2.399501e+02
2.400854e+02
2.404264e+02
2.409644e+02
2.416887e+02
2.425849e+02
2.436353e+02
2.448186e+02
2.461105e+02
2.474847e+02
2.489123e+02
2.503615e+02
2.517993e+02
2.531917e+02
2.545058e+02
2.557094e+02
2.567721e+02
2.576669e+02
2.583722e+02
2.588711e+02
2.591521e+02
2.592095e+02
2.590451e+02
2.586673e+02
2.580904e+02
2.573328e+02
2.564173e+02
2.553711e+02
2.542235e+02
2.530043e+02
2.517430e+02
2.504684e+02
2.492074e+02
2.479855e+02
2.468246e+02
2.457443e+02
2.447607e+02
2.438869e+02
2.431330e+02
2.425074e+02
2.420158e+02
2.416614e+02
2.414454e+02
2.413676e+02
2.414260e+02
2.416168e+02
2.419349e+02
2.423743e+02
2.429273e+02
2.435843e+02
2.443353e+02
2.451689e+02
2.460721e+02
2.470300e+02
2.480273e+02
2.490486e+02
2.500771e+02
2.510947e+02
2.520840e+02
2.530280e+02
2.539101e+02
2.547143e+02
2.554265e+02
2.560347e+02
2.565284e+02
2.568990e+02
2.571413e+02
2.572534e+02
2.572362e+02
2.570919e+02
2.568259e+02
2.564473e+02
2.559668e+02
2.553959e+02
2.547474e+02
2.540360e+02
2.532767e+02
2.524842e+02
2.516725e+02
2.508556e+02
2.500465e+02
2.492572e+02
2.484978e+02
2.477778e+02
2.471056e+02
2.464877e+02
2.459289e+02
2.454336e+02
2.450054e+02
2.446461e+02
2.443564e+02
2.441367e+02
2.439870e+02
2.439061e+02
2.438919e+02
2.439420e+02
2.440541e+02
2.442250e+02
2.444509e+02
2.447275e+02
2.450510e+02
2.454171e+02
2.458207e+02
2.462563e+02
2.467188e+02
2.472034e+02
2.477042e+02
2.482150e+02
2.487302e+02
2.492447e+02
2.497528e+02
2.502485e+02
2.507267e+02
2.511828e+02
2.516123e+02
2.520105e+02
2.523739e+02
2.526996e+02
2.529850e+02
2.532278e+02
2.534266e+02
2.535809e+02
2.536909e+02
2.537569e+02
2.537797e+02
2.537610e+02
2.537036e+02
2.536100e+02
2.534825e+02
2.533246e+02
2.531404e+02
2.529335e+02
2.527069e+02
2.524647e+02
2.522110e+02
2.519497e+02
2.516835e+02
2.514158e+02
2.511501e+02
2.508895e+02
2.506359e+02
2.503913e+02
2.501580e+02
2.499380e+02
2.497325e+02
2.495417e+02
2.493664e+02
2.492078e+02
2.490661e+02
2.489405e+02
2.488307e+02
2.487370e+02
2.486588e+02
2.485948e+02
2.485439e+02
2.485057e+02
2.484795e+02
2.484634e+02
2.484561e+02
2.484568e+02
2.484645e+02
2.484778e+02
2.484949e+02
2.485149e+02
2.485368e+02
2.485599e+02
2.485825e+02
2.486033e+02
2.486218e+02
2.486376e+02
2.486497e+02
2.486569e+02
2.486589e+02
2.486558e+02
2.486470e+02
2.486319e+02
2.486102e+02
2.485822e+02
2.485482e+02
2.485080e+02
2.484613e+02
2.484087e+02
2.483510e+02
2.482883e+02
2.482206e+02
2.481485e+02
2.480729e+02
2.479945e+02
2.479132e+02
2.478295e+02
2.477445e+02
2.476589e+02
2.475730e+02
2.474867e+02
2.474012e+02
2.473174e+02
2.472355e+02
2.471555e+02
2.470781e+02
2.470041e+02
2.469341e+02
2.468681e+02
2.468061e+02
2.467487e+02
2.466966e+02
2.466499e+02
2.466084e+02
2.465721e+02
2.465417e+02
2.465177e+02
2.464994e+02
2.464865e+02
2.464796e+02
2.464792e+02
2.464848e+02
2.464960e+02
2.465128e+02
2.465357e+02
2.465646e+02
2.465992e+02
2.466390e+02
2.466841e+02
2.467349e+02
2.467912e+02
2.468522e+02
2.469177e+02
2.469880e+02
2.470634e+02
2.471431e+02
2.472264e+02
2.473136e+02
2.474052e+02
2.475005e+02
2.475990e+02
2.477003e+02
2.478050e+02
2.479130e+02
2.480236e+02
2.481364e+02
2.482515e+02
2.483691e+02
2.484891e+02
2.486107e+02
2.487336e+02
2.488582e+02
2.489846e+02
2.491124e+02
2.492409e+02
2.493700e+02
2.495003e+02
2.496317e+02
2.497633e+02
2.498947e+02
2.500264e+02
2.501585e+02
2.502906e+02
2.504220e+02
2.505529e+02
2.506835e+02
2.508138e+02
2.509433e+02
2.510718e+02
2.511990e+02
2.513255e+02
2.514513e+02
2.515758e+02
2.516983e+02
2.518196e+02
2.519400e+02
2.520589e+02
2.521756e+02
2.522902e+02
2.524034e+02
2.525150e+02
2.526244e+02
2.527313e+02
2.528361e+02
2.529392e+02
2.530402e+02
2.531388e+02
2.532347e+02
2.533286e+02
2.534206e+02
2.535104e+02
2.535976e+02
2.536821e+02
2.537646e+02
2.538454e+02
2.539236e+02
2.539989e+02
2.540719e+02
2.541432e+02
2.542121e+02
2.542784e+02
2.543423e+02
2.544040e+02
2.544638e+02
2.545214e+02
2.545767e+02
2.546295e+02
2.546803e+02
2.547296e+02
2.547768e+02
2.548215e+02
2.548640e+02
2.549052e+02
2.549450e+02
2.549825e+02
2.550177e+02
2.550515e+02
2.550841e+02
2.551150e+02
2.551439e+02
2.551710e+02
2.551968e+02
2.552212e+02
2.552442e+02
2.552655e+02
2.552851e+02
2.553036e+02
2.553212e+02
2.553374e+02
2.553520e+02
2.553652e+02
2.553779e+02
2.553901e+02
2.554007e+02
2.554099e+02
2.554184e+02
2.554266e+02
2.554339e+02
2.554400e+02
2.554451e+02
2.554497e+02
2.554537e+02
2.554572e+02
2.554597e+02
2.554613e+02
2.554624e+02
2.554634e+02
2.554640e+02
2.554635e+02
2.554623e+02
2.554613e+02
2.554605e+02
2.554589e+02
2.554564e+02
2.554539e+02
2.554515e+02
2.554489e+02
2.554458e+02
2.554420e+02
2.554380e+02
2.554343e+02
2.554305e+02
2.554262e+02
2.554214e+02
2.554161e+02
2.554113e+02
2.554067e+02
2.554015e+02
2.553955e+02
2.553897e+02
2.553844e+02
2.553792e+02
2.553733e+02
2.553671e+02
2.553614e+02
2.553560e+02
2.553505e+02
2.553447e+02
2.553388e+02
2.553332e+02
2.553279e+02
2.553231e+02
2.553182e+02
2.553129e+02
2.553081e+02
2.553045e+02
2.553014e+02
2.552981e+02
2.552951e+02
2.552936e+02
2.552936e+02
2.552945e+02
2.552963e+02
2.552997e+02
2.553052e+02
2.553130e+02
2.553233e+02
2.553363e+02
2.553527e+02
2.553731e+02
2.553983e+02
2.554291e+02
2.554656e+02
2.555089e+02
2.555611e+02
2.556241e+02
2.556983e+02
2.557852e+02
2.558875e+02
2.560089e+02
2.561522e+02
2.563202e+02
2.565165e+02
2.567463e+02
2.570155e+02
2.573307e+02
2.576991e+02
2.581288e+02
2.586294e+02
2.592125e+02
2.598919e+02
2.606825e+02
2.616006e+02
2.626657e+02
2.639004e+02
2.653297e+02
2.669809e+02
2.688841e+02
2.710740e+02
2.735875e+02
2.764631e+02
2.797407e+02
2.834618e+02
2.876668e+02
2.923943e+02
2.976776e+02
3.035408e+02
3.099974e+02
3.170472e+02
3.246731e+02
3.328379e+02
3.414783e+02
3.505052e+02
3.598068e+02
3.692489e+02
3.786771e+02
3.879218e+02
3.968027e+02
4.051376e+02
4.127430e+02
4.194442e+02
4.250884e+02
4.295438e+02
4.326932e+02
4.344683e+02
4.348096e+02
4.337066e+02
4.311844e+02
4.272828e+02
4.220999e+02
4.157473e+02
4.083643e+02
4.001130e+02
3.911727e+02
3.817321e+02
3.719822e+02
3.621090e+02
3.522871e+02
3.426748e+02
3.334077e+02
3.245958e+02
3.163219e+02
3.086434e+02
3.015940e+02
2.951856e+02
2.894117e+02
2.842507e+02
2.796703e+02
2.756303e+02
2.720864e+02
2.689923e+02
2.663020e+02
2.639710e+02
2.619572e+02
2.602221e+02
2.587303e+02
2.574500e+02
2.563529e+02
2.554142e+02
2.546118e+02
2.539267e+02
2.533421e+02
2.528436e+02
2.524188e+02
2.520571e+02
2.517491e+02
2.514869e+02
2.512639e+02
2.510742e+02
2.509129e+02
2.507758e+02
2.506592e+02
2.505601e+02
2.504759e+02
2.504044e+02
2.503436e+02
2.502919e+02
2.502481e+02
2.502108e+02
2.501791e+02
2.501522e+02
2.501294e+02
2.501100e+02
2.500935e+02
2.500795e+02
2.500677e+02
2.500576e+02
2.500490e+02
2.500417e+02
2.500356e+02
2.500303e+02
2.500259e+02
2.500221e+02
2.500189e+02
2.500161e+02
2.500138e+02
2.500119e+02
2.500102e+02
2.500088e+02
2.500076e+02
2.500066e+02
2.500057e+02
2.500050e+02
2.500043e+02
2.500038e+02
2.500034e+02
2.500030e+02
2.500027e+02
2.500024e+02
2.500022e+02
2.500020e+02
2.500018e+02
2.500016e+02
2.500015e+02
2.500014e+02
2.500013e+02
2.500013e+02
2.500012e+02
2.500012e+02
2.500011e+02
2.500011e+02
2.500010e+02
2.500010e+02
2.500010e+02
2.500010e+02
2.500010e+02
2.500009e+02
2.500009e+02
2.500009e+02
2.500009e+02
2.500009e+02
2.500009e+02
2.500009e+02
2.500009e+02
2.500009e+02
2.500009e+02
2.500009e+02
2.500009e+02
2.500009e+02
2.500009e+02
2.500009e+02
2.500009e+02
2.500009e+02
2.500009e+02
