2.518034e+02
2.503825e+02
2.493758e+02
2.496405e+02
2.502165e+02
2.495338e+02
2.477530e+02
2.474335e+02
2.501594e+02
2.537353e+02
2.548248e+02
2.527829e+02
2.494235e+02
2.466334e+02
2.454620e+02
2.463567e+02
2.489530e+02
2.520289e+02
2.542066e+02
2.544747e+02
2.528124e+02
2.500230e+02
2.474205e+02
2.461647e+02
2.467502e+02
2.488009e+02
2.511208e+02
2.525909e+02
2.526813e+02
2.515749e+02
2.501287e+02
2.491298e+02
2.488104e+02
2.489753e+02
2.492576e+02
2.495894e+02
2.502790e+02
2.514007e+02
2.522674e+02
2.520158e+02
2.505787e+02
2.487943e+02
2.475948e+02
2.473653e+02
2.479909e+02
2.491965e+02
2.507345e+02
2.522787e+02
2.533482e+02
2.535143e+02
2.526655e+02
2.510494e+02
2.491145e+02
2.473429e+02
2.461723e+02
2.459280e+02
2.467081e+02
2.483473e+02
2.504723e+02
2.525895e+02
2.541852e+02
2.548569e+02
2.544388e+02
2.530268e+02
2.509273e+02
2.485982e+02
2.465551e+02
2.452435e+02
2.449348e+02
2.456835e+02
2.473374e+02
2.495690e+02
2.519192e+02
2.539019e+02
2.551148e+02
2.553181e+02
2.544821e+02
2.527873e+02
2.505839e+02
2.483116e+02
2.464001e+02
2.451941e+02
2.449019e+02
2.455556e+02
2.470120e+02
2.489937e+02
2.511341e+02
2.530418e+02
2.543757e+02
2.549085e+02
2.545711e+02
2.534573e+02
2.517934e+02
2.498918e+02
2.480934e+02
2.467001e+02
2.459273e+02
2.458760e+02
2.465208e+02
2.477242e+02
2.492627e+02
2.508645e+02
2.522597e+02
2.532252e+02
2.536188e+02
2.534053e+02
2.526564e+02
2.515302e+02
2.502381e+02
2.490056e+02
2.480331e+02
2.474641e+02
2.473674e+02
2.477281e+02
2.484576e+02
2.494139e+02
2.504213e+02
2.513024e+02
2.519112e+02
2.521552e+02
2.520085e+02
2.515158e+02
2.507802e+02
2.499425e+02
2.491573e+02
2.485649e+02
2.482700e+02
2.483244e+02
2.487184e+02
2.493852e+02
2.502128e+02
2.510605e+02
2.517803e+02
2.522419e+02
2.523556e+02
2.520856e+02
2.514569e+02
2.505552e+02
2.495113e+02
2.484778e+02
2.476089e+02
2.470453e+02
2.468871e+02
2.471758e+02
2.478943e+02
2.489718e+02
2.502803e+02
2.516503e+02
2.529018e+02
2.538632e+02
2.543875e+02
2.543801e+02
2.538216e+02
2.527644e+02
2.513178e+02
2.496424e+02
2.479383e+02
2.464093e+02
2.452355e+02
2.445600e+02
2.444803e+02
2.450272e+02
2.461573e+02
2.477683e+02
2.497074e+02
2.517693e+02
2.537235e+02
2.553485e+02
2.564551e+02
2.569022e+02
2.566166e+02
2.556125e+02
2.539914e+02
2.519169e+02
2.495949e+02
2.472605e+02
2.451530e+02
2.434821e+02
2.424069e+02
2.420361e+02
2.424223e+02
2.435439e+02
2.453069e+02
2.475635e+02
2.501187e+02
2.527338e+02
2.551540e+02
2.571381e+02
2.584844e+02
2.590495e+02
2.587632e+02
2.576422e+02
2.557940e+02
2.533943e+02
2.506615e+02
2.478416e+02
2.451834e+02
2.429179e+02
2.412315e+02
2.402552e+02
2.400709e+02
2.407057e+02
2.421171e+02
2.441970e+02
2.467895e+02
2.496977e+02
2.526837e+02
2.554929e+02
2.578793e+02
2.596288e+02
2.605828e+02
2.606501e+02
2.598180e+02
2.581586e+02
2.558221e+02
2.530098e+02
2.499527e+02
2.468944e+02
2.440675e+02
2.416814e+02
2.399044e+02
2.388487e+02
2.385827e+02
2.391328e+02
2.404663e+02
2.424905e+02
2.450723e+02
2.480440e+02
2.511988e+02
2.543000e+02
2.571125e+02
2.594172e+02
2.610307e+02
2.618218e+02
2.617252e+02
2.607488e+02
2.589748e+02
2.565480e+02
2.536568e+02
2.505173e+02
2.473564e+02
2.443849e+02
2.417909e+02
2.397357e+02
2.383354e+02
2.376593e+02
2.377425e+02
2.385854e+02
2.401418e+02
2.423179e+02
2.449864e+02
2.479935e+02
2.511588e+02
2.542747e+02
2.571312e+02
2.595309e+02
2.613068e+02
2.623347e+02
2.625404e+02
2.619089e+02
2.604914e+02
2.583989e+02
2.557817e+02
2.528154e+02
2.496963e+02
2.466217e+02
2.437684e+02
2.412885e+02
2.393107e+02
2.379302e+02
2.372047e+02
2.371624e+02
2.378043e+02
2.390995e+02
2.409824e+02
2.433581e+02
2.461078e+02
2.490903e+02
2.521412e+02
2.550865e+02
2.577521e+02
2.599737e+02
2.616142e+02
2.625745e+02
2.627972e+02
2.622688e+02
2.610260e+02
2.591580e+02
2.567908e+02
2.540688e+02
2.511501e+02
2.481994e+02
2.453740e+02
2.428081e+02
2.406175e+02
2.388956e+02
2.377079e+02
2.370934e+02
2.370712e+02
2.376409e+02
2.387769e+02
2.404274e+02
2.425222e+02
2.449725e+02
2.476719e+02
2.504907e+02
2.532932e+02
2.559413e+02
2.582986e+02
2.602346e+02
2.616437e+02
2.624542e+02
2.626284e+02
2.621577e+02
2.610695e+02
2.594338e+02
2.573537e+02
2.549448e+02
2.523268e+02
2.496296e+02
2.469848e+02
2.445092e+02
2.422971e+02
2.404267e+02
2.389643e+02
2.379593e+02
2.374373e+02
2.374048e+02
2.378581e+02
2.387828e+02
2.401464e+02
2.418948e+02
2.439598e+02
2.462679e+02
2.487342e+02
2.512569e+02
2.537241e+02
2.560305e+02
2.580768e+02
2.597692e+02
2.610256e+02
2.617876e+02
2.620263e+02
2.617379e+02
2.609392e+02
2.596722e+02
2.580059e+02
2.560280e+02
2.538325e+02
2.515134e+02
2.491669e+02
2.468865e+02
2.447569e+02
2.428489e+02
2.412187e+02
2.399095e+02
2.389554e+02
2.383801e+02
2.381936e+02
2.383925e+02
2.389650e+02
2.398932e+02
2.411506e+02
2.426963e+02
2.444781e+02
2.464395e+02
2.485195e+02
2.506472e+02
2.527457e+02
2.547369e+02
2.565474e+02
2.581101e+02
2.593647e+02
2.602622e+02
2.607689e+02
2.608695e+02
2.605669e+02
2.598792e+02
2.588391e+02
2.574945e+02
2.559061e+02
2.541402e+02
2.522634e+02
2.503428e+02
2.484452e+02
2.466312e+02
2.449524e+02
2.434535e+02
2.421713e+02
2.411334e+02
2.403595e+02
2.398621e+02
2.396474e+02
2.397159e+02
2.400597e+02
2.406656e+02
2.415161e+02
2.425885e+02
2.438538e+02
2.452769e+02
2.468187e+02
2.484368e+02
2.500859e+02
2.517186e+02
2.532856e+02
2.547387e+02
2.560338e+02
2.571321e+02
2.580008e+02
2.586131e+02
2.589522e+02
2.590119e+02
2.587961e+02
2.583179e+02
2.575988e+02
2.566677e+02
2.555596e+02
2.543151e+02
2.529767e+02
2.515855e+02
2.501818e+02
2.488051e+02
2.474912e+02
2.462703e+02
2.451686e+02
2.442077e+02
2.434039e+02
2.427695e+02
2.423127e+02
2.420369e+02
2.419422e+02
2.420253e+02
2.422803e+02
2.426973e+02
2.432635e+02
2.439648e+02
2.447841e+02
2.457014e+02
2.466952e+02
2.477424e+02
2.488188e+02
2.498995e+02
2.509586e+02
2.519718e+02
2.529156e+02
2.537680e+02
2.545096e+02
2.551243e+02
2.555998e+02
2.559271e+02
2.561024e+02
2.561255e+02
2.560003e+02
2.557354e+02
2.553421e+02
2.548358e+02
2.542339e+02
2.535542e+02
2.528169e+02
2.520424e+02
2.512505e+02
2.504596e+02
2.496872e+02
2.489488e+02
2.482588e+02
2.476289e+02
2.470684e+02
2.465846e+02
2.461831e+02
2.458669e+02
2.456376e+02
2.454948e+02
2.454365e+02
2.454600e+02
2.455601e+02
2.457306e+02
2.459653e+02
2.462565e+02
2.465960e+02
2.469749e+02
2.473838e+02
2.478139e+02
2.482561e+02
2.487008e+02
2.491395e+02
2.495639e+02
2.499668e+02
2.503415e+02
2.506821e+02
2.509840e+02
2.512435e+02
2.514587e+02
2.516279e+02
2.517511e+02
2.518299e+02
2.518655e+02
2.518613e+02
2.518210e+02
2.517489e+02
2.516502e+02
2.515296e+02
2.513927e+02
2.512453e+02
2.510921e+02
2.509381e+02
2.507880e+02
2.506459e+02
2.505155e+02
2.503993e+02
2.502996e+02
2.502180e+02
2.501554e+02
2.501117e+02
2.500860e+02
2.500778e+02
2.500851e+02
2.501055e+02
2.501366e+02
2.501755e+02
2.502187e+02
2.502632e+02
2.503049e+02
2.503407e+02
2.503678e+02
2.503826e+02
2.503822e+02
2.503640e+02
2.503261e+02
2.502669e+02
2.501851e+02
2.500803e+02
2.499525e+02
2.498020e+02
2.496299e+02
2.494380e+02
2.492283e+02
2.490032e+02
2.487656e+02
2.485187e+02
2.482659e+02
2.480110e+02
2.477577e+02
2.475096e+02
2.472707e+02
2.470450e+02
2.468358e+02
2.466471e+02
2.464821e+02
2.463438e+02
2.462354e+02
2.461595e+02
2.461181e+02
2.461135e+02
2.461472e+02
2.462207e+02
2.463344e+02
2.464891e+02
2.466847e+02
2.469207e+02
2.471965e+02
2.475106e+02
2.478609e+02
2.482455e+02
2.486611e+02
2.491047e+02
2.495726e+02
2.500602e+02
2.505630e+02
2.510760e+02
2.515937e+02
2.521106e+02
2.526203e+02
2.531167e+02
2.535938e+02
2.540452e+02
2.544649e+02
2.548469e+02
2.551856e+02
2.554762e+02
2.557141e+02
2.558955e+02
2.560171e+02
2.560767e+02
2.560732e+02
2.560059e+02
2.558751e+02
2.556822e+02
2.554288e+02
2.551181e+02
2.547537e+02
2.543396e+02
2.538805e+02
2.533813e+02
2.528469e+02
2.522835e+02
2.516966e+02
2.510916e+02
2.504739e+02
2.498486e+02
2.492208e+02
2.485950e+02
2.479756e+02
2.473663e+02
2.467703e+02
2.461909e+02
2.456304e+02
2.450908e+02
2.445744e+02
2.440823e+02
2.436153e+02
2.431748e+02
2.427608e+02
2.423736e+02
2.420138e+02
2.416805e+02
2.413735e+02
2.410928e+02
2.408373e+02
2.406066e+02
2.404000e+02
2.402166e+02
2.400555e+02
2.399157e+02
2.397965e+02
2.396969e+02
2.396158e+02
2.395526e+02
2.395063e+02
2.394758e+02
2.394609e+02
2.394601e+02
2.394730e+02
2.394990e+02
2.395369e+02
2.395863e+02
2.396469e+02
2.397174e+02
2.397977e+02
2.398871e+02
2.399848e+02
2.400906e+02
2.402039e+02
2.403242e+02
2.404511e+02
2.405840e+02
2.407228e+02
2.408669e+02
2.410160e+02
2.411702e+02
2.413289e+02
2.414917e+02
2.416587e+02
2.418293e+02
2.420034e+02
2.421809e+02
2.423613e+02
2.425446e+02
2.427307e+02
2.429190e+02
2.431095e+02
2.433022e+02
2.434967e+02
2.436930e+02
2.438907e+02
2.440898e+02
2.442902e+02
2.444917e+02
2.446943e+02
2.448976e+02
2.451016e+02
2.453065e+02
2.455117e+02
2.457171e+02
2.459232e+02
2.461290e+02
2.463347e+02
2.465408e+02
2.467462e+02
2.469513e+02
2.471562e+02
2.473603e+02
2.475636e+02
2.477664e+02
2.479683e+02
2.481691e+02
2.483688e+02
2.485674e+02
2.487647e+02
2.489605e+02
2.491549e+02
2.493479e+02
2.495389e+02
2.497284e+02
2.499162e+02
2.501017e+02
2.502855e+02
2.504674e+02
2.506469e+02
2.508246e+02
2.510002e+02
2.511733e+02
2.513443e+02
2.515129e+02
2.516790e+02
2.518426e+02
2.520035e+02
2.521618e+02
2.523175e+02
2.524703e+02
2.526204e+02
2.527676e+02
2.529118e+02
2.530534e+02
2.531920e+02
2.533275e+02
2.534604e+02
2.535900e+02
2.537167e+02
2.538407e+02
2.539614e+02
2.540791e+02
2.541939e+02
2.543055e+02
2.544138e+02
2.545192e+02
2.546213e+02
2.547204e+02
2.548163e+02
2.549091e+02
2.549989e+02
2.550856e+02
2.551694e+02
2.552504e+02
2.553281e+02
2.554033e+02
2.554757e+02
2.555450e+02
2.556119e+02
2.556762e+02
2.557374e+02
2.557964e+02
2.558529e+02
2.559065e+02
2.559581e+02
2.560072e+02
2.560538e+02
2.560983e+02
2.561406e+02
2.561808e+02
2.562189e+02
2.562550e+02
2.562893e+02
2.563214e+02
2.563516e+02
2.563806e+02
2.564073e+02
2.564323e+02
2.564564e+02
2.564785e+02
2.564989e+02
2.565187e+02
2.565366e+02
2.565529e+02
2.565688e+02
2.565829e+02
2.565957e+02
2.566078e+02
2.566184e+02
2.566279e+02
2.566366e+02
2.566441e+02
2.566506e+02
2.566562e+02
2.566609e+02
2.566648e+02
2.566677e+02
2.566701e+02
2.566721e+02
2.566730e+02
2.566733e+02
2.566735e+02
2.566728e+02
2.566715e+02
2.566701e+02
2.566679e+02
2.566650e+02
2.566622e+02
2.566586e+02
2.566546e+02
2.566503e+02
2.566456e+02
2.566406e+02
2.566351e+02
2.566296e+02
2.566242e+02
2.566179e+02
2.566116e+02
2.566059e+02
2.565991e+02
2.565924e+02
2.565864e+02
2.565794e+02
2.565722e+02
2.565657e+02
2.565584e+02
2.565509e+02
2.565440e+02
2.565366e+02
2.565289e+02
2.565215e+02
2.565139e+02
2.565061e+02
2.564983e+02
2.564903e+02
2.564826e+02
2.564746e+02
2.564662e+02
2.564585e+02
2.564504e+02
2.564418e+02
2.564344e+02
2.564265e+02
2.564178e+02
2.564106e+02
2.564028e+02
2.563943e+02
2.563871e+02
2.563799e+02
2.563722e+02
2.563650e+02
2.563581e+02
2.563513e+02
2.563449e+02
2.563389e+02
2.563334e+02
2.563286e+02
2.563240e+02
2.563208e+02
2.563188e+02
2.563171e+02
2.563175e+02
2.563199e+02
2.563227e+02
2.563285e+02
2.563378e+02
2.563487e+02
2.563635e+02
2.563829e+02
2.564061e+02
2.564349e+02
2.564707e+02
2.565139e+02
2.565660e+02
2.566285e+02
2.567030e+02
2.567920e+02
2.568978e+02
2.570233e+02
2.571728e+02
2.573484e+02
2.575549e+02
2.577996e+02
2.580870e+02
2.584245e+02
2.588222e+02
2.592886e+02
2.598344e+02
2.604742e+02
2.612234e+02
2.620990e+02
2.631222e+02
2.643161e+02
2.657062e+02
2.673229e+02
2.691999e+02
2.713751e+02
2.738895e+02
2.767869e+02
2.801155e+02
2.839245e+02
2.882629e+02
2.931809e+02
2.987242e+02
3.049290e+02
3.118227e+02
3.194190e+02
3.277110e+02
3.366709e+02
3.462457e+02
3.563505e+02
3.668705e+02
3.776649e+02
3.885696e+02
3.993978e+02
4.099513e+02
4.200266e+02
4.294074e+02
4.378935e+02
4.453074e+02
4.514702e+02
4.562448e+02
4.595310e+02
4.612330e+02
4.613098e+02
4.597612e+02
4.566006e+02
4.518970e+02
4.457488e+02
4.382840e+02
4.296594e+02
4.200561e+02
4.096764e+02
3.987341e+02
3.874476e+02
3.760310e+02
3.646864e+02
3.535982e+02
3.429258e+02
3.327982e+02
3.233124e+02
3.145352e+02
3.065049e+02
2.992338e+02
2.927116e+02
2.869105e+02
2.817892e+02
2.772977e+02
2.733809e+02
2.699822e+02
2.670456e+02
2.645174e+02
2.623474e+02
2.604898e+02
2.589030e+02
2.575501e+02
2.563984e+02
2.554192e+02
2.545876e+02
2.538820e+02
2.532838e+02
2.527769e+02
2.523478e+02
2.519845e+02
2.516771e+02
2.514172e+02
2.511974e+02
2.510116e+02
2.508545e+02
2.507218e+02
2.506097e+02
2.505150e+02
2.504350e+02
2.503674e+02
2.503103e+02
2.502621e+02
2.502214e+02
2.501871e+02
2.501581e+02
2.501336e+02
2.501129e+02
2.500954e+02
2.500807e+02
2.500682e+02
2.500577e+02
2.500489e+02
2.500414e+02
2.500351e+02
2.500297e+02
2.500252e+02
2.500214e+02
2.500182e+02
2.500155e+02
2.500132e+02
2.500113e+02
2.500097e+02
2.500083e+02
2.500071e+02
2.500062e+02
2.500053e+02
2.500046e+02
2.500041e+02
2.500036e+02
2.500031e+02
2.500028e+02
2.500025e+02
2.500022e+02
2.500020e+02
2.500019e+02
2.500017e+02
2.500016e+02
2.500015e+02
2.500014e+02
2.500013e+02
2.500013e+02
2.500012e+02
2.500012e+02
2.500012e+02
2.500011e+02
2.500011e+02
2.500011e+02
