2.562536e+02
2.529505e+02
2.480334e+02
2.448234e+02
2.452024e+02
2.476990e+02
2.493900e+02
2.498772e+02
2.518743e+02
2.556925e+02
2.572409e+02
2.534067e+02
2.466261e+02
2.419666e+02
2.421768e+02
2.464228e+02
2.519460e+02
2.560512e+02
2.570364e+02
2.547436e+02
2.504204e+02
2.462490e+02
2.442751e+02
2.453395e+02
2.486949e+02
2.524547e+02
2.546998e+02
2.542818e+02
2.515995e+02
2.484201e+02
2.465894e+02
2.467631e+02
2.482419e+02
2.498091e+02
2.509225e+02
2.519248e+02
2.531717e+02
2.540373e+02
2.532975e+02
2.506044e+02
2.472388e+02
2.449391e+02
2.445536e+02
2.458737e+02
2.482384e+02
2.510673e+02
2.538123e+02
2.557712e+02
2.562758e+02
2.550386e+02
2.523622e+02
2.490159e+02
2.458997e+02
2.437880e+02
2.431933e+02
2.442495e+02
2.466883e+02
2.499400e+02
2.532636e+02
2.558883e+02
2.571721e+02
2.568023e+02
2.549004e+02
2.519344e+02
2.485735e+02
2.455513e+02
2.435107e+02
2.428720e+02
2.437277e+02
2.458603e+02
2.488252e+02
2.520117e+02
2.547551e+02
2.564909e+02
2.568846e+02
2.559012e+02
2.537838e+02
2.509928e+02
2.481085e+02
2.456935e+02
2.441781e+02
2.438082e+02
2.446078e+02
2.463857e+02
2.487808e+02
2.513246e+02
2.535381e+02
2.550252e+02
2.555342e+02
2.550139e+02
2.536173e+02
2.516520e+02
2.495094e+02
2.475876e+02
2.462177e+02
2.456120e+02
2.458328e+02
2.467918e+02
2.482799e+02
2.500049e+02
2.516424e+02
2.528984e+02
2.535623e+02
2.535421e+02
2.528811e+02
2.517379e+02
2.503504e+02
2.489894e+02
2.479060e+02
2.472881e+02
2.472336e+02
2.477343e+02
2.486815e+02
2.498908e+02
2.511331e+02
2.521727e+02
2.528110e+02
2.529258e+02
2.524910e+02
2.515784e+02
2.503448e+02
2.490052e+02
2.477942e+02
2.469253e+02
2.465567e+02
2.467693e+02
2.475544e+02
2.488104e+02
2.503553e+02
2.519593e+02
2.533739e+02
2.543623e+02
2.547478e+02
2.544490e+02
2.534820e+02
2.519574e+02
2.500772e+02
2.481035e+02
2.463043e+02
2.449222e+02
2.441609e+02
2.441469e+02
2.449009e+02
2.463530e+02
2.483571e+02
2.506790e+02
2.530226e+02
2.550902e+02
2.566138e+02
2.573717e+02
2.572341e+02
2.562012e+02
2.543909e+02
2.520030e+02
2.493075e+02
2.466268e+02
2.442721e+02
2.425002e+02
2.415069e+02
2.414234e+02
2.422809e+02
2.439959e+02
2.464071e+02
2.492894e+02
2.523398e+02
2.552163e+02
2.575957e+02
2.592076e+02
2.598546e+02
2.594398e+02
2.579974e+02
2.556886e+02
2.527591e+02
2.495075e+02
2.462657e+02
2.433636e+02
2.410800e+02
2.396170e+02
2.391084e+02
2.396180e+02
2.411110e+02
2.434541e+02
2.464499e+02
2.498434e+02
2.533175e+02
2.565319e+02
2.591649e+02
2.609501e+02
2.617028e+02
2.613341e+02
2.598731e+02
2.574728e+02
2.543735e+02
2.508663e+02
2.472704e+02
2.439039e+02
2.410545e+02
2.389493e+02
2.377400e+02
2.375186e+02
2.383132e+02
2.400661e+02
2.426396e+02
2.458415e+02
2.494311e+02
2.531141e+02
2.565731e+02
2.595036e+02
2.616416e+02
2.627936e+02
2.628526e+02
2.618096e+02
2.597630e+02
2.569072e+02
2.534959e+02
2.498145e+02
2.461596e+02
2.428087e+02
2.400062e+02
2.379425e+02
2.367389e+02
2.364666e+02
2.371517e+02
2.387509e+02
2.411508e+02
2.441943e+02
2.476850e+02
2.513799e+02
2.549988e+02
2.582657e+02
2.609248e+02
2.627629e+02
2.636299e+02
2.634558e+02
2.622594e+02
2.601472e+02
2.572973e+02
2.539356e+02
2.503187e+02
2.467111e+02
2.433502e+02
2.404442e+02
2.381707e+02
2.366536e+02
2.359610e+02
2.361248e+02
2.371414e+02
2.389521e+02
2.414473e+02
2.444822e+02
2.478824e+02
2.514425e+02
2.549276e+02
2.581003e+02
2.607387e+02
2.626581e+02
2.637248e+02
2.638625e+02
2.630625e+02
2.613928e+02
2.589883e+02
2.560261e+02
2.527061e+02
2.492522e+02
2.458805e+02
2.427851e+02
2.401270e+02
2.380403e+02
2.366216e+02
2.359251e+02
2.359743e+02
2.367663e+02
2.382616e+02
2.403834e+02
2.430249e+02
2.460538e+02
2.493120e+02
2.526197e+02
2.557875e+02
2.586259e+02
2.609576e+02
2.626376e+02
2.635650e+02
2.636856e+02
2.629942e+02
2.615417e+02
2.594350e+02
2.568178e+02
2.538500e+02
2.507048e+02
2.475625e+02
2.445883e+02
2.419205e+02
2.396756e+02
2.379470e+02
2.367975e+02
2.362610e+02
2.363530e+02
2.370677e+02
2.383710e+02
2.402033e+02
2.424854e+02
2.451210e+02
2.479919e+02
2.509602e+02
2.538811e+02
2.566097e+02
2.590015e+02
2.609238e+02
2.622727e+02
2.629827e+02
2.630215e+02
2.623882e+02
2.611223e+02
2.593083e+02
2.570616e+02
2.545056e+02
2.517674e+02
2.489846e+02
2.462924e+02
2.438054e+02
2.416155e+02
2.398001e+02
2.384223e+02
2.375251e+02
2.371263e+02
2.372280e+02
2.378240e+02
2.388939e+02
2.403956e+02
2.422669e+02
2.444364e+02
2.468255e+02
2.493427e+02
2.518799e+02
2.543255e+02
2.565746e+02
2.585281e+02
2.600952e+02
2.612014e+02
2.617985e+02
2.618668e+02
2.614111e+02
2.604578e+02
2.590597e+02
2.572946e+02
2.552549e+02
2.530350e+02
2.507291e+02
2.484323e+02
2.462368e+02
2.442217e+02
2.424515e+02
2.409757e+02
2.398328e+02
2.390516e+02
2.386490e+02
2.386283e+02
2.389802e+02
2.396884e+02
2.407295e+02
2.420702e+02
2.436643e+02
2.454577e+02
2.473913e+02
2.494004e+02
2.514130e+02
2.533548e+02
2.551551e+02
2.567477e+02
2.580728e+02
2.590795e+02
2.597307e+02
2.600068e+02
2.599047e+02
2.594355e+02
2.586242e+02
2.575110e+02
2.561494e+02
2.546000e+02
2.529252e+02
2.511864e+02
2.494460e+02
2.477627e+02
2.461895e+02
2.447702e+02
2.435403e+02
2.425276e+02
2.417530e+02
2.412302e+02
2.409652e+02
2.409572e+02
2.411989e+02
2.416776e+02
2.423764e+02
2.432741e+02
2.443434e+02
2.455502e+02
2.468578e+02
2.482286e+02
2.496239e+02
2.510023e+02
2.523215e+02
2.535406e+02
2.546234e+02
2.555394e+02
2.562639e+02
2.567764e+02
2.570639e+02
2.571238e+02
2.569627e+02
2.565938e+02
2.560349e+02
2.553093e+02
2.544465e+02
2.534806e+02
2.524470e+02
2.513786e+02
2.503067e+02
2.492617e+02
2.482730e+02
2.473650e+02
2.465570e+02
2.458640e+02
2.452979e+02
2.448678e+02
2.445781e+02
2.444285e+02
2.444149e+02
2.445314e+02
2.447701e+02
2.451206e+02
2.455696e+02
2.461013e+02
2.466984e+02
2.473439e+02
2.480206e+02
2.487100e+02
2.493932e+02
2.500527e+02
2.506732e+02
2.512409e+02
2.517430e+02
2.521684e+02
2.525093e+02
2.527623e+02
2.529264e+02
2.530022e+02
2.529923e+02
2.529019e+02
2.527399e+02
2.525171e+02
2.522444e+02
2.519324e+02
2.515933e+02
2.512401e+02
2.508852e+02
2.505382e+02
2.502082e+02
2.499044e+02
2.496353e+02
2.494059e+02
2.492187e+02
2.490753e+02
2.489768e+02
2.489229e+02
2.489110e+02
2.489365e+02
2.489943e+02
2.490789e+02
2.491844e+02
2.493038e+02
2.494292e+02
2.495534e+02
2.496703e+02
2.497739e+02
2.498577e+02
2.499157e+02
2.499444e+02
2.499422e+02
2.499078e+02
2.498394e+02
2.497367e+02
2.496025e+02
2.494410e+02
2.492561e+02
2.490517e+02
2.488336e+02
2.486089e+02
2.483845e+02
2.481665e+02
2.479616e+02
2.477773e+02
2.476209e+02
2.474984e+02
2.474139e+02
2.473723e+02
2.473780e+02
2.474348e+02
2.475447e+02
2.477080e+02
2.479244e+02
2.481930e+02
2.485113e+02
2.488759e+02
2.492818e+02
2.497236e+02
2.501946e+02
2.506865e+02
2.511903e+02
2.516967e+02
2.521966e+02
2.526802e+02
2.531368e+02
2.535552e+02
2.539261e+02
2.542409e+02
2.544916e+02
2.546707e+02
2.547720e+02
2.547916e+02
2.547266e+02
2.545761e+02
2.543408e+02
2.540237e+02
2.536289e+02
2.531612e+02
2.526271e+02
2.520354e+02
2.513956e+02
2.507168e+02
2.500082e+02
2.492796e+02
2.485418e+02
2.478050e+02
2.470783e+02
2.463704e+02
2.456896e+02
2.450440e+02
2.444402e+02
2.438843e+02
2.433823e+02
2.429395e+02
2.425602e+02
2.422472e+02
2.420032e+02
2.418315e+02
2.417344e+02
2.417130e+02
2.417678e+02
2.418993e+02
2.421082e+02
2.423937e+02
2.427548e+02
2.431906e+02
2.436991e+02
2.442771e+02
2.449207e+02
2.456261e+02
2.463892e+02
2.472043e+02
2.480630e+02
2.489571e+02
2.498792e+02
2.508207e+02
2.517708e+02
2.527170e+02
2.536480e+02
2.545529e+02
2.554196e+02
2.562353e+02
2.569877e+02
2.576658e+02
2.582591e+02
2.587578e+02
2.591542e+02
2.594422e+02
2.596164e+02
2.596731e+02
2.596121e+02
2.594353e+02
2.591459e+02
2.587476e+02
2.582464e+02
2.576520e+02
2.569738e+02
2.562213e+02
2.554047e+02
2.545359e+02
2.536270e+02
2.526885e+02
2.517308e+02
2.507646e+02
2.497996e+02
2.488438e+02
2.479041e+02
2.469879e+02
2.461014e+02
2.452486e+02
2.444320e+02
2.436552e+02
2.429210e+02
2.422306e+02
2.415842e+02
2.409822e+02
2.404248e+02
2.399111e+02
2.394397e+02
2.390102e+02
2.386218e+02
2.382720e+02
2.379584e+02
2.376798e+02
2.374358e+02
2.372243e+02
2.370421e+02
2.368879e+02
2.367607e+02
2.366592e+02
2.365810e+02
2.365245e+02
2.364889e+02
2.364728e+02
2.364743e+02
2.364924e+02
2.365269e+02
2.365760e+02
2.366381e+02
2.367126e+02
2.367992e+02
2.368973e+02
2.370048e+02
2.371212e+02
2.372469e+02
2.373809e+02
2.375219e+02
2.376695e+02
2.378240e+02
2.379850e+02
2.381512e+02
2.383222e+02
2.384984e+02
2.386793e+02
2.388640e+02
2.390526e+02
2.392453e+02
2.394411e+02
2.396395e+02
2.398407e+02
2.400453e+02
2.402522e+02
2.404604e+02
2.406704e+02
2.408830e+02
2.410973e+02
2.413131e+02
2.415300e+02
2.417485e+02
2.419684e+02
2.421892e+02
2.424111e+02
2.426341e+02
2.428576e+02
2.430816e+02
2.433067e+02
2.435325e+02
2.437582e+02
2.439841e+02
2.442106e+02
2.444373e+02
2.446636e+02
2.448894e+02
2.451159e+02
2.453424e+02
2.455680e+02
2.457931e+02
2.460179e+02
2.462424e+02
2.464662e+02
2.466892e+02
2.469115e+02
2.471327e+02
2.473528e+02
2.475723e+02
2.477906e+02
2.480071e+02
2.482223e+02
2.484366e+02
2.486492e+02
2.488599e+02
2.490690e+02
2.492766e+02
2.494827e+02
2.496863e+02
2.498879e+02
2.500878e+02
2.502852e+02
2.504805e+02
2.506736e+02
2.508640e+02
2.510521e+02
2.512378e+02
2.514211e+02
2.516016e+02
2.517793e+02
2.519548e+02
2.521278e+02
2.522977e+02
2.524647e+02
2.526293e+02
2.527912e+02
2.529498e+02
2.531055e+02
2.532582e+02
2.534078e+02
2.535546e+02
2.536978e+02
2.538380e+02
2.539751e+02
2.541091e+02
2.542402e+02
2.543676e+02
2.544916e+02
2.546132e+02
2.547315e+02
2.548463e+02
2.549581e+02
2.550669e+02
2.551725e+02
2.552747e+02
2.553738e+02
2.554698e+02
2.555629e+02
2.556523e+02
2.557386e+02
2.558220e+02
2.559024e+02
2.559800e+02
2.560544e+02
2.561254e+02
2.561942e+02
2.562602e+02
2.563231e+02
2.563836e+02
2.564414e+02
2.564966e+02
2.565492e+02
2.565992e+02
2.566472e+02
2.566928e+02
2.567358e+02
2.567765e+02
2.568153e+02
2.568521e+02
2.568868e+02
2.569194e+02
2.569499e+02
2.569790e+02
2.570067e+02
2.570320e+02
2.570558e+02
2.570781e+02
2.570986e+02
2.571180e+02
2.571357e+02
2.571521e+02
2.571675e+02
2.571812e+02
2.571940e+02
2.572058e+02
2.572164e+02
2.572260e+02
2.572344e+02
2.572421e+02
2.572489e+02
2.572547e+02
2.572593e+02
2.572631e+02
2.572667e+02
2.572691e+02
2.572703e+02
2.572714e+02
2.572713e+02
2.572709e+02
2.572699e+02
2.572679e+02
2.572661e+02
2.572636e+02
2.572605e+02
2.572572e+02
2.572532e+02
2.572490e+02
2.572444e+02
2.572393e+02
2.572342e+02
2.572285e+02
2.572224e+02
2.572160e+02
2.572095e+02
2.572028e+02
2.571953e+02
2.571883e+02
2.571810e+02
2.571731e+02
2.571658e+02
2.571580e+02
2.571499e+02
2.571425e+02
2.571340e+02
2.571261e+02
2.571185e+02
2.571100e+02
2.571016e+02
2.570932e+02
2.570850e+02
2.570767e+02
2.570679e+02
2.570597e+02
2.570511e+02
2.570424e+02
2.570338e+02
2.570248e+02
2.570166e+02
2.570077e+02
2.569986e+02
2.569901e+02
2.569809e+02
2.569720e+02
2.569634e+02
2.569540e+02
2.569457e+02
2.569370e+02
2.569278e+02
2.569196e+02
2.569107e+02
2.569021e+02
2.568940e+02
2.568858e+02
2.568777e+02
2.568697e+02
2.568620e+02
2.568547e+02
2.568474e+02
2.568413e+02
2.568349e+02
2.568289e+02
2.568248e+02
2.568202e+02
2.568175e+02
2.568164e+02
2.568155e+02
2.568171e+02
2.568206e+02
2.568256e+02
2.568344e+02
2.568457e+02
2.568604e+02
2.568796e+02
2.569031e+02
2.569329e+02
2.569692e+02
2.570139e+02
2.570680e+02
2.571322e+02
2.572097e+02
2.573026e+02
2.574129e+02
2.575453e+02
2.577012e+02
2.578858e+02
2.581046e+02
2.583619e+02
2.586665e+02
2.590257e+02
2.594478e+02
2.599448e+02
2.605282e+02
2.612123e+02
2.620159e+02
2.629569e+02
2.640588e+02
2.653463e+02
2.668481e+02
2.685987e+02
2.706339e+02
2.729962e+02
2.757308e+02
2.788858e+02
2.825138e+02
2.866679e+02
2.914022e+02
2.967706e+02
3.028182e+02
3.095839e+02
3.170936e+02
3.253536e+02
3.343530e+02
3.440538e+02
3.543876e+02
3.652541e+02
3.765238e+02
3.880371e+02
3.996073e+02
4.110443e+02
4.221291e+02
4.326362e+02
4.423630e+02
4.510931e+02
4.586331e+02
4.648364e+02
4.695469e+02
4.726615e+02
4.741174e+02
4.738573e+02
4.718892e+02
4.682472e+02
4.629943e+02
4.562441e+02
4.481292e+02
4.388162e+02
4.284973e+02
4.173836e+02
4.057007e+02
3.936783e+02
3.815419e+02
3.695043e+02
3.577598e+02
3.464759e+02
3.357876e+02
3.257962e+02
3.165703e+02
3.081481e+02
3.005400e+02
2.937326e+02
2.876937e+02
2.823769e+02
2.777271e+02
2.736839e+02
2.701858e+02
2.671721e+02
2.645851e+02
2.623712e+02
2.604815e+02
2.588720e+02
2.575036e+02
2.563420e+02
2.553572e+02
2.545232e+02
2.538175e+02
2.532208e+02
2.527166e+02
2.522908e+02
2.519314e+02
2.516281e+02
2.513722e+02
2.511564e+02
2.509745e+02
2.508211e+02
2.506919e+02
2.505829e+02
2.504911e+02
2.504138e+02
2.503486e+02
2.502938e+02
2.502475e+02
2.502086e+02
2.501758e+02
2.501482e+02
2.501249e+02
2.501053e+02
2.500888e+02
2.500749e+02
2.500632e+02
2.500534e+02
2.500451e+02
2.500381e+02
2.500322e+02
2.500272e+02
2.500231e+02
2.500196e+02
2.500166e+02
2.500141e+02
2.500120e+02
2.500103e+02
2.500088e+02
2.500076e+02
2.500065e+02
2.500056e+02
2.500049e+02
2.500043e+02
2.500038e+02
2.500034e+02
2.500030e+02
2.500027e+02
2.500025e+02
2.500023e+02
2.500022e+02
2.500021e+02
2.500020e+02
2.500020e+02
