2.648765e+02
2.562706e+02
2.437229e+02
2.351619e+02
2.361745e+02
2.456150e+02
2.561400e+02
2.597178e+02
2.564299e+02
2.530965e+02
2.523454e+02
2.501363e+02
2.443857e+02
2.398691e+02
2.420713e+02
2.501820e+02
2.579438e+02
2.602854e+02
2.566429e+02
2.497736e+02
2.436074e+02
2.412149e+02
2.435946e+02
2.494373e+02
2.556790e+02
2.590269e+02
2.574780e+02
2.517224e+02
2.449923e+02
2.410789e+02
2.419059e+02
2.464639e+02
2.516780e+02
2.547426e+02
2.554073e+02
2.553564e+02
2.552901e+02
2.542587e+02
2.507488e+02
2.454786e+02
2.411253e+02
2.401629e+02
2.428437e+02
2.475885e+02
2.525400e+02
2.565600e+02
2.589643e+02
2.592334e+02
2.571264e+02
2.530670e+02
2.481532e+02
2.437108e+02
2.408393e+02
2.402195e+02
2.419754e+02
2.456431e+02
2.502960e+02
2.547984e+02
2.581278e+02
2.595477e+02
2.587549e+02
2.559797e+02
2.519245e+02
2.475552e+02
2.438320e+02
2.415184e+02
2.410671e+02
2.425029e+02
2.454502e+02
2.492568e+02
2.531185e+02
2.562348e+02
2.579618e+02
2.579748e+02
2.563578e+02
2.535319e+02
2.501294e+02
2.468621e+02
2.443693e+02
2.430995e+02
2.432305e+02
2.446552e+02
2.470452e+02
2.499081e+02
2.526652e+02
2.547775e+02
2.558599e+02
2.557514e+02
2.545401e+02
2.525290e+02
2.501579e+02
2.479108e+02
2.462130e+02
2.453566e+02
2.454608e+02
2.464572e+02
2.481177e+02
2.500976e+02
2.519978e+02
2.534465e+02
2.541670e+02
2.540346e+02
2.531006e+02
2.515692e+02
2.497504e+02
2.480027e+02
2.466621e+02
2.459798e+02
2.460863e+02
2.469697e+02
2.484794e+02
2.503492e+02
2.522461e+02
2.538252e+02
2.547869e+02
2.549347e+02
2.542188e+02
2.527386e+02
2.507256e+02
2.485025e+02
2.464272e+02
2.448365e+02
2.439952e+02
2.440539e+02
2.450361e+02
2.468344e+02
2.492115e+02
2.518291e+02
2.543130e+02
2.562896e+02
2.574324e+02
2.575408e+02
2.565797e+02
2.546591e+02
2.520193e+02
2.490197e+02
2.460745e+02
2.435602e+02
2.417964e+02
2.410320e+02
2.413871e+02
2.428261e+02
2.452023e+02
2.482724e+02
2.516672e+02
2.549509e+02
2.577165e+02
2.596065e+02
2.603427e+02
2.597992e+02
2.580450e+02
2.552984e+02
2.518727e+02
2.481662e+02
2.446251e+02
2.416483e+02
2.395394e+02
2.385185e+02
2.387207e+02
2.401382e+02
2.426195e+02
2.459343e+02
2.497701e+02
2.537112e+02
2.573112e+02
2.601677e+02
2.619555e+02
2.624528e+02
2.615797e+02
2.594375e+02
2.562822e+02
2.524541e+02
2.483469e+02
2.443882e+02
2.409734e+02
2.384138e+02
2.369176e+02
2.366188e+02
2.375638e+02
2.396689e+02
2.427427e+02
2.465332e+02
2.507110e+02
2.548751e+02
2.586115e+02
2.615444e+02
2.633761e+02
2.639136e+02
2.630915e+02
2.609964e+02
2.578580e+02
2.539945e+02
2.497717e+02
2.455754e+02
2.417728e+02
2.386813e+02
2.365309e+02
2.354641e+02
2.355634e+02
2.368318e+02
2.391668e+02
2.423863e+02
2.462548e+02
2.504743e+02
2.546910e+02
2.585351e+02
2.616625e+02
2.637895e+02
2.647213e+02
2.643716e+02
2.627741e+02
2.600894e+02
2.565762e+02
2.525457e+02
2.483341e+02
2.442799e+02
2.406828e+02
2.377984e+02
2.358081e+02
2.348186e+02
2.348909e+02
2.360278e+02
2.381488e+02
2.411051e+02
2.447085e+02
2.487245e+02
2.528606e+02
2.567988e+02
2.602350e+02
2.628951e+02
2.645628e+02
2.651001e+02
2.644677e+02
2.627285e+02
2.600397e+02
2.566289e+02
2.527655e+02
2.487464e+02
2.448545e+02
2.413392e+02
2.384164e+02
2.362556e+02
2.349617e+02
2.345858e+02
2.351461e+02
2.366168e+02
2.389099e+02
2.418857e+02
2.453741e+02
2.491742e+02
2.530447e+02
2.567239e+02
2.599555e+02
2.625114e+02
2.642118e+02
2.649371e+02
2.646355e+02
2.633351e+02
2.611493e+02
2.582526e+02
2.548530e+02
2.511817e+02
2.474823e+02
2.439817e+02
2.408681e+02
2.383007e+02
2.364038e+02
2.352566e+02
2.348964e+02
2.353325e+02
2.365433e+02
2.384671e+02
2.410053e+02
2.440292e+02
2.473858e+02
2.508936e+02
2.543539e+02
2.575614e+02
2.603186e+02
2.624513e+02
2.638295e+02
2.643720e+02
2.640481e+02
2.628831e+02
2.609670e+02
2.584406e+02
2.554693e+02
2.522307e+02
2.489166e+02
2.457097e+02
2.427685e+02
2.402242e+02
2.381852e+02
2.367305e+02
2.359058e+02
2.357319e+02
2.362105e+02
2.373168e+02
2.389987e+02
2.411817e+02
2.437701e+02
2.466504e+02
2.496866e+02
2.527276e+02
2.556232e+02
2.582236e+02
2.603848e+02
2.619879e+02
2.629514e+02
2.632315e+02
2.628178e+02
2.617378e+02
2.600656e+02
2.579127e+02
2.554055e+02
2.526742e+02
2.498580e+02
2.470988e+02
2.445214e+02
2.422247e+02
2.402904e+02
2.387871e+02
2.377634e+02
2.372424e+02
2.372276e+02
2.377126e+02
2.386779e+02
2.400841e+02
2.418719e+02
2.439691e+02
2.462966e+02
2.487633e+02
2.512638e+02
2.536857e+02
2.559245e+02
2.578822e+02
2.594686e+02
2.606087e+02
2.612529e+02
2.613809e+02
2.609971e+02
2.601271e+02
2.588210e+02
2.571534e+02
2.552150e+02
2.530995e+02
2.508998e+02
2.487086e+02
2.466163e+02
2.446995e+02
2.430208e+02
2.416291e+02
2.405618e+02
2.398452e+02
2.394926e+02
2.395042e+02
2.398691e+02
2.405691e+02
2.415779e+02
2.428581e+02
2.443609e+02
2.460318e+02
2.478134e+02
2.496430e+02
2.514522e+02
2.531720e+02
2.547384e+02
2.560939e+02
2.571894e+02
2.579853e+02
2.584548e+02
2.585868e+02
2.583859e+02
2.578701e+02
2.570694e+02
2.560248e+02
2.547865e+02
2.534106e+02
2.519540e+02
2.504731e+02
2.490211e+02
2.476476e+02
2.463946e+02
2.452976e+02
2.443848e+02
2.436762e+02
2.431843e+02
2.429142e+02
2.428650e+02
2.430302e+02
2.433964e+02
2.439451e+02
2.446539e+02
2.454965e+02
2.464429e+02
2.474600e+02
2.485137e+02
2.495694e+02
2.505929e+02
2.515512e+02
2.524147e+02
2.531579e+02
2.537601e+02
2.542063e+02
2.544877e+02
2.546018e+02
2.545522e+02
2.543488e+02
2.540067e+02
2.535457e+02
2.529887e+02
2.523606e+02
2.516879e+02
2.509968e+02
2.503124e+02
2.496580e+02
2.490537e+02
2.485169e+02
2.480613e+02
2.476972e+02
2.474310e+02
2.472651e+02
2.471986e+02
2.472277e+02
2.473452e+02
2.475409e+02
2.478022e+02
2.481158e+02
2.484671e+02
2.488400e+02
2.492183e+02
2.495864e+02
2.499296e+02
2.502346e+02
2.504898e+02
2.506861e+02
2.508168e+02
2.508784e+02
2.508701e+02
2.507936e+02
2.506534e+02
2.504571e+02
2.502138e+02
2.499345e+02
2.496313e+02
2.493176e+02
2.490072e+02
2.487131e+02
2.484481e+02
2.482238e+02
2.480508e+02
2.479377e+02
2.478911e+02
2.479160e+02
2.480151e+02
2.481887e+02
2.484344e+02
2.487477e+02
2.491220e+02
2.495487e+02
2.500171e+02
2.505146e+02
2.510275e+02
2.515408e+02
2.520388e+02
2.525058e+02
2.529267e+02
2.532872e+02
2.535737e+02
2.537746e+02
2.538805e+02
2.538849e+02
2.537837e+02
2.535757e+02
2.532628e+02
2.528504e+02
2.523463e+02
2.517605e+02
2.511046e+02
2.503927e+02
2.496403e+02
2.488633e+02
2.480777e+02
2.472997e+02
2.465457e+02
2.458305e+02
2.451672e+02
2.445687e+02
2.440471e+02
2.436132e+02
2.432759e+02
2.430421e+02
2.429168e+02
2.429046e+02
2.430088e+02
2.432305e+02
2.435689e+02
2.440214e+02
2.445845e+02
2.452525e+02
2.460172e+02
2.468680e+02
2.477929e+02
2.487790e+02
2.498113e+02
2.508722e+02
2.519422e+02
2.530009e+02
2.540275e+02
2.550017e+02
2.559031e+02
2.567115e+02
2.574075e+02
2.579743e+02
2.583981e+02
2.586681e+02
2.587761e+02
2.587181e+02
2.584946e+02
2.581099e+02
2.575714e+02
2.568888e+02
2.560754e+02
2.551481e+02
2.541260e+02
2.530288e+02
2.518750e+02
2.506837e+02
2.494743e+02
2.482666e+02
2.470771e+02
2.459210e+02
2.448121e+02
2.437624e+02
2.427821e+02
2.418794e+02
2.410617e+02
2.403355e+02
2.397062e+02
2.391771e+02
2.387504e+02
2.384274e+02
2.382097e+02
2.380990e+02
2.380962e+02
2.382010e+02
2.384125e+02
2.387292e+02
2.391508e+02
2.396766e+02
2.403043e+02
2.410304e+02
2.418509e+02
2.427615e+02
2.437567e+02
2.448293e+02
2.459706e+02
2.471712e+02
2.484207e+02
2.497063e+02
2.510135e+02
2.523259e+02
2.536270e+02
2.549002e+02
2.561277e+02
2.572904e+02
2.583685e+02
2.593442e+02
2.602018e+02
2.609272e+02
2.615073e+02
2.619301e+02
2.621872e+02
2.622752e+02
2.621939e+02
2.619461e+02
2.615364e+02
2.609729e+02
2.602672e+02
2.594333e+02
2.584875e+02
2.574459e+02
2.563247e+02
2.551414e+02
2.539140e+02
2.526597e+02
2.513941e+02
2.501318e+02
2.488853e+02
2.476657e+02
2.464817e+02
2.453412e+02
2.442512e+02
2.432167e+02
2.422408e+02
2.413253e+02
2.404711e+02
2.396789e+02
2.389486e+02
2.382794e+02
2.376692e+02
2.371152e+02
2.366144e+02
2.361655e+02
2.357667e+02
2.354154e+02
2.351083e+02
2.348418e+02
2.346129e+02
2.344196e+02
2.342605e+02
2.341333e+02
2.340350e+02
2.339627e+02
2.339148e+02
2.338902e+02
2.338877e+02
2.339054e+02
2.339407e+02
2.339915e+02
2.340567e+02
2.341364e+02
2.342300e+02
2.343365e+02
2.344540e+02
2.345807e+02
2.347160e+02
2.348602e+02
2.350131e+02
2.351736e+02
2.353405e+02
2.355131e+02
2.356916e+02
2.358763e+02
2.360670e+02
2.362618e+02
2.364596e+02
2.366603e+02
2.368649e+02
2.370741e+02
2.372873e+02
2.375026e+02
2.377192e+02
2.379376e+02
2.381587e+02
2.383828e+02
2.386089e+02
2.388358e+02
2.390637e+02
2.392936e+02
2.395258e+02
2.397597e+02
2.399938e+02
2.402276e+02
2.404619e+02
2.406979e+02
2.409361e+02
2.411750e+02
2.414131e+02
2.416503e+02
2.418878e+02
2.421267e+02
2.423667e+02
2.426064e+02
2.428452e+02
2.430839e+02
2.433238e+02
2.435645e+02
2.438043e+02
2.440424e+02
2.442799e+02
2.445187e+02
2.447585e+02
2.449975e+02
2.452346e+02
2.454702e+02
2.457056e+02
2.459415e+02
2.461771e+02
2.464114e+02
2.466436e+02
2.468752e+02
2.471069e+02
2.473377e+02
2.475665e+02
2.477932e+02
2.480191e+02
2.482449e+02
2.484696e+02
2.486920e+02
2.489114e+02
2.491286e+02
2.493454e+02
2.495615e+02
2.497753e+02
2.499857e+02
2.501934e+02
2.504001e+02
2.506054e+02
2.508079e+02
2.510070e+02
2.512039e+02
2.513995e+02
2.515926e+02
2.517824e+02
2.519684e+02
2.521518e+02
2.523337e+02
2.525135e+02
2.526898e+02
2.528615e+02
2.530301e+02
2.531971e+02
2.533621e+02
2.535232e+02
2.536805e+02
2.538349e+02
2.539872e+02
2.541364e+02
2.542813e+02
2.544227e+02
2.545616e+02
2.546982e+02
2.548312e+02
2.549597e+02
2.550844e+02
2.552064e+02
2.553265e+02
2.554434e+02
2.555559e+02
2.556644e+02
2.557704e+02
2.558741e+02
2.559745e+02
2.560708e+02
2.561642e+02
2.562555e+02
2.563435e+02
2.564273e+02
2.565075e+02
2.565857e+02
2.566620e+02
2.567346e+02
2.568032e+02
2.568684e+02
2.569321e+02
2.569936e+02
2.570521e+02
2.571075e+02
2.571599e+02
2.572103e+02
2.572584e+02
2.573038e+02
2.573470e+02
2.573881e+02
2.574271e+02
2.574635e+02
2.574974e+02
2.575295e+02
2.575605e+02
2.575898e+02
2.576165e+02
2.576408e+02
2.576637e+02
2.576863e+02
2.577072e+02
2.577259e+02
2.577428e+02
2.577589e+02
2.577740e+02
2.577870e+02
2.577987e+02
2.578099e+02
2.578205e+02
2.578295e+02
2.578362e+02
2.578426e+02
2.578494e+02
2.578556e+02
2.578597e+02
2.578623e+02
2.578649e+02
2.578679e+02
2.578695e+02
2.578698e+02
2.578698e+02
2.578693e+02
2.578682e+02
2.578657e+02
2.578630e+02
2.578610e+02
2.578577e+02
2.578530e+02
2.578474e+02
2.578429e+02
2.578393e+02
2.578340e+02
2.578273e+02
2.578204e+02
2.578145e+02
2.578087e+02
2.578016e+02
2.577939e+02
2.577865e+02
2.577789e+02
2.577705e+02
2.577622e+02
2.577542e+02
2.577464e+02
2.577374e+02
2.577273e+02
2.577188e+02
2.577107e+02
2.577023e+02
2.576927e+02
2.576827e+02
2.576744e+02
2.576656e+02
2.576563e+02
2.576469e+02
2.576377e+02
2.576286e+02
2.576188e+02
2.576093e+02
2.576007e+02
2.575919e+02
2.575818e+02
2.575719e+02
2.575629e+02
2.575544e+02
2.575449e+02
2.575339e+02
2.575248e+02
2.575165e+02
2.575070e+02
2.574966e+02
2.574860e+02
2.574775e+02
2.574687e+02
2.574584e+02
2.574490e+02
2.574396e+02
2.574305e+02
2.574206e+02
2.574111e+02
2.574033e+02
2.573950e+02
2.573851e+02
2.573757e+02
2.573682e+02
2.573606e+02
2.573527e+02
2.573444e+02
2.573375e+02
2.573324e+02
2.573256e+02
2.573206e+02
2.573175e+02
2.573151e+02
2.573138e+02
2.573128e+02
2.573157e+02
2.573210e+02
2.573269e+02
2.573364e+02
2.573502e+02
2.573684e+02
2.573898e+02
2.574163e+02
2.574511e+02
2.574944e+02
2.575453e+02
2.576062e+02
2.576814e+02
2.577713e+02
2.578782e+02
2.580062e+02
2.581582e+02
2.583402e+02
2.585530e+02
2.588056e+02
2.591065e+02
2.594608e+02
2.598786e+02
2.603707e+02
2.609506e+02
2.616335e+02
2.624342e+02
2.633757e+02
2.644814e+02
2.657761e+02
2.672884e+02
2.690549e+02
2.711153e+02
2.735119e+02
2.762923e+02
2.795077e+02
2.832147e+02
2.874695e+02
2.923297e+02
2.978549e+02
3.040942e+02
3.110908e+02
3.188748e+02
3.274578e+02
3.368306e+02
3.469551e+02
3.577633e+02
3.691591e+02
3.810045e+02
3.931290e+02
4.053552e+02
4.174730e+02
4.292494e+02
4.404771e+02
4.509146e+02
4.603428e+02
4.685854e+02
4.754456e+02
4.807782e+02
4.844904e+02
4.864687e+02
4.866715e+02
4.851022e+02
4.817629e+02
4.767230e+02
4.700804e+02
4.619627e+02
4.525298e+02
4.419690e+02
4.304946e+02
4.183344e+02
4.057278e+02
3.929138e+02
3.801220e+02
3.675661e+02
3.554354e+02
3.438875e+02
3.330445e+02
3.229928e+02
3.137852e+02
3.054442e+02
2.979643e+02
2.913180e+02
2.854602e+02
2.803344e+02
2.758772e+02
2.720222e+02
2.687034e+02
2.658575e+02
2.634252e+02
2.613521e+02
2.595893e+02
2.580934e+02
2.568259e+02
2.557534e+02
2.548471e+02
2.540817e+02
2.534361e+02
2.528917e+02
2.524329e+02
2.520465e+02
2.517212e+02
2.514474e+02
2.512170e+02
2.510232e+02
2.508602e+02
2.507232e+02
2.506079e+02
2.505110e+02
2.504296e+02
2.503611e+02
2.503036e+02
2.502552e+02
2.502146e+02
2.501804e+02
2.501517e+02
2.501276e+02
2.501074e+02
2.500904e+02
2.500761e+02
2.500641e+02
2.500540e+02
2.500455e+02
2.500384e+02
2.500325e+02
2.500275e+02
2.500233e+02
2.500198e+02
2.500169e+02
2.500145e+02
2.500125e+02
2.500108e+02
2.500094e+02
2.500084e+02
2.500075e+02
2.500068e+02
2.500063e+02
2.500060e+02
2.500059e+02
