2.605095e+02
2.556838e+02
2.476889e+02
2.387256e+02
2.349417e+02
2.412495e+02
2.544571e+02
2.640799e+02
2.620713e+02
2.500027e+02
2.409448e+02
2.429753e+02
2.504596e+02
2.532554e+02
2.499116e+02
2.480295e+02
2.505284e+02
2.529623e+02
2.511525e+02
2.472354e+02
2.453912e+02
2.473369e+02
2.518437e+02
2.563607e+02
2.585989e+02
2.563646e+02
2.492693e+02
2.403639e+02
2.344943e+02
2.361926e+02
2.456277e+02
2.581362e+02
2.667847e+02
2.666509e+02
2.589134e+02
2.489259e+02
2.425399e+02
2.405684e+02
2.399048e+02
2.393928e+02
2.407700e+02
2.460304e+02
2.543504e+02
2.613964e+02
2.640828e+02
2.623062e+02
2.575274e+02
2.512473e+02
2.448175e+02
2.396762e+02
2.370878e+02
2.376386e+02
2.410987e+02
2.466189e+02
2.528769e+02
2.582969e+02
2.615211e+02
2.618314e+02
2.593655e+02
2.548901e+02
2.495145e+02
2.444616e+02
2.407922e+02
2.392292e+02
2.400025e+02
2.428435e+02
2.470968e+02
2.518007e+02
2.559068e+02
2.585588e+02
2.592782e+02
2.580225e+02
2.551525e+02
2.513512e+02
2.474779e+02
2.443338e+02
2.424878e+02
2.422225e+02
2.435048e+02
2.460133e+02
2.492056e+02
2.524137e+02
2.549947e+02
2.564587e+02
2.565575e+02
2.553373e+02
2.531134e+02
2.503816e+02
2.477067e+02
2.456041e+02
2.444535e+02
2.444386e+02
2.455194e+02
2.474595e+02
2.498721e+02
2.522820e+02
2.542223e+02
2.553208e+02
2.553720e+02
2.543809e+02
2.525515e+02
2.502356e+02
2.478705e+02
2.458904e+02
2.446490e+02
2.443661e+02
2.450979e+02
2.467306e+02
2.489998e+02
2.515255e+02
2.538772e+02
2.556436e+02
2.565000e+02
2.562797e+02
2.550016e+02
2.528592e+02
2.501873e+02
2.474062e+02
2.449455e+02
2.431850e+02
2.423997e+02
2.427197e+02
2.441248e+02
2.464483e+02
2.493808e+02
2.525074e+02
2.553870e+02
2.575907e+02
2.587598e+02
2.586990e+02
2.574092e+02
2.550535e+02
2.519353e+02
2.484849e+02
2.451757e+02
2.424200e+02
2.405599e+02
2.398514e+02
2.403992e+02
2.421357e+02
2.448805e+02
2.483487e+02
2.521164e+02
2.557011e+02
2.586603e+02
2.606102e+02
2.612620e+02
2.605071e+02
2.584512e+02
2.553550e+02
2.515751e+02
2.475578e+02
2.437881e+02
2.406827e+02
2.385510e+02
2.376146e+02
2.379997e+02
2.396719e+02
2.424514e+02
2.460809e+02
2.502104e+02
2.543875e+02
2.581361e+02
2.610360e+02
2.627541e+02
2.630715e+02
2.619335e+02
2.594809e+02
2.560084e+02
2.518904e+02
2.475547e+02
2.434523e+02
2.399901e+02
2.374749e+02
2.361092e+02
2.360214e+02
2.372370e+02
2.396417e+02
2.430190e+02
2.470894e+02
2.514946e+02
2.558015e+02
2.595784e+02
2.624407e+02
2.640962e+02
2.643666e+02
2.632140e+02
2.607668e+02
2.572959e+02
2.531497e+02
2.487216e+02
2.444138e+02
2.406053e+02
2.376088e+02
2.356386e+02
2.348256e+02
2.352376e+02
2.368496e+02
2.395305e+02
2.430745e+02
2.472192e+02
2.516370e+02
2.559432e+02
2.597565e+02
2.627302e+02
2.645918e+02
2.651686e+02
2.644052e+02
2.623786e+02
2.592945e+02
2.554470e+02
2.511733e+02
2.468301e+02
2.427592e+02
2.392618e+02
2.365809e+02
2.348756e+02
2.342364e+02
2.347082e+02
2.362651e+02
2.387933e+02
2.421217e+02
2.460379e+02
2.502715e+02
2.545030e+02
2.584021e+02
2.616596e+02
2.640104e+02
2.652585e+02
2.653020e+02
2.641454e+02
2.618989e+02
2.587626e+02
2.549987e+02
2.509046e+02
2.467887e+02
2.429318e+02
2.395761e+02
2.369288e+02
2.351330e+02
2.342650e+02
2.343616e+02
2.354231e+02
2.373882e+02
2.401326e+02
2.434951e+02
2.472830e+02
2.512623e+02
2.551668e+02
2.587214e+02
2.616730e+02
2.638114e+02
2.649839e+02
2.651045e+02
2.641687e+02
2.622613e+02
2.595431e+02
2.562208e+02
2.525264e+02
2.487153e+02
2.450332e+02
2.416898e+02
2.388599e+02
2.366877e+02
2.352704e+02
2.346576e+02
2.348673e+02
2.358877e+02
2.376663e+02
2.401086e+02
2.430878e+02
2.464491e+02
2.500107e+02
2.535704e+02
2.569138e+02
2.598306e+02
2.621344e+02
2.636816e+02
2.643787e+02
2.641853e+02
2.631187e+02
2.612640e+02
2.587629e+02
2.557851e+02
2.525139e+02
2.491494e+02
2.458817e+02
2.428794e+02
2.402799e+02
2.381971e+02
2.367148e+02
2.358821e+02
2.357189e+02
2.362246e+02
2.373738e+02
2.391102e+02
2.413529e+02
2.440004e+02
2.469302e+02
2.499979e+02
2.530494e+02
2.559262e+02
2.584717e+02
2.605427e+02
2.620249e+02
2.628420e+02
2.629555e+02
2.623644e+02
2.611117e+02
2.592864e+02
2.570086e+02
2.544107e+02
2.516321e+02
2.488198e+02
2.461174e+02
2.436416e+02
2.414904e+02
2.397454e+02
2.384684e+02
2.376961e+02
2.374425e+02
2.377075e+02
2.384772e+02
2.397153e+02
2.413660e+02
2.433587e+02
2.456130e+02
2.480366e+02
2.505201e+02
2.529481e+02
2.552112e+02
2.572068e+02
2.588371e+02
2.600220e+02
2.607095e+02
2.608764e+02
2.605236e+02
2.596752e+02
2.583837e+02
2.567286e+02
2.548032e+02
2.527028e+02
2.505244e+02
2.483679e+02
2.463273e+02
2.444802e+02
2.428897e+02
2.416064e+02
2.406696e+02
2.401033e+02
2.399158e+02
2.401022e+02
2.406496e+02
2.415336e+02
2.427171e+02
2.441504e+02
2.457766e+02
2.475348e+02
2.493569e+02
2.511680e+02
2.528920e+02
2.544602e+02
2.558098e+02
2.568856e+02
2.576433e+02
2.580553e+02
2.581123e+02
2.578208e+02
2.572010e+02
2.562877e+02
2.551306e+02
2.537888e+02
2.523243e+02
2.507992e+02
2.492761e+02
2.478161e+02
2.464727e+02
2.452906e+02
2.443056e+02
2.435455e+02
2.430305e+02
2.427712e+02
2.427688e+02
2.430162e+02
2.435000e+02
2.441994e+02
2.450865e+02
2.461262e+02
2.472790e+02
2.485032e+02
2.497536e+02
2.509821e+02
2.521418e+02
2.531896e+02
2.540868e+02
2.548001e+02
2.553030e+02
2.555787e+02
2.556205e+02
2.554317e+02
2.550242e+02
2.544179e+02
2.536415e+02
2.527302e+02
2.517224e+02
2.506577e+02
2.495766e+02
2.485193e+02
2.475232e+02
2.466214e+02
2.458420e+02
2.452082e+02
2.447385e+02
2.444462e+02
2.443381e+02
2.444150e+02
2.446725e+02
2.451017e+02
2.456891e+02
2.464151e+02
2.472554e+02
2.481826e+02
2.491674e+02
2.501774e+02
2.511780e+02
2.521345e+02
2.530142e+02
2.537865e+02
2.544237e+02
2.549021e+02
2.552043e+02
2.553197e+02
2.552447e+02
2.549816e+02
2.545390e+02
2.539322e+02
2.531830e+02
2.523173e+02
2.513630e+02
2.503502e+02
2.493105e+02
2.482756e+02
2.472755e+02
2.463378e+02
2.454875e+02
2.447469e+02
2.441347e+02
2.436661e+02
2.433526e+02
2.432021e+02
2.432188e+02
2.434034e+02
2.437525e+02
2.442596e+02
2.449144e+02
2.457028e+02
2.466073e+02
2.476073e+02
2.486792e+02
2.497965e+02
2.509311e+02
2.520533e+02
2.531330e+02
2.541394e+02
2.550434e+02
2.558185e+02
2.564418e+02
2.568937e+02
2.571593e+02
2.572295e+02
2.571016e+02
2.567789e+02
2.562700e+02
2.555887e+02
2.547535e+02
2.537877e+02
2.527176e+02
2.515702e+02
2.503737e+02
2.491563e+02
2.479459e+02
2.467684e+02
2.456477e+02
2.446051e+02
2.436592e+02
2.428261e+02
2.421200e+02
2.415523e+02
2.411311e+02
2.408616e+02
2.407479e+02
2.407926e+02
2.409960e+02
2.413552e+02
2.418650e+02
2.425189e+02
2.433095e+02
2.442260e+02
2.452537e+02
2.463760e+02
2.475751e+02
2.488309e+02
2.501206e+02
2.514188e+02
2.526990e+02
2.539350e+02
2.551006e+02
2.561687e+02
2.571139e+02
2.579132e+02
2.585475e+02
2.590012e+02
2.592622e+02
2.593232e+02
2.591826e+02
2.588447e+02
2.583186e+02
2.576170e+02
2.567559e+02
2.557551e+02
2.546386e+02
2.534318e+02
2.521592e+02
2.508447e+02
2.495129e+02
2.481871e+02
2.468890e+02
2.456372e+02
2.444483e+02
2.433367e+02
2.423151e+02
2.413938e+02
2.405810e+02
2.398834e+02
2.393060e+02
2.388525e+02
2.385260e+02
2.383279e+02
2.382591e+02
2.383197e+02
2.385092e+02
2.388261e+02
2.392685e+02
2.398336e+02
2.405175e+02
2.413154e+02
2.422221e+02
2.432305e+02
2.443315e+02
2.455142e+02
2.467664e+02
2.480748e+02
2.494241e+02
2.507960e+02
2.521714e+02
2.535306e+02
2.548519e+02
2.561132e+02
2.572924e+02
2.583688e+02
2.593221e+02
2.601333e+02
2.607858e+02
2.612661e+02
2.615647e+02
2.616764e+02
2.615987e+02
2.613326e+02
2.608837e+02
2.602628e+02
2.594834e+02
2.585605e+02
2.575108e+02
2.563538e+02
2.551105e+02
2.538022e+02
2.524484e+02
2.510672e+02
2.496770e+02
2.482942e+02
2.469337e+02
2.456075e+02
2.443257e+02
2.430965e+02
2.419264e+02
2.408204e+02
2.397818e+02
2.388125e+02
2.379128e+02
2.370823e+02
2.363201e+02
2.356247e+02
2.349941e+02
2.344254e+02
2.339155e+02
2.334615e+02
2.330601e+02
2.327084e+02
2.324031e+02
2.321411e+02
2.319196e+02
2.317359e+02
2.315867e+02
2.314694e+02
2.313818e+02
2.313220e+02
2.312876e+02
2.312762e+02
2.312857e+02
2.313147e+02
2.313619e+02
2.314256e+02
2.315043e+02
2.315966e+02
2.317015e+02
2.318179e+02
2.319453e+02
2.320825e+02
2.322288e+02
2.323831e+02
2.325450e+02
2.327142e+02
2.328900e+02
2.330719e+02
2.332591e+02
2.334512e+02
2.336477e+02
2.338486e+02
2.340536e+02
2.342622e+02
2.344741e+02
2.346889e+02
2.349065e+02
2.351269e+02
2.353499e+02
2.355752e+02
2.358026e+02
2.360318e+02
2.362631e+02
2.364965e+02
2.367316e+02
2.369680e+02
2.372053e+02
2.374439e+02
2.376839e+02
2.379254e+02
2.381680e+02
2.384109e+02
2.386544e+02
2.388985e+02
2.391434e+02
2.393890e+02
2.396349e+02
2.398811e+02
2.401280e+02
2.403758e+02
2.406240e+02
2.408720e+02
2.411198e+02
2.413679e+02
2.416163e+02
2.418649e+02
2.421134e+02
2.423615e+02
2.426094e+02
2.428575e+02
2.431052e+02
2.433523e+02
2.435988e+02
2.438451e+02
2.440912e+02
2.443371e+02
2.445824e+02
2.448271e+02
2.450714e+02
2.453156e+02
2.455590e+02
2.458011e+02
2.460423e+02
2.462829e+02
2.465230e+02
2.467621e+02
2.470000e+02
2.472368e+02
2.474726e+02
2.477072e+02
2.479403e+02
2.481718e+02
2.484024e+02
2.486320e+02
2.488602e+02
2.490866e+02
2.493111e+02
2.495341e+02
2.497556e+02
2.499751e+02
2.501923e+02
2.504072e+02
2.506203e+02
2.508313e+02
2.510401e+02
2.512464e+02
2.514503e+02
2.516517e+02
2.518506e+02
2.520471e+02
2.522413e+02
2.524331e+02
2.526219e+02
2.528075e+02
2.529902e+02
2.531704e+02
2.533477e+02
2.535219e+02
2.536928e+02
2.538606e+02
2.540253e+02
2.541867e+02
2.543448e+02
2.545000e+02
2.546521e+02
2.548008e+02
2.549464e+02
2.550888e+02
2.552281e+02
2.553639e+02
2.554963e+02
2.556255e+02
2.557516e+02
2.558744e+02
2.559936e+02
2.561093e+02
2.562217e+02
2.563309e+02
2.564369e+02
2.565399e+02
2.566398e+02
2.567363e+02
2.568293e+02
2.569190e+02
2.570060e+02
2.570903e+02
2.571716e+02
2.572498e+02
2.573251e+02
2.573973e+02
2.574663e+02
2.575322e+02
2.575954e+02
2.576563e+02
2.577146e+02
2.577700e+02
2.578225e+02
2.578722e+02
2.579196e+02
2.579650e+02
2.580085e+02
2.580495e+02
2.580880e+02
2.581241e+02
2.581580e+02
2.581897e+02
2.582196e+02
2.582481e+02
2.582749e+02
2.582995e+02
2.583220e+02
2.583426e+02
2.583619e+02
2.583800e+02
2.583969e+02
2.584127e+02
2.584268e+02
2.584390e+02
2.584499e+02
2.584605e+02
2.584701e+02
2.584787e+02
2.584859e+02
2.584921e+02
2.584970e+02
2.585006e+02
2.585038e+02
2.585068e+02
2.585093e+02
2.585109e+02
2.585114e+02
2.585109e+02
2.585099e+02
2.585093e+02
2.585086e+02
2.585065e+02
2.585034e+02
2.584995e+02
2.584954e+02
2.584911e+02
2.584869e+02
2.584824e+02
2.584769e+02
2.584706e+02
2.584637e+02
2.584568e+02
2.584497e+02
2.584430e+02
2.584361e+02
2.584283e+02
2.584196e+02
2.584111e+02
2.584031e+02
2.583953e+02
2.583872e+02
2.583780e+02
2.583678e+02
2.583577e+02
2.583483e+02
2.583391e+02
2.583299e+02
2.583201e+02
2.583102e+02
2.582999e+02
2.582898e+02
2.582801e+02
2.582703e+02
2.582605e+02
2.582498e+02
2.582394e+02
2.582292e+02
2.582198e+02
2.582105e+02
2.582006e+02
2.581898e+02
2.581787e+02
2.581683e+02
2.581585e+02
2.581491e+02
2.581396e+02
2.581292e+02
2.581185e+02
2.581085e+02
2.580990e+02
2.580897e+02
2.580792e+02
2.580682e+02
2.580570e+02
2.580468e+02
2.580377e+02
2.580285e+02
2.580189e+02
2.580077e+02
2.579965e+02
2.579860e+02
2.579767e+02
2.579674e+02
2.579576e+02
2.579476e+02
2.579379e+02
2.579288e+02
2.579204e+02
2.579114e+02
2.579016e+02
2.578921e+02
2.578835e+02
2.578770e+02
2.578708e+02
2.578651e+02
2.578585e+02
2.578527e+02
2.578488e+02
2.578469e+02
2.578470e+02
2.578475e+02
2.578503e+02
2.578554e+02
2.578645e+02
2.578772e+02
2.578926e+02
2.579113e+02
2.579356e+02
2.579677e+02
2.580087e+02
2.580584e+02
2.581173e+02
2.581873e+02
2.582716e+02
2.583753e+02
2.584998e+02
2.586481e+02
2.588231e+02
2.590302e+02
2.592771e+02
2.595710e+02
2.599198e+02
2.603297e+02
2.608132e+02
2.613848e+02
2.620600e+02
2.628566e+02
2.637928e+02
2.648923e+02
2.661819e+02
2.676950e+02
2.694675e+02
2.715383e+02
2.739513e+02
2.767577e+02
2.800121e+02
2.837736e+02
2.881021e+02
2.930586e+02
2.987055e+02
3.051005e+02
3.122947e+02
3.203177e+02
3.291864e+02
3.388951e+02
3.494106e+02
3.606731e+02
3.725802e+02
3.849841e+02
3.977337e+02
4.106238e+02
4.234361e+02
4.359760e+02
4.479609e+02
4.591796e+02
4.694219e+02
4.784407e+02
4.860894e+02
4.922012e+02
4.966220e+02
4.993014e+02
5.001420e+02
4.991268e+02
4.962858e+02
4.916336e+02
4.852767e+02
4.773253e+02
4.679303e+02
4.572702e+02
4.455531e+02
4.330083e+02
4.198794e+02
4.064172e+02
3.928664e+02
3.794612e+02
3.664143e+02
3.539099e+02
3.420965e+02
3.310842e+02
3.209467e+02
3.117231e+02
3.034216e+02
2.960233e+02
2.894880e+02
2.837602e+02
2.787746e+02
2.744606e+02
2.707468e+02
2.675636e+02
2.648451e+02
2.625306e+02
2.605652e+02
2.588997e+02
2.574909e+02
2.563011e+02
2.552973e+02
2.544515e+02
2.537393e+02
2.531401e+02
2.526362e+02
2.522127e+02
2.518569e+02
2.515581e+02
2.513072e+02
2.510967e+02
2.509200e+02
2.507717e+02
2.506473e+02
2.505430e+02
2.504556e+02
2.503822e+02
2.503207e+02
2.502692e+02
2.502260e+02
2.501899e+02
2.501596e+02
2.501343e+02
2.501131e+02
2.500954e+02
2.500807e+02
2.500685e+02
2.500583e+02
2.500500e+02
2.500432e+02
2.500378e+02
2.500334e+02
2.500301e+02
2.500277e+02
2.500262e+02
2.500254e+02
