2.500590e+02
2.495497e+02
2.498789e+02
2.509541e+02
2.512117e+02
2.500370e+02
2.487461e+02
2.487473e+02
2.498757e+02
2.510773e+02
2.516514e+02
2.514668e+02
2.506219e+02
2.493721e+02
2.482723e+02
2.479570e+02
2.486761e+02
2.500919e+02
2.515828e+02
2.524964e+02
2.524069e+02
2.513326e+02
2.497220e+02
2.482536e+02
2.475881e+02
2.479965e+02
2.491977e+02
2.505874e+02
2.516071e+02
2.519474e+02
2.515970e+02
2.508308e+02
2.500096e+02
2.493488e+02
2.489498e+02
2.488560e+02
2.491226e+02
2.498105e+02
2.507301e+02
2.513717e+02
2.513258e+02
2.506513e+02
2.497879e+02
2.491698e+02
2.489630e+02
2.491271e+02
2.495900e+02
2.502777e+02
2.510219e+02
2.515519e+02
2.516431e+02
2.512437e+02
2.504590e+02
2.494849e+02
2.485768e+02
2.480020e+02
2.479497e+02
2.484605e+02
2.494279e+02
2.506362e+02
2.517998e+02
2.526216e+02
2.528822e+02
2.525007e+02
2.515417e+02
2.502004e+02
2.487705e+02
2.475731e+02
2.468741e+02
2.468314e+02
2.474700e+02
2.486768e+02
2.502146e+02
2.517690e+02
2.530214e+02
2.537124e+02
2.536929e+02
2.529604e+02
2.516567e+02
2.500357e+02
2.484087e+02
2.470803e+02
2.462962e+02
2.461993e+02
2.468032e+02
2.479955e+02
2.495633e+02
2.512254e+02
2.526833e+02
2.536776e+02
2.540363e+02
2.537057e+02
2.527553e+02
2.513612e+02
2.497722e+02
2.482615e+02
2.470771e+02
2.464036e+02
2.463357e+02
2.468675e+02
2.478978e+02
2.492513e+02
2.507033e+02
2.520191e+02
2.529924e+02
2.534790e+02
2.534189e+02
2.528448e+02
2.518690e+02
2.506602e+02
2.494163e+02
2.483295e+02
2.475553e+02
2.471935e+02
2.472767e+02
2.477687e+02
2.485741e+02
2.495574e+02
2.505609e+02
2.514337e+02
2.520515e+02
2.523364e+02
2.522665e+02
2.518770e+02
2.512502e+02
2.504989e+02
2.497471e+02
2.491110e+02
2.486798e+02
2.485050e+02
2.485962e+02
2.489198e+02
2.494078e+02
2.499695e+02
2.505073e+02
2.509315e+02
2.511745e+02
2.512015e+02
2.510148e+02
2.506529e+02
2.501831e+02
2.496888e+02
2.492571e+02
2.489651e+02
2.488674e+02
2.489889e+02
2.493212e+02
2.498208e+02
2.504155e+02
2.510171e+02
2.515333e+02
2.518776e+02
2.519846e+02
2.518222e+02
2.513958e+02
2.507454e+02
2.499444e+02
2.490920e+02
2.482971e+02
2.476641e+02
2.472821e+02
2.472159e+02
2.474933e+02
2.480998e+02
2.489841e+02
2.500609e+02
2.512143e+02
2.523118e+02
2.532237e+02
2.538371e+02
2.540661e+02
2.538649e+02
2.532372e+02
2.522374e+02
2.509594e+02
2.495280e+02
2.480889e+02
2.467925e+02
2.457735e+02
2.451390e+02
2.449638e+02
2.452826e+02
2.460803e+02
2.472942e+02
2.488240e+02
2.505352e+02
2.522671e+02
2.538504e+02
2.551243e+02
2.559567e+02
2.562538e+02
2.559708e+02
2.551223e+02
2.537814e+02
2.520666e+02
2.501289e+02
2.481398e+02
2.462750e+02
2.446992e+02
2.435478e+02
2.429187e+02
2.428732e+02
2.434281e+02
2.445482e+02
2.461515e+02
2.481182e+02
2.502960e+02
2.525068e+02
2.545617e+02
2.562804e+02
2.575084e+02
2.581327e+02
2.580897e+02
2.573736e+02
2.560411e+02
2.542049e+02
2.520148e+02
2.496463e+02
2.472842e+02
2.451099e+02
2.432871e+02
2.419465e+02
2.411798e+02
2.410444e+02
2.415588e+02
2.426928e+02
2.443705e+02
2.464829e+02
2.488904e+02
2.514232e+02
2.538923e+02
2.561112e+02
2.579082e+02
2.591400e+02
2.597051e+02
2.595551e+02
2.586993e+02
2.572040e+02
2.551844e+02
2.527911e+02
2.501992e+02
2.475926e+02
2.451438e+02
2.430102e+02
2.413273e+02
2.401946e+02
2.396730e+02
2.397934e+02
2.405548e+02
2.419160e+02
2.437963e+02
2.460864e+02
2.486530e+02
2.513392e+02
2.539707e+02
2.563712e+02
2.583751e+02
2.598440e+02
2.606754e+02
2.608086e+02
2.602315e+02
2.589866e+02
2.571667e+02
2.548986e+02
2.523303e+02
2.496280e+02
2.469601e+02
2.444804e+02
2.423236e+02
2.406037e+02
2.394062e+02
2.387844e+02
2.387657e+02
2.393526e+02
2.405172e+02
2.422008e+02
2.443189e+02
2.467652e+02
2.494121e+02
2.521147e+02
2.547200e+02
2.570744e+02
2.590336e+02
2.604772e+02
2.613182e+02
2.615056e+02
2.610271e+02
2.599140e+02
2.582422e+02
2.561207e+02
2.536761e+02
2.510481e+02
2.483842e+02
2.458252e+02
2.434929e+02
2.414943e+02
2.399170e+02
2.388241e+02
2.382536e+02
2.382253e+02
2.387408e+02
2.397776e+02
2.412887e+02
2.432099e+02
2.454606e+02
2.479426e+02
2.505369e+02
2.531182e+02
2.555606e+02
2.577398e+02
2.595354e+02
2.608491e+02
2.616138e+02
2.617934e+02
2.613780e+02
2.603893e+02
2.588889e+02
2.569696e+02
2.547357e+02
2.522968e+02
2.497723e+02
2.472852e+02
2.449458e+02
2.428443e+02
2.410562e+02
2.396466e+02
2.386646e+02
2.381374e+02
2.380738e+02
2.384729e+02
2.393227e+02
2.405937e+02
2.422364e+02
2.441875e+02
2.463779e+02
2.487274e+02
2.511401e+02
2.535101e+02
2.557361e+02
2.577226e+02
2.593795e+02
2.606265e+02
2.614046e+02
2.616819e+02
2.614518e+02
2.607280e+02
2.595466e+02
2.579696e+02
2.560789e+02
2.539642e+02
2.517152e+02
2.494254e+02
2.471848e+02
2.450778e+02
2.431752e+02
2.415346e+02
2.402008e+02
2.392094e+02
2.385860e+02
2.383430e+02
2.384807e+02
2.389902e+02
2.398560e+02
2.410542e+02
2.425476e+02
2.442870e+02
2.462174e+02
2.482809e+02
2.504084e+02
2.525239e+02
2.545486e+02
2.564089e+02
2.580352e+02
2.593646e+02
2.603437e+02
2.609345e+02
2.611170e+02
2.608894e+02
2.602652e+02
2.592731e+02
2.579585e+02
2.563799e+02
2.546029e+02
2.526947e+02
2.507239e+02
2.487585e+02
2.468624e+02
2.450903e+02
2.434898e+02
2.421007e+02
2.409545e+02
2.400739e+02
2.394743e+02
2.391645e+02
2.391479e+02
2.394207e+02
2.399721e+02
2.407865e+02
2.418439e+02
2.431181e+02
2.445762e+02
2.461787e+02
2.478831e+02
2.496442e+02
2.514120e+02
2.531340e+02
2.547580e+02
2.562329e+02
2.575136e+02
2.585607e+02
2.593410e+02
2.598293e+02
2.600119e+02
2.598884e+02
2.594680e+02
2.587689e+02
2.578186e+02
2.566530e+02
2.553146e+02
2.538498e+02
2.523042e+02
2.507225e+02
2.491493e+02
2.476272e+02
2.461917e+02
2.448739e+02
2.437002e+02
2.426916e+02
2.418647e+02
2.412314e+02
2.407986e+02
2.405695e+02
2.405446e+02
2.407204e+02
2.410900e+02
2.416425e+02
2.423659e+02
2.432451e+02
2.442611e+02
2.453919e+02
2.466133e+02
2.478991e+02
2.492213e+02
2.505503e+02
2.518540e+02
2.531028e+02
2.542672e+02
2.553184e+02
2.562310e+02
2.569835e+02
2.575586e+02
2.579438e+02
2.581319e+02
2.581211e+02
2.579159e+02
2.575263e+02
2.569670e+02
2.562565e+02
2.554164e+02
2.544715e+02
2.534483e+02
2.523731e+02
2.512717e+02
2.501691e+02
2.490882e+02
2.480510e+02
2.470757e+02
2.461780e+02
2.453717e+02
2.446672e+02
2.440723e+02
2.435928e+02
2.432324e+02
2.429928e+02
2.428736e+02
2.428726e+02
2.429863e+02
2.432098e+02
2.435368e+02
2.439598e+02
2.444701e+02
2.450577e+02
2.457123e+02
2.464224e+02
2.471750e+02
2.479573e+02
2.487562e+02
2.495574e+02
2.503475e+02
2.511132e+02
2.518411e+02
2.525189e+02
2.531358e+02
2.536817e+02
2.541483e+02
2.545292e+02
2.548195e+02
2.550163e+02
2.551188e+02
2.551282e+02
2.550480e+02
2.548825e+02
2.546383e+02
2.543235e+02
2.539465e+02
2.535171e+02
2.530456e+02
2.525419e+02
2.520162e+02
2.514795e+02
2.509408e+02
2.504086e+02
2.498917e+02
2.493972e+02
2.489313e+02
2.484996e+02
2.481063e+02
2.477548e+02
2.474477e+02
2.471865e+02
2.469718e+02
2.468038e+02
2.466815e+02
2.466040e+02
2.465694e+02
2.465748e+02
2.466179e+02
2.466958e+02
2.468044e+02
2.469404e+02
2.471005e+02
2.472802e+02
2.474757e+02
2.476836e+02
2.478996e+02
2.481200e+02
2.483418e+02
2.485612e+02
2.487752e+02
2.489812e+02
2.491767e+02
2.493597e+02
2.495287e+02
2.496820e+02
2.498192e+02
2.499395e+02
2.500426e+02
2.501293e+02
2.502000e+02
2.502551e+02
2.502964e+02
2.503254e+02
2.503429e+02
2.503512e+02
2.503528e+02
2.503487e+02
2.503410e+02
2.503321e+02
2.503236e+02
2.503173e+02
2.503151e+02
2.503184e+02
2.503287e+02
2.503468e+02
2.503739e+02
2.504107e+02
2.504573e+02
2.505138e+02
2.505807e+02
2.506571e+02
2.507420e+02
2.508353e+02
2.509358e+02
2.510416e+02
2.511517e+02
2.512645e+02
2.513781e+02
2.514905e+02
2.516003e+02
2.517050e+02
2.518025e+02
2.518911e+02
2.519690e+02
2.520341e+02
2.520846e+02
2.521189e+02
2.521357e+02
2.521335e+02
2.521112e+02
2.520684e+02
2.520044e+02
2.519182e+02
2.518105e+02
2.516815e+02
2.515310e+02
2.513599e+02
2.511695e+02
2.509603e+02
2.507337e+02
2.504913e+02
2.502345e+02
2.499649e+02
2.496842e+02
2.493942e+02
2.490967e+02
2.487935e+02
2.484863e+02
2.481772e+02
2.478675e+02
2.475585e+02
2.472523e+02
2.469505e+02
2.466539e+02
2.463638e+02
2.460818e+02
2.458086e+02
2.455445e+02
2.452912e+02
2.450491e+02
2.448185e+02
2.445999e+02
2.443939e+02
2.442008e+02
2.440206e+02
2.438536e+02
2.436997e+02
2.435591e+02
2.434315e+02
2.433170e+02
2.432157e+02
2.431268e+02
2.430499e+02
2.429856e+02
2.429333e+02
2.428921e+02
2.428620e+02
2.428432e+02
2.428347e+02
2.428359e+02
2.428473e+02
2.428683e+02
2.428983e+02
2.429371e+02
2.429843e+02
2.430398e+02
2.431030e+02
2.431736e+02
2.432515e+02
2.433362e+02
2.434272e+02
2.435244e+02
2.436279e+02
2.437368e+02
2.438505e+02
2.439696e+02
2.440937e+02
2.442217e+02
2.443540e+02
2.444907e+02
2.446309e+02
2.447744e+02
2.449214e+02
2.450717e+02
2.452247e+02
2.453804e+02
2.455388e+02
2.456995e+02
2.458621e+02
2.460264e+02
2.461927e+02
2.463609e+02
2.465300e+02
2.467002e+02
2.468719e+02
2.470444e+02
2.472172e+02
2.473909e+02
2.475654e+02
2.477397e+02
2.479140e+02
2.480888e+02
2.482634e+02
2.484375e+02
2.486113e+02
2.487850e+02
2.489580e+02
2.491300e+02
2.493012e+02
2.494717e+02
2.496415e+02
2.498098e+02
2.499769e+02
2.501432e+02
2.503077e+02
2.504704e+02
2.506321e+02
2.507921e+02
2.509498e+02
2.511055e+02
2.512599e+02
2.514121e+02
2.515619e+02
2.517096e+02
2.518552e+02
2.519986e+02
2.521395e+02
2.522782e+02
2.524145e+02
2.525482e+02
2.526792e+02
2.528080e+02
2.529345e+02
2.530580e+02
2.531784e+02
2.532965e+02
2.534119e+02
2.535239e+02
2.536333e+02
2.537402e+02
2.538440e+02
2.539445e+02
2.540425e+02
2.541379e+02
2.542301e+02
2.543195e+02
2.544062e+02
2.544903e+02
2.545716e+02
2.546499e+02
2.547257e+02
2.547992e+02
2.548696e+02
2.549372e+02
2.550028e+02
2.550659e+02
2.551259e+02
2.551835e+02
2.552393e+02
2.552925e+02
2.553429e+02
2.553915e+02
2.554381e+02
2.554823e+02
2.555241e+02
2.555642e+02
2.556024e+02
2.556385e+02
2.556725e+02
2.557050e+02
2.557361e+02
2.557651e+02
2.557922e+02
2.558182e+02
2.558428e+02
2.558653e+02
2.558862e+02
2.559064e+02
2.559252e+02
2.559420e+02
2.559577e+02
2.559725e+02
2.559858e+02
2.559975e+02
2.560086e+02
2.560187e+02
2.560276e+02
2.560352e+02
2.560420e+02
2.560485e+02
2.560541e+02
2.560584e+02
2.560622e+02
2.560656e+02
2.560681e+02
2.560695e+02
2.560708e+02
2.560719e+02
2.560716e+02
2.560706e+02
2.560697e+02
2.560684e+02
2.560661e+02
2.560633e+02
2.560606e+02
2.560575e+02
2.560539e+02
2.560498e+02
2.560459e+02
2.560417e+02
2.560371e+02
2.560322e+02
2.560277e+02
2.560230e+02
2.560172e+02
2.560113e+02
2.560061e+02
2.560008e+02
2.559945e+02
2.559882e+02
2.559823e+02
2.559760e+02
2.559691e+02
2.559625e+02
2.559560e+02
2.559493e+02
2.559422e+02
2.559352e+02
2.559284e+02
2.559214e+02
2.559141e+02
2.559068e+02
2.559004e+02
2.558937e+02
2.558862e+02
2.558790e+02
2.558727e+02
2.558662e+02
2.558592e+02
2.558527e+02
2.558470e+02
2.558411e+02
2.558351e+02
2.558296e+02
2.558250e+02
2.558207e+02
2.558167e+02
2.558138e+02
2.558122e+02
2.558114e+02
2.558114e+02
2.558132e+02
2.558172e+02
2.558232e+02
2.558306e+02
2.558414e+02
2.558562e+02
2.558742e+02
2.558957e+02
2.559226e+02
2.559561e+02
2.559966e+02
2.560445e+02
2.561021e+02
2.561712e+02
2.562531e+02
2.563498e+02
2.564646e+02
2.566006e+02
2.567611e+02
2.569491e+02
2.571701e+02
2.574302e+02
2.577356e+02
2.580932e+02
2.585117e+02
2.590021e+02
2.595750e+02
2.602431e+02
2.610233e+02
2.619336e+02
2.629935e+02
2.642251e+02
2.656551e+02
2.673134e+02
2.692324e+02
2.714475e+02
2.739987e+02
2.769283e+02
2.802804e+02
2.841000e+02
2.884324e+02
2.933230e+02
2.988093e+02
3.049208e+02
3.116774e+02
3.190847e+02
3.271289e+02
3.357729e+02
3.449563e+02
3.545915e+02
3.645601e+02
3.747197e+02
3.849103e+02
3.949524e+02
4.046553e+02
4.138197e+02
4.222492e+02
4.297607e+02
4.361809e+02
4.413596e+02
4.451783e+02
4.475465e+02
4.483895e+02
4.476940e+02
4.454674e+02
4.417424e+02
4.366101e+02
4.301772e+02
4.225819e+02
4.139890e+02
4.045825e+02
3.945607e+02
3.841293e+02
3.734920e+02
3.628429e+02
3.523617e+02
3.422062e+02
3.325079e+02
3.233685e+02
3.148611e+02
3.070319e+02
2.999021e+02
2.934710e+02
2.877197e+02
2.826156e+02
2.781164e+02
2.741737e+02
2.707364e+02
2.677530e+02
2.651732e+02
2.629497e+02
2.610386e+02
2.593998e+02
2.579973e+02
2.567990e+02
2.557766e+02
2.549053e+02
2.541635e+02
2.535326e+02
2.529963e+02
2.525407e+02
2.521539e+02
2.518257e+02
2.515472e+02
2.513110e+02
2.511107e+02
2.509410e+02
2.507971e+02
2.506752e+02
2.505719e+02
2.504844e+02
2.504103e+02
2.503475e+02
2.502944e+02
2.502493e+02
2.502112e+02
2.501789e+02
2.501516e+02
2.501285e+02
2.501089e+02
2.500923e+02
2.500782e+02
2.500664e+02
2.500563e+02
2.500478e+02
2.500406e+02
2.500345e+02
2.500293e+02
2.500249e+02
2.500212e+02
2.500181e+02
2.500154e+02
2.500132e+02
2.500113e+02
2.500097e+02
2.500083e+02
2.500072e+02
2.500062e+02
2.500054e+02
2.500047e+02
2.500041e+02
2.500036e+02
2.500032e+02
2.500028e+02
2.500025e+02
2.500023e+02
2.500021e+02
2.500019e+02
2.500017e+02
2.500016e+02
2.500015e+02
2.500014e+02
2.500013e+02
2.500012e+02
2.500012e+02
2.500011e+02
2.500011e+02
2.500011e+02
2.500010e+02
2.500010e+02
2.500010e+02
2.500010e+02
2.500010e+02
2.500010e+02
2.500009e+02
2.500009e+02
2.500009e+02
2.500009e+02
2.500009e+02
2.500009e+02
