Warning in MPI_GetValue...retrieved default value of outputuservar=0.00 which was not specified in L100Nx64/suntans.dat.
Warning in MPI_GetValue...retrieved default value of ntoutStore=0.00 which was not specified in L100Nx64/suntans.dat.
Warning in MPI_GetValue...retrieved default value of TVDsalt=4.00 which was not specified in L100Nx64/suntans.dat.
Warning in MPI_GetValue...retrieved default value of TVDtemp=4.00 which was not specified in L100Nx64/suntans.dat.
Warning in MPI_GetValue...retrieved default value of TVDturb=0.00 which was not specified in L100Nx64/suntans.dat.
Warning in MPI_GetValue...retrieved default value of TVDmomentum=3.00 which was not specified in L100Nx64/suntans.dat.
Warning in MPI_GetValue...retrieved default value of conserveMomentum=1.00 which was not specified in L100Nx64/suntans.dat.
Warning in MPI_GetValue...retrieved default value of thetaM=-1.00 which was not specified in L100Nx64/suntans.dat.
Warning in MPI_GetValue...retrieved default value of mergeArrays=1.00 which was not specified in L100Nx64/suntans.dat.
Warning in MPI_GetValue...retrieved default value of calcage=0.00 which was not specified in L100Nx64/suntans.dat.
Warning in MPI_GetValue...retrieved default value of agemethod=1.00 which was not specified in L100Nx64/suntans.dat.
Warning in MPI_GetValue...retrieved default value of calcaverage=0.00 which was not specified in L100Nx64/suntans.dat.
Warning in MPI_GetValue...retrieved default value of latitude=29.00 which was not specified in L100Nx64/suntans.dat.
Warning in MPI_GetValue...retrieved default value of gmtoffset=0.00 which was not specified in L100Nx64/suntans.dat.
Warning in MPI_GetValue...retrieved default value of metmodel=0.00 which was not specified in L100Nx64/suntans.dat.
Warning in MPI_GetValue...retrieved default value of varmodel=1.00 which was not specified in L100Nx64/suntans.dat.
Warning in MPI_GetValue...retrieved default value of nugget=0.10 which was not specified in L100Nx64/suntans.dat.
Warning in MPI_GetValue...retrieved default value of sill=0.90 which was not specified in L100Nx64/suntans.dat.
Warning in MPI_GetValue...retrieved default value of range=100000.00 which was not specified in L100Nx64/suntans.dat.
Warning in MPI_GetValue...retrieved default value of outputNetcdf=0.00 which was not specified in L100Nx64/suntans.dat.
Warning in MPI_GetValue...retrieved default value of netcdfBdy=0.00 which was not specified in L100Nx64/suntans.dat.
Warning in MPI_GetValue...retrieved default value of readinitialnc=0.00 which was not specified in L100Nx64/suntans.dat.
Warning in MPI_GetValue...retrieved default value of Lsw=2.00 which was not specified in L100Nx64/suntans.dat.
Warning in MPI_GetValue...retrieved default value of Cda=1100.00 which was not specified in L100Nx64/suntans.dat.
Warning in MPI_GetValue...retrieved default value of Ce=1400.00 which was not specified in L100Nx64/suntans.dat.
Warning in MPI_GetValue...retrieved default value of Ch=1400.00 which was not specified in L100Nx64/suntans.dat.
Warning in MPI_GetValue...retrieved default value of hprecond=1.00 which was not specified in L100Nx64/suntans.dat.
Warning in MPI_GetValue...retrieved default value of prettyplot=0.00 which was not specified in L100Nx64/suntans.dat.
Warning in MPI_GetValue...retrieved default value of linearFS=0.00 which was not specified in L100Nx64/suntans.dat.
Warning in MPI_GetValue...retrieved default value of fixdzz=1.00 which was not specified in L100Nx64/suntans.dat.
Warning in MPI_GetValue...retrieved default value of smoothbot=0.00 which was not specified in L100Nx64/suntans.dat.
Warning in MPI_GetValue...retrieved default value of dJdtmeth=0.00 which was not specified in L100Nx64/suntans.dat.
Warning in MPI_GetValue...retrieved default value of thetaT=1.00 which was not specified in L100Nx64/suntans.dat.
1.1491210312e+08
Outputting data at step 1 of 20000
1.1491210312e+08
1.1491210313e+08
1.1491210314e+08
1.1491210315e+08
1.1491210316e+08
1.1491210317e+08
1.1491210319e+08
1.1491210320e+08
1.1491210322e+08
1.1491210324e+08
1.1491210327e+08
1.1491210329e+08
1.1491210332e+08
1.1491210335e+08
1.1491210338e+08
1.1491210341e+08
1.1491210345e+08
1.1491210348e+08
1.1491210352e+08
1.1491210357e+08
1.1491210361e+08
1.1491210365e+08
1.1491210370e+08
1.1491210375e+08
1.1491210380e+08
1.1491210385e+08
1.1491210391e+08
1.1491210397e+08
1.1491210402e+08
1.1491210409e+08
1.1491210415e+08
1.1491210421e+08
1.1491210428e+08
1.1491210435e+08
1.1491210442e+08
1.1491210449e+08
1.1491210457e+08
1.1491210464e+08
1.1491210472e+08
1.1491210480e+08
1.1491210488e+08
1.1491210497e+08
1.1491210505e+08
1.1491210514e+08
1.1491210523e+08
1.1491210532e+08
1.1491210542e+08
1.1491210551e+08
1.1491210561e+08
1.1491210571e+08
1.1491210581e+08
1.1491210592e+08
1.1491210602e+08
1.1491210613e+08
1.1491210624e+08
1.1491210635e+08
1.1491210646e+08
1.1491210658e+08
1.1491210669e+08
1.1491210681e+08
1.1491210693e+08
1.1491210705e+08
1.1491210718e+08
1.1491210731e+08
1.1491210743e+08
1.1491210756e+08
1.1491210770e+08
1.1491210783e+08
1.1491210796e+08
1.1491210810e+08
1.1491210824e+08
1.1491210838e+08
1.1491210853e+08
1.1491210867e+08
1.1491210882e+08
1.1491210897e+08
1.1491210912e+08
1.1491210927e+08
1.1491210943e+08
1.1491210958e+08
1.1491210974e+08
1.1491210990e+08
1.1491211006e+08
1.1491211023e+08
1.1491211039e+08
1.1491211056e+08
1.1491211073e+08
1.1491211090e+08
1.1491211107e+08
1.1491211124e+08
1.1491211142e+08
1.1491211160e+08
1.1491211178e+08
1.1491211196e+08
1.1491211214e+08
1.1491211233e+08
1.1491211251e+08
1.1491211270e+08
1.1491211289e+08
1.1491211308e+08
1.1491211328e+08
1.1491211347e+08
1.1491211367e+08
1.1491211387e+08
1.1491211407e+08
1.1491211427e+08
1.1491211447e+08
1.1491211468e+08
1.1491211488e+08
1.1491211509e+08
1.1491211530e+08
1.1491211551e+08
1.1491211573e+08
1.1491211594e+08
1.1491211616e+08
1.1491211637e+08
1.1491211659e+08
1.1491211682e+08
1.1491211704e+08
1.1491211726e+08
1.1491211749e+08
1.1491211772e+08
1.1491211794e+08
1.1491211817e+08
1.1491211841e+08
1.1491211864e+08
1.1491211888e+08
1.1491211911e+08
1.1491211935e+08
1.1491211959e+08
1.1491211983e+08
1.1491212007e+08
1.1491212032e+08
1.1491212056e+08
1.1491212081e+08
1.1491212106e+08
1.1491212131e+08
1.1491212156e+08
1.1491212182e+08
1.1491212207e+08
1.1491212233e+08
1.1491212259e+08
1.1491212284e+08
1.1491212311e+08
1.1491212337e+08
1.1491212363e+08
1.1491212390e+08
1.1491212416e+08
1.1491212443e+08
1.1491212470e+08
1.1491212497e+08
1.1491212524e+08
1.1491212551e+08
1.1491212579e+08
1.1491212606e+08
1.1491212634e+08
1.1491212662e+08
1.1491212690e+08
1.1491212718e+08
1.1491212746e+08
1.1491212775e+08
1.1491212803e+08
1.1491212832e+08
1.1491212861e+08
1.1491212890e+08
1.1491212919e+08
1.1491212948e+08
1.1491212977e+08
1.1491213006e+08
1.1491213036e+08
1.1491213065e+08
1.1491213095e+08
1.1491213125e+08
1.1491213155e+08
1.1491213185e+08
1.1491213215e+08
1.1491213246e+08
1.1491213276e+08
1.1491213306e+08
1.1491213337e+08
1.1491213368e+08
1.1491213399e+08
1.1491213430e+08
1.1491213461e+08
1.1491213492e+08
1.1491213523e+08
1.1491213554e+08
1.1491213586e+08
1.1491213618e+08
1.1491213649e+08
1.1491213681e+08
1.1491213713e+08
1.1491213745e+08
1.1491213777e+08
1.1491213809e+08
1.1491213841e+08
1.1491213874e+08
1.1491213906e+08
1.1491213938e+08
Outputting data at step 200 of 20000
1.1491213971e+08
1.1491214004e+08
1.1491214037e+08
1.1491214069e+08
1.1491214102e+08
1.1491214135e+08
1.1491214169e+08
1.1491214202e+08
1.1491214235e+08
1.1491214269e+08
1.1491214302e+08
1.1491214336e+08
1.1491214369e+08
1.1491214403e+08
1.1491214437e+08
1.1491214471e+08
1.1491214505e+08
1.1491214539e+08
1.1491214573e+08
1.1491214607e+08
1.1491214641e+08
1.1491214676e+08
1.1491214710e+08
1.1491214744e+08
1.1491214779e+08
1.1491214814e+08
1.1491214848e+08
1.1491214883e+08
1.1491214918e+08
1.1491214953e+08
1.1491214988e+08
1.1491215022e+08
1.1491215058e+08
1.1491215093e+08
1.1491215128e+08
1.1491215163e+08
1.1491215198e+08
1.1491215234e+08
1.1491215269e+08
1.1491215304e+08
1.1491215340e+08
1.1491215375e+08
1.1491215411e+08
1.1491215447e+08
1.1491215482e+08
1.1491215518e+08
1.1491215554e+08
1.1491215589e+08
1.1491215625e+08
1.1491215661e+08
1.1491215697e+08
1.1491215733e+08
1.1491215769e+08
1.1491215805e+08
1.1491215841e+08
1.1491215877e+08
1.1491215913e+08
1.1491215949e+08
1.1491215985e+08
1.1491216021e+08
1.1491216057e+08
1.1491216093e+08
1.1491216130e+08
1.1491216166e+08
1.1491216202e+08
1.1491216238e+08
1.1491216275e+08
1.1491216311e+08
1.1491216347e+08
1.1491216384e+08
1.1491216420e+08
1.1491216456e+08
1.1491216493e+08
1.1491216529e+08
1.1491216565e+08
1.1491216602e+08
1.1491216638e+08
1.1491216674e+08
1.1491216711e+08
1.1491216747e+08
1.1491216784e+08
1.1491216820e+08
1.1491216857e+08
1.1491216893e+08
1.1491216929e+08
1.1491216966e+08
1.1491217002e+08
1.1491217039e+08
1.1491217075e+08
1.1491217111e+08
1.1491217148e+08
1.1491217184e+08
1.1491217220e+08
1.1491217257e+08
1.1491217293e+08
1.1491217329e+08
1.1491217366e+08
1.1491217402e+08
1.1491217438e+08
1.1491217475e+08
1.1491217511e+08
1.1491217547e+08
1.1491217583e+08
1.1491217619e+08
1.1491217656e+08
1.1491217692e+08
1.1491217728e+08
1.1491217764e+08
1.1491217800e+08
1.1491217836e+08
1.1491217872e+08
1.1491217908e+08
1.1491217944e+08
1.1491217980e+08
1.1491218015e+08
1.1491218051e+08
1.1491218087e+08
1.1491218123e+08
1.1491218158e+08
1.1491218194e+08
1.1491218229e+08
1.1491218265e+08
1.1491218300e+08
1.1491218336e+08
1.1491218371e+08
1.1491218406e+08
1.1491218442e+08
1.1491218477e+08
1.1491218512e+08
1.1491218547e+08
1.1491218582e+08
1.1491218617e+08
1.1491218652e+08
1.1491218687e+08
1.1491218721e+08
1.1491218756e+08
1.1491218791e+08
1.1491218825e+08
1.1491218860e+08
1.1491218894e+08
1.1491218928e+08
1.1491218963e+08
1.1491218997e+08
1.1491219031e+08
1.1491219065e+08
1.1491219099e+08
1.1491219133e+08
1.1491219167e+08
1.1491219201e+08
1.1491219234e+08
1.1491219268e+08
1.1491219301e+08
1.1491219335e+08
1.1491219368e+08
1.1491219401e+08
1.1491219434e+08
1.1491219467e+08
1.1491219500e+08
1.1491219533e+08
1.1491219566e+08
1.1491219599e+08
1.1491219632e+08
1.1491219664e+08
1.1491219697e+08
1.1491219729e+08
1.1491219761e+08
1.1491219793e+08
1.1491219825e+08
1.1491219857e+08
1.1491219889e+08
1.1491219921e+08
1.1491219953e+08
1.1491219984e+08
1.1491220016e+08
1.1491220047e+08
1.1491220078e+08
1.1491220109e+08
1.1491220140e+08
1.1491220171e+08
1.1491220202e+08
1.1491220233e+08
1.1491220263e+08
1.1491220294e+08
1.1491220324e+08
1.1491220354e+08
1.1491220384e+08
1.1491220414e+08
1.1491220444e+08
1.1491220474e+08
1.1491220503e+08
1.1491220533e+08
1.1491220562e+08
1.1491220591e+08
1.1491220620e+08
1.1491220649e+08
1.1491220678e+08
1.1491220707e+08
1.1491220735e+08
1.1491220764e+08
1.1491220792e+08
Outputting data at step 400 of 20000
1.1491220820e+08
1.1491220848e+08
1.1491220876e+08
1.1491220904e+08
1.1491220931e+08
1.1491220959e+08
1.1491220986e+08
1.1491221013e+08
1.1491221040e+08
1.1491221067e+08
1.1491221094e+08
1.1491221121e+08
1.1491221147e+08
1.1491221173e+08
1.1491221199e+08
1.1491221225e+08
1.1491221251e+08
1.1491221277e+08
1.1491221302e+08
1.1491221328e+08
1.1491221353e+08
1.1491221378e+08
1.1491221403e+08
1.1491221428e+08
1.1491221452e+08
1.1491221477e+08
1.1491221501e+08
1.1491221525e+08
1.1491221549e+08
1.1491221573e+08
1.1491221596e+08
1.1491221620e+08
1.1491221643e+08
1.1491221666e+08
1.1491221689e+08
1.1491221712e+08
1.1491221735e+08
1.1491221757e+08
1.1491221779e+08
1.1491221802e+08
1.1491221824e+08
1.1491221845e+08
1.1491221867e+08
1.1491221888e+08
1.1491221910e+08
1.1491221931e+08
1.1491221952e+08
1.1491221973e+08
1.1491221993e+08
1.1491222014e+08
1.1491222034e+08
1.1491222054e+08
1.1491222074e+08
1.1491222093e+08
1.1491222113e+08
1.1491222132e+08
1.1491222151e+08
1.1491222170e+08
1.1491222189e+08
1.1491222208e+08
1.1491222226e+08
1.1491222245e+08
1.1491222263e+08
1.1491222281e+08
1.1491222298e+08
1.1491222316e+08
1.1491222333e+08
1.1491222350e+08
1.1491222367e+08
1.1491222384e+08
1.1491222401e+08
1.1491222417e+08
1.1491222433e+08
1.1491222449e+08
1.1491222465e+08
1.1491222481e+08
1.1491222496e+08
1.1491222511e+08
1.1491222526e+08
1.1491222541e+08
1.1491222556e+08
1.1491222570e+08
1.1491222585e+08
1.1491222599e+08
1.1491222613e+08
1.1491222626e+08
1.1491222640e+08
1.1491222653e+08
1.1491222666e+08
1.1491222679e+08
1.1491222692e+08
1.1491222705e+08
1.1491222717e+08
1.1491222729e+08
1.1491222741e+08
1.1491222753e+08
1.1491222764e+08
1.1491222776e+08
1.1491222787e+08
1.1491222798e+08
1.1491222809e+08
1.1491222819e+08
1.1491222830e+08
1.1491222840e+08
1.1491222850e+08
1.1491222860e+08
1.1491222869e+08
1.1491222879e+08
1.1491222888e+08
1.1491222897e+08
1.1491222906e+08
1.1491222914e+08
1.1491222923e+08
1.1491222931e+08
1.1491222939e+08
1.1491222947e+08
1.1491222954e+08
1.1491222962e+08
1.1491222969e+08
1.1491222976e+08
1.1491222983e+08
1.1491222989e+08
1.1491222996e+08
1.1491223002e+08
1.1491223008e+08
1.1491223014e+08
1.1491223019e+08
1.1491223025e+08
1.1491223030e+08
1.1491223035e+08
1.1491223040e+08
1.1491223044e+08
1.1491223049e+08
1.1491223053e+08
1.1491223057e+08
1.1491223060e+08
1.1491223064e+08
1.1491223067e+08
1.1491223070e+08
1.1491223073e+08
1.1491223076e+08
1.1491223079e+08
1.1491223081e+08
1.1491223083e+08
1.1491223086e+08
1.1491223088e+08
1.1491223090e+08
1.1491223092e+08
1.1491223094e+08
1.1491223096e+08
1.1491223098e+08
1.1491223100e+08
1.1491223102e+08
1.1491223104e+08
1.1491223107e+08
1.1491223109e+08
1.1491223111e+08
1.1491223114e+08
1.1491223116e+08
1.1491223119e+08
1.1491223121e+08
1.1491223124e+08
1.1491223127e+08
1.1491223130e+08
1.1491223133e+08
1.1491223137e+08
1.1491223140e+08
1.1491223144e+08
1.1491223148e+08
1.1491223152e+08
1.1491223156e+08
1.1491223161e+08
1.1491223165e+08
1.1491223170e+08
1.1491223175e+08
1.1491223180e+08
1.1491223186e+08
1.1491223191e+08
1.1491223197e+08
1.1491223203e+08
1.1491223209e+08
1.1491223215e+08
1.1491223222e+08
1.1491223229e+08
1.1491223235e+08
1.1491223243e+08
1.1491223250e+08
1.1491223257e+08
1.1491223265e+08
1.1491223273e+08
1.1491223281e+08
1.1491223289e+08
1.1491223297e+08
1.1491223306e+08
1.1491223315e+08
1.1491223323e+08
1.1491223333e+08
1.1491223342e+08
1.1491223351e+08
1.1491223361e+08
Outputting data at step 600 of 20000
1.1491223371e+08
1.1491223381e+08
1.1491223391e+08
1.1491223402e+08
1.1491223412e+08
1.1491223423e+08
1.1491223434e+08
1.1491223445e+08
1.1491223456e+08
1.1491223468e+08
1.1491223480e+08
1.1491223491e+08
1.1491223503e+08
1.1491223516e+08
1.1491223528e+08
1.1491223541e+08
1.1491223554e+08
1.1491223567e+08
1.1491223580e+08
1.1491223593e+08
1.1491223607e+08
1.1491223620e+08
1.1491223634e+08
1.1491223648e+08
1.1491223662e+08
1.1491223677e+08
1.1491223691e+08
1.1491223706e+08
1.1491223721e+08
1.1491223736e+08
1.1491223752e+08
1.1491223767e+08
1.1491223783e+08
1.1491223799e+08
1.1491223815e+08
1.1491223831e+08
1.1491223847e+08
1.1491223864e+08
1.1491223881e+08
1.1491223897e+08
1.1491223915e+08
1.1491223932e+08
1.1491223949e+08
1.1491223967e+08
1.1491223985e+08
1.1491224002e+08
1.1491224021e+08
1.1491224039e+08
1.1491224057e+08
1.1491224076e+08
1.1491224095e+08
1.1491224113e+08
1.1491224133e+08
1.1491224152e+08
1.1491224171e+08
1.1491224191e+08
1.1491224210e+08
1.1491224230e+08
1.1491224250e+08
1.1491224271e+08
1.1491224291e+08
1.1491224311e+08
1.1491224332e+08
1.1491224353e+08
1.1491224374e+08
1.1491224395e+08
1.1491224416e+08
1.1491224438e+08
1.1491224459e+08
1.1491224481e+08
1.1491224503e+08
1.1491224525e+08
1.1491224547e+08
1.1491224570e+08
1.1491224592e+08
1.1491224615e+08
1.1491224638e+08
1.1491224661e+08
1.1491224684e+08
1.1491224707e+08
1.1491224731e+08
1.1491224754e+08
1.1491224778e+08
1.1491224802e+08
1.1491224826e+08
1.1491224850e+08
1.1491224874e+08
1.1491224899e+08
1.1491224923e+08
1.1491224948e+08
1.1491224973e+08
1.1491224998e+08
1.1491225023e+08
1.1491225048e+08
1.1491225074e+08
1.1491225099e+08
1.1491225125e+08
1.1491225151e+08
1.1491225177e+08
1.1491225203e+08
1.1491225229e+08
1.1491225256e+08
1.1491225282e+08
1.1491225309e+08
1.1491225336e+08
1.1491225363e+08
1.1491225390e+08
1.1491225417e+08
1.1491225444e+08
1.1491225472e+08
1.1491225499e+08
1.1491225527e+08
1.1491225555e+08
1.1491225583e+08
1.1491225611e+08
1.1491225639e+08
1.1491225667e+08
1.1491225696e+08
1.1491225724e+08
1.1491225753e+08
1.1491225782e+08
1.1491225811e+08
1.1491225840e+08
1.1491225869e+08
1.1491225898e+08
1.1491225927e+08
1.1491225957e+08
1.1491225986e+08
1.1491226016e+08
1.1491226046e+08
1.1491226076e+08
1.1491226106e+08
1.1491226136e+08
1.1491226166e+08
1.1491226196e+08
1.1491226226e+08
1.1491226257e+08
1.1491226287e+08
1.1491226318e+08
1.1491226349e+08
1.1491226380e+08
1.1491226411e+08
1.1491226442e+08
1.1491226473e+08
1.1491226504e+08
1.1491226535e+08
1.1491226567e+08
1.1491226598e+08
1.1491226630e+08
1.1491226662e+08
1.1491226693e+08
1.1491226725e+08
1.1491226757e+08
1.1491226789e+08
1.1491226821e+08
1.1491226854e+08
1.1491226886e+08
1.1491226918e+08
1.1491226951e+08
1.1491226983e+08
1.1491227016e+08
1.1491227049e+08
1.1491227081e+08
1.1491227114e+08
1.1491227147e+08
1.1491227180e+08
1.1491227213e+08
1.1491227246e+08
1.1491227280e+08
1.1491227313e+08
1.1491227346e+08
1.1491227380e+08
1.1491227413e+08
1.1491227447e+08
1.1491227480e+08
1.1491227514e+08
1.1491227548e+08
1.1491227581e+08
1.1491227615e+08
1.1491227649e+08
1.1491227683e+08
1.1491227717e+08
1.1491227751e+08
1.1491227785e+08
1.1491227820e+08
1.1491227854e+08
1.1491227888e+08
1.1491227922e+08
1.1491227957e+08
1.1491227991e+08
1.1491228026e+08
1.1491228060e+08
1.1491228095e+08
1.1491228129e+08
1.1491228164e+08
1.1491228199e+08
1.1491228233e+08
1.1491228268e+08
1.1491228303e+08
1.1491228338e+08
Outputting data at step 800 of 20000
1.1491228373e+08
1.1491228407e+08
1.1491228442e+08
1.1491228477e+08
1.1491228512e+08
1.1491228547e+08
1.1491228582e+08
1.1491228617e+08
1.1491228652e+08
1.1491228687e+08
1.1491228722e+08
1.1491228758e+08
1.1491228793e+08
1.1491228828e+08
1.1491228863e+08
1.1491228898e+08
1.1491228933e+08
1.1491228969e+08
1.1491229004e+08
1.1491229039e+08
1.1491229074e+08
1.1491229109e+08
1.1491229145e+08
1.1491229180e+08
1.1491229215e+08
1.1491229250e+08
1.1491229286e+08
1.1491229321e+08
1.1491229356e+08
1.1491229392e+08
1.1491229427e+08
1.1491229462e+08
1.1491229497e+08
1.1491229533e+08
1.1491229568e+08
1.1491229603e+08
1.1491229638e+08
1.1491229674e+08
1.1491229709e+08
1.1491229744e+08
1.1491229779e+08
1.1491229815e+08
1.1491229850e+08
1.1491229885e+08
1.1491229920e+08
1.1491229955e+08
1.1491229990e+08
1.1491230026e+08
1.1491230061e+08
1.1491230096e+08
1.1491230131e+08
1.1491230166e+08
1.1491230201e+08
1.1491230236e+08
1.1491230271e+08
1.1491230306e+08
1.1491230341e+08
1.1491230375e+08
1.1491230410e+08
1.1491230445e+08
1.1491230480e+08
1.1491230514e+08
1.1491230549e+08
1.1491230584e+08
1.1491230618e+08
1.1491230653e+08
1.1491230687e+08
1.1491230722e+08
1.1491230756e+08
1.1491230791e+08
1.1491230825e+08
1.1491230859e+08
1.1491230893e+08
1.1491230928e+08
1.1491230962e+08
1.1491230996e+08
1.1491231030e+08
1.1491231064e+08
1.1491231098e+08
1.1491231131e+08
1.1491231165e+08
1.1491231199e+08
1.1491231233e+08
1.1491231266e+08
1.1491231300e+08
1.1491231333e+08
1.1491231366e+08
1.1491231400e+08
1.1491231433e+08
1.1491231466e+08
1.1491231499e+08
1.1491231532e+08
1.1491231565e+08
1.1491231598e+08
1.1491231631e+08
1.1491231664e+08
1.1491231696e+08
1.1491231729e+08
1.1491231761e+08
1.1491231794e+08
1.1491231826e+08
1.1491231858e+08
1.1491231891e+08
1.1491231923e+08
1.1491231955e+08
1.1491231987e+08
1.1491232019e+08
1.1491232050e+08
1.1491232082e+08
1.1491232114e+08
1.1491232145e+08
1.1491232177e+08
1.1491232208e+08
1.1491232239e+08
1.1491232270e+08
1.1491232301e+08
1.1491232332e+08
1.1491232363e+08
1.1491232394e+08
1.1491232424e+08
1.1491232455e+08
1.1491232485e+08
1.1491232516e+08
1.1491232546e+08
1.1491232576e+08
1.1491232606e+08
1.1491232636e+08
1.1491232666e+08
1.1491232696e+08
1.1491232725e+08
1.1491232755e+08
1.1491232784e+08
1.1491232814e+08
1.1491232843e+08
1.1491232872e+08
1.1491232901e+08
1.1491232930e+08
1.1491232958e+08
1.1491232987e+08
1.1491233015e+08
1.1491233044e+08
1.1491233072e+08
1.1491233100e+08
1.1491233128e+08
1.1491233156e+08
1.1491233183e+08
1.1491233211e+08
1.1491233239e+08
1.1491233266e+08
1.1491233293e+08
1.1491233320e+08
1.1491233347e+08
1.1491233374e+08
1.1491233401e+08
1.1491233427e+08
1.1491233454e+08
1.1491233480e+08
1.1491233506e+08
1.1491233532e+08
1.1491233558e+08
1.1491233584e+08
1.1491233609e+08
1.1491233635e+08
1.1491233660e+08
1.1491233685e+08
1.1491233710e+08
1.1491233735e+08
1.1491233760e+08
1.1491233784e+08
1.1491233809e+08
1.1491233833e+08
1.1491233857e+08
1.1491233881e+08
1.1491233905e+08
1.1491233929e+08
1.1491233952e+08
1.1491233976e+08
1.1491233999e+08
1.1491234022e+08
1.1491234045e+08
1.1491234068e+08
1.1491234090e+08
1.1491234113e+08
1.1491234135e+08
1.1491234157e+08
1.1491234180e+08
1.1491234201e+08
1.1491234223e+08
1.1491234245e+08
1.1491234266e+08
1.1491234287e+08
1.1491234308e+08
1.1491234329e+08
1.1491234350e+08
1.1491234371e+08
1.1491234391e+08
1.1491234412e+08
1.1491234432e+08
1.1491234452e+08
1.1491234471e+08
Outputting data at step 1000 of 20000
5% at 5.0e+01s. CmaxU=3.39e-04, CmaxW=4.01e-04, 4.08e-03 s/step; 77.49 s remaining.
1.1491234491e+08
1.1491234511e+08
1.1491234530e+08
1.1491234549e+08
1.1491234568e+08
1.1491234587e+08
1.1491234605e+08
1.1491234624e+08
1.1491234642e+08
1.1491234660e+08
1.1491234678e+08
1.1491234696e+08
1.1491234714e+08
1.1491234731e+08
1.1491234748e+08
1.1491234765e+08
1.1491234782e+08
1.1491234799e+08
1.1491234816e+08
1.1491234832e+08
1.1491234848e+08
1.1491234864e+08
1.1491234880e+08
1.1491234896e+08
1.1491234911e+08
1.1491234926e+08
1.1491234941e+08
1.1491234956e+08
1.1491234971e+08
1.1491234986e+08
1.1491235000e+08
1.1491235014e+08
1.1491235028e+08
1.1491235042e+08
1.1491235056e+08
1.1491235069e+08
1.1491235082e+08
1.1491235095e+08
1.1491235108e+08
1.1491235121e+08
1.1491235134e+08
1.1491235146e+08
1.1491235158e+08
1.1491235170e+08
1.1491235182e+08
1.1491235193e+08
1.1491235205e+08
1.1491235216e+08
1.1491235227e+08
1.1491235238e+08
1.1491235248e+08
1.1491235259e+08
1.1491235269e+08
1.1491235279e+08
1.1491235289e+08
1.1491235299e+08
1.1491235308e+08
1.1491235318e+08
1.1491235327e+08
1.1491235336e+08
1.1491235345e+08
1.1491235353e+08
1.1491235362e+08
1.1491235370e+08
1.1491235378e+08
1.1491235386e+08
1.1491235393e+08
1.1491235401e+08
1.1491235408e+08
1.1491235415e+08
1.1491235422e+08
1.1491235429e+08
1.1491235436e+08
1.1491235442e+08
1.1491235448e+08
1.1491235454e+08
1.1491235460e+08
1.1491235466e+08
1.1491235472e+08
1.1491235477e+08
1.1491235483e+08
1.1491235488e+08
1.1491235493e+08
1.1491235498e+08
1.1491235503e+08
1.1491235507e+08
1.1491235512e+08
1.1491235516e+08
1.1491235521e+08
1.1491235525e+08
1.1491235529e+08
1.1491235533e+08
1.1491235537e+08
1.1491235541e+08
1.1491235545e+08
1.1491235549e+08
1.1491235553e+08
1.1491235557e+08
1.1491235561e+08
1.1491235565e+08
1.1491235569e+08
1.1491235573e+08
1.1491235577e+08
1.1491235581e+08
1.1491235585e+08
1.1491235590e+08
1.1491235594e+08
1.1491235599e+08
1.1491235604e+08
1.1491235610e+08
1.1491235615e+08
1.1491235621e+08
1.1491235626e+08
1.1491235632e+08
1.1491235639e+08
1.1491235645e+08
1.1491235651e+08
1.1491235658e+08
1.1491235665e+08
1.1491235672e+08
1.1491235679e+08
1.1491235687e+08
1.1491235694e+08
1.1491235702e+08
1.1491235710e+08
1.1491235718e+08
1.1491235727e+08
1.1491235735e+08
1.1491235744e+08
1.1491235753e+08
1.1491235762e+08
1.1491235771e+08
1.1491235781e+08
1.1491235790e+08
1.1491235800e+08
1.1491235810e+08
1.1491235820e+08
1.1491235831e+08
1.1491235841e+08
1.1491235852e+08
1.1491235863e+08
1.1491235874e+08
1.1491235885e+08
1.1491235896e+08
1.1491235908e+08
1.1491235920e+08
1.1491235932e+08
1.1491235944e+08
1.1491235956e+08
1.1491235968e+08
1.1491235981e+08
1.1491235994e+08
1.1491236007e+08
1.1491236020e+08
1.1491236033e+08
1.1491236047e+08
1.1491236061e+08
1.1491236075e+08
1.1491236089e+08
1.1491236103e+08
1.1491236117e+08
1.1491236132e+08
1.1491236146e+08
1.1491236161e+08
1.1491236176e+08
1.1491236192e+08
1.1491236207e+08
1.1491236223e+08
1.1491236239e+08
1.1491236255e+08
1.1491236271e+08
1.1491236287e+08
1.1491236303e+08
1.1491236320e+08
1.1491236337e+08
1.1491236354e+08
1.1491236371e+08
1.1491236388e+08
1.1491236406e+08
1.1491236423e+08
1.1491236441e+08
1.1491236459e+08
1.1491236477e+08
1.1491236496e+08
1.1491236514e+08
1.1491236533e+08
1.1491236552e+08
1.1491236571e+08
1.1491236590e+08
1.1491236609e+08
1.1491236628e+08
1.1491236648e+08
1.1491236668e+08
1.1491236688e+08
1.1491236708e+08
1.1491236728e+08
1.1491236748e+08
1.1491236769e+08
1.1491236790e+08
1.1491236811e+08
Outputting data at step 1200 of 20000
1.1491236832e+08
1.1491236853e+08
1.1491236874e+08
1.1491236895e+08
1.1491236917e+08
1.1491236939e+08
1.1491236961e+08
1.1491236983e+08
1.1491237005e+08
1.1491237027e+08
1.1491237050e+08
1.1491237073e+08
1.1491237095e+08
1.1491237118e+08
1.1491237141e+08
1.1491237165e+08
1.1491237188e+08
1.1491237211e+08
1.1491237235e+08
1.1491237259e+08
1.1491237283e+08
1.1491237307e+08
1.1491237331e+08
1.1491237355e+08
1.1491237380e+08
1.1491237405e+08
1.1491237429e+08
1.1491237454e+08
1.1491237479e+08
1.1491237504e+08
1.1491237530e+08
1.1491237555e+08
1.1491237581e+08
1.1491237606e+08
1.1491237632e+08
1.1491237658e+08
1.1491237684e+08
1.1491237711e+08
1.1491237737e+08
1.1491237763e+08
1.1491237790e+08
1.1491237817e+08
1.1491237844e+08
1.1491237871e+08
1.1491237898e+08
1.1491237925e+08
1.1491237952e+08
1.1491237980e+08
1.1491238008e+08
1.1491238035e+08
1.1491238063e+08
1.1491238091e+08
1.1491238119e+08
1.1491238148e+08
1.1491238176e+08
1.1491238204e+08
1.1491238233e+08
1.1491238262e+08
1.1491238290e+08
1.1491238319e+08
1.1491238348e+08
1.1491238377e+08
1.1491238407e+08
1.1491238436e+08
1.1491238466e+08
1.1491238495e+08
1.1491238525e+08
1.1491238555e+08
1.1491238584e+08
1.1491238614e+08
1.1491238645e+08
1.1491238675e+08
1.1491238705e+08
1.1491238735e+08
1.1491238766e+08
1.1491238796e+08
1.1491238827e+08
1.1491238858e+08
1.1491238889e+08
1.1491238920e+08
1.1491238951e+08
1.1491238982e+08
1.1491239013e+08
1.1491239044e+08
1.1491239076e+08
1.1491239107e+08
1.1491239139e+08
1.1491239171e+08
1.1491239202e+08
1.1491239234e+08
1.1491239266e+08
1.1491239298e+08
1.1491239330e+08
1.1491239362e+08
1.1491239394e+08
1.1491239427e+08
1.1491239459e+08
1.1491239492e+08
1.1491239524e+08
1.1491239557e+08
1.1491239589e+08
1.1491239622e+08
1.1491239655e+08
1.1491239688e+08
1.1491239721e+08
1.1491239754e+08
1.1491239787e+08
1.1491239820e+08
1.1491239853e+08
1.1491239887e+08
1.1491239920e+08
1.1491239954e+08
1.1491239987e+08
1.1491240021e+08
1.1491240054e+08
1.1491240088e+08
1.1491240122e+08
1.1491240156e+08
1.1491240190e+08
1.1491240223e+08
1.1491240257e+08
1.1491240292e+08
1.1491240326e+08
1.1491240360e+08
1.1491240394e+08
1.1491240428e+08
1.1491240463e+08
1.1491240497e+08
1.1491240531e+08
1.1491240566e+08
1.1491240600e+08
1.1491240635e+08
1.1491240669e+08
1.1491240704e+08
1.1491240739e+08
1.1491240773e+08
1.1491240808e+08
1.1491240843e+08
1.1491240878e+08
1.1491240913e+08
1.1491240948e+08
1.1491240982e+08
1.1491241017e+08
1.1491241052e+08
1.1491241087e+08
1.1491241122e+08
1.1491241157e+08
1.1491241193e+08
1.1491241228e+08
1.1491241263e+08
1.1491241298e+08
1.1491241333e+08
1.1491241368e+08
1.1491241404e+08
1.1491241439e+08
1.1491241474e+08
1.1491241509e+08
1.1491241545e+08
1.1491241580e+08
1.1491241615e+08
1.1491241651e+08
1.1491241686e+08
1.1491241721e+08
1.1491241757e+08
1.1491241792e+08
1.1491241827e+08
1.1491241863e+08
1.1491241898e+08
1.1491241933e+08
1.1491241969e+08
1.1491242004e+08
1.1491242040e+08
1.1491242075e+08
1.1491242110e+08
1.1491242146e+08
1.1491242181e+08
1.1491242216e+08
1.1491242252e+08
1.1491242287e+08
1.1491242323e+08
1.1491242358e+08
1.1491242393e+08
1.1491242429e+08
1.1491242464e+08
1.1491242499e+08
1.1491242535e+08
1.1491242570e+08
1.1491242605e+08
1.1491242640e+08
1.1491242676e+08
1.1491242711e+08
1.1491242746e+08
1.1491242781e+08
1.1491242817e+08
1.1491242852e+08
1.1491242887e+08
1.1491242922e+08
1.1491242957e+08
1.1491242992e+08
1.1491243027e+08
Outputting data at step 1400 of 20000
1.1491243062e+08
1.1491243097e+08
1.1491243132e+08
1.1491243167e+08
1.1491243202e+08
1.1491243237e+08
1.1491243272e+08
1.1491243307e+08
1.1491243341e+08
1.1491243376e+08
1.1491243411e+08
1.1491243445e+08
1.1491243480e+08
1.1491243514e+08
1.1491243549e+08
1.1491243583e+08
1.1491243618e+08
1.1491243652e+08
1.1491243687e+08
1.1491243721e+08
1.1491243755e+08
1.1491243789e+08
1.1491243823e+08
1.1491243858e+08
1.1491243892e+08
1.1491243925e+08
1.1491243959e+08
1.1491243993e+08
1.1491244027e+08
1.1491244061e+08
1.1491244094e+08
1.1491244128e+08
1.1491244162e+08
1.1491244195e+08
1.1491244228e+08
1.1491244262e+08
1.1491244295e+08
1.1491244328e+08
1.1491244362e+08
1.1491244395e+08
1.1491244428e+08
1.1491244461e+08
1.1491244493e+08
1.1491244526e+08
1.1491244559e+08
1.1491244592e+08
1.1491244624e+08
1.1491244657e+08
1.1491244689e+08
1.1491244722e+08
1.1491244754e+08
1.1491244786e+08
1.1491244818e+08
1.1491244850e+08
1.1491244882e+08
1.1491244914e+08
1.1491244946e+08
1.1491244978e+08
1.1491245009e+08
1.1491245041e+08
1.1491245072e+08
1.1491245104e+08
1.1491245135e+08
1.1491245166e+08
1.1491245197e+08
1.1491245228e+08
1.1491245259e+08
1.1491245290e+08
1.1491245321e+08
1.1491245352e+08
1.1491245382e+08
1.1491245413e+08
1.1491245443e+08
1.1491245473e+08
1.1491245504e+08
1.1491245534e+08
1.1491245564e+08
1.1491245594e+08
1.1491245623e+08
1.1491245653e+08
1.1491245683e+08
1.1491245712e+08
1.1491245742e+08
1.1491245771e+08
1.1491245800e+08
1.1491245829e+08
1.1491245858e+08
1.1491245887e+08
1.1491245916e+08
1.1491245944e+08
1.1491245973e+08
1.1491246001e+08
1.1491246030e+08
1.1491246058e+08
1.1491246086e+08
1.1491246114e+08
1.1491246142e+08
1.1491246169e+08
1.1491246197e+08
1.1491246224e+08
1.1491246252e+08
1.1491246279e+08
1.1491246306e+08
1.1491246333e+08
1.1491246360e+08
1.1491246387e+08
1.1491246413e+08
1.1491246440e+08
1.1491246466e+08
1.1491246492e+08
1.1491246519e+08
1.1491246545e+08
1.1491246570e+08
1.1491246596e+08
1.1491246622e+08
1.1491246647e+08
1.1491246672e+08
1.1491246698e+08
1.1491246723e+08
1.1491246748e+08
1.1491246773e+08
1.1491246797e+08
1.1491246822e+08
1.1491246846e+08
1.1491246870e+08
1.1491246895e+08
1.1491246919e+08
1.1491246943e+08
1.1491246966e+08
1.1491246990e+08
1.1491247013e+08
1.1491247037e+08
1.1491247060e+08
1.1491247083e+08
1.1491247106e+08
1.1491247129e+08
1.1491247151e+08
1.1491247174e+08
1.1491247196e+08
1.1491247218e+08
1.1491247240e+08
1.1491247262e+08
1.1491247284e+08
1.1491247306e+08
1.1491247327e+08
1.1491247349e+08
1.1491247370e+08
1.1491247391e+08
1.1491247412e+08
1.1491247433e+08
1.1491247453e+08
1.1491247474e+08
1.1491247494e+08
1.1491247514e+08
1.1491247535e+08
1.1491247555e+08
1.1491247574e+08
1.1491247594e+08
1.1491247614e+08
1.1491247633e+08
1.1491247652e+08
1.1491247671e+08
1.1491247690e+08
1.1491247709e+08
1.1491247728e+08
1.1491247746e+08
1.1491247765e+08
1.1491247783e+08
1.1491247801e+08
1.1491247819e+08
1.1491247837e+08
1.1491247855e+08
1.1491247872e+08
1.1491247890e+08
1.1491247907e+08
1.1491247924e+08
1.1491247941e+08
1.1491247958e+08
1.1491247975e+08
1.1491247992e+08
1.1491248008e+08
1.1491248024e+08
1.1491248041e+08
1.1491248057e+08
1.1491248073e+08
1.1491248089e+08
1.1491248104e+08
1.1491248120e+08
1.1491248135e+08
1.1491248151e+08
1.1491248166e+08
1.1491248181e+08
1.1491248196e+08
1.1491248211e+08
1.1491248226e+08
1.1491248240e+08
1.1491248255e+08
1.1491248269e+08
1.1491248283e+08
1.1491248297e+08
Outputting data at step 1600 of 20000
1.1491248311e+08
1.1491248325e+08
1.1491248339e+08
1.1491248352e+08
1.1491248366e+08
1.1491248379e+08
1.1491248393e+08
1.1491248406e+08
1.1491248419e+08
1.1491248432e+08
1.1491248445e+08
1.1491248457e+08
1.1491248470e+08
1.1491248482e+08
1.1491248495e+08
1.1491248507e+08
1.1491248519e+08
1.1491248532e+08
1.1491248544e+08
1.1491248556e+08
1.1491248567e+08
1.1491248579e+08
1.1491248591e+08
1.1491248603e+08
1.1491248614e+08
1.1491248626e+08
1.1491248637e+08
1.1491248648e+08
1.1491248659e+08
1.1491248671e+08
1.1491248682e+08
1.1491248693e+08
1.1491248704e+08
1.1491248715e+08
1.1491248725e+08
1.1491248736e+08
1.1491248747e+08
1.1491248758e+08
1.1491248768e+08
1.1491248779e+08
1.1491248789e+08
1.1491248800e+08
1.1491248810e+08
1.1491248821e+08
1.1491248831e+08
1.1491248841e+08
1.1491248852e+08
1.1491248862e+08
1.1491248872e+08
1.1491248883e+08
1.1491248893e+08
1.1491248903e+08
1.1491248914e+08
1.1491248924e+08
1.1491248934e+08
1.1491248944e+08
1.1491248955e+08
1.1491248965e+08
1.1491248975e+08
1.1491248986e+08
1.1491248996e+08
1.1491249007e+08
1.1491249017e+08
1.1491249028e+08
1.1491249039e+08
1.1491249050e+08
1.1491249061e+08
1.1491249072e+08
1.1491249083e+08
1.1491249095e+08
1.1491249107e+08
1.1491249118e+08
1.1491249130e+08
1.1491249143e+08
1.1491249155e+08
1.1491249167e+08
1.1491249180e+08
1.1491249193e+08
1.1491249206e+08
1.1491249219e+08
1.1491249232e+08
1.1491249246e+08
1.1491249260e+08
1.1491249273e+08
1.1491249287e+08
1.1491249301e+08
1.1491249316e+08
1.1491249330e+08
1.1491249345e+08
1.1491249360e+08
1.1491249374e+08
1.1491249390e+08
1.1491249405e+08
1.1491249420e+08
1.1491249436e+08
1.1491249451e+08
1.1491249467e+08
1.1491249483e+08
1.1491249500e+08
1.1491249516e+08
1.1491249532e+08
1.1491249549e+08
1.1491249566e+08
1.1491249583e+08
1.1491249600e+08
1.1491249617e+08
1.1491249635e+08
1.1491249652e+08
1.1491249670e+08
1.1491249688e+08
1.1491249706e+08
1.1491249724e+08
1.1491249743e+08
1.1491249761e+08
1.1491249780e+08
1.1491249799e+08
1.1491249818e+08
1.1491249837e+08
1.1491249856e+08
1.1491249876e+08
1.1491249895e+08
1.1491249915e+08
1.1491249935e+08
1.1491249955e+08
1.1491249975e+08
1.1491249995e+08
1.1491250016e+08
1.1491250037e+08
1.1491250057e+08
1.1491250078e+08
1.1491250099e+08
1.1491250121e+08
1.1491250142e+08
1.1491250164e+08
1.1491250185e+08
1.1491250207e+08
1.1491250229e+08
1.1491250251e+08
1.1491250273e+08
1.1491250296e+08
1.1491250318e+08
1.1491250341e+08
1.1491250364e+08
1.1491250387e+08
1.1491250410e+08
1.1491250433e+08
1.1491250456e+08
1.1491250480e+08
1.1491250503e+08
1.1491250527e+08
1.1491250551e+08
1.1491250575e+08
1.1491250599e+08
1.1491250624e+08
1.1491250648e+08
1.1491250673e+08
1.1491250697e+08
1.1491250722e+08
1.1491250747e+08
1.1491250772e+08
1.1491250798e+08
1.1491250823e+08
1.1491250848e+08
1.1491250874e+08
1.1491250900e+08
1.1491250926e+08
1.1491250952e+08
1.1491250978e+08
1.1491251004e+08
1.1491251030e+08
1.1491251057e+08
1.1491251083e+08
1.1491251110e+08
1.1491251137e+08
1.1491251164e+08
1.1491251191e+08
1.1491251218e+08
1.1491251246e+08
1.1491251273e+08
1.1491251301e+08
1.1491251328e+08
1.1491251356e+08
1.1491251384e+08
1.1491251412e+08
1.1491251440e+08
1.1491251468e+08
1.1491251497e+08
1.1491251525e+08
1.1491251554e+08
1.1491251583e+08
1.1491251612e+08
1.1491251641e+08
1.1491251670e+08
1.1491251699e+08
1.1491251728e+08
1.1491251758e+08
1.1491251787e+08
1.1491251817e+08
1.1491251846e+08
1.1491251876e+08
Outputting data at step 1800 of 20000
1.1491251906e+08
1.1491251936e+08
1.1491251966e+08
1.1491251997e+08
1.1491252027e+08
1.1491252058e+08
1.1491252088e+08
1.1491252119e+08
1.1491252150e+08
1.1491252180e+08
1.1491252211e+08
1.1491252242e+08
1.1491252274e+08
1.1491252305e+08
1.1491252336e+08
1.1491252368e+08
1.1491252399e+08
1.1491252431e+08
1.1491252463e+08
1.1491252494e+08
1.1491252526e+08
1.1491252558e+08
1.1491252590e+08
1.1491252622e+08
1.1491252655e+08
1.1491252687e+08
1.1491252719e+08
1.1491252752e+08
1.1491252784e+08
1.1491252817e+08
1.1491252850e+08
1.1491252883e+08
1.1491252915e+08
1.1491252948e+08
1.1491252981e+08
1.1491253015e+08
1.1491253048e+08
1.1491253081e+08
1.1491253114e+08
1.1491253148e+08
1.1491253181e+08
1.1491253215e+08
1.1491253248e+08
1.1491253282e+08
1.1491253316e+08
1.1491253350e+08
1.1491253384e+08
1.1491253418e+08
1.1491253452e+08
1.1491253486e+08
1.1491253520e+08
1.1491253554e+08
1.1491253589e+08
1.1491253623e+08
1.1491253657e+08
1.1491253692e+08
1.1491253726e+08
1.1491253761e+08
1.1491253796e+08
1.1491253830e+08
1.1491253865e+08
1.1491253900e+08
1.1491253935e+08
1.1491253970e+08
1.1491254005e+08
1.1491254040e+08
1.1491254075e+08
1.1491254110e+08
1.1491254146e+08
1.1491254181e+08
1.1491254216e+08
1.1491254252e+08
1.1491254287e+08
1.1491254322e+08
1.1491254358e+08
1.1491254394e+08
1.1491254429e+08
1.1491254465e+08
1.1491254500e+08
1.1491254536e+08
1.1491254572e+08
1.1491254608e+08
1.1491254644e+08
1.1491254680e+08
1.1491254716e+08
1.1491254751e+08
1.1491254787e+08
1.1491254824e+08
1.1491254860e+08
1.1491254896e+08
1.1491254932e+08
1.1491254968e+08
1.1491255004e+08
1.1491255040e+08
1.1491255077e+08
1.1491255113e+08
1.1491255149e+08
1.1491255185e+08
1.1491255222e+08
1.1491255258e+08
1.1491255294e+08
1.1491255331e+08
1.1491255367e+08
1.1491255404e+08
1.1491255440e+08
1.1491255477e+08
1.1491255513e+08
1.1491255550e+08
1.1491255586e+08
1.1491255623e+08
1.1491255659e+08
1.1491255696e+08
1.1491255732e+08
1.1491255769e+08
1.1491255805e+08
1.1491255842e+08
1.1491255878e+08
1.1491255915e+08
1.1491255952e+08
1.1491255988e+08
1.1491256025e+08
1.1491256061e+08
1.1491256098e+08
1.1491256134e+08
1.1491256171e+08
1.1491256208e+08
1.1491256244e+08
1.1491256281e+08
1.1491256317e+08
1.1491256354e+08
1.1491256391e+08
1.1491256427e+08
1.1491256464e+08
1.1491256500e+08
1.1491256537e+08
1.1491256573e+08
1.1491256610e+08
1.1491256646e+08
1.1491256683e+08
1.1491256720e+08
1.1491256756e+08
1.1491256792e+08
1.1491256829e+08
1.1491256865e+08
1.1491256902e+08
1.1491256938e+08
1.1491256975e+08
1.1491257011e+08
1.1491257047e+08
1.1491257084e+08
1.1491257120e+08
1.1491257156e+08
1.1491257193e+08
1.1491257229e+08
1.1491257265e+08
1.1491257301e+08
1.1491257337e+08
1.1491257373e+08
1.1491257410e+08
1.1491257446e+08
1.1491257482e+08
1.1491257518e+08
1.1491257554e+08
1.1491257590e+08
1.1491257625e+08
1.1491257661e+08
1.1491257697e+08
1.1491257733e+08
1.1491257769e+08
1.1491257804e+08
1.1491257840e+08
1.1491257876e+08
1.1491257911e+08
1.1491257947e+08
1.1491257982e+08
1.1491258018e+08
1.1491258053e+08
1.1491258088e+08
1.1491258124e+08
1.1491258159e+08
1.1491258194e+08
1.1491258229e+08
1.1491258264e+08
1.1491258299e+08
1.1491258334e+08
1.1491258369e+08
1.1491258404e+08
1.1491258439e+08
1.1491258473e+08
1.1491258508e+08
1.1491258543e+08
1.1491258577e+08
1.1491258612e+08
1.1491258646e+08
1.1491258681e+08
1.1491258715e+08
1.1491258749e+08
1.1491258783e+08
1.1491258817e+08
1.1491258852e+08
Outputting data at step 2000 of 20000
10% at 1.0e+02s. CmaxU=6.29e-04, CmaxW=7.64e-04, 4.07e-03 s/step; 73.26 s remaining.
1.1491258886e+08
1.1491258919e+08
1.1491258953e+08
1.1491258987e+08
1.1491259021e+08
1.1491259054e+08
1.1491259088e+08
1.1491259122e+08
1.1491259155e+08
1.1491259188e+08
1.1491259222e+08
1.1491259255e+08
1.1491259288e+08
1.1491259321e+08
1.1491259354e+08
1.1491259387e+08
1.1491259420e+08
1.1491259453e+08
1.1491259485e+08
1.1491259518e+08
1.1491259550e+08
1.1491259583e+08
1.1491259615e+08
1.1491259648e+08
1.1491259680e+08
1.1491259712e+08
1.1491259744e+08
1.1491259776e+08
1.1491259808e+08
1.1491259839e+08
1.1491259871e+08
1.1491259903e+08
1.1491259934e+08
1.1491259965e+08
1.1491259997e+08
1.1491260028e+08
1.1491260059e+08
1.1491260090e+08
1.1491260121e+08
1.1491260152e+08
1.1491260182e+08
1.1491260213e+08
1.1491260244e+08
1.1491260274e+08
1.1491260304e+08
1.1491260335e+08
1.1491260365e+08
1.1491260395e+08
1.1491260425e+08
1.1491260454e+08
1.1491260484e+08
1.1491260514e+08
1.1491260543e+08
1.1491260572e+08
1.1491260602e+08
1.1491260631e+08
1.1491260660e+08
1.1491260689e+08
1.1491260718e+08
1.1491260746e+08
1.1491260775e+08
1.1491260803e+08
1.1491260832e+08
1.1491260860e+08
1.1491260888e+08
1.1491260916e+08
1.1491260944e+08
1.1491260972e+08
1.1491261000e+08
1.1491261027e+08
1.1491261055e+08
1.1491261082e+08
1.1491261109e+08
1.1491261136e+08
1.1491261163e+08
1.1491261190e+08
1.1491261217e+08
1.1491261243e+08
1.1491261270e+08
1.1491261296e+08
1.1491261322e+08
1.1491261349e+08
1.1491261375e+08
1.1491261400e+08
1.1491261426e+08
1.1491261452e+08
1.1491261477e+08
1.1491261503e+08
1.1491261528e+08
1.1491261553e+08
1.1491261578e+08
1.1491261603e+08
1.1491261628e+08
1.1491261652e+08
1.1491261677e+08
1.1491261701e+08
1.1491261725e+08
1.1491261749e+08
1.1491261773e+08
1.1491261797e+08
1.1491261821e+08
1.1491261845e+08
1.1491261868e+08
1.1491261891e+08
1.1491261915e+08
1.1491261938e+08
1.1491261961e+08
1.1491261983e+08
1.1491262006e+08
1.1491262029e+08
1.1491262051e+08
1.1491262073e+08
1.1491262095e+08
1.1491262117e+08
1.1491262139e+08
1.1491262161e+08
1.1491262182e+08
1.1491262204e+08
1.1491262225e+08
1.1491262246e+08
1.1491262268e+08
1.1491262288e+08
1.1491262309e+08
1.1491262330e+08
1.1491262350e+08
1.1491262371e+08
1.1491262391e+08
1.1491262411e+08
1.1491262431e+08
1.1491262451e+08
1.1491262471e+08
1.1491262490e+08
1.1491262510e+08
1.1491262529e+08
1.1491262548e+08
1.1491262567e+08
1.1491262586e+08
1.1491262605e+08
1.1491262624e+08
1.1491262642e+08
1.1491262660e+08
1.1491262679e+08
1.1491262697e+08
1.1491262715e+08
1.1491262732e+08
1.1491262750e+08
1.1491262768e+08
1.1491262785e+08
1.1491262802e+08
1.1491262819e+08
1.1491262836e+08
1.1491262853e+08
1.1491262870e+08
1.1491262887e+08
1.1491262903e+08
1.1491262919e+08
1.1491262936e+08
1.1491262952e+08
1.1491262968e+08
1.1491262983e+08
1.1491262999e+08
1.1491263015e+08
1.1491263030e+08
1.1491263045e+08
1.1491263060e+08
1.1491263075e+08
1.1491263090e+08
1.1491263105e+08
1.1491263119e+08
1.1491263134e+08
1.1491263148e+08
1.1491263162e+08
1.1491263177e+08
1.1491263191e+08
1.1491263204e+08
1.1491263218e+08
1.1491263232e+08
1.1491263245e+08
1.1491263259e+08
1.1491263272e+08
1.1491263285e+08
1.1491263298e+08
1.1491263311e+08
1.1491263324e+08
1.1491263337e+08
1.1491263349e+08
1.1491263362e+08
1.1491263374e+08
1.1491263387e+08
1.1491263399e+08
1.1491263411e+08
1.1491263423e+08
1.1491263435e+08
1.1491263447e+08
1.1491263459e+08
1.1491263471e+08
1.1491263483e+08
1.1491263495e+08
1.1491263506e+08
1.1491263518e+08
Outputting data at step 2200 of 20000
1.1491263530e+08
1.1491263541e+08
1.1491263553e+08
1.1491263564e+08
1.1491263576e+08
1.1491263587e+08
1.1491263599e+08
1.1491263610e+08
1.1491263622e+08
1.1491263634e+08
1.1491263646e+08
1.1491263658e+08
1.1491263671e+08
1.1491263683e+08
1.1491263696e+08
1.1491263708e+08
1.1491263721e+08
1.1491263734e+08
1.1491263748e+08
1.1491263761e+08
1.1491263774e+08
1.1491263788e+08
1.1491263802e+08
1.1491263816e+08
1.1491263830e+08
1.1491263844e+08
1.1491263858e+08
1.1491263873e+08
1.1491263887e+08
1.1491263902e+08
1.1491263917e+08
1.1491263932e+08
1.1491263947e+08
1.1491263962e+08
1.1491263978e+08
1.1491263993e+08
1.1491264009e+08
1.1491264025e+08
1.1491264041e+08
1.1491264057e+08
1.1491264073e+08
1.1491264090e+08
1.1491264106e+08
1.1491264123e+08
1.1491264140e+08
1.1491264157e+08
1.1491264174e+08
1.1491264191e+08
1.1491264208e+08
1.1491264226e+08
1.1491264243e+08
1.1491264261e+08
1.1491264279e+08
1.1491264297e+08
1.1491264315e+08
1.1491264334e+08
1.1491264352e+08
1.1491264371e+08
1.1491264389e+08
1.1491264408e+08
1.1491264427e+08
1.1491264446e+08
1.1491264466e+08
1.1491264485e+08
1.1491264505e+08
1.1491264524e+08
1.1491264544e+08
1.1491264564e+08
1.1491264584e+08
1.1491264604e+08
1.1491264625e+08
1.1491264645e+08
1.1491264666e+08
1.1491264686e+08
1.1491264707e+08
1.1491264728e+08
1.1491264749e+08
1.1491264771e+08
1.1491264792e+08
1.1491264814e+08
1.1491264835e+08
1.1491264857e+08
1.1491264879e+08
1.1491264901e+08
1.1491264923e+08
1.1491264946e+08
1.1491264968e+08
1.1491264991e+08
1.1491265013e+08
1.1491265036e+08
1.1491265059e+08
1.1491265082e+08
1.1491265105e+08
1.1491265128e+08
1.1491265152e+08
1.1491265175e+08
1.1491265199e+08
1.1491265223e+08
1.1491265247e+08
1.1491265271e+08
1.1491265295e+08
1.1491265319e+08
1.1491265344e+08
1.1491265368e+08
1.1491265393e+08
1.1491265417e+08
1.1491265442e+08
1.1491265467e+08
1.1491265492e+08
1.1491265517e+08
1.1491265543e+08
1.1491265568e+08
1.1491265594e+08
1.1491265619e+08
1.1491265645e+08
1.1491265671e+08
1.1491265697e+08
1.1491265723e+08
1.1491265749e+08
1.1491265775e+08
1.1491265802e+08
1.1491265828e+08
1.1491265855e+08
1.1491265882e+08
1.1491265909e+08
1.1491265935e+08
1.1491265963e+08
1.1491265990e+08
1.1491266017e+08
1.1491266044e+08
1.1491266072e+08
1.1491266099e+08
1.1491266127e+08
1.1491266155e+08
1.1491266183e+08
1.1491266211e+08
1.1491266239e+08
1.1491266267e+08
1.1491266296e+08
1.1491266324e+08
1.1491266353e+08
1.1491266381e+08
1.1491266410e+08
1.1491266439e+08
1.1491266468e+08
1.1491266497e+08
1.1491266526e+08
1.1491266555e+08
1.1491266584e+08
1.1491266614e+08
1.1491266643e+08
1.1491266673e+08
1.1491266703e+08
1.1491266732e+08
1.1491266762e+08
1.1491266792e+08
1.1491266822e+08
1.1491266853e+08
1.1491266883e+08
1.1491266913e+08
1.1491266944e+08
1.1491266974e+08
1.1491267005e+08
1.1491267035e+08
1.1491267066e+08
1.1491267097e+08
1.1491267128e+08
1.1491267159e+08
1.1491267190e+08
1.1491267221e+08
1.1491267253e+08
1.1491267284e+08
1.1491267315e+08
1.1491267347e+08
1.1491267378e+08
1.1491267410e+08
1.1491267442e+08
1.1491267474e+08
1.1491267505e+08
1.1491267537e+08
1.1491267569e+08
1.1491267602e+08
1.1491267634e+08
1.1491267666e+08
1.1491267698e+08
1.1491267731e+08
1.1491267763e+08
1.1491267796e+08
1.1491267828e+08
1.1491267861e+08
1.1491267893e+08
1.1491267926e+08
1.1491267959e+08
1.1491267992e+08
1.1491268025e+08
1.1491268058e+08
1.1491268091e+08
1.1491268124e+08
1.1491268157e+08
1.1491268191e+08
Outputting data at step 2400 of 20000
1.1491268224e+08
1.1491268257e+08
1.1491268291e+08
1.1491268324e+08
1.1491268358e+08
1.1491268392e+08
1.1491268425e+08
1.1491268459e+08
1.1491268493e+08
1.1491268527e+08
1.1491268560e+08
1.1491268594e+08
1.1491268628e+08
1.1491268662e+08
1.1491268697e+08
1.1491268731e+08
1.1491268765e+08
1.1491268799e+08
1.1491268833e+08
1.1491268868e+08
1.1491268902e+08
1.1491268937e+08
1.1491268971e+08
1.1491269006e+08
1.1491269040e+08
1.1491269075e+08
1.1491269109e+08
1.1491269144e+08
1.1491269179e+08
1.1491269214e+08
1.1491269248e+08
1.1491269283e+08
1.1491269318e+08
1.1491269353e+08
1.1491269388e+08
1.1491269423e+08
1.1491269458e+08
1.1491269493e+08
1.1491269528e+08
1.1491269563e+08
1.1491269598e+08
1.1491269633e+08
1.1491269669e+08
1.1491269704e+08
1.1491269739e+08
1.1491269774e+08
1.1491269810e+08
1.1491269845e+08
1.1491269880e+08
1.1491269915e+08
1.1491269951e+08
1.1491269986e+08
1.1491270021e+08
1.1491270057e+08
1.1491270092e+08
1.1491270128e+08
1.1491270163e+08
1.1491270199e+08
1.1491270234e+08
1.1491270269e+08
1.1491270305e+08
1.1491270340e+08
1.1491270376e+08
1.1491270411e+08
1.1491270447e+08
1.1491270482e+08
1.1491270518e+08
1.1491270553e+08
1.1491270589e+08
1.1491270624e+08
1.1491270660e+08
1.1491270696e+08
1.1491270731e+08
1.1491270767e+08
1.1491270802e+08
1.1491270838e+08
1.1491270873e+08
1.1491270909e+08
1.1491270944e+08
1.1491270980e+08
1.1491271015e+08
1.1491271051e+08
1.1491271086e+08
1.1491271122e+08
1.1491271157e+08
1.1491271193e+08
1.1491271228e+08
1.1491271264e+08
1.1491271299e+08
1.1491271335e+08
1.1491271370e+08
1.1491271406e+08
1.1491271441e+08
1.1491271476e+08
1.1491271512e+08
1.1491271547e+08
1.1491271583e+08
1.1491271618e+08
1.1491271653e+08
1.1491271689e+08
1.1491271724e+08
1.1491271759e+08
1.1491271794e+08
1.1491271829e+08
1.1491271865e+08
1.1491271900e+08
1.1491271935e+08
1.1491271970e+08
1.1491272005e+08
1.1491272040e+08
1.1491272075e+08
1.1491272110e+08
1.1491272145e+08
1.1491272180e+08
1.1491272215e+08
1.1491272250e+08
1.1491272285e+08
1.1491272319e+08
1.1491272354e+08
1.1491272389e+08
1.1491272423e+08
1.1491272458e+08
1.1491272493e+08
1.1491272527e+08
1.1491272562e+08
1.1491272596e+08
1.1491272630e+08
1.1491272665e+08
1.1491272699e+08
1.1491272733e+08
1.1491272768e+08
1.1491272802e+08
1.1491272836e+08
1.1491272870e+08
1.1491272904e+08
1.1491272938e+08
1.1491272972e+08
1.1491273005e+08
1.1491273039e+08
1.1491273073e+08
1.1491273107e+08
1.1491273140e+08
1.1491273174e+08
1.1491273207e+08
1.1491273241e+08
1.1491273274e+08
1.1491273308e+08
1.1491273341e+08
1.1491273374e+08
1.1491273407e+08
1.1491273440e+08
1.1491273473e+08
1.1491273506e+08
1.1491273539e+08
1.1491273572e+08
1.1491273605e+08
1.1491273637e+08
1.1491273670e+08
1.1491273702e+08
1.1491273735e+08
1.1491273767e+08
1.1491273800e+08
1.1491273832e+08
1.1491273864e+08
1.1491273896e+08
1.1491273928e+08
1.1491273960e+08
1.1491273992e+08
1.1491274024e+08
1.1491274056e+08
1.1491274087e+08
1.1491274119e+08
1.1491274150e+08
1.1491274182e+08
1.1491274213e+08
1.1491274244e+08
1.1491274276e+08
1.1491274307e+08
1.1491274338e+08
1.1491274368e+08
1.1491274399e+08
1.1491274430e+08
1.1491274461e+08
1.1491274491e+08
1.1491274522e+08
1.1491274552e+08
1.1491274582e+08
1.1491274612e+08
1.1491274643e+08
1.1491274673e+08
1.1491274702e+08
1.1491274732e+08
1.1491274762e+08
1.1491274792e+08
1.1491274821e+08
1.1491274850e+08
1.1491274880e+08
1.1491274909e+08
1.1491274938e+08
1.1491274967e+08
Outputting data at step 2600 of 20000
1.1491274996e+08
1.1491275025e+08
1.1491275053e+08
1.1491275082e+08
1.1491275110e+08
1.1491275139e+08
1.1491275167e+08
1.1491275195e+08
1.1491275223e+08
1.1491275251e+08
1.1491275279e+08
1.1491275306e+08
1.1491275334e+08
1.1491275362e+08
1.1491275389e+08
1.1491275416e+08
1.1491275443e+08
1.1491275470e+08
1.1491275497e+08
1.1491275524e+08
1.1491275551e+08
1.1491275577e+08
1.1491275604e+08
1.1491275630e+08
1.1491275656e+08
1.1491275682e+08
1.1491275708e+08
1.1491275734e+08
1.1491275760e+08
1.1491275785e+08
1.1491275811e+08
1.1491275836e+08
1.1491275861e+08
1.1491275887e+08
1.1491275912e+08
1.1491275936e+08
1.1491275961e+08
1.1491275986e+08
1.1491276010e+08
1.1491276035e+08
1.1491276059e+08
1.1491276083e+08
1.1491276107e+08
1.1491276131e+08
1.1491276155e+08
1.1491276178e+08
1.1491276202e+08
1.1491276225e+08
1.1491276248e+08
1.1491276271e+08
1.1491276294e+08
1.1491276317e+08
1.1491276340e+08
1.1491276362e+08
1.1491276385e+08
1.1491276407e+08
1.1491276429e+08
1.1491276451e+08
1.1491276473e+08
1.1491276495e+08
1.1491276516e+08
1.1491276538e+08
1.1491276559e+08
1.1491276580e+08
1.1491276601e+08
1.1491276622e+08
1.1491276643e+08
1.1491276663e+08
1.1491276684e+08
1.1491276704e+08
1.1491276724e+08
1.1491276744e+08
1.1491276764e+08
1.1491276784e+08
1.1491276803e+08
1.1491276823e+08
1.1491276842e+08
1.1491276861e+08
1.1491276880e+08
1.1491276899e+08
1.1491276918e+08
1.1491276936e+08
1.1491276955e+08
1.1491276973e+08
1.1491276991e+08
1.1491277009e+08
1.1491277027e+08
1.1491277045e+08
1.1491277062e+08
1.1491277079e+08
1.1491277097e+08
1.1491277114e+08
1.1491277130e+08
1.1491277147e+08
1.1491277164e+08
1.1491277180e+08
1.1491277197e+08
1.1491277213e+08
1.1491277229e+08
1.1491277244e+08
1.1491277260e+08
1.1491277276e+08
1.1491277291e+08
1.1491277306e+08
1.1491277321e+08
1.1491277336e+08
1.1491277351e+08
1.1491277365e+08
1.1491277380e+08
1.1491277394e+08
1.1491277408e+08
1.1491277422e+08
1.1491277436e+08
1.1491277450e+08
1.1491277463e+08
1.1491277477e+08
1.1491277490e+08
1.1491277503e+08
1.1491277516e+08
1.1491277528e+08
1.1491277541e+08
1.1491277553e+08
1.1491277566e+08
1.1491277578e+08
1.1491277589e+08
1.1491277601e+08
1.1491277613e+08
1.1491277624e+08
1.1491277636e+08
1.1491277647e+08
1.1491277658e+08
1.1491277668e+08
1.1491277679e+08
1.1491277689e+08
1.1491277700e+08
1.1491277710e+08
1.1491277720e+08
1.1491277730e+08
1.1491277739e+08
1.1491277749e+08
1.1491277758e+08
1.1491277767e+08
1.1491277776e+08
1.1491277785e+08
1.1491277794e+08
1.1491277802e+08
1.1491277810e+08
1.1491277819e+08
1.1491277827e+08
1.1491277834e+08
1.1491277842e+08
1.1491277850e+08
1.1491277857e+08
1.1491277865e+08
1.1491277872e+08
1.1491277880e+08
1.1491277887e+08
1.1491277895e+08
1.1491277903e+08
1.1491277911e+08
1.1491277919e+08
1.1491277927e+08
1.1491277936e+08
1.1491277944e+08
1.1491277953e+08
1.1491277962e+08
1.1491277971e+08
1.1491277980e+08
1.1491277989e+08
1.1491277998e+08
1.1491278008e+08
1.1491278018e+08
1.1491278027e+08
1.1491278037e+08
1.1491278047e+08
1.1491278057e+08
1.1491278068e+08
1.1491278078e+08
1.1491278088e+08
1.1491278099e+08
1.1491278110e+08
1.1491278121e+08
1.1491278132e+08
1.1491278143e+08
1.1491278154e+08
1.1491278166e+08
1.1491278177e+08
1.1491278189e+08
1.1491278201e+08
1.1491278213e+08
1.1491278225e+08
1.1491278237e+08
1.1491278249e+08
1.1491278262e+08
1.1491278274e+08
1.1491278287e+08
1.1491278300e+08
1.1491278313e+08
1.1491278326e+08
1.1491278339e+08
Outputting data at step 2800 of 20000
1.1491278353e+08
1.1491278366e+08
1.1491278380e+08
1.1491278394e+08
1.1491278408e+08
1.1491278422e+08
1.1491278436e+08
1.1491278450e+08
1.1491278464e+08
1.1491278479e+08
1.1491278493e+08
1.1491278508e+08
1.1491278523e+08
1.1491278538e+08
1.1491278553e+08
1.1491278569e+08
1.1491278584e+08
1.1491278600e+08
1.1491278615e+08
1.1491278631e+08
1.1491278647e+08
1.1491278663e+08
1.1491278679e+08
1.1491278696e+08
1.1491278712e+08
1.1491278728e+08
1.1491278745e+08
1.1491278762e+08
1.1491278779e+08
1.1491278796e+08
1.1491278813e+08
1.1491278830e+08
1.1491278848e+08
1.1491278865e+08
1.1491278883e+08
1.1491278901e+08
1.1491278919e+08
1.1491278937e+08
1.1491278955e+08
1.1491278973e+08
1.1491278992e+08
1.1491279010e+08
1.1491279029e+08
1.1491279047e+08
1.1491279066e+08
1.1491279085e+08
1.1491279104e+08
1.1491279124e+08
1.1491279143e+08
1.1491279162e+08
1.1491279182e+08
1.1491279202e+08
1.1491279221e+08
1.1491279241e+08
1.1491279261e+08
1.1491279282e+08
1.1491279302e+08
1.1491279322e+08
1.1491279343e+08
1.1491279363e+08
1.1491279384e+08
1.1491279405e+08
1.1491279426e+08
1.1491279447e+08
1.1491279468e+08
1.1491279489e+08
1.1491279511e+08
1.1491279532e+08
1.1491279554e+08
1.1491279575e+08
1.1491279597e+08
1.1491279619e+08
1.1491279641e+08
1.1491279663e+08
1.1491279686e+08
1.1491279708e+08
1.1491279730e+08
1.1491279753e+08
1.1491279776e+08
1.1491279799e+08
1.1491279821e+08
1.1491279845e+08
1.1491279868e+08
1.1491279891e+08
1.1491279914e+08
1.1491279938e+08
1.1491279961e+08
1.1491279985e+08
1.1491280009e+08
1.1491280032e+08
1.1491280056e+08
1.1491280080e+08
1.1491280105e+08
1.1491280129e+08
1.1491280153e+08
1.1491280178e+08
1.1491280202e+08
1.1491280227e+08
1.1491280252e+08
1.1491280277e+08
1.1491280302e+08
1.1491280327e+08
1.1491280352e+08
1.1491280377e+08
1.1491280402e+08
1.1491280428e+08
1.1491280453e+08
1.1491280479e+08
1.1491280505e+08
1.1491280530e+08
1.1491280556e+08
1.1491280582e+08
1.1491280608e+08
1.1491280635e+08
1.1491280661e+08
1.1491280687e+08
1.1491280714e+08
1.1491280740e+08
1.1491280767e+08
1.1491280793e+08
1.1491280820e+08
1.1491280847e+08
1.1491280874e+08
1.1491280901e+08
1.1491280928e+08
1.1491280955e+08
1.1491280982e+08
1.1491281010e+08
1.1491281037e+08
1.1491281065e+08
1.1491281092e+08
1.1491281120e+08
1.1491281147e+08
1.1491281175e+08
1.1491281203e+08
1.1491281231e+08
1.1491281259e+08
1.1491281287e+08
1.1491281315e+08
1.1491281343e+08
1.1491281372e+08
1.1491281400e+08
1.1491281429e+08
1.1491281457e+08
1.1491281486e+08
1.1491281514e+08
1.1491281543e+08
1.1491281572e+08
1.1491281601e+08
1.1491281629e+08
1.1491281658e+08
1.1491281687e+08
1.1491281717e+08
1.1491281746e+08
1.1491281775e+08
1.1491281804e+08
1.1491281833e+08
1.1491281863e+08
1.1491281892e+08
1.1491281922e+08
1.1491281951e+08
1.1491281981e+08
1.1491282011e+08
1.1491282040e+08
1.1491282070e+08
1.1491282100e+08
1.1491282130e+08
1.1491282160e+08
1.1491282190e+08
1.1491282220e+08
1.1491282250e+08
1.1491282280e+08
1.1491282311e+08
1.1491282341e+08
1.1491282371e+08
1.1491282401e+08
1.1491282432e+08
1.1491282462e+08
1.1491282493e+08
1.1491282523e+08
1.1491282554e+08
1.1491282584e+08
1.1491282615e+08
1.1491282646e+08
1.1491282676e+08
1.1491282707e+08
1.1491282738e+08
1.1491282769e+08
1.1491282800e+08
1.1491282831e+08
1.1491282862e+08
1.1491282893e+08
1.1491282924e+08
1.1491282955e+08
1.1491282986e+08
1.1491283017e+08
1.1491283048e+08
1.1491283079e+08
1.1491283110e+08
1.1491283141e+08
Outputting data at step 3000 of 20000
15% at 1.5e+02s. CmaxU=6.02e-04, CmaxW=4.86e-04, 4.13e-03 s/step; 70.26 s remaining.
1.1491283172e+08
1.1491283204e+08
1.1491283235e+08
1.1491283266e+08
1.1491283297e+08
1.1491283329e+08
1.1491283360e+08
1.1491283391e+08
1.1491283423e+08
1.1491283454e+08
1.1491283485e+08
1.1491283517e+08
1.1491283548e+08
1.1491283580e+08
1.1491283611e+08
1.1491283643e+08
1.1491283674e+08
1.1491283706e+08
1.1491283737e+08
1.1491283769e+08
1.1491283800e+08
1.1491283832e+08
1.1491283863e+08
1.1491283895e+08
1.1491283926e+08
1.1491283958e+08
1.1491283989e+08
1.1491284021e+08
1.1491284052e+08
1.1491284084e+08
1.1491284115e+08
1.1491284147e+08
1.1491284178e+08
1.1491284210e+08
1.1491284241e+08
1.1491284273e+08
1.1491284304e+08
1.1491284336e+08
1.1491284367e+08
1.1491284399e+08
1.1491284430e+08
1.1491284462e+08
1.1491284493e+08
1.1491284525e+08
1.1491284556e+08
1.1491284587e+08
1.1491284619e+08
1.1491284650e+08
1.1491284682e+08
1.1491284713e+08
1.1491284744e+08
1.1491284776e+08
1.1491284807e+08
1.1491284838e+08
1.1491284869e+08
1.1491284901e+08
1.1491284932e+08
1.1491284963e+08
1.1491284994e+08
1.1491285025e+08
1.1491285056e+08
1.1491285088e+08
1.1491285119e+08
1.1491285150e+08
1.1491285181e+08
1.1491285211e+08
1.1491285242e+08
1.1491285273e+08
1.1491285304e+08
1.1491285335e+08
1.1491285366e+08
1.1491285396e+08
1.1491285427e+08
1.1491285458e+08
1.1491285488e+08
1.1491285519e+08
1.1491285549e+08
1.1491285580e+08
1.1491285610e+08
1.1491285640e+08
1.1491285671e+08
1.1491285701e+08
1.1491285731e+08
1.1491285761e+08
1.1491285791e+08
1.1491285821e+08
1.1491285851e+08
1.1491285881e+08
1.1491285911e+08
1.1491285941e+08
1.1491285971e+08
1.1491286001e+08
1.1491286030e+08
1.1491286060e+08
1.1491286089e+08
1.1491286119e+08
1.1491286148e+08
1.1491286178e+08
1.1491286207e+08
1.1491286236e+08
1.1491286265e+08
1.1491286295e+08
1.1491286324e+08
1.1491286353e+08
1.1491286382e+08
1.1491286410e+08
1.1491286439e+08
1.1491286468e+08
1.1491286497e+08
1.1491286525e+08
1.1491286554e+08
1.1491286582e+08
1.1491286610e+08
1.1491286639e+08
1.1491286667e+08
1.1491286695e+08
1.1491286723e+08
1.1491286751e+08
1.1491286779e+08
1.1491286807e+08
1.1491286835e+08
1.1491286862e+08
1.1491286890e+08
1.1491286917e+08
1.1491286945e+08
1.1491286972e+08
1.1491286999e+08
1.1491287026e+08
1.1491287054e+08
1.1491287080e+08
1.1491287107e+08
1.1491287134e+08
1.1491287161e+08
1.1491287188e+08
1.1491287214e+08
1.1491287240e+08
1.1491287267e+08
1.1491287293e+08
1.1491287319e+08
1.1491287345e+08
1.1491287371e+08
1.1491287397e+08
1.1491287423e+08
1.1491287448e+08
1.1491287474e+08
1.1491287499e+08
1.1491287525e+08
1.1491287550e+08
1.1491287575e+08
1.1491287600e+08
1.1491287625e+08
1.1491287650e+08
1.1491287675e+08
1.1491287699e+08
1.1491287724e+08
1.1491287748e+08
1.1491287772e+08
1.1491287796e+08
1.1491287820e+08
1.1491287844e+08
1.1491287868e+08
1.1491287892e+08
1.1491287915e+08
1.1491287939e+08
1.1491287962e+08
1.1491287985e+08
1.1491288009e+08
1.1491288032e+08
1.1491288054e+08
1.1491288077e+08
1.1491288100e+08
1.1491288122e+08
1.1491288145e+08
1.1491288167e+08
1.1491288189e+08
1.1491288211e+08
1.1491288233e+08
1.1491288255e+08
1.1491288277e+08
1.1491288298e+08
1.1491288320e+08
1.1491288341e+08
1.1491288362e+08
1.1491288383e+08
1.1491288404e+08
1.1491288425e+08
1.1491288446e+08
1.1491288466e+08
1.1491288486e+08
1.1491288507e+08
1.1491288527e+08
1.1491288547e+08
1.1491288567e+08
1.1491288587e+08
1.1491288606e+08
1.1491288626e+08
1.1491288645e+08
1.1491288664e+08
1.1491288683e+08
1.1491288702e+08
Outputting data at step 3200 of 20000
1.1491288721e+08
1.1491288740e+08
1.1491288758e+08
1.1491288777e+08
1.1491288795e+08
1.1491288813e+08
1.1491288831e+08
1.1491288849e+08
1.1491288867e+08
1.1491288884e+08
1.1491288902e+08
1.1491288919e+08
1.1491288936e+08
1.1491288953e+08
1.1491288970e+08
1.1491288987e+08
1.1491289003e+08
1.1491289020e+08
1.1491289036e+08
1.1491289052e+08
1.1491289068e+08
1.1491289084e+08
1.1491289100e+08
1.1491289115e+08
1.1491289131e+08
1.1491289146e+08
1.1491289161e+08
1.1491289176e+08
1.1491289191e+08
1.1491289206e+08
1.1491289220e+08
1.1491289235e+08
1.1491289249e+08
1.1491289263e+08
1.1491289277e+08
1.1491289291e+08
1.1491289304e+08
1.1491289318e+08
1.1491289331e+08
1.1491289344e+08
1.1491289357e+08
1.1491289370e+08
1.1491289383e+08
1.1491289395e+08
1.1491289408e+08
1.1491289420e+08
1.1491289432e+08
1.1491289444e+08
1.1491289456e+08
1.1491289468e+08
1.1491289479e+08
1.1491289491e+08
1.1491289502e+08
1.1491289513e+08
1.1491289524e+08
1.1491289535e+08
1.1491289545e+08
1.1491289556e+08
1.1491289566e+08
1.1491289576e+08
1.1491289586e+08
1.1491289596e+08
1.1491289606e+08
1.1491289615e+08
1.1491289625e+08
1.1491289634e+08
1.1491289643e+08
1.1491289652e+08
1.1491289661e+08
1.1491289669e+08
1.1491289678e+08
1.1491289686e+08
1.1491289694e+08
1.1491289702e+08
1.1491289710e+08
1.1491289717e+08
1.1491289725e+08
1.1491289732e+08
1.1491289739e+08
1.1491289746e+08
1.1491289753e+08
1.1491289760e+08
1.1491289767e+08
1.1491289773e+08
1.1491289779e+08
1.1491289785e+08
1.1491289791e+08
1.1491289797e+08
1.1491289803e+08
1.1491289808e+08
1.1491289813e+08
1.1491289819e+08
1.1491289824e+08
1.1491289828e+08
1.1491289833e+08
1.1491289838e+08
1.1491289842e+08
1.1491289847e+08
1.1491289851e+08
1.1491289855e+08
1.1491289859e+08
1.1491289863e+08
1.1491289867e+08
1.1491289870e+08
1.1491289874e+08
1.1491289878e+08
1.1491289881e+08
1.1491289885e+08
1.1491289889e+08
1.1491289892e+08
1.1491289896e+08
1.1491289900e+08
1.1491289904e+08
1.1491289908e+08
1.1491289912e+08
1.1491289917e+08
1.1491289921e+08
1.1491289926e+08
1.1491289930e+08
1.1491289935e+08
1.1491289940e+08
1.1491289945e+08
1.1491289950e+08
1.1491289956e+08
1.1491289961e+08
1.1491289967e+08
1.1491289972e+08
1.1491289978e+08
1.1491289984e+08
1.1491289990e+08
1.1491289997e+08
1.1491290003e+08
1.1491290009e+08
1.1491290016e+08
1.1491290023e+08
1.1491290030e+08
1.1491290037e+08
1.1491290044e+08
1.1491290051e+08
1.1491290058e+08
1.1491290066e+08
1.1491290074e+08
1.1491290081e+08
1.1491290089e+08
1.1491290097e+08
1.1491290105e+08
1.1491290114e+08
1.1491290122e+08
1.1491290131e+08
1.1491290139e+08
1.1491290148e+08
1.1491290157e+08
1.1491290166e+08
1.1491290175e+08
1.1491290185e+08
1.1491290194e+08
1.1491290204e+08
1.1491290213e+08
1.1491290223e+08
1.1491290233e+08
1.1491290243e+08
1.1491290253e+08
1.1491290264e+08
1.1491290274e+08
1.1491290285e+08
1.1491290296e+08
1.1491290306e+08
1.1491290317e+08
1.1491290329e+08
1.1491290340e+08
1.1491290351e+08
1.1491290363e+08
1.1491290374e+08
1.1491290386e+08
1.1491290398e+08
1.1491290410e+08
1.1491290422e+08
1.1491290434e+08
1.1491290447e+08
1.1491290459e+08
1.1491290472e+08
1.1491290484e+08
1.1491290497e+08
1.1491290510e+08
1.1491290523e+08
1.1491290537e+08
1.1491290550e+08
1.1491290564e+08
1.1491290577e+08
1.1491290591e+08
1.1491290605e+08
1.1491290619e+08
1.1491290633e+08
1.1491290647e+08
1.1491290661e+08
1.1491290676e+08
1.1491290691e+08
1.1491290705e+08
1.1491290720e+08
1.1491290735e+08
Outputting data at step 3400 of 20000
1.1491290750e+08
1.1491290765e+08
1.1491290781e+08
1.1491290796e+08
1.1491290812e+08
1.1491290827e+08
1.1491290843e+08
1.1491290859e+08
1.1491290875e+08
1.1491290891e+08
1.1491290907e+08
1.1491290924e+08
1.1491290940e+08
1.1491290957e+08
1.1491290973e+08
1.1491290990e+08
1.1491291007e+08
1.1491291024e+08
1.1491291041e+08
1.1491291059e+08
1.1491291076e+08
1.1491291094e+08
1.1491291111e+08
1.1491291129e+08
1.1491291147e+08
1.1491291165e+08
1.1491291183e+08
1.1491291201e+08
1.1491291220e+08
1.1491291238e+08
1.1491291257e+08
1.1491291275e+08
1.1491291294e+08
1.1491291313e+08
1.1491291332e+08
1.1491291351e+08
1.1491291370e+08
1.1491291390e+08
1.1491291409e+08
1.1491291429e+08
1.1491291448e+08
1.1491291468e+08
1.1491291488e+08
1.1491291508e+08
1.1491291528e+08
1.1491291548e+08
1.1491291568e+08
1.1491291589e+08
1.1491291609e+08
1.1491291630e+08
1.1491291651e+08
1.1491291671e+08
1.1491291692e+08
1.1491291713e+08
1.1491291734e+08
1.1491291756e+08
1.1491291777e+08
1.1491291798e+08
1.1491291820e+08
1.1491291841e+08
1.1491291863e+08
1.1491291885e+08
1.1491291907e+08
1.1491291929e+08
1.1491291951e+08
1.1491291973e+08
1.1491291995e+08
1.1491292017e+08
1.1491292040e+08
1.1491292062e+08
1.1491292085e+08
1.1491292108e+08
1.1491292130e+08
1.1491292153e+08
1.1491292176e+08
1.1491292199e+08
1.1491292222e+08
1.1491292245e+08
1.1491292269e+08
1.1491292292e+08
1.1491292315e+08
1.1491292339e+08
1.1491292362e+08
1.1491292386e+08
1.1491292410e+08
1.1491292434e+08
1.1491292458e+08
1.1491292482e+08
1.1491292506e+08
1.1491292530e+08
1.1491292554e+08
1.1491292578e+08
1.1491292602e+08
1.1491292627e+08
1.1491292651e+08
1.1491292676e+08
1.1491292701e+08
1.1491292725e+08
1.1491292750e+08
1.1491292775e+08
1.1491292800e+08
1.1491292825e+08
1.1491292850e+08
1.1491292875e+08
1.1491292900e+08
1.1491292925e+08
1.1491292951e+08
1.1491292976e+08
1.1491293001e+08
1.1491293027e+08
1.1491293052e+08
1.1491293078e+08
1.1491293104e+08
1.1491293130e+08
1.1491293155e+08
1.1491293181e+08
1.1491293207e+08
1.1491293233e+08
1.1491293259e+08
1.1491293285e+08
1.1491293311e+08
1.1491293338e+08
1.1491293364e+08
1.1491293390e+08
1.1491293417e+08
1.1491293443e+08
1.1491293469e+08
1.1491293496e+08
1.1491293523e+08
1.1491293549e+08
1.1491293576e+08
1.1491293602e+08
1.1491293629e+08
1.1491293656e+08
1.1491293683e+08
1.1491293710e+08
1.1491293737e+08
1.1491293764e+08
1.1491293791e+08
1.1491293818e+08
1.1491293845e+08
1.1491293872e+08
1.1491293899e+08
1.1491293926e+08
1.1491293953e+08
1.1491293981e+08
1.1491294008e+08
1.1491294035e+08
1.1491294062e+08
1.1491294090e+08
1.1491294117e+08
1.1491294145e+08
1.1491294172e+08
1.1491294200e+08
1.1491294227e+08
1.1491294255e+08
1.1491294282e+08
1.1491294310e+08
1.1491294337e+08
1.1491294365e+08
1.1491294393e+08
1.1491294420e+08
1.1491294448e+08
1.1491294476e+08
1.1491294503e+08
1.1491294531e+08
1.1491294559e+08
1.1491294587e+08
1.1491294614e+08
1.1491294642e+08
1.1491294670e+08
1.1491294698e+08
1.1491294726e+08
1.1491294753e+08
1.1491294781e+08
1.1491294809e+08
1.1491294837e+08
1.1491294865e+08
1.1491294893e+08
1.1491294921e+08
1.1491294949e+08
1.1491294976e+08
1.1491295004e+08
1.1491295032e+08
1.1491295060e+08
1.1491295088e+08
1.1491295116e+08
1.1491295144e+08
1.1491295172e+08
1.1491295200e+08
1.1491295228e+08
1.1491295256e+08
1.1491295284e+08
1.1491295312e+08
1.1491295339e+08
1.1491295367e+08
1.1491295395e+08
1.1491295423e+08
1.1491295451e+08
1.1491295479e+08
Outputting data at step 3600 of 20000
1.1491295507e+08
1.1491295535e+08
1.1491295563e+08
1.1491295590e+08
1.1491295618e+08
1.1491295646e+08
1.1491295674e+08
1.1491295701e+08
1.1491295729e+08
1.1491295757e+08
1.1491295785e+08
1.1491295812e+08
1.1491295840e+08
1.1491295868e+08
1.1491295895e+08
1.1491295923e+08
1.1491295950e+08
1.1491295978e+08
1.1491296005e+08
1.1491296033e+08
1.1491296060e+08
1.1491296088e+08
1.1491296115e+08
1.1491296143e+08
1.1491296170e+08
1.1491296197e+08
1.1491296224e+08
1.1491296252e+08
1.1491296279e+08
1.1491296306e+08
1.1491296333e+08
1.1491296360e+08
1.1491296387e+08
1.1491296414e+08
1.1491296441e+08
1.1491296468e+08
1.1491296495e+08
1.1491296522e+08
1.1491296549e+08
1.1491296575e+08
1.1491296602e+08
1.1491296629e+08
1.1491296655e+08
1.1491296682e+08
1.1491296708e+08
1.1491296735e+08
1.1491296761e+08
1.1491296788e+08
1.1491296814e+08
1.1491296840e+08
1.1491296866e+08
1.1491296893e+08
1.1491296919e+08
1.1491296945e+08
1.1491296971e+08
1.1491296997e+08
1.1491297023e+08
1.1491297048e+08
1.1491297074e+08
1.1491297100e+08
1.1491297126e+08
1.1491297151e+08
1.1491297177e+08
1.1491297202e+08
1.1491297228e+08
1.1491297253e+08
1.1491297278e+08
1.1491297304e+08
1.1491297329e+08
1.1491297354e+08
1.1491297379e+08
1.1491297404e+08
1.1491297429e+08
1.1491297454e+08
1.1491297478e+08
1.1491297503e+08
1.1491297528e+08
1.1491297552e+08
1.1491297577e+08
1.1491297601e+08
1.1491297625e+08
1.1491297650e+08
1.1491297674e+08
1.1491297698e+08
1.1491297722e+08
1.1491297746e+08
1.1491297770e+08
1.1491297793e+08
1.1491297817e+08
1.1491297841e+08
1.1491297864e+08
1.1491297888e+08
1.1491297911e+08
1.1491297934e+08
1.1491297957e+08
1.1491297981e+08
1.1491298004e+08
1.1491298026e+08
1.1491298049e+08
1.1491298072e+08
1.1491298095e+08
1.1491298117e+08
1.1491298140e+08
1.1491298162e+08
1.1491298184e+08
1.1491298206e+08
1.1491298229e+08
1.1491298251e+08
1.1491298272e+08
1.1491298294e+08
1.1491298316e+08
1.1491298338e+08
1.1491298359e+08
1.1491298380e+08
1.1491298402e+08
1.1491298423e+08
1.1491298444e+08
1.1491298465e+08
1.1491298486e+08
1.1491298507e+08
1.1491298527e+08
1.1491298548e+08
1.1491298568e+08
1.1491298589e+08
1.1491298609e+08
1.1491298629e+08
1.1491298649e+08
1.1491298669e+08
1.1491298689e+08
1.1491298709e+08
1.1491298729e+08
1.1491298748e+08
1.1491298768e+08
1.1491298787e+08
1.1491298806e+08
1.1491298825e+08
1.1491298844e+08
1.1491298863e+08
1.1491298882e+08
1.1491298900e+08
1.1491298919e+08
1.1491298937e+08
1.1491298956e+08
1.1491298974e+08
1.1491298992e+08
1.1491299010e+08
1.1491299028e+08
1.1491299045e+08
1.1491299063e+08
1.1491299080e+08
1.1491299098e+08
1.1491299115e+08
1.1491299132e+08
1.1491299149e+08
1.1491299166e+08
1.1491299183e+08
1.1491299200e+08
1.1491299216e+08
1.1491299233e+08
1.1491299249e+08
1.1491299265e+08
1.1491299281e+08
1.1491299297e+08
1.1491299313e+08
1.1491299329e+08
1.1491299344e+08
1.1491299360e+08
1.1491299375e+08
1.1491299390e+08
1.1491299405e+08
1.1491299420e+08
1.1491299435e+08
Ctrl-C caught... cleaning up processes
